-- Found ament_cmake: 2.5.2 (/opt/ros/jazzy/share/ament_cmake/cmake)
-- Override CMake install command with custom implementation using symlinks instead of copying resources
-- Found controller_manager: 4.20.0 (/opt/ros/jazzy/share/controller_manager/cmake)
-- Found rosidl_generator_c: 4.6.4 (/opt/ros/jazzy/share/rosidl_generator_c/cmake)
-- Found rosidl_generator_cpp: 4.6.4 (/opt/ros/jazzy/share/rosidl_generator_cpp/cmake)
-- Using all available rosidl_typesupport_c: rosidl_typesupport_fastrtps_c;rosidl_typesupport_introspection_c
-- Using all available rosidl_typesupport_cpp: rosidl_typesupport_fastrtps_cpp;rosidl_typesupport_introspection_cpp
-- Found TinyXML2 via Config file: /usr/lib/x86_64-linux-gnu/cmake/tinyxml2
-- Found rmw_implementation_cmake: 7.3.1 (/opt/ros/jazzy/share/rmw_implementation_cmake/cmake)
-- Found rmw_fastrtps_cpp: 8.4.1 (/opt/ros/jazzy/share/rmw_fastrtps_cpp/cmake)
-- Found TinyXML2 via Config file: /usr/lib/x86_64-linux-gnu/cmake/tinyxml2
-- Found TinyXML2 via Config file: /usr/lib/x86_64-linux-gnu/cmake/tinyxml2
-- Found TinyXML2 via Config file: /usr/lib/x86_64-linux-gnu/cmake/tinyxml2
-- Found TinyXML2 via Config file: /usr/lib/x86_64-linux-gnu/cmake/tinyxml2
-- Using RMW implementation 'rmw_fastrtps_cpp' as default
-- Found gripper_controllers: 4.16.0 (/opt/ros/jazzy/share/gripper_controllers/cmake)
-- Found parameter_traits: 0.3.9 (/opt/ros/jazzy/share/parameter_traits/cmake)
-- Found gz_ros2_control: 1.2.8 (/opt/ros/jazzy/share/gz_ros2_control/cmake)
-- Found ros_gz: 1.0.7 (/opt/ros/jazzy/share/ros_gz/cmake)
-- Found ros_gz_bridge: 1.0.7 (/opt/ros/jazzy/share/ros_gz_bridge/cmake)
-- Looking for gz-msgs10 -- found version 10.3.1
-- Searching for dependencies of gz-msgs10
-- Looking for gz-utils2 -- found version 2.2.0
-- Searching for dependencies of gz-utils2
-- Looking for gz-math7 -- found version 7.5.1
-- Searching for dependencies of gz-math7
-- Looking for gz-utils2 -- found version 2.2.0
-- Checking for module 'tinyxml2'
--   Found tinyxml2, version 10.0.0
-- Looking for gz-transport13 -- found version 13.4.0
-- Searching for dependencies of gz-transport13
-- Config-file not installed for ZeroMQ -- checking for pkg-config
-- Checking for module 'libzmq >= 4'
--   Found libzmq, version 4.3.5
-- Checking for module 'uuid'
--   Found uuid, version 2.39.3
-- Looking for gz-utils2 -- found version 2.2.0
-- Searching for dependencies of gz-utils2
-- Searching for <gz-utils2> component [cli]
-- Looking for gz-utils2-cli -- found version 2.2.0
-- Searching for dependencies of gz-utils2-cli
-- Looking for gz-msgs10 -- found version 10.3.1
-- Found ros_gz_image: 1.0.7 (/opt/ros/jazzy/share/ros_gz_image/cmake)
-- Found ros_gz_sim: 1.0.7 (/opt/ros/jazzy/share/ros_gz_sim/cmake)
-- Found ros2_control: 4.20.0 (/opt/ros/jazzy/share/ros2_control/cmake)
-- Found ros2_controllers: 4.16.0 (/opt/ros/jazzy/share/ros2_controllers/cmake)
-- Found xacro: 2.0.11 (/opt/ros/jazzy/share/xacro/cmake)
-- Found ament_lint_auto: 0.17.1 (/opt/ros/jazzy/share/ament_lint_auto/cmake)
-- Added test 'flake8' to check Python code syntax and style conventions
-- Configured 'flake8' exclude dirs and/or files: 
-- Added test 'lint_cmake' to check CMake code style
-- Added test 'pep257' to check Python code against some of the docstring style conventions in PEP 257
-- Added test 'xmllint' to check XML markup files
-- Configuring done (3.6s)
-- Generating done (0.0s)
-- Build files have been written to: /home/ubuntu/ros2_rviz_urbot/build/mycobot_gazebo
-- Install configuration: ""
-- Execute custom install script
-- Up-to-date symlink: /home/ubuntu/ros2_rviz_urbot/install/mycobot_gazebo/share/mycobot_gazebo/launch/mycobot.gazebo.launch.py
-- Up-to-date symlink: /home/ubuntu/ros2_rviz_urbot/install/mycobot_gazebo/share/mycobot_gazebo/worlds/empty.world
-- Up-to-date symlink: /home/ubuntu/ros2_rviz_urbot/install/mycobot_gazebo/share/mycobot_gazebo/worlds/pick_and_place_demo.world
-- Up-to-date symlink: /home/ubuntu/ros2_rviz_urbot/install/mycobot_gazebo/share/ament_index/resource_index/package_run_dependencies/mycobot_gazebo
-- Up-to-date symlink: /home/ubuntu/ros2_rviz_urbot/install/mycobot_gazebo/share/ament_index/resource_index/parent_prefix_path/mycobot_gazebo
-- Up-to-date symlink: /home/ubuntu/ros2_rviz_urbot/install/mycobot_gazebo/share/mycobot_gazebo/environment/ament_prefix_path.sh
-- Up-to-date symlink: /home/ubuntu/ros2_rviz_urbot/install/mycobot_gazebo/share/mycobot_gazebo/environment/ament_prefix_path.dsv
-- Up-to-date symlink: /home/ubuntu/ros2_rviz_urbot/install/mycobot_gazebo/share/mycobot_gazebo/environment/path.sh
-- Up-to-date symlink: /home/ubuntu/ros2_rviz_urbot/install/mycobot_gazebo/share/mycobot_gazebo/environment/path.dsv
-- Up-to-date symlink: /home/ubuntu/ros2_rviz_urbot/install/mycobot_gazebo/share/mycobot_gazebo/local_setup.bash
-- Up-to-date symlink: /home/ubuntu/ros2_rviz_urbot/install/mycobot_gazebo/share/mycobot_gazebo/local_setup.sh
-- Up-to-date symlink: /home/ubuntu/ros2_rviz_urbot/install/mycobot_gazebo/share/mycobot_gazebo/local_setup.zsh
-- Up-to-date symlink: /home/ubuntu/ros2_rviz_urbot/install/mycobot_gazebo/share/mycobot_gazebo/local_setup.dsv
-- Symlinking: /home/ubuntu/ros2_rviz_urbot/install/mycobot_gazebo/share/mycobot_gazebo/package.dsv
-- Up-to-date symlink: /home/ubuntu/ros2_rviz_urbot/install/mycobot_gazebo/share/ament_index/resource_index/packages/mycobot_gazebo
-- Up-to-date symlink: /home/ubuntu/ros2_rviz_urbot/install/mycobot_gazebo/share/mycobot_gazebo/cmake/mycobot_gazeboConfig.cmake
-- Up-to-date symlink: /home/ubuntu/ros2_rviz_urbot/install/mycobot_gazebo/share/mycobot_gazebo/cmake/mycobot_gazeboConfig-version.cmake
-- Up-to-date symlink: /home/ubuntu/ros2_rviz_urbot/install/mycobot_gazebo/share/mycobot_gazebo/package.xml
