[0.020s] Invoking command in '/home/ubuntu/ros2_rviz_urbot/build/mycobot_gazebo': CMAKE_PREFIX_PATH=${CMAKE_PREFIX_PATH}:/opt/ros/jazzy DEBUGINFOD_URLS=https://debuginfod.ubuntu.com /usr/bin/cmake /home/ubuntu/ros2_rviz_urbot/src/mycobot_ros2/mycobot_gazebo -DCMAKE_INSTALL_PREFIX=/home/ubuntu/ros2_rviz_urbot/install/mycobot_gazebo
[0.145s] -- Found ament_cmake: 2.5.2 (/opt/ros/jazzy/share/ament_cmake/cmake)
[0.765s] -- Override CMake install command with custom implementation using symlinks instead of copying resources
[0.768s] -- Found controller_manager: 4.20.0 (/opt/ros/jazzy/share/controller_manager/cmake)
[0.836s] -- Found rosidl_generator_c: 4.6.4 (/opt/ros/jazzy/share/rosidl_generator_c/cmake)
[0.871s] -- Found rosidl_generator_cpp: 4.6.4 (/opt/ros/jazzy/share/rosidl_generator_cpp/cmake)
[0.897s] -- Using all available rosidl_typesupport_c: rosidl_typesupport_fastrtps_c;rosidl_typesupport_introspection_c
[0.925s] -- Using all available rosidl_typesupport_cpp: rosidl_typesupport_fastrtps_cpp;rosidl_typesupport_introspection_cpp
[1.308s] -- Found TinyXML2 via Config file: /usr/lib/x86_64-linux-gnu/cmake/tinyxml2
[1.366s] -- Found rmw_implementation_cmake: 7.3.1 (/opt/ros/jazzy/share/rmw_implementation_cmake/cmake)
[1.366s] -- Found rmw_fastrtps_cpp: 8.4.1 (/opt/ros/jazzy/share/rmw_fastrtps_cpp/cmake)
[1.384s] -- Found TinyXML2 via Config file: /usr/lib/x86_64-linux-gnu/cmake/tinyxml2
[1.428s] -- Found TinyXML2 via Config file: /usr/lib/x86_64-linux-gnu/cmake/tinyxml2
[1.780s] -- Found TinyXML2 via Config file: /usr/lib/x86_64-linux-gnu/cmake/tinyxml2
[1.780s] -- Found TinyXML2 via Config file: /usr/lib/x86_64-linux-gnu/cmake/tinyxml2
[1.782s] -- Using RMW implementation 'rmw_fastrtps_cpp' as default
[1.925s] -- Found gripper_controllers: 4.16.0 (/opt/ros/jazzy/share/gripper_controllers/cmake)
[2.028s] -- Found parameter_traits: 0.3.9 (/opt/ros/jazzy/share/parameter_traits/cmake)
[2.058s] -- Found gz_ros2_control: 1.2.8 (/opt/ros/jazzy/share/gz_ros2_control/cmake)
[2.058s] -- Found ros_gz: 1.0.7 (/opt/ros/jazzy/share/ros_gz/cmake)
[2.058s] -- Found ros_gz_bridge: 1.0.7 (/opt/ros/jazzy/share/ros_gz_bridge/cmake)
[2.069s] -- Looking for gz-msgs10 -- found version 10.3.1
[2.084s] -- Searching for dependencies of gz-msgs10
[2.218s] -- Looking for gz-utils2 -- found version 2.2.0
[2.218s] -- Searching for dependencies of gz-utils2
[2.218s] -- Looking for gz-math7 -- found version 7.5.1
[2.218s] -- Searching for dependencies of gz-math7
[2.218s] -- Looking for gz-utils2 -- found version 2.2.0
[2.232s] -- Checking for module 'tinyxml2'
[2.316s] --   Found tinyxml2, version 10.0.0
[2.744s] -- Looking for gz-transport13 -- found version 13.4.0
[2.745s] -- Searching for dependencies of gz-transport13
[2.770s] -- Config-file not installed for ZeroMQ -- checking for pkg-config
[2.776s] -- Checking for module 'libzmq >= 4'
[2.791s] --   Found libzmq, version 4.3.5
[2.853s] -- Checking for module 'uuid'
[2.922s] --   Found uuid, version 2.39.3
[3.199s] -- Looking for gz-utils2 -- found version 2.2.0
[3.199s] -- Searching for dependencies of gz-utils2
[3.200s] -- Searching for <gz-utils2> component [cli]
[3.202s] -- Looking for gz-utils2-cli -- found version 2.2.0
[3.202s] -- Searching for dependencies of gz-utils2-cli
[3.214s] -- Looking for gz-msgs10 -- found version 10.3.1
[3.509s] -- Found ros_gz_image: 1.0.7 (/opt/ros/jazzy/share/ros_gz_image/cmake)
[3.509s] -- Found ros_gz_sim: 1.0.7 (/opt/ros/jazzy/share/ros_gz_sim/cmake)
[3.528s] -- Found ros2_control: 4.20.0 (/opt/ros/jazzy/share/ros2_control/cmake)
[3.529s] -- Found ros2_controllers: 4.16.0 (/opt/ros/jazzy/share/ros2_controllers/cmake)
[3.529s] -- Found xacro: 2.0.11 (/opt/ros/jazzy/share/xacro/cmake)
[3.529s] -- Found ament_lint_auto: 0.17.1 (/opt/ros/jazzy/share/ament_lint_auto/cmake)
[3.684s] -- Added test 'flake8' to check Python code syntax and style conventions
[3.684s] -- Configured 'flake8' exclude dirs and/or files: 
[3.684s] -- Added test 'lint_cmake' to check CMake code style
[3.684s] -- Added test 'pep257' to check Python code against some of the docstring style conventions in PEP 257
[3.685s] -- Added test 'xmllint' to check XML markup files
[3.686s] -- Configuring done (3.6s)
[3.699s] -- Generating done (0.0s)
[3.709s] -- Build files have been written to: /home/ubuntu/ros2_rviz_urbot/build/mycobot_gazebo
[3.721s] Invoked command in '/home/ubuntu/ros2_rviz_urbot/build/mycobot_gazebo' returned '0': CMAKE_PREFIX_PATH=${CMAKE_PREFIX_PATH}:/opt/ros/jazzy DEBUGINFOD_URLS=https://debuginfod.ubuntu.com /usr/bin/cmake /home/ubuntu/ros2_rviz_urbot/src/mycobot_ros2/mycobot_gazebo -DCMAKE_INSTALL_PREFIX=/home/ubuntu/ros2_rviz_urbot/install/mycobot_gazebo
[3.722s] Invoking command in '/home/ubuntu/ros2_rviz_urbot/build/mycobot_gazebo': CMAKE_PREFIX_PATH=${CMAKE_PREFIX_PATH}:/opt/ros/jazzy DEBUGINFOD_URLS=https://debuginfod.ubuntu.com /usr/bin/cmake --build /home/ubuntu/ros2_rviz_urbot/build/mycobot_gazebo -- -j16 -l16
[3.803s] Invoked command in '/home/ubuntu/ros2_rviz_urbot/build/mycobot_gazebo' returned '0': CMAKE_PREFIX_PATH=${CMAKE_PREFIX_PATH}:/opt/ros/jazzy DEBUGINFOD_URLS=https://debuginfod.ubuntu.com /usr/bin/cmake --build /home/ubuntu/ros2_rviz_urbot/build/mycobot_gazebo -- -j16 -l16
[3.805s] Invoking command in '/home/ubuntu/ros2_rviz_urbot/build/mycobot_gazebo': CMAKE_PREFIX_PATH=${CMAKE_PREFIX_PATH}:/opt/ros/jazzy DEBUGINFOD_URLS=https://debuginfod.ubuntu.com /usr/bin/cmake --install /home/ubuntu/ros2_rviz_urbot/build/mycobot_gazebo
[3.816s] -- Install configuration: ""
[3.816s] -- Execute custom install script
[3.817s] -- Up-to-date symlink: /home/ubuntu/ros2_rviz_urbot/install/mycobot_gazebo/share/mycobot_gazebo/launch/mycobot.gazebo.launch.py
[3.817s] -- Up-to-date symlink: /home/ubuntu/ros2_rviz_urbot/install/mycobot_gazebo/share/mycobot_gazebo/worlds/empty.world
[3.817s] -- Up-to-date symlink: /home/ubuntu/ros2_rviz_urbot/install/mycobot_gazebo/share/mycobot_gazebo/worlds/pick_and_place_demo.world
[3.817s] -- Up-to-date symlink: /home/ubuntu/ros2_rviz_urbot/install/mycobot_gazebo/share/ament_index/resource_index/package_run_dependencies/mycobot_gazebo
[3.817s] -- Up-to-date symlink: /home/ubuntu/ros2_rviz_urbot/install/mycobot_gazebo/share/ament_index/resource_index/parent_prefix_path/mycobot_gazebo
[3.817s] -- Up-to-date symlink: /home/ubuntu/ros2_rviz_urbot/install/mycobot_gazebo/share/mycobot_gazebo/environment/ament_prefix_path.sh
[3.817s] -- Up-to-date symlink: /home/ubuntu/ros2_rviz_urbot/install/mycobot_gazebo/share/mycobot_gazebo/environment/ament_prefix_path.dsv
[3.817s] -- Up-to-date symlink: /home/ubuntu/ros2_rviz_urbot/install/mycobot_gazebo/share/mycobot_gazebo/environment/path.sh
[3.817s] -- Up-to-date symlink: /home/ubuntu/ros2_rviz_urbot/install/mycobot_gazebo/share/mycobot_gazebo/environment/path.dsv
[3.817s] -- Up-to-date symlink: /home/ubuntu/ros2_rviz_urbot/install/mycobot_gazebo/share/mycobot_gazebo/local_setup.bash
[3.818s] -- Up-to-date symlink: /home/ubuntu/ros2_rviz_urbot/install/mycobot_gazebo/share/mycobot_gazebo/local_setup.sh
[3.818s] -- Up-to-date symlink: /home/ubuntu/ros2_rviz_urbot/install/mycobot_gazebo/share/mycobot_gazebo/local_setup.zsh
[3.818s] -- Up-to-date symlink: /home/ubuntu/ros2_rviz_urbot/install/mycobot_gazebo/share/mycobot_gazebo/local_setup.dsv
[3.818s] -- Symlinking: /home/ubuntu/ros2_rviz_urbot/install/mycobot_gazebo/share/mycobot_gazebo/package.dsv
[3.830s] -- Up-to-date symlink: /home/ubuntu/ros2_rviz_urbot/install/mycobot_gazebo/share/ament_index/resource_index/packages/mycobot_gazebo
[3.830s] -- Up-to-date symlink: /home/ubuntu/ros2_rviz_urbot/install/mycobot_gazebo/share/mycobot_gazebo/cmake/mycobot_gazeboConfig.cmake
[3.830s] -- Up-to-date symlink: /home/ubuntu/ros2_rviz_urbot/install/mycobot_gazebo/share/mycobot_gazebo/cmake/mycobot_gazeboConfig-version.cmake
[3.830s] -- Up-to-date symlink: /home/ubuntu/ros2_rviz_urbot/install/mycobot_gazebo/share/mycobot_gazebo/package.xml
[3.830s] Invoked command in '/home/ubuntu/ros2_rviz_urbot/build/mycobot_gazebo' returned '0': CMAKE_PREFIX_PATH=${CMAKE_PREFIX_PATH}:/opt/ros/jazzy DEBUGINFOD_URLS=https://debuginfod.ubuntu.com /usr/bin/cmake --install /home/ubuntu/ros2_rviz_urbot/build/mycobot_gazebo
