[0.071s] Invoking command in '/home/ubuntu/ros2_rviz_urbot/build/mycobot_gazebo': CMAKE_PREFIX_PATH=${CMAKE_PREFIX_PATH}:/opt/ros/jazzy DEBUGINFOD_URLS=https://debuginfod.ubuntu.com /usr/bin/cmake --build /home/ubuntu/ros2_rviz_urbot/build/mycobot_gazebo -- -j16 -l16
[0.194s] -- Found ament_cmake: 2.5.2 (/opt/ros/jazzy/share/ament_cmake/cmake)
[0.772s] -- Override CMake install command with custom implementation using symlinks instead of copying resources
[0.782s] -- Found controller_manager: 4.20.0 (/opt/ros/jazzy/share/controller_manager/cmake)
[0.822s] -- Found rosidl_generator_c: 4.6.4 (/opt/ros/jazzy/share/rosidl_generator_c/cmake)
[0.822s] -- Found rosidl_generator_cpp: 4.6.4 (/opt/ros/jazzy/share/rosidl_generator_cpp/cmake)
[0.861s] -- Using all available rosidl_typesupport_c: rosidl_typesupport_fastrtps_c;rosidl_typesupport_introspection_c
[0.878s] -- Using all available rosidl_typesupport_cpp: rosidl_typesupport_fastrtps_cpp;rosidl_typesupport_introspection_cpp
[1.140s] -- Found TinyXML2 via Config file: /usr/lib/x86_64-linux-gnu/cmake/tinyxml2
[1.177s] -- Found rmw_implementation_cmake: 7.3.1 (/opt/ros/jazzy/share/rmw_implementation_cmake/cmake)
[1.179s] -- Found rmw_fastrtps_cpp: 8.4.1 (/opt/ros/jazzy/share/rmw_fastrtps_cpp/cmake)
[1.191s] -- Found TinyXML2 via Config file: /usr/lib/x86_64-linux-gnu/cmake/tinyxml2
[1.201s] -- Found TinyXML2 via Config file: /usr/lib/x86_64-linux-gnu/cmake/tinyxml2
[1.214s] -- Found TinyXML2 via Config file: /usr/lib/x86_64-linux-gnu/cmake/tinyxml2
[1.221s] -- Found TinyXML2 via Config file: /usr/lib/x86_64-linux-gnu/cmake/tinyxml2
[1.229s] -- Using RMW implementation 'rmw_fastrtps_cpp' as default
[1.347s] -- Found gripper_controllers: 4.16.0 (/opt/ros/jazzy/share/gripper_controllers/cmake)
[1.362s] -- Found parameter_traits: 0.3.9 (/opt/ros/jazzy/share/parameter_traits/cmake)
[1.373s] -- Found ros2_control: 4.20.0 (/opt/ros/jazzy/share/ros2_control/cmake)
[1.373s] -- Found ros2_controllers: 4.16.0 (/opt/ros/jazzy/share/ros2_controllers/cmake)
[1.374s] -- Found xacro: 2.0.11 (/opt/ros/jazzy/share/xacro/cmake)
[1.375s] -- Found ament_lint_auto: 0.17.1 (/opt/ros/jazzy/share/ament_lint_auto/cmake)
[1.461s] -- Added test 'flake8' to check Python code syntax and style conventions
[1.462s] -- Configured 'flake8' exclude dirs and/or files: 
[1.467s] -- Added test 'lint_cmake' to check CMake code style
[1.470s] -- Added test 'pep257' to check Python code against some of the docstring style conventions in PEP 257
[1.490s] -- Added test 'xmllint' to check XML markup files
[1.493s] -- Configuring done (1.4s)
[1.498s] -- Generating done (0.0s)
[1.501s] -- Build files have been written to: /home/ubuntu/ros2_rviz_urbot/build/mycobot_gazebo
[1.526s] Invoked command in '/home/ubuntu/ros2_rviz_urbot/build/mycobot_gazebo' returned '0': CMAKE_PREFIX_PATH=${CMAKE_PREFIX_PATH}:/opt/ros/jazzy DEBUGINFOD_URLS=https://debuginfod.ubuntu.com /usr/bin/cmake --build /home/ubuntu/ros2_rviz_urbot/build/mycobot_gazebo -- -j16 -l16
[1.527s] Invoking command in '/home/ubuntu/ros2_rviz_urbot/build/mycobot_gazebo': CMAKE_PREFIX_PATH=${CMAKE_PREFIX_PATH}:/opt/ros/jazzy DEBUGINFOD_URLS=https://debuginfod.ubuntu.com /usr/bin/cmake --install /home/ubuntu/ros2_rviz_urbot/build/mycobot_gazebo
[1.535s] -- Install configuration: ""
[1.535s] -- Execute custom install script
[1.535s] -- Symlinking: /home/ubuntu/ros2_rviz_urbot/install/mycobot_gazebo/share/mycobot_gazebo/config/ros_gz_bridge.yaml
[1.542s] -- Up-to-date symlink: /home/ubuntu/ros2_rviz_urbot/install/mycobot_gazebo/share/mycobot_gazebo/launch/mycobot.gazebo.launch.py
[1.548s] -- Symlinking: /home/ubuntu/ros2_rviz_urbot/install/mycobot_gazebo/share/mycobot_gazebo/models/aws_robomaker_residential_AirconditionerA_01/materials/textures/aws_AirconditionerA_01.png
[1.558s] -- Symlinking: /home/ubuntu/ros2_rviz_urbot/install/mycobot_gazebo/share/mycobot_gazebo/models/aws_robomaker_residential_AirconditionerA_01/meshes/aws_AirconditionerA_01_collision.DAE
[1.569s] -- Symlinking: /home/ubuntu/ros2_rviz_urbot/install/mycobot_gazebo/share/mycobot_gazebo/models/aws_robomaker_residential_AirconditionerA_01/meshes/aws_AirconditionerA_01_visual.DAE
[1.578s] -- Symlinking: /home/ubuntu/ros2_rviz_urbot/install/mycobot_gazebo/share/mycobot_gazebo/models/aws_robomaker_residential_AirconditionerA_01/model.config
[1.586s] -- Symlinking: /home/ubuntu/ros2_rviz_urbot/install/mycobot_gazebo/share/mycobot_gazebo/models/aws_robomaker_residential_AirconditionerA_01/model.sdf
[1.595s] -- Symlinking: /home/ubuntu/ros2_rviz_urbot/install/mycobot_gazebo/share/mycobot_gazebo/models/aws_robomaker_residential_AirconditionerB_01/materials/textures/aws_AirconditionerB_01.png
[1.603s] -- Symlinking: /home/ubuntu/ros2_rviz_urbot/install/mycobot_gazebo/share/mycobot_gazebo/models/aws_robomaker_residential_AirconditionerB_01/meshes/aws_AirconditionerB_01_collision.DAE
[1.610s] -- Symlinking: /home/ubuntu/ros2_rviz_urbot/install/mycobot_gazebo/share/mycobot_gazebo/models/aws_robomaker_residential_AirconditionerB_01/meshes/aws_AirconditionerB_01_visual.DAE
[1.617s] -- Symlinking: /home/ubuntu/ros2_rviz_urbot/install/mycobot_gazebo/share/mycobot_gazebo/models/aws_robomaker_residential_AirconditionerB_01/model.config
[1.624s] -- Symlinking: /home/ubuntu/ros2_rviz_urbot/install/mycobot_gazebo/share/mycobot_gazebo/models/aws_robomaker_residential_AirconditionerB_01/model.sdf
[1.631s] -- Symlinking: /home/ubuntu/ros2_rviz_urbot/install/mycobot_gazebo/share/mycobot_gazebo/models/aws_robomaker_residential_BalconyTable_01/materials/textures/aws_BalconyTable_01.png
[1.638s] -- Symlinking: /home/ubuntu/ros2_rviz_urbot/install/mycobot_gazebo/share/mycobot_gazebo/models/aws_robomaker_residential_BalconyTable_01/meshes/aws_BalconyTable_01_collision.DAE
[1.649s] -- Symlinking: /home/ubuntu/ros2_rviz_urbot/install/mycobot_gazebo/share/mycobot_gazebo/models/aws_robomaker_residential_BalconyTable_01/meshes/aws_BalconyTable_01_visual.DAE
[1.677s] -- Symlinking: /home/ubuntu/ros2_rviz_urbot/install/mycobot_gazebo/share/mycobot_gazebo/models/aws_robomaker_residential_BalconyTable_01/model.config
[1.684s] -- Symlinking: /home/ubuntu/ros2_rviz_urbot/install/mycobot_gazebo/share/mycobot_gazebo/models/aws_robomaker_residential_BalconyTable_01/model.sdf
[1.692s] -- Symlinking: /home/ubuntu/ros2_rviz_urbot/install/mycobot_gazebo/share/mycobot_gazebo/models/aws_robomaker_residential_Ball_01/materials/textures/aws_Ball_01.png
[1.700s] -- Symlinking: /home/ubuntu/ros2_rviz_urbot/install/mycobot_gazebo/share/mycobot_gazebo/models/aws_robomaker_residential_Ball_01/meshes/aws_Ball_01_collision.DAE
[1.709s] -- Symlinking: /home/ubuntu/ros2_rviz_urbot/install/mycobot_gazebo/share/mycobot_gazebo/models/aws_robomaker_residential_Ball_01/meshes/aws_Ball_01_visual.DAE
[1.717s] -- Symlinking: /home/ubuntu/ros2_rviz_urbot/install/mycobot_gazebo/share/mycobot_gazebo/models/aws_robomaker_residential_Ball_01/model.config
[1.725s] -- Symlinking: /home/ubuntu/ros2_rviz_urbot/install/mycobot_gazebo/share/mycobot_gazebo/models/aws_robomaker_residential_Ball_01/model.sdf
[1.732s] -- Symlinking: /home/ubuntu/ros2_rviz_urbot/install/mycobot_gazebo/share/mycobot_gazebo/models/aws_robomaker_residential_Bed_01/materials/textures/aws_BedA_01.png
[1.739s] -- Symlinking: /home/ubuntu/ros2_rviz_urbot/install/mycobot_gazebo/share/mycobot_gazebo/models/aws_robomaker_residential_Bed_01/materials/textures/aws_BedB_01.png
[1.746s] -- Symlinking: /home/ubuntu/ros2_rviz_urbot/install/mycobot_gazebo/share/mycobot_gazebo/models/aws_robomaker_residential_Bed_01/materials/textures/aws_BedC_01.png
[1.754s] -- Symlinking: /home/ubuntu/ros2_rviz_urbot/install/mycobot_gazebo/share/mycobot_gazebo/models/aws_robomaker_residential_Bed_01/materials/textures/aws_Bed_01.png
[1.763s] -- Symlinking: /home/ubuntu/ros2_rviz_urbot/install/mycobot_gazebo/share/mycobot_gazebo/models/aws_robomaker_residential_Bed_01/meshes/aws_Bed_01_collision.DAE
[1.771s] -- Symlinking: /home/ubuntu/ros2_rviz_urbot/install/mycobot_gazebo/share/mycobot_gazebo/models/aws_robomaker_residential_Bed_01/meshes/aws_Bed_01_visual.DAE
[1.780s] -- Symlinking: /home/ubuntu/ros2_rviz_urbot/install/mycobot_gazebo/share/mycobot_gazebo/models/aws_robomaker_residential_Bed_01/model.config
[1.788s] -- Symlinking: /home/ubuntu/ros2_rviz_urbot/install/mycobot_gazebo/share/mycobot_gazebo/models/aws_robomaker_residential_Bed_01/model.sdf
[1.795s] -- Symlinking: /home/ubuntu/ros2_rviz_urbot/install/mycobot_gazebo/share/mycobot_gazebo/models/aws_robomaker_residential_Board_01/materials/textures/aws_Board_01.png
[1.803s] -- Symlinking: /home/ubuntu/ros2_rviz_urbot/install/mycobot_gazebo/share/mycobot_gazebo/models/aws_robomaker_residential_Board_01/meshes/aws_Board_01_collision.DAE
[1.809s] -- Symlinking: /home/ubuntu/ros2_rviz_urbot/install/mycobot_gazebo/share/mycobot_gazebo/models/aws_robomaker_residential_Board_01/meshes/aws_Board_01_visual.DAE
[1.816s] -- Symlinking: /home/ubuntu/ros2_rviz_urbot/install/mycobot_gazebo/share/mycobot_gazebo/models/aws_robomaker_residential_Board_01/model.config
[1.823s] -- Symlinking: /home/ubuntu/ros2_rviz_urbot/install/mycobot_gazebo/share/mycobot_gazebo/models/aws_robomaker_residential_Board_01/model.sdf
[1.830s] -- Symlinking: /home/ubuntu/ros2_rviz_urbot/install/mycobot_gazebo/share/mycobot_gazebo/models/aws_robomaker_residential_Carpet_01/materials/textures/aws_Carpet_01.png
[1.837s] -- Symlinking: /home/ubuntu/ros2_rviz_urbot/install/mycobot_gazebo/share/mycobot_gazebo/models/aws_robomaker_residential_Carpet_01/meshes/aws_Carpet_01_collision.DAE
[1.844s] -- Symlinking: /home/ubuntu/ros2_rviz_urbot/install/mycobot_gazebo/share/mycobot_gazebo/models/aws_robomaker_residential_Carpet_01/meshes/aws_Carpet_01_visual.DAE
[1.851s] -- Symlinking: /home/ubuntu/ros2_rviz_urbot/install/mycobot_gazebo/share/mycobot_gazebo/models/aws_robomaker_residential_Carpet_01/model.config
[1.867s] -- Symlinking: /home/ubuntu/ros2_rviz_urbot/install/mycobot_gazebo/share/mycobot_gazebo/models/aws_robomaker_residential_Carpet_01/model.sdf
[1.876s] -- Symlinking: /home/ubuntu/ros2_rviz_urbot/install/mycobot_gazebo/share/mycobot_gazebo/models/aws_robomaker_residential_ChairA_01/materials/textures/aws_ChairA_01.png
[1.884s] -- Symlinking: /home/ubuntu/ros2_rviz_urbot/install/mycobot_gazebo/share/mycobot_gazebo/models/aws_robomaker_residential_ChairA_01/meshes/aws_ChairA_01_collision.DAE
[1.892s] -- Symlinking: /home/ubuntu/ros2_rviz_urbot/install/mycobot_gazebo/share/mycobot_gazebo/models/aws_robomaker_residential_ChairA_01/meshes/aws_ChairA_01_visual.DAE
[1.901s] -- Symlinking: /home/ubuntu/ros2_rviz_urbot/install/mycobot_gazebo/share/mycobot_gazebo/models/aws_robomaker_residential_ChairA_01/model.config
[1.909s] -- Symlinking: /home/ubuntu/ros2_rviz_urbot/install/mycobot_gazebo/share/mycobot_gazebo/models/aws_robomaker_residential_ChairA_01/model.sdf
[1.916s] -- Symlinking: /home/ubuntu/ros2_rviz_urbot/install/mycobot_gazebo/share/mycobot_gazebo/models/aws_robomaker_residential_ChairD_01/materials/textures/aws_ChairD_01.png
[1.924s] -- Symlinking: /home/ubuntu/ros2_rviz_urbot/install/mycobot_gazebo/share/mycobot_gazebo/models/aws_robomaker_residential_ChairD_01/meshes/aws_ChairD_01_collision.DAE
[1.931s] -- Symlinking: /home/ubuntu/ros2_rviz_urbot/install/mycobot_gazebo/share/mycobot_gazebo/models/aws_robomaker_residential_ChairD_01/meshes/aws_ChairD_01_visual.DAE
[1.938s] -- Symlinking: /home/ubuntu/ros2_rviz_urbot/install/mycobot_gazebo/share/mycobot_gazebo/models/aws_robomaker_residential_ChairD_01/model.config
[1.946s] -- Symlinking: /home/ubuntu/ros2_rviz_urbot/install/mycobot_gazebo/share/mycobot_gazebo/models/aws_robomaker_residential_ChairD_01/model.sdf
[1.953s] -- Symlinking: /home/ubuntu/ros2_rviz_urbot/install/mycobot_gazebo/share/mycobot_gazebo/models/aws_robomaker_residential_Chandelier_01/materials/textures/aws_Chandelier_01.png
[1.967s] -- Symlinking: /home/ubuntu/ros2_rviz_urbot/install/mycobot_gazebo/share/mycobot_gazebo/models/aws_robomaker_residential_Chandelier_01/meshes/aws_Chandelier_01.DAE
[1.975s] -- Symlinking: /home/ubuntu/ros2_rviz_urbot/install/mycobot_gazebo/share/mycobot_gazebo/models/aws_robomaker_residential_Chandelier_01/meshes/aws_Chandelier_01_collision.DAE
[1.984s] -- Symlinking: /home/ubuntu/ros2_rviz_urbot/install/mycobot_gazebo/share/mycobot_gazebo/models/aws_robomaker_residential_Chandelier_01/meshes/aws_Chandelier_01_visual.DAE
[1.992s] -- Symlinking: /home/ubuntu/ros2_rviz_urbot/install/mycobot_gazebo/share/mycobot_gazebo/models/aws_robomaker_residential_Chandelier_01/model.config
[1.999s] -- Symlinking: /home/ubuntu/ros2_rviz_urbot/install/mycobot_gazebo/share/mycobot_gazebo/models/aws_robomaker_residential_Chandelier_01/model.sdf
[2.007s] -- Symlinking: /home/ubuntu/ros2_rviz_urbot/install/mycobot_gazebo/share/mycobot_gazebo/models/aws_robomaker_residential_CoffeeTable_01/materials/textures/aws_CoffeeTable_01.png
[2.013s] -- Symlinking: /home/ubuntu/ros2_rviz_urbot/install/mycobot_gazebo/share/mycobot_gazebo/models/aws_robomaker_residential_CoffeeTable_01/meshes/aws_CoffeeTable_01_collision.DAE
[2.021s] -- Symlinking: /home/ubuntu/ros2_rviz_urbot/install/mycobot_gazebo/share/mycobot_gazebo/models/aws_robomaker_residential_CoffeeTable_01/meshes/aws_CoffeeTable_01_visual.DAE
[2.028s] -- Symlinking: /home/ubuntu/ros2_rviz_urbot/install/mycobot_gazebo/share/mycobot_gazebo/models/aws_robomaker_residential_CoffeeTable_01/model.config
[2.035s] -- Symlinking: /home/ubuntu/ros2_rviz_urbot/install/mycobot_gazebo/share/mycobot_gazebo/models/aws_robomaker_residential_CoffeeTable_01/model.sdf
[2.042s] -- Symlinking: /home/ubuntu/ros2_rviz_urbot/install/mycobot_gazebo/share/mycobot_gazebo/models/aws_robomaker_residential_CookingBench_01/materials/textures/aws_CookingBench_01.png
[2.050s] -- Symlinking: /home/ubuntu/ros2_rviz_urbot/install/mycobot_gazebo/share/mycobot_gazebo/models/aws_robomaker_residential_CookingBench_01/meshes/aws_CookingBench_01.DAE
[2.057s] -- Symlinking: /home/ubuntu/ros2_rviz_urbot/install/mycobot_gazebo/share/mycobot_gazebo/models/aws_robomaker_residential_CookingBench_01/meshes/aws_CookingBench_01_collision.DAE
[2.070s] -- Symlinking: /home/ubuntu/ros2_rviz_urbot/install/mycobot_gazebo/share/mycobot_gazebo/models/aws_robomaker_residential_CookingBench_01/meshes/aws_CookingBench_01_visual.DAE
[2.078s] -- Symlinking: /home/ubuntu/ros2_rviz_urbot/install/mycobot_gazebo/share/mycobot_gazebo/models/aws_robomaker_residential_CookingBench_01/model.config
[2.087s] -- Symlinking: /home/ubuntu/ros2_rviz_urbot/install/mycobot_gazebo/share/mycobot_gazebo/models/aws_robomaker_residential_CookingBench_01/model.sdf
[2.095s] -- Symlinking: /home/ubuntu/ros2_rviz_urbot/install/mycobot_gazebo/share/mycobot_gazebo/models/aws_robomaker_residential_Curtain_01/materials/textures/aws_Curtain_01.png
[2.103s] -- Symlinking: /home/ubuntu/ros2_rviz_urbot/install/mycobot_gazebo/share/mycobot_gazebo/models/aws_robomaker_residential_Curtain_01/meshes/aws_Curtain_01_collision.DAE
[2.110s] -- Symlinking: /home/ubuntu/ros2_rviz_urbot/install/mycobot_gazebo/share/mycobot_gazebo/models/aws_robomaker_residential_Curtain_01/meshes/aws_Curtain_01_visual.DAE
[2.119s] -- Symlinking: /home/ubuntu/ros2_rviz_urbot/install/mycobot_gazebo/share/mycobot_gazebo/models/aws_robomaker_residential_Curtain_01/model.config
[2.126s] -- Symlinking: /home/ubuntu/ros2_rviz_urbot/install/mycobot_gazebo/share/mycobot_gazebo/models/aws_robomaker_residential_Curtain_01/model.sdf
[2.135s] -- Symlinking: /home/ubuntu/ros2_rviz_urbot/install/mycobot_gazebo/share/mycobot_gazebo/models/aws_robomaker_residential_DeskPortraitA_01/materials/textures/DeskPortraitA_01.jpg
[2.141s] -- Symlinking: /home/ubuntu/ros2_rviz_urbot/install/mycobot_gazebo/share/mycobot_gazebo/models/aws_robomaker_residential_DeskPortraitA_01/materials/textures/aws_DeskPortraitA_01.png
[2.149s] -- Symlinking: /home/ubuntu/ros2_rviz_urbot/install/mycobot_gazebo/share/mycobot_gazebo/models/aws_robomaker_residential_DeskPortraitA_01/materials/textures/aws_DeskPortraitA_02.png
[2.167s] -- Symlinking: /home/ubuntu/ros2_rviz_urbot/install/mycobot_gazebo/share/mycobot_gazebo/models/aws_robomaker_residential_DeskPortraitA_01/meshes/aws_DeskPortraitA_01_collision.DAE
[2.178s] -- Symlinking: /home/ubuntu/ros2_rviz_urbot/install/mycobot_gazebo/share/mycobot_gazebo/models/aws_robomaker_residential_DeskPortraitA_01/meshes/aws_DeskPortraitA_01_visual.DAE
[2.187s] -- Symlinking: /home/ubuntu/ros2_rviz_urbot/install/mycobot_gazebo/share/mycobot_gazebo/models/aws_robomaker_residential_DeskPortraitA_01/model.config
[2.199s] -- Symlinking: /home/ubuntu/ros2_rviz_urbot/install/mycobot_gazebo/share/mycobot_gazebo/models/aws_robomaker_residential_DeskPortraitA_01/model.sdf
[2.208s] -- Symlinking: /home/ubuntu/ros2_rviz_urbot/install/mycobot_gazebo/share/mycobot_gazebo/models/aws_robomaker_residential_DeskPortraitA_02/materials/textures/DeskPortraitA_02.jpg
[2.216s] -- Symlinking: /home/ubuntu/ros2_rviz_urbot/install/mycobot_gazebo/share/mycobot_gazebo/models/aws_robomaker_residential_DeskPortraitA_02/materials/textures/aws_DeskPortraitA_01.png
[2.223s] -- Symlinking: /home/ubuntu/ros2_rviz_urbot/install/mycobot_gazebo/share/mycobot_gazebo/models/aws_robomaker_residential_DeskPortraitA_02/materials/textures/aws_DeskPortraitA_02.png
[2.230s] -- Symlinking: /home/ubuntu/ros2_rviz_urbot/install/mycobot_gazebo/share/mycobot_gazebo/models/aws_robomaker_residential_DeskPortraitA_02/meshes/aws_DeskPortraitA_01_collision.DAE
[2.237s] -- Symlinking: /home/ubuntu/ros2_rviz_urbot/install/mycobot_gazebo/share/mycobot_gazebo/models/aws_robomaker_residential_DeskPortraitA_02/meshes/aws_DeskPortraitA_01_visual.DAE
[2.246s] -- Symlinking: /home/ubuntu/ros2_rviz_urbot/install/mycobot_gazebo/share/mycobot_gazebo/models/aws_robomaker_residential_DeskPortraitA_02/model.config
[2.253s] -- Symlinking: /home/ubuntu/ros2_rviz_urbot/install/mycobot_gazebo/share/mycobot_gazebo/models/aws_robomaker_residential_DeskPortraitA_02/model.sdf
[2.262s] -- Symlinking: /home/ubuntu/ros2_rviz_urbot/install/mycobot_gazebo/share/mycobot_gazebo/models/aws_robomaker_residential_DeskPortraitB_01/materials/textures/DeskPortraitB_01.jpg
[2.271s] -- Symlinking: /home/ubuntu/ros2_rviz_urbot/install/mycobot_gazebo/share/mycobot_gazebo/models/aws_robomaker_residential_DeskPortraitB_01/materials/textures/aws_DeskPortraitB_01.png
[2.280s] -- Symlinking: /home/ubuntu/ros2_rviz_urbot/install/mycobot_gazebo/share/mycobot_gazebo/models/aws_robomaker_residential_DeskPortraitB_01/materials/textures/aws_DeskPortraitB_02.png
[2.290s] -- Symlinking: /home/ubuntu/ros2_rviz_urbot/install/mycobot_gazebo/share/mycobot_gazebo/models/aws_robomaker_residential_DeskPortraitB_01/meshes/aws_DeskPortraitB_01_collision.DAE
[2.297s] -- Symlinking: /home/ubuntu/ros2_rviz_urbot/install/mycobot_gazebo/share/mycobot_gazebo/models/aws_robomaker_residential_DeskPortraitB_01/meshes/aws_DeskPortraitB_01_visual.DAE
[2.305s] -- Symlinking: /home/ubuntu/ros2_rviz_urbot/install/mycobot_gazebo/share/mycobot_gazebo/models/aws_robomaker_residential_DeskPortraitB_01/model.config
[2.320s] -- Symlinking: /home/ubuntu/ros2_rviz_urbot/install/mycobot_gazebo/share/mycobot_gazebo/models/aws_robomaker_residential_DeskPortraitB_01/model.sdf
[2.327s] -- Symlinking: /home/ubuntu/ros2_rviz_urbot/install/mycobot_gazebo/share/mycobot_gazebo/models/aws_robomaker_residential_DeskPortraitB_02/materials/textures/DeskPortraitB_02.jpg
[2.334s] -- Symlinking: /home/ubuntu/ros2_rviz_urbot/install/mycobot_gazebo/share/mycobot_gazebo/models/aws_robomaker_residential_DeskPortraitB_02/materials/textures/aws_DeskPortraitB_01.png
[2.342s] -- Symlinking: /home/ubuntu/ros2_rviz_urbot/install/mycobot_gazebo/share/mycobot_gazebo/models/aws_robomaker_residential_DeskPortraitB_02/materials/textures/aws_DeskPortraitB_02.png
[2.348s] -- Symlinking: /home/ubuntu/ros2_rviz_urbot/install/mycobot_gazebo/share/mycobot_gazebo/models/aws_robomaker_residential_DeskPortraitB_02/meshes/aws_DeskPortraitB_01_collision.DAE
[2.355s] -- Symlinking: /home/ubuntu/ros2_rviz_urbot/install/mycobot_gazebo/share/mycobot_gazebo/models/aws_robomaker_residential_DeskPortraitB_02/meshes/aws_DeskPortraitB_01_visual.DAE
[2.366s] -- Symlinking: /home/ubuntu/ros2_rviz_urbot/install/mycobot_gazebo/share/mycobot_gazebo/models/aws_robomaker_residential_DeskPortraitB_02/model.config
[2.377s] -- Symlinking: /home/ubuntu/ros2_rviz_urbot/install/mycobot_gazebo/share/mycobot_gazebo/models/aws_robomaker_residential_DeskPortraitB_02/model.sdf
[2.386s] -- Symlinking: /home/ubuntu/ros2_rviz_urbot/install/mycobot_gazebo/share/mycobot_gazebo/models/aws_robomaker_residential_DeskPortraitC_01/materials/textures/DeskPortraitC_01.jpg
[2.395s] -- Symlinking: /home/ubuntu/ros2_rviz_urbot/install/mycobot_gazebo/share/mycobot_gazebo/models/aws_robomaker_residential_DeskPortraitC_01/materials/textures/aws_DeskPortraitC_01.png
[2.411s] -- Symlinking: /home/ubuntu/ros2_rviz_urbot/install/mycobot_gazebo/share/mycobot_gazebo/models/aws_robomaker_residential_DeskPortraitC_01/materials/textures/aws_DeskPortraitC_02.png
[2.422s] -- Symlinking: /home/ubuntu/ros2_rviz_urbot/install/mycobot_gazebo/share/mycobot_gazebo/models/aws_robomaker_residential_DeskPortraitC_01/meshes/aws_DeskPortraitC_01_collision.DAE
[2.430s] -- Symlinking: /home/ubuntu/ros2_rviz_urbot/install/mycobot_gazebo/share/mycobot_gazebo/models/aws_robomaker_residential_DeskPortraitC_01/meshes/aws_DeskPortraitC_01_visual.DAE
[2.437s] -- Symlinking: /home/ubuntu/ros2_rviz_urbot/install/mycobot_gazebo/share/mycobot_gazebo/models/aws_robomaker_residential_DeskPortraitC_01/model.config
[2.446s] -- Symlinking: /home/ubuntu/ros2_rviz_urbot/install/mycobot_gazebo/share/mycobot_gazebo/models/aws_robomaker_residential_DeskPortraitC_01/model.sdf
[2.453s] -- Symlinking: /home/ubuntu/ros2_rviz_urbot/install/mycobot_gazebo/share/mycobot_gazebo/models/aws_robomaker_residential_DeskPortraitC_02/materials/textures/DeskPortraitC_02.jpg
[2.462s] -- Symlinking: /home/ubuntu/ros2_rviz_urbot/install/mycobot_gazebo/share/mycobot_gazebo/models/aws_robomaker_residential_DeskPortraitC_02/materials/textures/aws_DeskPortraitC_01.png
[2.475s] -- Symlinking: /home/ubuntu/ros2_rviz_urbot/install/mycobot_gazebo/share/mycobot_gazebo/models/aws_robomaker_residential_DeskPortraitC_02/materials/textures/aws_DeskPortraitC_02.png
[2.484s] -- Symlinking: /home/ubuntu/ros2_rviz_urbot/install/mycobot_gazebo/share/mycobot_gazebo/models/aws_robomaker_residential_DeskPortraitC_02/meshes/aws_DeskPortraitC_01_collision.DAE
[2.492s] -- Symlinking: /home/ubuntu/ros2_rviz_urbot/install/mycobot_gazebo/share/mycobot_gazebo/models/aws_robomaker_residential_DeskPortraitC_02/meshes/aws_DeskPortraitC_01_visual.DAE
[2.502s] -- Symlinking: /home/ubuntu/ros2_rviz_urbot/install/mycobot_gazebo/share/mycobot_gazebo/models/aws_robomaker_residential_DeskPortraitC_02/model.config
[2.511s] -- Symlinking: /home/ubuntu/ros2_rviz_urbot/install/mycobot_gazebo/share/mycobot_gazebo/models/aws_robomaker_residential_DeskPortraitC_02/model.sdf
[2.519s] -- Symlinking: /home/ubuntu/ros2_rviz_urbot/install/mycobot_gazebo/share/mycobot_gazebo/models/aws_robomaker_residential_DeskPortraitD_01/materials/textures/DeskPortraitD_01.jpg
[2.526s] -- Symlinking: /home/ubuntu/ros2_rviz_urbot/install/mycobot_gazebo/share/mycobot_gazebo/models/aws_robomaker_residential_DeskPortraitD_01/materials/textures/aws_DeskPortraitD_01.png
[2.536s] -- Symlinking: /home/ubuntu/ros2_rviz_urbot/install/mycobot_gazebo/share/mycobot_gazebo/models/aws_robomaker_residential_DeskPortraitD_01/materials/textures/aws_DeskPortraitD_02.png
[2.543s] -- Symlinking: /home/ubuntu/ros2_rviz_urbot/install/mycobot_gazebo/share/mycobot_gazebo/models/aws_robomaker_residential_DeskPortraitD_01/meshes/aws_DeskPortraitD_01_collision.DAE
[2.551s] -- Symlinking: /home/ubuntu/ros2_rviz_urbot/install/mycobot_gazebo/share/mycobot_gazebo/models/aws_robomaker_residential_DeskPortraitD_01/meshes/aws_DeskPortraitD_01_visual.DAE
[2.559s] -- Symlinking: /home/ubuntu/ros2_rviz_urbot/install/mycobot_gazebo/share/mycobot_gazebo/models/aws_robomaker_residential_DeskPortraitD_01/model.config
[2.570s] -- Symlinking: /home/ubuntu/ros2_rviz_urbot/install/mycobot_gazebo/share/mycobot_gazebo/models/aws_robomaker_residential_DeskPortraitD_01/model.sdf
[2.580s] -- Symlinking: /home/ubuntu/ros2_rviz_urbot/install/mycobot_gazebo/share/mycobot_gazebo/models/aws_robomaker_residential_DeskPortraitD_02/materials/textures/DeskPortraitD_02.jpg
[2.589s] -- Symlinking: /home/ubuntu/ros2_rviz_urbot/install/mycobot_gazebo/share/mycobot_gazebo/models/aws_robomaker_residential_DeskPortraitD_02/materials/textures/aws_DeskPortraitD_01.png
[2.597s] -- Symlinking: /home/ubuntu/ros2_rviz_urbot/install/mycobot_gazebo/share/mycobot_gazebo/models/aws_robomaker_residential_DeskPortraitD_02/materials/textures/aws_DeskPortraitD_02.png
[2.605s] -- Symlinking: /home/ubuntu/ros2_rviz_urbot/install/mycobot_gazebo/share/mycobot_gazebo/models/aws_robomaker_residential_DeskPortraitD_02/meshes/aws_DeskPortraitD_01_collision.DAE
[2.614s] -- Symlinking: /home/ubuntu/ros2_rviz_urbot/install/mycobot_gazebo/share/mycobot_gazebo/models/aws_robomaker_residential_DeskPortraitD_02/meshes/aws_DeskPortraitD_01_visual.DAE
[2.622s] -- Symlinking: /home/ubuntu/ros2_rviz_urbot/install/mycobot_gazebo/share/mycobot_gazebo/models/aws_robomaker_residential_DeskPortraitD_02/model.config
[2.631s] -- Symlinking: /home/ubuntu/ros2_rviz_urbot/install/mycobot_gazebo/share/mycobot_gazebo/models/aws_robomaker_residential_DeskPortraitD_02/model.sdf
[2.638s] -- Symlinking: /home/ubuntu/ros2_rviz_urbot/install/mycobot_gazebo/share/mycobot_gazebo/models/aws_robomaker_residential_DeskPortraitD_03/materials/textures/DeskPortraitD_03.jpg
[2.645s] -- Symlinking: /home/ubuntu/ros2_rviz_urbot/install/mycobot_gazebo/share/mycobot_gazebo/models/aws_robomaker_residential_DeskPortraitD_03/materials/textures/aws_DeskPortraitD_01.png
[2.652s] -- Symlinking: /home/ubuntu/ros2_rviz_urbot/install/mycobot_gazebo/share/mycobot_gazebo/models/aws_robomaker_residential_DeskPortraitD_03/materials/textures/aws_DeskPortraitD_02.png
[2.676s] -- Symlinking: /home/ubuntu/ros2_rviz_urbot/install/mycobot_gazebo/share/mycobot_gazebo/models/aws_robomaker_residential_DeskPortraitD_03/meshes/aws_DeskPortraitD_01_collision.DAE
[2.690s] -- Symlinking: /home/ubuntu/ros2_rviz_urbot/install/mycobot_gazebo/share/mycobot_gazebo/models/aws_robomaker_residential_DeskPortraitD_03/meshes/aws_DeskPortraitD_01_visual.DAE
[2.701s] -- Symlinking: /home/ubuntu/ros2_rviz_urbot/install/mycobot_gazebo/share/mycobot_gazebo/models/aws_robomaker_residential_DeskPortraitD_03/model.config
[2.710s] -- Symlinking: /home/ubuntu/ros2_rviz_urbot/install/mycobot_gazebo/share/mycobot_gazebo/models/aws_robomaker_residential_DeskPortraitD_03/model.sdf
[2.718s] -- Symlinking: /home/ubuntu/ros2_rviz_urbot/install/mycobot_gazebo/share/mycobot_gazebo/models/aws_robomaker_residential_DeskPortraitD_04/materials/textures/DeskPortraitD_04.jpg
[2.726s] -- Symlinking: /home/ubuntu/ros2_rviz_urbot/install/mycobot_gazebo/share/mycobot_gazebo/models/aws_robomaker_residential_DeskPortraitD_04/materials/textures/aws_DeskPortraitD_01.png
[2.734s] -- Symlinking: /home/ubuntu/ros2_rviz_urbot/install/mycobot_gazebo/share/mycobot_gazebo/models/aws_robomaker_residential_DeskPortraitD_04/materials/textures/aws_DeskPortraitD_02.png
[2.741s] -- Symlinking: /home/ubuntu/ros2_rviz_urbot/install/mycobot_gazebo/share/mycobot_gazebo/models/aws_robomaker_residential_DeskPortraitD_04/meshes/aws_DeskPortraitD_01_collision.DAE
[2.748s] -- Symlinking: /home/ubuntu/ros2_rviz_urbot/install/mycobot_gazebo/share/mycobot_gazebo/models/aws_robomaker_residential_DeskPortraitD_04/meshes/aws_DeskPortraitD_01_visual.DAE
[2.755s] -- Symlinking: /home/ubuntu/ros2_rviz_urbot/install/mycobot_gazebo/share/mycobot_gazebo/models/aws_robomaker_residential_DeskPortraitD_04/model.config
[2.768s] -- Symlinking: /home/ubuntu/ros2_rviz_urbot/install/mycobot_gazebo/share/mycobot_gazebo/models/aws_robomaker_residential_DeskPortraitD_04/model.sdf
[2.776s] -- Symlinking: /home/ubuntu/ros2_rviz_urbot/install/mycobot_gazebo/share/mycobot_gazebo/models/aws_robomaker_residential_Door_01/materials/textures/aws_Door_01.png
[2.785s] -- Symlinking: /home/ubuntu/ros2_rviz_urbot/install/mycobot_gazebo/share/mycobot_gazebo/models/aws_robomaker_residential_Door_01/meshes/aws_Door_01_collision.DAE
[2.793s] -- Symlinking: /home/ubuntu/ros2_rviz_urbot/install/mycobot_gazebo/share/mycobot_gazebo/models/aws_robomaker_residential_Door_01/meshes/aws_Door_01_visual.DAE
[2.801s] -- Symlinking: /home/ubuntu/ros2_rviz_urbot/install/mycobot_gazebo/share/mycobot_gazebo/models/aws_robomaker_residential_Door_01/model.config
[2.809s] -- Symlinking: /home/ubuntu/ros2_rviz_urbot/install/mycobot_gazebo/share/mycobot_gazebo/models/aws_robomaker_residential_Door_01/model.sdf
[2.817s] -- Symlinking: /home/ubuntu/ros2_rviz_urbot/install/mycobot_gazebo/share/mycobot_gazebo/models/aws_robomaker_residential_Dumbbell_01/materials/textures/aws_Dumbbell_01.png
[2.823s] -- Symlinking: /home/ubuntu/ros2_rviz_urbot/install/mycobot_gazebo/share/mycobot_gazebo/models/aws_robomaker_residential_Dumbbell_01/meshes/aws_Dumbbell_01_collision.DAE
[2.831s] -- Symlinking: /home/ubuntu/ros2_rviz_urbot/install/mycobot_gazebo/share/mycobot_gazebo/models/aws_robomaker_residential_Dumbbell_01/meshes/aws_Dumbbell_01_visual.DAE
[2.838s] -- Symlinking: /home/ubuntu/ros2_rviz_urbot/install/mycobot_gazebo/share/mycobot_gazebo/models/aws_robomaker_residential_Dumbbell_01/model.config
[2.845s] -- Symlinking: /home/ubuntu/ros2_rviz_urbot/install/mycobot_gazebo/share/mycobot_gazebo/models/aws_robomaker_residential_Dumbbell_01/model.sdf
[2.854s] -- Symlinking: /home/ubuntu/ros2_rviz_urbot/install/mycobot_gazebo/share/mycobot_gazebo/models/aws_robomaker_residential_FitnessEquipment_01/materials/textures/aws_FitnessEquipment_01.png
[2.861s] -- Symlinking: /home/ubuntu/ros2_rviz_urbot/install/mycobot_gazebo/share/mycobot_gazebo/models/aws_robomaker_residential_FitnessEquipment_01/meshes/aws_FitnessEquipment_01_collision.DAE
[2.871s] -- Symlinking: /home/ubuntu/ros2_rviz_urbot/install/mycobot_gazebo/share/mycobot_gazebo/models/aws_robomaker_residential_FitnessEquipment_01/meshes/aws_FitnessEquipment_01_visual.DAE
[2.880s] -- Symlinking: /home/ubuntu/ros2_rviz_urbot/install/mycobot_gazebo/share/mycobot_gazebo/models/aws_robomaker_residential_FitnessEquipment_01/model.config
[2.889s] -- Symlinking: /home/ubuntu/ros2_rviz_urbot/install/mycobot_gazebo/share/mycobot_gazebo/models/aws_robomaker_residential_FitnessEquipment_01/model.sdf
[2.898s] -- Symlinking: /home/ubuntu/ros2_rviz_urbot/install/mycobot_gazebo/share/mycobot_gazebo/models/aws_robomaker_residential_FloorB_01/materials/textures/aws_FloorB_01.png
[2.907s] -- Symlinking: /home/ubuntu/ros2_rviz_urbot/install/mycobot_gazebo/share/mycobot_gazebo/models/aws_robomaker_residential_FloorB_01/meshes/aws_FloorB_01_collision.DAE
[2.920s] -- Symlinking: /home/ubuntu/ros2_rviz_urbot/install/mycobot_gazebo/share/mycobot_gazebo/models/aws_robomaker_residential_FloorB_01/meshes/aws_FloorB_01_visual.DAE
[2.930s] -- Symlinking: /home/ubuntu/ros2_rviz_urbot/install/mycobot_gazebo/share/mycobot_gazebo/models/aws_robomaker_residential_FloorB_01/model.config
[2.937s] -- Symlinking: /home/ubuntu/ros2_rviz_urbot/install/mycobot_gazebo/share/mycobot_gazebo/models/aws_robomaker_residential_FloorB_01/model.sdf
[2.944s] -- Symlinking: /home/ubuntu/ros2_rviz_urbot/install/mycobot_gazebo/share/mycobot_gazebo/models/aws_robomaker_residential_FoldingDoor_01/materials/textures/aws_FoldingDoor_01.png
[2.953s] -- Symlinking: /home/ubuntu/ros2_rviz_urbot/install/mycobot_gazebo/share/mycobot_gazebo/models/aws_robomaker_residential_FoldingDoor_01/meshes/aws_FoldingDoor_01_collision.DAE
[2.960s] -- Symlinking: /home/ubuntu/ros2_rviz_urbot/install/mycobot_gazebo/share/mycobot_gazebo/models/aws_robomaker_residential_FoldingDoor_01/meshes/aws_FoldingDoor_01_visual.DAE
[2.968s] -- Symlinking: /home/ubuntu/ros2_rviz_urbot/install/mycobot_gazebo/share/mycobot_gazebo/models/aws_robomaker_residential_FoldingDoor_01/model.config
[2.983s] -- Symlinking: /home/ubuntu/ros2_rviz_urbot/install/mycobot_gazebo/share/mycobot_gazebo/models/aws_robomaker_residential_FoldingDoor_01/model.sdf
[2.989s] -- Symlinking: /home/ubuntu/ros2_rviz_urbot/install/mycobot_gazebo/share/mycobot_gazebo/models/aws_robomaker_residential_FoldingDoor_02/materials/textures/aws_FoldingDoor_02.png
[2.998s] -- Symlinking: /home/ubuntu/ros2_rviz_urbot/install/mycobot_gazebo/share/mycobot_gazebo/models/aws_robomaker_residential_FoldingDoor_02/meshes/aws_FoldingDoor_02_collision.DAE
[3.006s] -- Symlinking: /home/ubuntu/ros2_rviz_urbot/install/mycobot_gazebo/share/mycobot_gazebo/models/aws_robomaker_residential_FoldingDoor_02/meshes/aws_FoldingDoor_02_visual.DAE
[3.020s] -- Symlinking: /home/ubuntu/ros2_rviz_urbot/install/mycobot_gazebo/share/mycobot_gazebo/models/aws_robomaker_residential_FoldingDoor_02/model.config
[3.028s] -- Symlinking: /home/ubuntu/ros2_rviz_urbot/install/mycobot_gazebo/share/mycobot_gazebo/models/aws_robomaker_residential_FoldingDoor_02/model.sdf
[3.036s] -- Symlinking: /home/ubuntu/ros2_rviz_urbot/install/mycobot_gazebo/share/mycobot_gazebo/models/aws_robomaker_residential_Handle_01/materials/textures/aws_Handle_01.png
[3.043s] -- Symlinking: /home/ubuntu/ros2_rviz_urbot/install/mycobot_gazebo/share/mycobot_gazebo/models/aws_robomaker_residential_Handle_01/meshes/aws_Handle_01_collision.DAE
[3.050s] -- Symlinking: /home/ubuntu/ros2_rviz_urbot/install/mycobot_gazebo/share/mycobot_gazebo/models/aws_robomaker_residential_Handle_01/meshes/aws_Handle_01_visual.DAE
[3.057s] -- Symlinking: /home/ubuntu/ros2_rviz_urbot/install/mycobot_gazebo/share/mycobot_gazebo/models/aws_robomaker_residential_Handle_01/model.config
[3.065s] -- Symlinking: /home/ubuntu/ros2_rviz_urbot/install/mycobot_gazebo/share/mycobot_gazebo/models/aws_robomaker_residential_Handle_01/model.sdf
[3.075s] -- Symlinking: /home/ubuntu/ros2_rviz_urbot/install/mycobot_gazebo/share/mycobot_gazebo/models/aws_robomaker_residential_HouseWallB_01/materials/textures/aws_HouseWallB_01.png
[3.082s] -- Symlinking: /home/ubuntu/ros2_rviz_urbot/install/mycobot_gazebo/share/mycobot_gazebo/models/aws_robomaker_residential_HouseWallB_01/meshes/aws_HouseWallB_01_collision.DAE
[3.100s] -- Symlinking: /home/ubuntu/ros2_rviz_urbot/install/mycobot_gazebo/share/mycobot_gazebo/models/aws_robomaker_residential_HouseWallB_01/meshes/aws_HouseWallB_01_visual.DAE
[3.108s] -- Symlinking: /home/ubuntu/ros2_rviz_urbot/install/mycobot_gazebo/share/mycobot_gazebo/models/aws_robomaker_residential_HouseWallB_01/model.config
[3.115s] -- Symlinking: /home/ubuntu/ros2_rviz_urbot/install/mycobot_gazebo/share/mycobot_gazebo/models/aws_robomaker_residential_HouseWallB_01/model.sdf
[3.124s] -- Symlinking: /home/ubuntu/ros2_rviz_urbot/install/mycobot_gazebo/share/mycobot_gazebo/models/aws_robomaker_residential_KitchenCabinet_01/materials/textures/aws_KitchenCabinet_01.png
[3.131s] -- Symlinking: /home/ubuntu/ros2_rviz_urbot/install/mycobot_gazebo/share/mycobot_gazebo/models/aws_robomaker_residential_KitchenCabinet_01/meshes/aws_KitchenCabinet_01_collision.DAE
[3.139s] -- Symlinking: /home/ubuntu/ros2_rviz_urbot/install/mycobot_gazebo/share/mycobot_gazebo/models/aws_robomaker_residential_KitchenCabinet_01/meshes/aws_KitchenCabinet_01_visual.DAE
[3.145s] -- Symlinking: /home/ubuntu/ros2_rviz_urbot/install/mycobot_gazebo/share/mycobot_gazebo/models/aws_robomaker_residential_KitchenCabinet_01/model.config
[3.154s] -- Symlinking: /home/ubuntu/ros2_rviz_urbot/install/mycobot_gazebo/share/mycobot_gazebo/models/aws_robomaker_residential_KitchenCabinet_01/model.sdf
[3.161s] -- Symlinking: /home/ubuntu/ros2_rviz_urbot/install/mycobot_gazebo/share/mycobot_gazebo/models/aws_robomaker_residential_KitchenTable_01/materials/textures/aws_KitchenTable_01.png
[3.173s] -- Symlinking: /home/ubuntu/ros2_rviz_urbot/install/mycobot_gazebo/share/mycobot_gazebo/models/aws_robomaker_residential_KitchenTable_01/meshes/aws_KitchenTable_01_collision.DAE
[3.184s] -- Symlinking: /home/ubuntu/ros2_rviz_urbot/install/mycobot_gazebo/share/mycobot_gazebo/models/aws_robomaker_residential_KitchenTable_01/meshes/aws_KitchenTable_01_visual.DAE
[3.193s] -- Symlinking: /home/ubuntu/ros2_rviz_urbot/install/mycobot_gazebo/share/mycobot_gazebo/models/aws_robomaker_residential_KitchenTable_01/model.config
[3.201s] -- Symlinking: /home/ubuntu/ros2_rviz_urbot/install/mycobot_gazebo/share/mycobot_gazebo/models/aws_robomaker_residential_KitchenTable_01/model.sdf
[3.209s] -- Symlinking: /home/ubuntu/ros2_rviz_urbot/install/mycobot_gazebo/share/mycobot_gazebo/models/aws_robomaker_residential_KitchenUtensils_01/materials/textures/aws_KitchenUtensils_01.png
[3.216s] -- Symlinking: /home/ubuntu/ros2_rviz_urbot/install/mycobot_gazebo/share/mycobot_gazebo/models/aws_robomaker_residential_KitchenUtensils_01/meshes/aws_KitchenUtensils_01_collision.DAE
[3.223s] -- Symlinking: /home/ubuntu/ros2_rviz_urbot/install/mycobot_gazebo/share/mycobot_gazebo/models/aws_robomaker_residential_KitchenUtensils_01/meshes/aws_KitchenUtensils_01_visual.DAE
[3.230s] -- Symlinking: /home/ubuntu/ros2_rviz_urbot/install/mycobot_gazebo/share/mycobot_gazebo/models/aws_robomaker_residential_KitchenUtensils_01/model.config
[3.241s] -- Symlinking: /home/ubuntu/ros2_rviz_urbot/install/mycobot_gazebo/share/mycobot_gazebo/models/aws_robomaker_residential_KitchenUtensils_01/model.sdf
[3.247s] -- Symlinking: /home/ubuntu/ros2_rviz_urbot/install/mycobot_gazebo/share/mycobot_gazebo/models/aws_robomaker_residential_LightC_01/materials/textures/aws_LightC_01.png
[3.254s] -- Symlinking: /home/ubuntu/ros2_rviz_urbot/install/mycobot_gazebo/share/mycobot_gazebo/models/aws_robomaker_residential_LightC_01/meshes/aws_LightC_01_collision.DAE
[3.262s] -- Symlinking: /home/ubuntu/ros2_rviz_urbot/install/mycobot_gazebo/share/mycobot_gazebo/models/aws_robomaker_residential_LightC_01/meshes/aws_LightC_01_visual.DAE
[3.270s] -- Symlinking: /home/ubuntu/ros2_rviz_urbot/install/mycobot_gazebo/share/mycobot_gazebo/models/aws_robomaker_residential_LightC_01/model.config
[3.278s] -- Symlinking: /home/ubuntu/ros2_rviz_urbot/install/mycobot_gazebo/share/mycobot_gazebo/models/aws_robomaker_residential_LightC_01/model.sdf
[3.289s] -- Symlinking: /home/ubuntu/ros2_rviz_urbot/install/mycobot_gazebo/share/mycobot_gazebo/models/aws_robomaker_residential_NightStand_01/materials/textures/aws_NightStand_01.png
[3.297s] -- Symlinking: /home/ubuntu/ros2_rviz_urbot/install/mycobot_gazebo/share/mycobot_gazebo/models/aws_robomaker_residential_NightStand_01/meshes/aws_NightStand_01_collision.DAE
[3.306s] -- Symlinking: /home/ubuntu/ros2_rviz_urbot/install/mycobot_gazebo/share/mycobot_gazebo/models/aws_robomaker_residential_NightStand_01/meshes/aws_NightStand_01_visual.DAE
[3.313s] -- Symlinking: /home/ubuntu/ros2_rviz_urbot/install/mycobot_gazebo/share/mycobot_gazebo/models/aws_robomaker_residential_NightStand_01/model.config
[3.321s] -- Symlinking: /home/ubuntu/ros2_rviz_urbot/install/mycobot_gazebo/share/mycobot_gazebo/models/aws_robomaker_residential_NightStand_01/model.sdf
[3.328s] -- Symlinking: /home/ubuntu/ros2_rviz_urbot/install/mycobot_gazebo/share/mycobot_gazebo/models/aws_robomaker_residential_Pillow_01/materials/textures/aws_Pillow_01.png
[3.334s] -- Symlinking: /home/ubuntu/ros2_rviz_urbot/install/mycobot_gazebo/share/mycobot_gazebo/models/aws_robomaker_residential_Pillow_01/meshes/aws_Pillow_01_collision.DAE
[3.341s] -- Symlinking: /home/ubuntu/ros2_rviz_urbot/install/mycobot_gazebo/share/mycobot_gazebo/models/aws_robomaker_residential_Pillow_01/meshes/aws_Pillow_01_visual.DAE
[3.349s] -- Symlinking: /home/ubuntu/ros2_rviz_urbot/install/mycobot_gazebo/share/mycobot_gazebo/models/aws_robomaker_residential_Pillow_01/model.config
[3.355s] -- Symlinking: /home/ubuntu/ros2_rviz_urbot/install/mycobot_gazebo/share/mycobot_gazebo/models/aws_robomaker_residential_Pillow_01/model.sdf
[3.362s] -- Symlinking: /home/ubuntu/ros2_rviz_urbot/install/mycobot_gazebo/share/mycobot_gazebo/models/aws_robomaker_residential_PortraitA_01/materials/textures/PortraitA_01.jpg
[3.371s] -- Symlinking: /home/ubuntu/ros2_rviz_urbot/install/mycobot_gazebo/share/mycobot_gazebo/models/aws_robomaker_residential_PortraitA_01/materials/textures/aws_PortraitA_01.png
[3.384s] -- Symlinking: /home/ubuntu/ros2_rviz_urbot/install/mycobot_gazebo/share/mycobot_gazebo/models/aws_robomaker_residential_PortraitA_01/materials/textures/aws_PortraitA_02.png
[3.395s] -- Symlinking: /home/ubuntu/ros2_rviz_urbot/install/mycobot_gazebo/share/mycobot_gazebo/models/aws_robomaker_residential_PortraitA_01/meshes/aws_PortraitA_01_collision.DAE
[3.403s] -- Symlinking: /home/ubuntu/ros2_rviz_urbot/install/mycobot_gazebo/share/mycobot_gazebo/models/aws_robomaker_residential_PortraitA_01/meshes/aws_PortraitA_01_visual.DAE
[3.411s] -- Symlinking: /home/ubuntu/ros2_rviz_urbot/install/mycobot_gazebo/share/mycobot_gazebo/models/aws_robomaker_residential_PortraitA_01/model.config
[3.419s] -- Symlinking: /home/ubuntu/ros2_rviz_urbot/install/mycobot_gazebo/share/mycobot_gazebo/models/aws_robomaker_residential_PortraitA_01/model.sdf
[3.428s] -- Symlinking: /home/ubuntu/ros2_rviz_urbot/install/mycobot_gazebo/share/mycobot_gazebo/models/aws_robomaker_residential_PortraitA_02/materials/textures/PortraitA_02.jpg
[3.435s] -- Symlinking: /home/ubuntu/ros2_rviz_urbot/install/mycobot_gazebo/share/mycobot_gazebo/models/aws_robomaker_residential_PortraitA_02/materials/textures/aws_PortraitA_01.png
[3.442s] -- Symlinking: /home/ubuntu/ros2_rviz_urbot/install/mycobot_gazebo/share/mycobot_gazebo/models/aws_robomaker_residential_PortraitA_02/materials/textures/aws_PortraitA_02.png
[3.449s] -- Symlinking: /home/ubuntu/ros2_rviz_urbot/install/mycobot_gazebo/share/mycobot_gazebo/models/aws_robomaker_residential_PortraitA_02/meshes/aws_PortraitA_01_collision.DAE
[3.457s] -- Symlinking: /home/ubuntu/ros2_rviz_urbot/install/mycobot_gazebo/share/mycobot_gazebo/models/aws_robomaker_residential_PortraitA_02/meshes/aws_PortraitA_01_visual.DAE
[3.465s] -- Symlinking: /home/ubuntu/ros2_rviz_urbot/install/mycobot_gazebo/share/mycobot_gazebo/models/aws_robomaker_residential_PortraitA_02/model.config
[3.472s] -- Symlinking: /home/ubuntu/ros2_rviz_urbot/install/mycobot_gazebo/share/mycobot_gazebo/models/aws_robomaker_residential_PortraitA_02/model.sdf
[3.481s] -- Symlinking: /home/ubuntu/ros2_rviz_urbot/install/mycobot_gazebo/share/mycobot_gazebo/models/aws_robomaker_residential_PortraitB_01/materials/textures/PortraitB_01.jpg
[3.488s] -- Symlinking: /home/ubuntu/ros2_rviz_urbot/install/mycobot_gazebo/share/mycobot_gazebo/models/aws_robomaker_residential_PortraitB_01/materials/textures/aws_PortraitB_01.png
[3.498s] -- Symlinking: /home/ubuntu/ros2_rviz_urbot/install/mycobot_gazebo/share/mycobot_gazebo/models/aws_robomaker_residential_PortraitB_01/materials/textures/aws_PortraitB_02.png
[3.506s] -- Symlinking: /home/ubuntu/ros2_rviz_urbot/install/mycobot_gazebo/share/mycobot_gazebo/models/aws_robomaker_residential_PortraitB_01/meshes/aws_PortraitB_01_collision.DAE
[3.514s] -- Symlinking: /home/ubuntu/ros2_rviz_urbot/install/mycobot_gazebo/share/mycobot_gazebo/models/aws_robomaker_residential_PortraitB_01/meshes/aws_PortraitB_01_visual.DAE
[3.522s] -- Symlinking: /home/ubuntu/ros2_rviz_urbot/install/mycobot_gazebo/share/mycobot_gazebo/models/aws_robomaker_residential_PortraitB_01/model.config
[3.529s] -- Symlinking: /home/ubuntu/ros2_rviz_urbot/install/mycobot_gazebo/share/mycobot_gazebo/models/aws_robomaker_residential_PortraitB_01/model.sdf
[3.536s] -- Symlinking: /home/ubuntu/ros2_rviz_urbot/install/mycobot_gazebo/share/mycobot_gazebo/models/aws_robomaker_residential_PortraitB_02/materials/textures/PortraitB_02.jpg
[3.543s] -- Symlinking: /home/ubuntu/ros2_rviz_urbot/install/mycobot_gazebo/share/mycobot_gazebo/models/aws_robomaker_residential_PortraitB_02/materials/textures/aws_PortraitB_01.png
[3.550s] -- Symlinking: /home/ubuntu/ros2_rviz_urbot/install/mycobot_gazebo/share/mycobot_gazebo/models/aws_robomaker_residential_PortraitB_02/materials/textures/aws_PortraitB_02.png
[3.557s] -- Symlinking: /home/ubuntu/ros2_rviz_urbot/install/mycobot_gazebo/share/mycobot_gazebo/models/aws_robomaker_residential_PortraitB_02/meshes/aws_PortraitB_01_collision.DAE
[3.564s] -- Symlinking: /home/ubuntu/ros2_rviz_urbot/install/mycobot_gazebo/share/mycobot_gazebo/models/aws_robomaker_residential_PortraitB_02/meshes/aws_PortraitB_01_visual.DAE
[3.571s] -- Symlinking: /home/ubuntu/ros2_rviz_urbot/install/mycobot_gazebo/share/mycobot_gazebo/models/aws_robomaker_residential_PortraitB_02/model.config
[3.583s] -- Symlinking: /home/ubuntu/ros2_rviz_urbot/install/mycobot_gazebo/share/mycobot_gazebo/models/aws_robomaker_residential_PortraitB_02/model.sdf
[3.591s] -- Symlinking: /home/ubuntu/ros2_rviz_urbot/install/mycobot_gazebo/share/mycobot_gazebo/models/aws_robomaker_residential_PortraitB_03/materials/textures/PortraitB_03.jpg
[3.604s] -- Symlinking: /home/ubuntu/ros2_rviz_urbot/install/mycobot_gazebo/share/mycobot_gazebo/models/aws_robomaker_residential_PortraitB_03/materials/textures/aws_PortraitB_01.png
[3.613s] -- Symlinking: /home/ubuntu/ros2_rviz_urbot/install/mycobot_gazebo/share/mycobot_gazebo/models/aws_robomaker_residential_PortraitB_03/materials/textures/aws_PortraitB_02.png
[3.620s] -- Symlinking: /home/ubuntu/ros2_rviz_urbot/install/mycobot_gazebo/share/mycobot_gazebo/models/aws_robomaker_residential_PortraitB_03/meshes/aws_PortraitB_01_collision.DAE
[3.629s] -- Symlinking: /home/ubuntu/ros2_rviz_urbot/install/mycobot_gazebo/share/mycobot_gazebo/models/aws_robomaker_residential_PortraitB_03/meshes/aws_PortraitB_01_visual.DAE
[3.636s] -- Symlinking: /home/ubuntu/ros2_rviz_urbot/install/mycobot_gazebo/share/mycobot_gazebo/models/aws_robomaker_residential_PortraitB_03/model.config
[3.643s] -- Symlinking: /home/ubuntu/ros2_rviz_urbot/install/mycobot_gazebo/share/mycobot_gazebo/models/aws_robomaker_residential_PortraitB_03/model.sdf
[3.650s] -- Symlinking: /home/ubuntu/ros2_rviz_urbot/install/mycobot_gazebo/share/mycobot_gazebo/models/aws_robomaker_residential_PortraitC_01/materials/textures/PortraitC_01.jpg
[3.657s] -- Symlinking: /home/ubuntu/ros2_rviz_urbot/install/mycobot_gazebo/share/mycobot_gazebo/models/aws_robomaker_residential_PortraitC_01/materials/textures/aws_PortraitC_01.png
[3.664s] -- Symlinking: /home/ubuntu/ros2_rviz_urbot/install/mycobot_gazebo/share/mycobot_gazebo/models/aws_robomaker_residential_PortraitC_01/materials/textures/aws_PortraitC_02.png
[3.671s] -- Symlinking: /home/ubuntu/ros2_rviz_urbot/install/mycobot_gazebo/share/mycobot_gazebo/models/aws_robomaker_residential_PortraitC_01/meshes/aws_PortraitC_01_collision.DAE
[3.681s] -- Symlinking: /home/ubuntu/ros2_rviz_urbot/install/mycobot_gazebo/share/mycobot_gazebo/models/aws_robomaker_residential_PortraitC_01/meshes/aws_PortraitC_01_visual.DAE
[3.689s] -- Symlinking: /home/ubuntu/ros2_rviz_urbot/install/mycobot_gazebo/share/mycobot_gazebo/models/aws_robomaker_residential_PortraitC_01/model.config
[3.698s] -- Symlinking: /home/ubuntu/ros2_rviz_urbot/install/mycobot_gazebo/share/mycobot_gazebo/models/aws_robomaker_residential_PortraitC_01/model.sdf
[3.706s] -- Symlinking: /home/ubuntu/ros2_rviz_urbot/install/mycobot_gazebo/share/mycobot_gazebo/models/aws_robomaker_residential_PortraitD_01/materials/textures/PortraitD_01.jpg
[3.714s] -- Symlinking: /home/ubuntu/ros2_rviz_urbot/install/mycobot_gazebo/share/mycobot_gazebo/models/aws_robomaker_residential_PortraitD_01/materials/textures/aws_PortraitD_01.png
[3.723s] -- Symlinking: /home/ubuntu/ros2_rviz_urbot/install/mycobot_gazebo/share/mycobot_gazebo/models/aws_robomaker_residential_PortraitD_01/materials/textures/aws_PortraitD_02.png
[3.731s] -- Symlinking: /home/ubuntu/ros2_rviz_urbot/install/mycobot_gazebo/share/mycobot_gazebo/models/aws_robomaker_residential_PortraitD_01/meshes/aws_PortraitD_01_collision.DAE
[3.738s] -- Symlinking: /home/ubuntu/ros2_rviz_urbot/install/mycobot_gazebo/share/mycobot_gazebo/models/aws_robomaker_residential_PortraitD_01/meshes/aws_PortraitD_01_visual.DAE
[3.746s] -- Symlinking: /home/ubuntu/ros2_rviz_urbot/install/mycobot_gazebo/share/mycobot_gazebo/models/aws_robomaker_residential_PortraitD_01/model.config
[3.753s] -- Symlinking: /home/ubuntu/ros2_rviz_urbot/install/mycobot_gazebo/share/mycobot_gazebo/models/aws_robomaker_residential_PortraitD_01/model.sdf
[3.761s] -- Symlinking: /home/ubuntu/ros2_rviz_urbot/install/mycobot_gazebo/share/mycobot_gazebo/models/aws_robomaker_residential_PortraitD_02/materials/textures/PortraitD_02.jpg
[3.767s] -- Symlinking: /home/ubuntu/ros2_rviz_urbot/install/mycobot_gazebo/share/mycobot_gazebo/models/aws_robomaker_residential_PortraitD_02/materials/textures/aws_PortraitD_01.png
[3.774s] -- Symlinking: /home/ubuntu/ros2_rviz_urbot/install/mycobot_gazebo/share/mycobot_gazebo/models/aws_robomaker_residential_PortraitD_02/materials/textures/aws_PortraitD_02.png
[3.783s] -- Symlinking: /home/ubuntu/ros2_rviz_urbot/install/mycobot_gazebo/share/mycobot_gazebo/models/aws_robomaker_residential_PortraitD_02/meshes/aws_PortraitD_01_collision.DAE
[3.792s] -- Symlinking: /home/ubuntu/ros2_rviz_urbot/install/mycobot_gazebo/share/mycobot_gazebo/models/aws_robomaker_residential_PortraitD_02/meshes/aws_PortraitD_01_visual.DAE
[3.800s] -- Symlinking: /home/ubuntu/ros2_rviz_urbot/install/mycobot_gazebo/share/mycobot_gazebo/models/aws_robomaker_residential_PortraitD_02/model.config
[3.809s] -- Symlinking: /home/ubuntu/ros2_rviz_urbot/install/mycobot_gazebo/share/mycobot_gazebo/models/aws_robomaker_residential_PortraitD_02/model.sdf
[3.818s] -- Symlinking: /home/ubuntu/ros2_rviz_urbot/install/mycobot_gazebo/share/mycobot_gazebo/models/aws_robomaker_residential_PortraitE_01/materials/textures/PortraitE_01.jpg
[3.826s] -- Symlinking: /home/ubuntu/ros2_rviz_urbot/install/mycobot_gazebo/share/mycobot_gazebo/models/aws_robomaker_residential_PortraitE_01/materials/textures/aws_PortraitE_01.png
[3.834s] -- Symlinking: /home/ubuntu/ros2_rviz_urbot/install/mycobot_gazebo/share/mycobot_gazebo/models/aws_robomaker_residential_PortraitE_01/materials/textures/aws_PortraitE_02.png
[3.841s] -- Symlinking: /home/ubuntu/ros2_rviz_urbot/install/mycobot_gazebo/share/mycobot_gazebo/models/aws_robomaker_residential_PortraitE_01/meshes/aws_PortraitE_01_collision.DAE
[3.847s] -- Symlinking: /home/ubuntu/ros2_rviz_urbot/install/mycobot_gazebo/share/mycobot_gazebo/models/aws_robomaker_residential_PortraitE_01/meshes/aws_PortraitE_01_visual.DAE
[3.855s] -- Symlinking: /home/ubuntu/ros2_rviz_urbot/install/mycobot_gazebo/share/mycobot_gazebo/models/aws_robomaker_residential_PortraitE_01/model.config
[3.862s] -- Symlinking: /home/ubuntu/ros2_rviz_urbot/install/mycobot_gazebo/share/mycobot_gazebo/models/aws_robomaker_residential_PortraitE_01/model.sdf
[3.869s] -- Symlinking: /home/ubuntu/ros2_rviz_urbot/install/mycobot_gazebo/share/mycobot_gazebo/models/aws_robomaker_residential_PortraitE_02/materials/textures/PortraitE_02.jpg
[3.878s] -- Symlinking: /home/ubuntu/ros2_rviz_urbot/install/mycobot_gazebo/share/mycobot_gazebo/models/aws_robomaker_residential_PortraitE_02/materials/textures/aws_PortraitE_01.png
[3.888s] -- Symlinking: /home/ubuntu/ros2_rviz_urbot/install/mycobot_gazebo/share/mycobot_gazebo/models/aws_robomaker_residential_PortraitE_02/materials/textures/aws_PortraitE_02.png
[3.896s] -- Symlinking: /home/ubuntu/ros2_rviz_urbot/install/mycobot_gazebo/share/mycobot_gazebo/models/aws_robomaker_residential_PortraitE_02/meshes/aws_PortraitE_01_collision.DAE
[3.905s] -- Symlinking: /home/ubuntu/ros2_rviz_urbot/install/mycobot_gazebo/share/mycobot_gazebo/models/aws_robomaker_residential_PortraitE_02/meshes/aws_PortraitE_01_visual.DAE
[3.914s] -- Symlinking: /home/ubuntu/ros2_rviz_urbot/install/mycobot_gazebo/share/mycobot_gazebo/models/aws_robomaker_residential_PortraitE_02/model.config
[3.922s] -- Symlinking: /home/ubuntu/ros2_rviz_urbot/install/mycobot_gazebo/share/mycobot_gazebo/models/aws_robomaker_residential_PortraitE_02/model.sdf
[3.930s] -- Symlinking: /home/ubuntu/ros2_rviz_urbot/install/mycobot_gazebo/share/mycobot_gazebo/models/aws_robomaker_residential_Quilt_01/materials/textures/aws_Quilt_01.png
[3.937s] -- Symlinking: /home/ubuntu/ros2_rviz_urbot/install/mycobot_gazebo/share/mycobot_gazebo/models/aws_robomaker_residential_Quilt_01/meshes/aws_Quilt_01_collision.DAE
[3.944s] -- Symlinking: /home/ubuntu/ros2_rviz_urbot/install/mycobot_gazebo/share/mycobot_gazebo/models/aws_robomaker_residential_Quilt_01/meshes/aws_Quilt_01_visual.DAE
[3.951s] -- Symlinking: /home/ubuntu/ros2_rviz_urbot/install/mycobot_gazebo/share/mycobot_gazebo/models/aws_robomaker_residential_Quilt_01/model.config
[3.957s] -- Symlinking: /home/ubuntu/ros2_rviz_urbot/install/mycobot_gazebo/share/mycobot_gazebo/models/aws_robomaker_residential_Quilt_01/model.sdf
[3.966s] -- Symlinking: /home/ubuntu/ros2_rviz_urbot/install/mycobot_gazebo/share/mycobot_gazebo/models/aws_robomaker_residential_Rangehood_01/materials/textures/aws_Rangehood_01.png
[3.974s] -- Symlinking: /home/ubuntu/ros2_rviz_urbot/install/mycobot_gazebo/share/mycobot_gazebo/models/aws_robomaker_residential_Rangehood_01/meshes/aws_Rangehood_01_collision.DAE
[3.983s] -- Symlinking: /home/ubuntu/ros2_rviz_urbot/install/mycobot_gazebo/share/mycobot_gazebo/models/aws_robomaker_residential_Rangehood_01/meshes/aws_Rangehood_01_visual.DAE
[3.992s] -- Symlinking: /home/ubuntu/ros2_rviz_urbot/install/mycobot_gazebo/share/mycobot_gazebo/models/aws_robomaker_residential_Rangehood_01/model.config
[4.001s] -- Symlinking: /home/ubuntu/ros2_rviz_urbot/install/mycobot_gazebo/share/mycobot_gazebo/models/aws_robomaker_residential_Rangehood_01/model.sdf
[4.010s] -- Symlinking: /home/ubuntu/ros2_rviz_urbot/install/mycobot_gazebo/share/mycobot_gazebo/models/aws_robomaker_residential_ReadingDesk_01/materials/textures/aws_ReadingDesk_01.png
[4.019s] -- Symlinking: /home/ubuntu/ros2_rviz_urbot/install/mycobot_gazebo/share/mycobot_gazebo/models/aws_robomaker_residential_ReadingDesk_01/meshes/aws_ReadingDesk_01_collision.DAE
[4.027s] -- Symlinking: /home/ubuntu/ros2_rviz_urbot/install/mycobot_gazebo/share/mycobot_gazebo/models/aws_robomaker_residential_ReadingDesk_01/meshes/aws_ReadingDesk_01_visual.DAE
[4.034s] -- Symlinking: /home/ubuntu/ros2_rviz_urbot/install/mycobot_gazebo/share/mycobot_gazebo/models/aws_robomaker_residential_ReadingDesk_01/model.config
[4.041s] -- Symlinking: /home/ubuntu/ros2_rviz_urbot/install/mycobot_gazebo/share/mycobot_gazebo/models/aws_robomaker_residential_ReadingDesk_01/model.sdf
[4.048s] -- Symlinking: /home/ubuntu/ros2_rviz_urbot/install/mycobot_gazebo/share/mycobot_gazebo/models/aws_robomaker_residential_Refrigerator_01/materials/textures/aws_Refrigerator_01.png
[4.055s] -- Symlinking: /home/ubuntu/ros2_rviz_urbot/install/mycobot_gazebo/share/mycobot_gazebo/models/aws_robomaker_residential_Refrigerator_01/materials/textures/aws_Refrigerator_02.png
[4.063s] -- Symlinking: /home/ubuntu/ros2_rviz_urbot/install/mycobot_gazebo/share/mycobot_gazebo/models/aws_robomaker_residential_Refrigerator_01/meshes/aws_Refrigerator_01.DAE
[4.070s] -- Symlinking: /home/ubuntu/ros2_rviz_urbot/install/mycobot_gazebo/share/mycobot_gazebo/models/aws_robomaker_residential_Refrigerator_01/meshes/aws_Refrigerator_01_collision.DAE
[4.077s] -- Symlinking: /home/ubuntu/ros2_rviz_urbot/install/mycobot_gazebo/share/mycobot_gazebo/models/aws_robomaker_residential_Refrigerator_01/meshes/aws_Refrigerator_01_visual.DAE
[4.086s] -- Symlinking: /home/ubuntu/ros2_rviz_urbot/install/mycobot_gazebo/share/mycobot_gazebo/models/aws_robomaker_residential_Refrigerator_01/model.config
[4.094s] -- Symlinking: /home/ubuntu/ros2_rviz_urbot/install/mycobot_gazebo/share/mycobot_gazebo/models/aws_robomaker_residential_Refrigerator_01/model.sdf
[4.103s] -- Symlinking: /home/ubuntu/ros2_rviz_urbot/install/mycobot_gazebo/share/mycobot_gazebo/models/aws_robomaker_residential_RoomCeiling_01/materials/textures/aws_RoomCeiling_01.png
[4.112s] -- Symlinking: /home/ubuntu/ros2_rviz_urbot/install/mycobot_gazebo/share/mycobot_gazebo/models/aws_robomaker_residential_RoomCeiling_01/meshes/aws_RoomCeiling_01_collision.DAE
[4.121s] -- Symlinking: /home/ubuntu/ros2_rviz_urbot/install/mycobot_gazebo/share/mycobot_gazebo/models/aws_robomaker_residential_RoomCeiling_01/meshes/aws_RoomCeiling_01_visual.DAE
[4.130s] -- Symlinking: /home/ubuntu/ros2_rviz_urbot/install/mycobot_gazebo/share/mycobot_gazebo/models/aws_robomaker_residential_RoomCeiling_01/model.config
[4.137s] -- Symlinking: /home/ubuntu/ros2_rviz_urbot/install/mycobot_gazebo/share/mycobot_gazebo/models/aws_robomaker_residential_RoomCeiling_01/model.sdf
[4.146s] -- Symlinking: /home/ubuntu/ros2_rviz_urbot/install/mycobot_gazebo/share/mycobot_gazebo/models/aws_robomaker_residential_RoomWall_01/materials/textures/aws_RoomWall_01.png
[4.152s] -- Symlinking: /home/ubuntu/ros2_rviz_urbot/install/mycobot_gazebo/share/mycobot_gazebo/models/aws_robomaker_residential_RoomWall_01/meshes/aws_RoomWall_01_collision.DAE
[4.160s] -- Symlinking: /home/ubuntu/ros2_rviz_urbot/install/mycobot_gazebo/share/mycobot_gazebo/models/aws_robomaker_residential_RoomWall_01/meshes/aws_RoomWall_01_visual.DAE
[4.167s] -- Symlinking: /home/ubuntu/ros2_rviz_urbot/install/mycobot_gazebo/share/mycobot_gazebo/models/aws_robomaker_residential_RoomWall_01/model.config
[4.174s] -- Symlinking: /home/ubuntu/ros2_rviz_urbot/install/mycobot_gazebo/share/mycobot_gazebo/models/aws_robomaker_residential_RoomWall_01/model.sdf
[4.182s] -- Symlinking: /home/ubuntu/ros2_rviz_urbot/install/mycobot_gazebo/share/mycobot_gazebo/models/aws_robomaker_residential_RoomWindow_01/materials/textures/aws_RoomWindow_01.png
[4.196s] -- Symlinking: /home/ubuntu/ros2_rviz_urbot/install/mycobot_gazebo/share/mycobot_gazebo/models/aws_robomaker_residential_RoomWindow_01/meshes/aws_RoomWindow_01_collision.DAE
[4.204s] -- Symlinking: /home/ubuntu/ros2_rviz_urbot/install/mycobot_gazebo/share/mycobot_gazebo/models/aws_robomaker_residential_RoomWindow_01/meshes/aws_RoomWindow_01_visual.DAE
[4.213s] -- Symlinking: /home/ubuntu/ros2_rviz_urbot/install/mycobot_gazebo/share/mycobot_gazebo/models/aws_robomaker_residential_RoomWindow_01/model.config
[4.221s] -- Symlinking: /home/ubuntu/ros2_rviz_urbot/install/mycobot_gazebo/share/mycobot_gazebo/models/aws_robomaker_residential_RoomWindow_01/model.sdf
[4.228s] -- Symlinking: /home/ubuntu/ros2_rviz_urbot/install/mycobot_gazebo/share/mycobot_gazebo/models/aws_robomaker_residential_SeasoningBox_01/materials/textures/aws_SeasoningBox_01.png
[4.236s] -- Symlinking: /home/ubuntu/ros2_rviz_urbot/install/mycobot_gazebo/share/mycobot_gazebo/models/aws_robomaker_residential_SeasoningBox_01/meshes/aws_SeasoningBox_01_collision.DAE
[4.243s] -- Symlinking: /home/ubuntu/ros2_rviz_urbot/install/mycobot_gazebo/share/mycobot_gazebo/models/aws_robomaker_residential_SeasoningBox_01/meshes/aws_SeasoningBox_01_visual.DAE
[4.252s] -- Symlinking: /home/ubuntu/ros2_rviz_urbot/install/mycobot_gazebo/share/mycobot_gazebo/models/aws_robomaker_residential_SeasoningBox_01/model.config
[4.259s] -- Symlinking: /home/ubuntu/ros2_rviz_urbot/install/mycobot_gazebo/share/mycobot_gazebo/models/aws_robomaker_residential_SeasoningBox_01/model.sdf
[4.266s] -- Symlinking: /home/ubuntu/ros2_rviz_urbot/install/mycobot_gazebo/share/mycobot_gazebo/models/aws_robomaker_residential_SecurityCamera_01/materials/textures/aws_SecurityCamera_01.png
[4.273s] -- Symlinking: /home/ubuntu/ros2_rviz_urbot/install/mycobot_gazebo/share/mycobot_gazebo/models/aws_robomaker_residential_SecurityCamera_01/meshes/aws_SecurityCamera_01_collision.DAE
[4.280s] -- Symlinking: /home/ubuntu/ros2_rviz_urbot/install/mycobot_gazebo/share/mycobot_gazebo/models/aws_robomaker_residential_SecurityCamera_01/meshes/aws_SecurityCamera_01_visual.DAE
[4.288s] -- Symlinking: /home/ubuntu/ros2_rviz_urbot/install/mycobot_gazebo/share/mycobot_gazebo/models/aws_robomaker_residential_SecurityCamera_01/model.config
[4.298s] -- Symlinking: /home/ubuntu/ros2_rviz_urbot/install/mycobot_gazebo/share/mycobot_gazebo/models/aws_robomaker_residential_SecurityCamera_01/model.sdf
[4.306s] -- Symlinking: /home/ubuntu/ros2_rviz_urbot/install/mycobot_gazebo/share/mycobot_gazebo/models/aws_robomaker_residential_ShoeRack_01/materials/textures/aws_ShoeRack_01.png
[4.315s] -- Symlinking: /home/ubuntu/ros2_rviz_urbot/install/mycobot_gazebo/share/mycobot_gazebo/models/aws_robomaker_residential_ShoeRack_01/meshes/aws_ShoeRack_01_collision.DAE
[4.323s] -- Symlinking: /home/ubuntu/ros2_rviz_urbot/install/mycobot_gazebo/share/mycobot_gazebo/models/aws_robomaker_residential_ShoeRack_01/meshes/aws_ShoeRack_01_visual.DAE
[4.331s] -- Symlinking: /home/ubuntu/ros2_rviz_urbot/install/mycobot_gazebo/share/mycobot_gazebo/models/aws_robomaker_residential_ShoeRack_01/model.config
[4.338s] -- Symlinking: /home/ubuntu/ros2_rviz_urbot/install/mycobot_gazebo/share/mycobot_gazebo/models/aws_robomaker_residential_ShoeRack_01/model.sdf
[4.345s] -- Symlinking: /home/ubuntu/ros2_rviz_urbot/install/mycobot_gazebo/share/mycobot_gazebo/models/aws_robomaker_residential_SofaB_01/materials/textures/aws_SofaB_01.png
[4.358s] -- Symlinking: /home/ubuntu/ros2_rviz_urbot/install/mycobot_gazebo/share/mycobot_gazebo/models/aws_robomaker_residential_SofaB_01/meshes/aws_SofaB_01_collision.DAE
[4.365s] -- Symlinking: /home/ubuntu/ros2_rviz_urbot/install/mycobot_gazebo/share/mycobot_gazebo/models/aws_robomaker_residential_SofaB_01/meshes/aws_SofaB_01_visual.DAE
[4.372s] -- Symlinking: /home/ubuntu/ros2_rviz_urbot/install/mycobot_gazebo/share/mycobot_gazebo/models/aws_robomaker_residential_SofaB_01/model.config
[4.380s] -- Symlinking: /home/ubuntu/ros2_rviz_urbot/install/mycobot_gazebo/share/mycobot_gazebo/models/aws_robomaker_residential_SofaB_01/model.sdf
[4.388s] -- Symlinking: /home/ubuntu/ros2_rviz_urbot/install/mycobot_gazebo/share/mycobot_gazebo/models/aws_robomaker_residential_SofaC_01/materials/textures/aws_SofaC_01.png
[4.398s] -- Symlinking: /home/ubuntu/ros2_rviz_urbot/install/mycobot_gazebo/share/mycobot_gazebo/models/aws_robomaker_residential_SofaC_01/meshes/aws_SofaC_01_collision.DAE
[4.407s] -- Symlinking: /home/ubuntu/ros2_rviz_urbot/install/mycobot_gazebo/share/mycobot_gazebo/models/aws_robomaker_residential_SofaC_01/meshes/aws_SofaC_01_visual.DAE
[4.416s] -- Symlinking: /home/ubuntu/ros2_rviz_urbot/install/mycobot_gazebo/share/mycobot_gazebo/models/aws_robomaker_residential_SofaC_01/model.config
[4.424s] -- Symlinking: /home/ubuntu/ros2_rviz_urbot/install/mycobot_gazebo/share/mycobot_gazebo/models/aws_robomaker_residential_SofaC_01/model.sdf
[4.432s] -- Symlinking: /home/ubuntu/ros2_rviz_urbot/install/mycobot_gazebo/share/mycobot_gazebo/models/aws_robomaker_residential_Sofa_01/materials/textures/aws_Sofa_01.png
[4.440s] -- Symlinking: /home/ubuntu/ros2_rviz_urbot/install/mycobot_gazebo/share/mycobot_gazebo/models/aws_robomaker_residential_Sofa_01/meshes/aws_Sofa_01.DAE
[4.446s] -- Symlinking: /home/ubuntu/ros2_rviz_urbot/install/mycobot_gazebo/share/mycobot_gazebo/models/aws_robomaker_residential_Sofa_01/meshes/aws_Sofa_01_collision.DAE
[4.454s] -- Symlinking: /home/ubuntu/ros2_rviz_urbot/install/mycobot_gazebo/share/mycobot_gazebo/models/aws_robomaker_residential_Sofa_01/meshes/aws_Sofa_01_visual.DAE
[4.463s] -- Symlinking: /home/ubuntu/ros2_rviz_urbot/install/mycobot_gazebo/share/mycobot_gazebo/models/aws_robomaker_residential_Sofa_01/model.config
[4.470s] -- Symlinking: /home/ubuntu/ros2_rviz_urbot/install/mycobot_gazebo/share/mycobot_gazebo/models/aws_robomaker_residential_Sofa_01/model.sdf
[4.477s] -- Symlinking: /home/ubuntu/ros2_rviz_urbot/install/mycobot_gazebo/share/mycobot_gazebo/models/aws_robomaker_residential_TVCabinet_01/materials/textures/aws_TVCabinet_01.png
[4.485s] -- Symlinking: /home/ubuntu/ros2_rviz_urbot/install/mycobot_gazebo/share/mycobot_gazebo/models/aws_robomaker_residential_TVCabinet_01/meshes/aws_TVCabinet_01_collision.DAE
[4.494s] -- Symlinking: /home/ubuntu/ros2_rviz_urbot/install/mycobot_gazebo/share/mycobot_gazebo/models/aws_robomaker_residential_TVCabinet_01/meshes/aws_TVCabinet_01_visual.DAE
[4.503s] -- Symlinking: /home/ubuntu/ros2_rviz_urbot/install/mycobot_gazebo/share/mycobot_gazebo/models/aws_robomaker_residential_TVCabinet_01/model.config
[4.512s] -- Symlinking: /home/ubuntu/ros2_rviz_urbot/install/mycobot_gazebo/share/mycobot_gazebo/models/aws_robomaker_residential_TVCabinet_01/model.sdf
[4.521s] -- Symlinking: /home/ubuntu/ros2_rviz_urbot/install/mycobot_gazebo/share/mycobot_gazebo/models/aws_robomaker_residential_TV_01/materials/textures/aws_TV_01.png
[4.528s] -- Symlinking: /home/ubuntu/ros2_rviz_urbot/install/mycobot_gazebo/share/mycobot_gazebo/models/aws_robomaker_residential_TV_01/meshes/aws_TV_01_collision.DAE
[4.536s] -- Symlinking: /home/ubuntu/ros2_rviz_urbot/install/mycobot_gazebo/share/mycobot_gazebo/models/aws_robomaker_residential_TV_01/meshes/aws_TV_01_visual.DAE
[4.543s] -- Symlinking: /home/ubuntu/ros2_rviz_urbot/install/mycobot_gazebo/share/mycobot_gazebo/models/aws_robomaker_residential_TV_01/model.config
[4.550s] -- Symlinking: /home/ubuntu/ros2_rviz_urbot/install/mycobot_gazebo/share/mycobot_gazebo/models/aws_robomaker_residential_TV_01/model.sdf
[4.557s] -- Symlinking: /home/ubuntu/ros2_rviz_urbot/install/mycobot_gazebo/share/mycobot_gazebo/models/aws_robomaker_residential_TV_02/materials/textures/aws_TV_01.png
[4.565s] -- Symlinking: /home/ubuntu/ros2_rviz_urbot/install/mycobot_gazebo/share/mycobot_gazebo/models/aws_robomaker_residential_TV_02/meshes/aws_TV_01_collision.DAE
[4.572s] -- Symlinking: /home/ubuntu/ros2_rviz_urbot/install/mycobot_gazebo/share/mycobot_gazebo/models/aws_robomaker_residential_TV_02/meshes/aws_TV_01_visual.DAE
[4.580s] -- Symlinking: /home/ubuntu/ros2_rviz_urbot/install/mycobot_gazebo/share/mycobot_gazebo/models/aws_robomaker_residential_TV_02/model.config
[4.589s] -- Symlinking: /home/ubuntu/ros2_rviz_urbot/install/mycobot_gazebo/share/mycobot_gazebo/models/aws_robomaker_residential_TV_02/model.sdf
[4.598s] -- Symlinking: /home/ubuntu/ros2_rviz_urbot/install/mycobot_gazebo/share/mycobot_gazebo/models/aws_robomaker_residential_Tablet_01/.DS_Store
[4.606s] -- Symlinking: /home/ubuntu/ros2_rviz_urbot/install/mycobot_gazebo/share/mycobot_gazebo/models/aws_robomaker_residential_Tablet_01/materials/.DS_Store
[4.614s] -- Symlinking: /home/ubuntu/ros2_rviz_urbot/install/mycobot_gazebo/share/mycobot_gazebo/models/aws_robomaker_residential_Tablet_01/materials/textures/aws_Tablet_01_nologo.png
[4.622s] -- Symlinking: /home/ubuntu/ros2_rviz_urbot/install/mycobot_gazebo/share/mycobot_gazebo/models/aws_robomaker_residential_Tablet_01/meshes/aws_Tablet_01_collision.DAE
[4.629s] -- Symlinking: /home/ubuntu/ros2_rviz_urbot/install/mycobot_gazebo/share/mycobot_gazebo/models/aws_robomaker_residential_Tablet_01/meshes/aws_Tablet_01_visual.DAE
[4.637s] -- Symlinking: /home/ubuntu/ros2_rviz_urbot/install/mycobot_gazebo/share/mycobot_gazebo/models/aws_robomaker_residential_Tablet_01/model.config
[4.644s] -- Symlinking: /home/ubuntu/ros2_rviz_urbot/install/mycobot_gazebo/share/mycobot_gazebo/models/aws_robomaker_residential_Tablet_01/model.sdf
[4.651s] -- Symlinking: /home/ubuntu/ros2_rviz_urbot/install/mycobot_gazebo/share/mycobot_gazebo/models/aws_robomaker_residential_Tableware_01/materials/textures/aws_Tableware_01.png
[4.659s] -- Symlinking: /home/ubuntu/ros2_rviz_urbot/install/mycobot_gazebo/share/mycobot_gazebo/models/aws_robomaker_residential_Tableware_01/meshes/aws_Tableware_01_collision.DAE
[4.666s] -- Symlinking: /home/ubuntu/ros2_rviz_urbot/install/mycobot_gazebo/share/mycobot_gazebo/models/aws_robomaker_residential_Tableware_01/meshes/aws_Tableware_01_visual.DAE
[4.673s] -- Symlinking: /home/ubuntu/ros2_rviz_urbot/install/mycobot_gazebo/share/mycobot_gazebo/models/aws_robomaker_residential_Tableware_01/model.config
[4.680s] -- Symlinking: /home/ubuntu/ros2_rviz_urbot/install/mycobot_gazebo/share/mycobot_gazebo/models/aws_robomaker_residential_Tableware_01/model.sdf
[4.687s] -- Symlinking: /home/ubuntu/ros2_rviz_urbot/install/mycobot_gazebo/share/mycobot_gazebo/models/aws_robomaker_residential_Trash_01/materials/textures/aws_Trash_01.png
[4.696s] -- Symlinking: /home/ubuntu/ros2_rviz_urbot/install/mycobot_gazebo/share/mycobot_gazebo/models/aws_robomaker_residential_Trash_01/meshes/aws_Trash_01_collision.DAE
[4.704s] -- Symlinking: /home/ubuntu/ros2_rviz_urbot/install/mycobot_gazebo/share/mycobot_gazebo/models/aws_robomaker_residential_Trash_01/meshes/aws_Trash_01_visual.DAE
[4.713s] -- Symlinking: /home/ubuntu/ros2_rviz_urbot/install/mycobot_gazebo/share/mycobot_gazebo/models/aws_robomaker_residential_Trash_01/model.config
[4.721s] -- Symlinking: /home/ubuntu/ros2_rviz_urbot/install/mycobot_gazebo/share/mycobot_gazebo/models/aws_robomaker_residential_Trash_01/model.sdf
[4.729s] -- Symlinking: /home/ubuntu/ros2_rviz_urbot/install/mycobot_gazebo/share/mycobot_gazebo/models/aws_robomaker_residential_Vase_01/materials/textures/aws_Vase_01.png
[4.737s] -- Symlinking: /home/ubuntu/ros2_rviz_urbot/install/mycobot_gazebo/share/mycobot_gazebo/models/aws_robomaker_residential_Vase_01/meshes/aws_Vase_01_collision.DAE
[4.744s] -- Symlinking: /home/ubuntu/ros2_rviz_urbot/install/mycobot_gazebo/share/mycobot_gazebo/models/aws_robomaker_residential_Vase_01/meshes/aws_Vase_01_visual.DAE
[4.751s] -- Symlinking: /home/ubuntu/ros2_rviz_urbot/install/mycobot_gazebo/share/mycobot_gazebo/models/aws_robomaker_residential_Vase_01/model.config
[4.758s] -- Symlinking: /home/ubuntu/ros2_rviz_urbot/install/mycobot_gazebo/share/mycobot_gazebo/models/aws_robomaker_residential_Vase_01/model.sdf
[4.764s] -- Symlinking: /home/ubuntu/ros2_rviz_urbot/install/mycobot_gazebo/share/mycobot_gazebo/models/aws_robomaker_residential_Wardrobe_01/materials/textures/aws_Wardrobe_01.png
[4.771s] -- Symlinking: /home/ubuntu/ros2_rviz_urbot/install/mycobot_gazebo/share/mycobot_gazebo/models/aws_robomaker_residential_Wardrobe_01/meshes/aws_Wardrobe_01_collision.DAE
[4.779s] -- Symlinking: /home/ubuntu/ros2_rviz_urbot/install/mycobot_gazebo/share/mycobot_gazebo/models/aws_robomaker_residential_Wardrobe_01/meshes/aws_Wardrobe_01_visual.DAE
[4.786s] -- Symlinking: /home/ubuntu/ros2_rviz_urbot/install/mycobot_gazebo/share/mycobot_gazebo/models/aws_robomaker_residential_Wardrobe_01/model.config
[4.795s] -- Symlinking: /home/ubuntu/ros2_rviz_urbot/install/mycobot_gazebo/share/mycobot_gazebo/models/aws_robomaker_residential_Wardrobe_01/model.sdf
[4.803s] -- Symlinking: /home/ubuntu/ros2_rviz_urbot/install/mycobot_gazebo/share/mycobot_gazebo/models/aws_robomaker_warehouse_Bucket_01/.DS_Store
[4.812s] -- Symlinking: /home/ubuntu/ros2_rviz_urbot/install/mycobot_gazebo/share/mycobot_gazebo/models/aws_robomaker_warehouse_Bucket_01/materials/.DS_Store
[4.823s] -- Symlinking: /home/ubuntu/ros2_rviz_urbot/install/mycobot_gazebo/share/mycobot_gazebo/models/aws_robomaker_warehouse_Bucket_01/materials/textures/aws_robomaker_warehouse_Bucket_01.png
[4.832s] -- Symlinking: /home/ubuntu/ros2_rviz_urbot/install/mycobot_gazebo/share/mycobot_gazebo/models/aws_robomaker_warehouse_Bucket_01/meshes/aws_robomaker_warehouse_Bucket_01_collision.DAE
[4.840s] -- Symlinking: /home/ubuntu/ros2_rviz_urbot/install/mycobot_gazebo/share/mycobot_gazebo/models/aws_robomaker_warehouse_Bucket_01/meshes/aws_robomaker_warehouse_Bucket_01_visual.DAE
[4.847s] -- Symlinking: /home/ubuntu/ros2_rviz_urbot/install/mycobot_gazebo/share/mycobot_gazebo/models/aws_robomaker_warehouse_Bucket_01/model.config
[4.854s] -- Symlinking: /home/ubuntu/ros2_rviz_urbot/install/mycobot_gazebo/share/mycobot_gazebo/models/aws_robomaker_warehouse_Bucket_01/model.sdf
[4.861s] -- Symlinking: /home/ubuntu/ros2_rviz_urbot/install/mycobot_gazebo/share/mycobot_gazebo/models/aws_robomaker_warehouse_ClutteringA_01/.DS_Store
[4.868s] -- Symlinking: /home/ubuntu/ros2_rviz_urbot/install/mycobot_gazebo/share/mycobot_gazebo/models/aws_robomaker_warehouse_ClutteringA_01/materials/.DS_Store
[4.875s] -- Symlinking: /home/ubuntu/ros2_rviz_urbot/install/mycobot_gazebo/share/mycobot_gazebo/models/aws_robomaker_warehouse_ClutteringA_01/materials/textures/.DS_Store
[4.883s] -- Symlinking: /home/ubuntu/ros2_rviz_urbot/install/mycobot_gazebo/share/mycobot_gazebo/models/aws_robomaker_warehouse_ClutteringA_01/materials/textures/aws_robomaker_warehouse_ClutteringA_01.png
[4.893s] -- Symlinking: /home/ubuntu/ros2_rviz_urbot/install/mycobot_gazebo/share/mycobot_gazebo/models/aws_robomaker_warehouse_ClutteringA_01/materials/textures/aws_robomaker_warehouse_ClutteringA_02.png
[4.903s] -- Symlinking: /home/ubuntu/ros2_rviz_urbot/install/mycobot_gazebo/share/mycobot_gazebo/models/aws_robomaker_warehouse_ClutteringA_01/materials/textures/aws_robomaker_warehouse_ClutteringA_03.png
[4.912s] -- Symlinking: /home/ubuntu/ros2_rviz_urbot/install/mycobot_gazebo/share/mycobot_gazebo/models/aws_robomaker_warehouse_ClutteringA_01/meshes/aws_robomaker_warehouse_ClutteringA_01_collision.DAE
[4.919s] -- Symlinking: /home/ubuntu/ros2_rviz_urbot/install/mycobot_gazebo/share/mycobot_gazebo/models/aws_robomaker_warehouse_ClutteringA_01/meshes/aws_robomaker_warehouse_ClutteringA_01_visual.DAE
[4.929s] -- Symlinking: /home/ubuntu/ros2_rviz_urbot/install/mycobot_gazebo/share/mycobot_gazebo/models/aws_robomaker_warehouse_ClutteringA_01/model.config
[4.937s] -- Symlinking: /home/ubuntu/ros2_rviz_urbot/install/mycobot_gazebo/share/mycobot_gazebo/models/aws_robomaker_warehouse_ClutteringA_01/model.sdf
[4.943s] -- Symlinking: /home/ubuntu/ros2_rviz_urbot/install/mycobot_gazebo/share/mycobot_gazebo/models/aws_robomaker_warehouse_ClutteringC_01/materials/textures/aws_robomaker_warehouse_ClutteringC_01.png
[4.950s] -- Symlinking: /home/ubuntu/ros2_rviz_urbot/install/mycobot_gazebo/share/mycobot_gazebo/models/aws_robomaker_warehouse_ClutteringC_01/materials/textures/aws_robomaker_warehouse_ClutteringC_02.png
[4.957s] -- Symlinking: /home/ubuntu/ros2_rviz_urbot/install/mycobot_gazebo/share/mycobot_gazebo/models/aws_robomaker_warehouse_ClutteringC_01/meshes/aws_robomaker_warehouse_ClutteringC_01_collision.DAE
[4.963s] -- Symlinking: /home/ubuntu/ros2_rviz_urbot/install/mycobot_gazebo/share/mycobot_gazebo/models/aws_robomaker_warehouse_ClutteringC_01/meshes/aws_robomaker_warehouse_ClutteringC_01_visual.DAE
[4.971s] -- Symlinking: /home/ubuntu/ros2_rviz_urbot/install/mycobot_gazebo/share/mycobot_gazebo/models/aws_robomaker_warehouse_ClutteringC_01/model.config
[4.978s] -- Symlinking: /home/ubuntu/ros2_rviz_urbot/install/mycobot_gazebo/share/mycobot_gazebo/models/aws_robomaker_warehouse_ClutteringC_01/model.sdf
[4.985s] -- Symlinking: /home/ubuntu/ros2_rviz_urbot/install/mycobot_gazebo/share/mycobot_gazebo/models/aws_robomaker_warehouse_ClutteringD_01/materials/textures/aws_robomaker_warehouse_ClutteringD_01.png
[4.995s] -- Symlinking: /home/ubuntu/ros2_rviz_urbot/install/mycobot_gazebo/share/mycobot_gazebo/models/aws_robomaker_warehouse_ClutteringD_01/materials/textures/aws_robomaker_warehouse_ClutteringD_02.png
[5.007s] -- Symlinking: /home/ubuntu/ros2_rviz_urbot/install/mycobot_gazebo/share/mycobot_gazebo/models/aws_robomaker_warehouse_ClutteringD_01/meshes/aws_robomaker_warehouse_ClutteringD_01_collision.DAE
[5.017s] -- Symlinking: /home/ubuntu/ros2_rviz_urbot/install/mycobot_gazebo/share/mycobot_gazebo/models/aws_robomaker_warehouse_ClutteringD_01/meshes/aws_robomaker_warehouse_ClutteringD_01_visual.DAE
[5.024s] -- Symlinking: /home/ubuntu/ros2_rviz_urbot/install/mycobot_gazebo/share/mycobot_gazebo/models/aws_robomaker_warehouse_ClutteringD_01/model.config
[5.033s] -- Symlinking: /home/ubuntu/ros2_rviz_urbot/install/mycobot_gazebo/share/mycobot_gazebo/models/aws_robomaker_warehouse_ClutteringD_01/model.sdf
[5.041s] -- Symlinking: /home/ubuntu/ros2_rviz_urbot/install/mycobot_gazebo/share/mycobot_gazebo/models/aws_robomaker_warehouse_DeskC_01/materials/.DS_Store
[5.048s] -- Symlinking: /home/ubuntu/ros2_rviz_urbot/install/mycobot_gazebo/share/mycobot_gazebo/models/aws_robomaker_warehouse_DeskC_01/materials/textures/aws_robomaker_warehouse_DeskC_01.png
[5.055s] -- Symlinking: /home/ubuntu/ros2_rviz_urbot/install/mycobot_gazebo/share/mycobot_gazebo/models/aws_robomaker_warehouse_DeskC_01/materials/textures/aws_robomaker_warehouse_DeskC_02.png
[5.063s] -- Symlinking: /home/ubuntu/ros2_rviz_urbot/install/mycobot_gazebo/share/mycobot_gazebo/models/aws_robomaker_warehouse_DeskC_01/materials/textures/aws_robomaker_warehouse_DeskC_03.png
[5.069s] -- Symlinking: /home/ubuntu/ros2_rviz_urbot/install/mycobot_gazebo/share/mycobot_gazebo/models/aws_robomaker_warehouse_DeskC_01/materials/textures/aws_robomaker_warehouse_DeskC_03.psd
[5.076s] -- Symlinking: /home/ubuntu/ros2_rviz_urbot/install/mycobot_gazebo/share/mycobot_gazebo/models/aws_robomaker_warehouse_DeskC_01/materials/textures/aws_robomaker_warehouse_DeskC_04.png
[5.084s] -- Symlinking: /home/ubuntu/ros2_rviz_urbot/install/mycobot_gazebo/share/mycobot_gazebo/models/aws_robomaker_warehouse_DeskC_01/meshes/aws_robomaker_warehouse_DeskC_01_collision.DAE
[5.091s] -- Symlinking: /home/ubuntu/ros2_rviz_urbot/install/mycobot_gazebo/share/mycobot_gazebo/models/aws_robomaker_warehouse_DeskC_01/meshes/aws_robomaker_warehouse_DeskC_01_visual.DAE
[5.100s] -- Symlinking: /home/ubuntu/ros2_rviz_urbot/install/mycobot_gazebo/share/mycobot_gazebo/models/aws_robomaker_warehouse_DeskC_01/model.config
[5.107s] -- Symlinking: /home/ubuntu/ros2_rviz_urbot/install/mycobot_gazebo/share/mycobot_gazebo/models/aws_robomaker_warehouse_DeskC_01/model.sdf
[5.115s] -- Symlinking: /home/ubuntu/ros2_rviz_urbot/install/mycobot_gazebo/share/mycobot_gazebo/models/aws_robomaker_warehouse_GroundB_01/materials/textures/aws_robomaker_warehouse_GroundB_01.png
[5.125s] -- Symlinking: /home/ubuntu/ros2_rviz_urbot/install/mycobot_gazebo/share/mycobot_gazebo/models/aws_robomaker_warehouse_GroundB_01/materials/textures/aws_robomaker_warehouse_GroundB_02.png
[5.134s] -- Symlinking: /home/ubuntu/ros2_rviz_urbot/install/mycobot_gazebo/share/mycobot_gazebo/models/aws_robomaker_warehouse_GroundB_01/meshes/aws_robomaker_warehouse_GroundB_01_collision.DAE
[5.143s] -- Symlinking: /home/ubuntu/ros2_rviz_urbot/install/mycobot_gazebo/share/mycobot_gazebo/models/aws_robomaker_warehouse_GroundB_01/meshes/aws_robomaker_warehouse_GroundB_01_visual.DAE
[5.151s] -- Symlinking: /home/ubuntu/ros2_rviz_urbot/install/mycobot_gazebo/share/mycobot_gazebo/models/aws_robomaker_warehouse_GroundB_01/model.config
[5.158s] -- Symlinking: /home/ubuntu/ros2_rviz_urbot/install/mycobot_gazebo/share/mycobot_gazebo/models/aws_robomaker_warehouse_GroundB_01/model.sdf
[5.165s] -- Symlinking: /home/ubuntu/ros2_rviz_urbot/install/mycobot_gazebo/share/mycobot_gazebo/models/aws_robomaker_warehouse_Lamp_01/materials/textures/aws_robomaker_warehouse_Lamp_01.png
[5.173s] -- Symlinking: /home/ubuntu/ros2_rviz_urbot/install/mycobot_gazebo/share/mycobot_gazebo/models/aws_robomaker_warehouse_Lamp_01/meshes/aws_robomaker_warehouse_Lamp_01_collision.DAE
[5.181s] -- Symlinking: /home/ubuntu/ros2_rviz_urbot/install/mycobot_gazebo/share/mycobot_gazebo/models/aws_robomaker_warehouse_Lamp_01/meshes/aws_robomaker_warehouse_Lamp_01_visual.DAE
[5.188s] -- Symlinking: /home/ubuntu/ros2_rviz_urbot/install/mycobot_gazebo/share/mycobot_gazebo/models/aws_robomaker_warehouse_Lamp_01/model.config
[5.207s] -- Symlinking: /home/ubuntu/ros2_rviz_urbot/install/mycobot_gazebo/share/mycobot_gazebo/models/aws_robomaker_warehouse_Lamp_01/model.sdf
[5.215s] -- Symlinking: /home/ubuntu/ros2_rviz_urbot/install/mycobot_gazebo/share/mycobot_gazebo/models/aws_robomaker_warehouse_PalletJackB_01/.DS_Store
[5.226s] -- Symlinking: /home/ubuntu/ros2_rviz_urbot/install/mycobot_gazebo/share/mycobot_gazebo/models/aws_robomaker_warehouse_PalletJackB_01/materials/.DS_Store
[5.237s] -- Symlinking: /home/ubuntu/ros2_rviz_urbot/install/mycobot_gazebo/share/mycobot_gazebo/models/aws_robomaker_warehouse_PalletJackB_01/materials/textures/aws_robomaker_warehouse_PalletJackB_01.png
[5.245s] -- Symlinking: /home/ubuntu/ros2_rviz_urbot/install/mycobot_gazebo/share/mycobot_gazebo/models/aws_robomaker_warehouse_PalletJackB_01/materials/textures/aws_robomaker_warehouse_PalletJackB_02.png
[5.252s] -- Symlinking: /home/ubuntu/ros2_rviz_urbot/install/mycobot_gazebo/share/mycobot_gazebo/models/aws_robomaker_warehouse_PalletJackB_01/meshes/aws_robomaker_warehouse_PalletJackB_01_collision.DAE
[5.259s] -- Symlinking: /home/ubuntu/ros2_rviz_urbot/install/mycobot_gazebo/share/mycobot_gazebo/models/aws_robomaker_warehouse_PalletJackB_01/meshes/aws_robomaker_warehouse_PalletJackB_01_visual.DAE
[5.267s] -- Symlinking: /home/ubuntu/ros2_rviz_urbot/install/mycobot_gazebo/share/mycobot_gazebo/models/aws_robomaker_warehouse_PalletJackB_01/model.config
[5.273s] -- Symlinking: /home/ubuntu/ros2_rviz_urbot/install/mycobot_gazebo/share/mycobot_gazebo/models/aws_robomaker_warehouse_PalletJackB_01/model.sdf
[5.281s] -- Symlinking: /home/ubuntu/ros2_rviz_urbot/install/mycobot_gazebo/share/mycobot_gazebo/models/aws_robomaker_warehouse_RoofB_01/materials/textures/aws_robomaker_warehouse_RoofB_01.png
[5.288s] -- Symlinking: /home/ubuntu/ros2_rviz_urbot/install/mycobot_gazebo/share/mycobot_gazebo/models/aws_robomaker_warehouse_RoofB_01/meshes/aws_robomaker_warehouse_RoofB_01_collision.DAE
[5.296s] -- Symlinking: /home/ubuntu/ros2_rviz_urbot/install/mycobot_gazebo/share/mycobot_gazebo/models/aws_robomaker_warehouse_RoofB_01/meshes/aws_robomaker_warehouse_RoofB_01_visual.DAE
[5.306s] -- Symlinking: /home/ubuntu/ros2_rviz_urbot/install/mycobot_gazebo/share/mycobot_gazebo/models/aws_robomaker_warehouse_RoofB_01/model.config
[5.319s] -- Symlinking: /home/ubuntu/ros2_rviz_urbot/install/mycobot_gazebo/share/mycobot_gazebo/models/aws_robomaker_warehouse_RoofB_01/model.sdf
[5.336s] -- Symlinking: /home/ubuntu/ros2_rviz_urbot/install/mycobot_gazebo/share/mycobot_gazebo/models/aws_robomaker_warehouse_ShelfD_01/materials/textures/aws_robomaker_warehouse_ShelfD_01.png
[5.344s] -- Symlinking: /home/ubuntu/ros2_rviz_urbot/install/mycobot_gazebo/share/mycobot_gazebo/models/aws_robomaker_warehouse_ShelfD_01/materials/textures/aws_robomaker_warehouse_ShelfD_02.png
[5.352s] -- Symlinking: /home/ubuntu/ros2_rviz_urbot/install/mycobot_gazebo/share/mycobot_gazebo/models/aws_robomaker_warehouse_ShelfD_01/materials/textures/aws_robomaker_warehouse_ShelfD_03.png
[5.360s] -- Symlinking: /home/ubuntu/ros2_rviz_urbot/install/mycobot_gazebo/share/mycobot_gazebo/models/aws_robomaker_warehouse_ShelfD_01/materials/textures/aws_robomaker_warehouse_ShelfD_04.png
[5.368s] -- Symlinking: /home/ubuntu/ros2_rviz_urbot/install/mycobot_gazebo/share/mycobot_gazebo/models/aws_robomaker_warehouse_ShelfD_01/meshes/aws_robomaker_warehouse_ShelfD_01_collision.DAE
[5.375s] -- Symlinking: /home/ubuntu/ros2_rviz_urbot/install/mycobot_gazebo/share/mycobot_gazebo/models/aws_robomaker_warehouse_ShelfD_01/meshes/aws_robomaker_warehouse_ShelfD_01_visual.DAE
[5.383s] -- Symlinking: /home/ubuntu/ros2_rviz_urbot/install/mycobot_gazebo/share/mycobot_gazebo/models/aws_robomaker_warehouse_ShelfD_01/model.config
[5.395s] -- Symlinking: /home/ubuntu/ros2_rviz_urbot/install/mycobot_gazebo/share/mycobot_gazebo/models/aws_robomaker_warehouse_ShelfD_01/model.sdf
[5.417s] -- Symlinking: /home/ubuntu/ros2_rviz_urbot/install/mycobot_gazebo/share/mycobot_gazebo/models/aws_robomaker_warehouse_ShelfE_01/.DS_Store
[5.434s] -- Symlinking: /home/ubuntu/ros2_rviz_urbot/install/mycobot_gazebo/share/mycobot_gazebo/models/aws_robomaker_warehouse_ShelfE_01/materials/.DS_Store
[5.443s] -- Symlinking: /home/ubuntu/ros2_rviz_urbot/install/mycobot_gazebo/share/mycobot_gazebo/models/aws_robomaker_warehouse_ShelfE_01/materials/textures/aws_robomaker_warehouse_ShelfE_01.png
[5.451s] -- Symlinking: /home/ubuntu/ros2_rviz_urbot/install/mycobot_gazebo/share/mycobot_gazebo/models/aws_robomaker_warehouse_ShelfE_01/materials/textures/aws_robomaker_warehouse_ShelfE_02.png
[5.459s] -- Symlinking: /home/ubuntu/ros2_rviz_urbot/install/mycobot_gazebo/share/mycobot_gazebo/models/aws_robomaker_warehouse_ShelfE_01/materials/textures/aws_robomaker_warehouse_ShelfE_03.png
[5.468s] -- Symlinking: /home/ubuntu/ros2_rviz_urbot/install/mycobot_gazebo/share/mycobot_gazebo/models/aws_robomaker_warehouse_ShelfE_01/materials/textures/aws_robomaker_warehouse_ShelfE_04.png
[5.476s] -- Symlinking: /home/ubuntu/ros2_rviz_urbot/install/mycobot_gazebo/share/mycobot_gazebo/models/aws_robomaker_warehouse_ShelfE_01/meshes/aws_robomaker_warehouse_ShelfE_01_collision.DAE
[5.483s] -- Symlinking: /home/ubuntu/ros2_rviz_urbot/install/mycobot_gazebo/share/mycobot_gazebo/models/aws_robomaker_warehouse_ShelfE_01/meshes/aws_robomaker_warehouse_ShelfE_01_visual.DAE
[5.491s] -- Symlinking: /home/ubuntu/ros2_rviz_urbot/install/mycobot_gazebo/share/mycobot_gazebo/models/aws_robomaker_warehouse_ShelfE_01/model.config
[5.502s] -- Symlinking: /home/ubuntu/ros2_rviz_urbot/install/mycobot_gazebo/share/mycobot_gazebo/models/aws_robomaker_warehouse_ShelfE_01/model.sdf
[5.512s] -- Symlinking: /home/ubuntu/ros2_rviz_urbot/install/mycobot_gazebo/share/mycobot_gazebo/models/aws_robomaker_warehouse_ShelfF_01/materials/textures/aws_robomaker_warehouse_ShelfF_01.png
[5.521s] -- Symlinking: /home/ubuntu/ros2_rviz_urbot/install/mycobot_gazebo/share/mycobot_gazebo/models/aws_robomaker_warehouse_ShelfF_01/materials/textures/aws_robomaker_warehouse_ShelfF_02.png
[5.529s] -- Symlinking: /home/ubuntu/ros2_rviz_urbot/install/mycobot_gazebo/share/mycobot_gazebo/models/aws_robomaker_warehouse_ShelfF_01/materials/textures/aws_robomaker_warehouse_ShelfF_03.png
[5.538s] -- Symlinking: /home/ubuntu/ros2_rviz_urbot/install/mycobot_gazebo/share/mycobot_gazebo/models/aws_robomaker_warehouse_ShelfF_01/meshes/aws_robomaker_warehouse_ShelfF_01_collision.DAE
[5.545s] -- Symlinking: /home/ubuntu/ros2_rviz_urbot/install/mycobot_gazebo/share/mycobot_gazebo/models/aws_robomaker_warehouse_ShelfF_01/meshes/aws_robomaker_warehouse_ShelfF_01_visual.DAE
[5.552s] -- Symlinking: /home/ubuntu/ros2_rviz_urbot/install/mycobot_gazebo/share/mycobot_gazebo/models/aws_robomaker_warehouse_ShelfF_01/model.config
[5.560s] -- Symlinking: /home/ubuntu/ros2_rviz_urbot/install/mycobot_gazebo/share/mycobot_gazebo/models/aws_robomaker_warehouse_ShelfF_01/model.sdf
[5.567s] -- Symlinking: /home/ubuntu/ros2_rviz_urbot/install/mycobot_gazebo/share/mycobot_gazebo/models/aws_robomaker_warehouse_TrashCanC_01/materials/textures/aws_robomaker_warehouse_TrashCanC_01.png
[5.574s] -- Symlinking: /home/ubuntu/ros2_rviz_urbot/install/mycobot_gazebo/share/mycobot_gazebo/models/aws_robomaker_warehouse_TrashCanC_01/meshes/aws_robomaker_warehouse_TrashCanC_01_collision.DAE
[5.581s] -- Symlinking: /home/ubuntu/ros2_rviz_urbot/install/mycobot_gazebo/share/mycobot_gazebo/models/aws_robomaker_warehouse_TrashCanC_01/meshes/aws_robomaker_warehouse_TrashCanC_01_visual.DAE
[5.588s] -- Symlinking: /home/ubuntu/ros2_rviz_urbot/install/mycobot_gazebo/share/mycobot_gazebo/models/aws_robomaker_warehouse_TrashCanC_01/model.config
[5.596s] -- Symlinking: /home/ubuntu/ros2_rviz_urbot/install/mycobot_gazebo/share/mycobot_gazebo/models/aws_robomaker_warehouse_TrashCanC_01/model.sdf
[5.603s] -- Symlinking: /home/ubuntu/ros2_rviz_urbot/install/mycobot_gazebo/share/mycobot_gazebo/models/aws_robomaker_warehouse_WallB_01/materials/textures/aws_robomaker_warehouse_WallB_01.png
[5.611s] -- Symlinking: /home/ubuntu/ros2_rviz_urbot/install/mycobot_gazebo/share/mycobot_gazebo/models/aws_robomaker_warehouse_WallB_01/meshes/aws_robomaker_warehouse_WallB_01_collision.DAE
[5.620s] -- Symlinking: /home/ubuntu/ros2_rviz_urbot/install/mycobot_gazebo/share/mycobot_gazebo/models/aws_robomaker_warehouse_WallB_01/meshes/aws_robomaker_warehouse_WallB_01_visual.DAE
[5.629s] -- Symlinking: /home/ubuntu/ros2_rviz_urbot/install/mycobot_gazebo/share/mycobot_gazebo/models/aws_robomaker_warehouse_WallB_01/model.config
[5.637s] -- Symlinking: /home/ubuntu/ros2_rviz_urbot/install/mycobot_gazebo/share/mycobot_gazebo/models/aws_robomaker_warehouse_WallB_01/model.sdf
[5.645s] -- Symlinking: /home/ubuntu/ros2_rviz_urbot/install/mycobot_gazebo/share/mycobot_gazebo/models/brown_table/model.config
[5.652s] -- Symlinking: /home/ubuntu/ros2_rviz_urbot/install/mycobot_gazebo/share/mycobot_gazebo/models/brown_table/model.sdf
[5.661s] -- Symlinking: /home/ubuntu/ros2_rviz_urbot/install/mycobot_gazebo/share/mycobot_gazebo/models/cardboard_box/materials/textures/cardboard_box.png
[5.669s] -- Symlinking: /home/ubuntu/ros2_rviz_urbot/install/mycobot_gazebo/share/mycobot_gazebo/models/cardboard_box/meshes/cardboard_box.dae
[5.676s] -- Symlinking: /home/ubuntu/ros2_rviz_urbot/install/mycobot_gazebo/share/mycobot_gazebo/models/cardboard_box/meshes/cardboard_box.png
[5.683s] -- Symlinking: /home/ubuntu/ros2_rviz_urbot/install/mycobot_gazebo/share/mycobot_gazebo/models/cardboard_box/model.config
[5.690s] -- Symlinking: /home/ubuntu/ros2_rviz_urbot/install/mycobot_gazebo/share/mycobot_gazebo/models/cardboard_box/model.sdf
[5.699s] -- Symlinking: /home/ubuntu/ros2_rviz_urbot/install/mycobot_gazebo/share/mycobot_gazebo/models/cheezit_big_original/meshes/cheez_tex_0.jpg
[5.707s] -- Symlinking: /home/ubuntu/ros2_rviz_urbot/install/mycobot_gazebo/share/mycobot_gazebo/models/cheezit_big_original/meshes/cheezit_big_original.dae
[5.717s] -- Symlinking: /home/ubuntu/ros2_rviz_urbot/install/mycobot_gazebo/share/mycobot_gazebo/models/cheezit_big_original/model.config
[5.726s] -- Symlinking: /home/ubuntu/ros2_rviz_urbot/install/mycobot_gazebo/share/mycobot_gazebo/models/cheezit_big_original/model.sdf
[5.733s] -- Symlinking: /home/ubuntu/ros2_rviz_urbot/install/mycobot_gazebo/share/mycobot_gazebo/models/coke_can/materials/textures/coke_can.png
[5.743s] -- Symlinking: /home/ubuntu/ros2_rviz_urbot/install/mycobot_gazebo/share/mycobot_gazebo/models/coke_can/meshes/coke_can.dae
[5.751s] -- Symlinking: /home/ubuntu/ros2_rviz_urbot/install/mycobot_gazebo/share/mycobot_gazebo/models/coke_can/model-1_2.sdf
[5.758s] -- Symlinking: /home/ubuntu/ros2_rviz_urbot/install/mycobot_gazebo/share/mycobot_gazebo/models/coke_can/model-1_3.sdf
[5.765s] -- Symlinking: /home/ubuntu/ros2_rviz_urbot/install/mycobot_gazebo/share/mycobot_gazebo/models/coke_can/model-1_4.sdf
[5.771s] -- Symlinking: /home/ubuntu/ros2_rviz_urbot/install/mycobot_gazebo/share/mycobot_gazebo/models/coke_can/model.config
[5.779s] -- Symlinking: /home/ubuntu/ros2_rviz_urbot/install/mycobot_gazebo/share/mycobot_gazebo/models/coke_can/model.sdf
[5.785s] -- Symlinking: /home/ubuntu/ros2_rviz_urbot/install/mycobot_gazebo/share/mycobot_gazebo/models/ground_plane/model-1_2.sdf
[5.792s] -- Symlinking: /home/ubuntu/ros2_rviz_urbot/install/mycobot_gazebo/share/mycobot_gazebo/models/ground_plane/model-1_3.sdf
[5.801s] -- Symlinking: /home/ubuntu/ros2_rviz_urbot/install/mycobot_gazebo/share/mycobot_gazebo/models/ground_plane/model-1_4.sdf
[5.813s] -- Symlinking: /home/ubuntu/ros2_rviz_urbot/install/mycobot_gazebo/share/mycobot_gazebo/models/ground_plane/model.config
[5.825s] -- Symlinking: /home/ubuntu/ros2_rviz_urbot/install/mycobot_gazebo/share/mycobot_gazebo/models/ground_plane/model.sdf
[5.834s] -- Symlinking: /home/ubuntu/ros2_rviz_urbot/install/mycobot_gazebo/share/mycobot_gazebo/models/mustard/materials/scripts/mustard.material
[5.844s] -- Symlinking: /home/ubuntu/ros2_rviz_urbot/install/mycobot_gazebo/share/mycobot_gazebo/models/mustard/materials/textures/optimized_tsdf_texture_mapped_mesh.png
[5.852s] -- Symlinking: /home/ubuntu/ros2_rviz_urbot/install/mycobot_gazebo/share/mycobot_gazebo/models/mustard/meshes/mustard.dae
[5.858s] -- Symlinking: /home/ubuntu/ros2_rviz_urbot/install/mycobot_gazebo/share/mycobot_gazebo/models/mustard/meshes/texture_map.png
[5.866s] -- Symlinking: /home/ubuntu/ros2_rviz_urbot/install/mycobot_gazebo/share/mycobot_gazebo/models/mustard/model.config
[5.873s] -- Symlinking: /home/ubuntu/ros2_rviz_urbot/install/mycobot_gazebo/share/mycobot_gazebo/models/mustard/model.sdf
[5.880s] -- Symlinking: /home/ubuntu/ros2_rviz_urbot/install/mycobot_gazebo/share/mycobot_gazebo/models/red_cylinder/model.config
[5.887s] -- Symlinking: /home/ubuntu/ros2_rviz_urbot/install/mycobot_gazebo/share/mycobot_gazebo/models/red_cylinder/model.sdf
[5.895s] -- Symlinking: /home/ubuntu/ros2_rviz_urbot/install/mycobot_gazebo/share/mycobot_gazebo/models/sun/model-1_2.sdf
[5.904s] -- Symlinking: /home/ubuntu/ros2_rviz_urbot/install/mycobot_gazebo/share/mycobot_gazebo/models/sun/model-1_3.sdf
[5.913s] -- Symlinking: /home/ubuntu/ros2_rviz_urbot/install/mycobot_gazebo/share/mycobot_gazebo/models/sun/model-1_4.sdf
[5.921s] -- Symlinking: /home/ubuntu/ros2_rviz_urbot/install/mycobot_gazebo/share/mycobot_gazebo/models/sun/model.config
[5.930s] -- Symlinking: /home/ubuntu/ros2_rviz_urbot/install/mycobot_gazebo/share/mycobot_gazebo/models/sun/model.sdf
[5.938s] -- Up-to-date symlink: /home/ubuntu/ros2_rviz_urbot/install/mycobot_gazebo/share/mycobot_gazebo/worlds/empty.world
[5.939s] -- Symlinking: /home/ubuntu/ros2_rviz_urbot/install/mycobot_gazebo/share/mycobot_gazebo/worlds/house.world
[5.947s] -- Up-to-date symlink: /home/ubuntu/ros2_rviz_urbot/install/mycobot_gazebo/share/mycobot_gazebo/worlds/pick_and_place_demo.world
[5.947s] -- Up-to-date symlink: /home/ubuntu/ros2_rviz_urbot/install/mycobot_gazebo/share/ament_index/resource_index/package_run_dependencies/mycobot_gazebo
[5.947s] -- Up-to-date symlink: /home/ubuntu/ros2_rviz_urbot/install/mycobot_gazebo/share/ament_index/resource_index/parent_prefix_path/mycobot_gazebo
[5.947s] -- Up-to-date symlink: /home/ubuntu/ros2_rviz_urbot/install/mycobot_gazebo/share/mycobot_gazebo/environment/ament_prefix_path.sh
[5.947s] -- Up-to-date symlink: /home/ubuntu/ros2_rviz_urbot/install/mycobot_gazebo/share/mycobot_gazebo/environment/ament_prefix_path.dsv
[5.947s] -- Up-to-date symlink: /home/ubuntu/ros2_rviz_urbot/install/mycobot_gazebo/share/mycobot_gazebo/environment/path.sh
[5.948s] -- Up-to-date symlink: /home/ubuntu/ros2_rviz_urbot/install/mycobot_gazebo/share/mycobot_gazebo/environment/path.dsv
[5.948s] -- Up-to-date symlink: /home/ubuntu/ros2_rviz_urbot/install/mycobot_gazebo/share/mycobot_gazebo/local_setup.bash
[5.948s] -- Up-to-date symlink: /home/ubuntu/ros2_rviz_urbot/install/mycobot_gazebo/share/mycobot_gazebo/local_setup.sh
[5.948s] -- Up-to-date symlink: /home/ubuntu/ros2_rviz_urbot/install/mycobot_gazebo/share/mycobot_gazebo/local_setup.zsh
[5.948s] -- Up-to-date symlink: /home/ubuntu/ros2_rviz_urbot/install/mycobot_gazebo/share/mycobot_gazebo/local_setup.dsv
[5.948s] -- Symlinking: /home/ubuntu/ros2_rviz_urbot/install/mycobot_gazebo/share/mycobot_gazebo/package.dsv
[5.955s] -- Up-to-date symlink: /home/ubuntu/ros2_rviz_urbot/install/mycobot_gazebo/share/ament_index/resource_index/packages/mycobot_gazebo
[5.956s] -- Up-to-date symlink: /home/ubuntu/ros2_rviz_urbot/install/mycobot_gazebo/share/mycobot_gazebo/cmake/mycobot_gazeboConfig.cmake
[5.956s] -- Up-to-date symlink: /home/ubuntu/ros2_rviz_urbot/install/mycobot_gazebo/share/mycobot_gazebo/cmake/mycobot_gazeboConfig-version.cmake
[5.956s] -- Up-to-date symlink: /home/ubuntu/ros2_rviz_urbot/install/mycobot_gazebo/share/mycobot_gazebo/package.xml
[5.958s] Invoked command in '/home/ubuntu/ros2_rviz_urbot/build/mycobot_gazebo' returned '0': CMAKE_PREFIX_PATH=${CMAKE_PREFIX_PATH}:/opt/ros/jazzy DEBUGINFOD_URLS=https://debuginfod.ubuntu.com /usr/bin/cmake --install /home/ubuntu/ros2_rviz_urbot/build/mycobot_gazebo
