[0.081s] DEBUG:colcon:Command line arguments: ['/usr/bin/colcon', 'build', '--symlink-install']
[0.081s] DEBUG:colcon:Parsed command line arguments: Namespace(log_base=None, log_level=None, verb_name='build', build_base='build', install_base='install', merge_install=False, symlink_install=True, test_result_base=None, continue_on_error=False, executor='parallel', parallel_workers=16, event_handlers=None, ignore_user_meta=False, metas=['./colcon.meta'], base_paths=['.'], packages_ignore=None, packages_ignore_regex=None, paths=None, packages_up_to=None, packages_up_to_regex=None, packages_above=None, packages_above_and_dependencies=None, packages_above_depth=None, packages_select_by_dep=None, packages_skip_by_dep=None, packages_skip_up_to=None, packages_select_build_failed=False, packages_skip_build_finished=False, packages_select_test_failures=False, packages_skip_test_passed=False, packages_select=None, packages_skip=None, packages_select_regex=None, packages_skip_regex=None, packages_start=None, packages_end=None, allow_overriding=[], cmake_args=None, cmake_target=None, cmake_target_skip_unavailable=False, cmake_clean_cache=False, cmake_clean_first=False, cmake_force_configure=False, ament_cmake_args=None, catkin_cmake_args=None, catkin_skip_building_tests=False, mixin_files=None, mixin=None, verb_parser=<colcon_mixin.mixin.mixin_argument.MixinArgumentDecorator object at 0x7ed73fd67da0>, verb_extension=<colcon_core.verb.build.BuildVerb object at 0x7ed73fd67b00>, main=<bound method BuildVerb.main of <colcon_core.verb.build.BuildVerb object at 0x7ed73fd67b00>>, mixin_verb=('build',))
[0.104s] Level 1:colcon.colcon_core.package_discovery:discover_packages(colcon_meta) check parameters
[0.104s] Level 1:colcon.colcon_core.package_discovery:discover_packages(recursive) check parameters
[0.104s] Level 1:colcon.colcon_core.package_discovery:discover_packages(ignore) check parameters
[0.105s] Level 1:colcon.colcon_core.package_discovery:discover_packages(path) check parameters
[0.105s] Level 1:colcon.colcon_core.package_discovery:discover_packages(colcon_meta) discover
[0.105s] Level 1:colcon.colcon_core.package_discovery:discover_packages(recursive) discover
[0.105s] INFO:colcon.colcon_core.package_discovery:Crawling recursively for packages in '/home/ubuntu/ros2_rviz_urbot'
[0.105s] Level 1:colcon.colcon_core.package_identification:_identify(.) by extensions ['ignore', 'ignore_ament_install']
[0.105s] Level 1:colcon.colcon_core.package_identification:_identify(.) by extension 'ignore'
[0.105s] Level 1:colcon.colcon_core.package_identification:_identify(.) by extension 'ignore_ament_install'
[0.105s] Level 1:colcon.colcon_core.package_identification:_identify(.) by extensions ['colcon_pkg']
[0.105s] Level 1:colcon.colcon_core.package_identification:_identify(.) by extension 'colcon_pkg'
[0.105s] Level 1:colcon.colcon_core.package_identification:_identify(.) by extensions ['colcon_meta']
[0.105s] Level 1:colcon.colcon_core.package_identification:_identify(.) by extension 'colcon_meta'
[0.105s] Level 1:colcon.colcon_core.package_identification:_identify(.) by extensions ['ros']
[0.105s] Level 1:colcon.colcon_core.package_identification:_identify(.) by extension 'ros'
[0.121s] Level 1:colcon.colcon_core.package_identification:_identify(.) by extensions ['cmake', 'python']
[0.121s] Level 1:colcon.colcon_core.package_identification:_identify(.) by extension 'cmake'
[0.121s] Level 1:colcon.colcon_core.package_identification:_identify(.) by extension 'python'
[0.121s] Level 1:colcon.colcon_core.package_identification:_identify(.) by extensions ['python_setup_py']
[0.121s] Level 1:colcon.colcon_core.package_identification:_identify(.) by extension 'python_setup_py'
[0.121s] Level 1:colcon.colcon_core.package_identification:_identify(build) by extensions ['ignore', 'ignore_ament_install']
[0.121s] Level 1:colcon.colcon_core.package_identification:_identify(build) by extension 'ignore'
[0.121s] Level 1:colcon.colcon_core.package_identification:_identify(build) ignored
[0.121s] Level 1:colcon.colcon_core.package_identification:_identify(install) by extensions ['ignore', 'ignore_ament_install']
[0.121s] Level 1:colcon.colcon_core.package_identification:_identify(install) by extension 'ignore'
[0.121s] Level 1:colcon.colcon_core.package_identification:_identify(install) ignored
[0.121s] Level 1:colcon.colcon_core.package_identification:_identify(log) by extensions ['ignore', 'ignore_ament_install']
[0.122s] Level 1:colcon.colcon_core.package_identification:_identify(log) by extension 'ignore'
[0.122s] Level 1:colcon.colcon_core.package_identification:_identify(log) ignored
[0.122s] Level 1:colcon.colcon_core.package_identification:_identify(src) by extensions ['ignore', 'ignore_ament_install']
[0.122s] Level 1:colcon.colcon_core.package_identification:_identify(src) by extension 'ignore'
[0.122s] Level 1:colcon.colcon_core.package_identification:_identify(src) by extension 'ignore_ament_install'
[0.122s] Level 1:colcon.colcon_core.package_identification:_identify(src) by extensions ['colcon_pkg']
[0.122s] Level 1:colcon.colcon_core.package_identification:_identify(src) by extension 'colcon_pkg'
[0.122s] Level 1:colcon.colcon_core.package_identification:_identify(src) by extensions ['colcon_meta']
[0.122s] Level 1:colcon.colcon_core.package_identification:_identify(src) by extension 'colcon_meta'
[0.122s] Level 1:colcon.colcon_core.package_identification:_identify(src) by extensions ['ros']
[0.122s] Level 1:colcon.colcon_core.package_identification:_identify(src) by extension 'ros'
[0.122s] Level 1:colcon.colcon_core.package_identification:_identify(src) by extensions ['cmake', 'python']
[0.122s] Level 1:colcon.colcon_core.package_identification:_identify(src) by extension 'cmake'
[0.122s] Level 1:colcon.colcon_core.package_identification:_identify(src) by extension 'python'
[0.122s] Level 1:colcon.colcon_core.package_identification:_identify(src) by extensions ['python_setup_py']
[0.122s] Level 1:colcon.colcon_core.package_identification:_identify(src) by extension 'python_setup_py'
[0.122s] Level 1:colcon.colcon_core.package_identification:_identify(src/mycobot_ros2) by extensions ['ignore', 'ignore_ament_install']
[0.122s] Level 1:colcon.colcon_core.package_identification:_identify(src/mycobot_ros2) by extension 'ignore'
[0.122s] Level 1:colcon.colcon_core.package_identification:_identify(src/mycobot_ros2) by extension 'ignore_ament_install'
[0.122s] Level 1:colcon.colcon_core.package_identification:_identify(src/mycobot_ros2) by extensions ['colcon_pkg']
[0.122s] Level 1:colcon.colcon_core.package_identification:_identify(src/mycobot_ros2) by extension 'colcon_pkg'
[0.122s] Level 1:colcon.colcon_core.package_identification:_identify(src/mycobot_ros2) by extensions ['colcon_meta']
[0.122s] Level 1:colcon.colcon_core.package_identification:_identify(src/mycobot_ros2) by extension 'colcon_meta'
[0.122s] Level 1:colcon.colcon_core.package_identification:_identify(src/mycobot_ros2) by extensions ['ros']
[0.122s] Level 1:colcon.colcon_core.package_identification:_identify(src/mycobot_ros2) by extension 'ros'
[0.122s] Level 1:colcon.colcon_core.package_identification:_identify(src/mycobot_ros2) by extensions ['cmake', 'python']
[0.122s] Level 1:colcon.colcon_core.package_identification:_identify(src/mycobot_ros2) by extension 'cmake'
[0.122s] Level 1:colcon.colcon_core.package_identification:_identify(src/mycobot_ros2) by extension 'python'
[0.123s] Level 1:colcon.colcon_core.package_identification:_identify(src/mycobot_ros2) by extensions ['python_setup_py']
[0.123s] Level 1:colcon.colcon_core.package_identification:_identify(src/mycobot_ros2) by extension 'python_setup_py'
[0.123s] Level 1:colcon.colcon_core.package_identification:_identify(src/mycobot_ros2/mycobot_bringup) by extensions ['ignore', 'ignore_ament_install']
[0.123s] Level 1:colcon.colcon_core.package_identification:_identify(src/mycobot_ros2/mycobot_bringup) by extension 'ignore'
[0.123s] Level 1:colcon.colcon_core.package_identification:_identify(src/mycobot_ros2/mycobot_bringup) by extension 'ignore_ament_install'
[0.123s] Level 1:colcon.colcon_core.package_identification:_identify(src/mycobot_ros2/mycobot_bringup) by extensions ['colcon_pkg']
[0.123s] Level 1:colcon.colcon_core.package_identification:_identify(src/mycobot_ros2/mycobot_bringup) by extension 'colcon_pkg'
[0.123s] Level 1:colcon.colcon_core.package_identification:_identify(src/mycobot_ros2/mycobot_bringup) by extensions ['colcon_meta']
[0.123s] Level 1:colcon.colcon_core.package_identification:_identify(src/mycobot_ros2/mycobot_bringup) by extension 'colcon_meta'
[0.123s] Level 1:colcon.colcon_core.package_identification:_identify(src/mycobot_ros2/mycobot_bringup) by extensions ['ros']
[0.123s] Level 1:colcon.colcon_core.package_identification:_identify(src/mycobot_ros2/mycobot_bringup) by extension 'ros'
[0.124s] DEBUG:colcon.colcon_core.package_identification:Package 'src/mycobot_ros2/mycobot_bringup' with type 'ros.ament_cmake' and name 'mycobot_bringup'
[0.124s] Level 1:colcon.colcon_core.package_identification:_identify(src/mycobot_ros2/mycobot_description) by extensions ['ignore', 'ignore_ament_install']
[0.124s] Level 1:colcon.colcon_core.package_identification:_identify(src/mycobot_ros2/mycobot_description) by extension 'ignore'
[0.124s] Level 1:colcon.colcon_core.package_identification:_identify(src/mycobot_ros2/mycobot_description) by extension 'ignore_ament_install'
[0.124s] Level 1:colcon.colcon_core.package_identification:_identify(src/mycobot_ros2/mycobot_description) by extensions ['colcon_pkg']
[0.124s] Level 1:colcon.colcon_core.package_identification:_identify(src/mycobot_ros2/mycobot_description) by extension 'colcon_pkg'
[0.124s] Level 1:colcon.colcon_core.package_identification:_identify(src/mycobot_ros2/mycobot_description) by extensions ['colcon_meta']
[0.124s] Level 1:colcon.colcon_core.package_identification:_identify(src/mycobot_ros2/mycobot_description) by extension 'colcon_meta'
[0.124s] Level 1:colcon.colcon_core.package_identification:_identify(src/mycobot_ros2/mycobot_description) by extensions ['ros']
[0.125s] Level 1:colcon.colcon_core.package_identification:_identify(src/mycobot_ros2/mycobot_description) by extension 'ros'
[0.125s] DEBUG:colcon.colcon_core.package_identification:Package 'src/mycobot_ros2/mycobot_description' with type 'ros.ament_cmake' and name 'mycobot_description'
[0.125s] Level 1:colcon.colcon_core.package_identification:_identify(src/mycobot_ros2/mycobot_gazebo) by extensions ['ignore', 'ignore_ament_install']
[0.125s] Level 1:colcon.colcon_core.package_identification:_identify(src/mycobot_ros2/mycobot_gazebo) by extension 'ignore'
[0.125s] Level 1:colcon.colcon_core.package_identification:_identify(src/mycobot_ros2/mycobot_gazebo) by extension 'ignore_ament_install'
[0.125s] Level 1:colcon.colcon_core.package_identification:_identify(src/mycobot_ros2/mycobot_gazebo) by extensions ['colcon_pkg']
[0.125s] Level 1:colcon.colcon_core.package_identification:_identify(src/mycobot_ros2/mycobot_gazebo) by extension 'colcon_pkg'
[0.125s] Level 1:colcon.colcon_core.package_identification:_identify(src/mycobot_ros2/mycobot_gazebo) by extensions ['colcon_meta']
[0.125s] Level 1:colcon.colcon_core.package_identification:_identify(src/mycobot_ros2/mycobot_gazebo) by extension 'colcon_meta'
[0.125s] Level 1:colcon.colcon_core.package_identification:_identify(src/mycobot_ros2/mycobot_gazebo) by extensions ['ros']
[0.125s] Level 1:colcon.colcon_core.package_identification:_identify(src/mycobot_ros2/mycobot_gazebo) by extension 'ros'
[0.126s] DEBUG:colcon.colcon_core.package_identification:Package 'src/mycobot_ros2/mycobot_gazebo' with type 'ros.ament_cmake' and name 'mycobot_gazebo'
[0.126s] Level 1:colcon.colcon_core.package_identification:_identify(src/mycobot_ros2/mycobot_moveit_config) by extensions ['ignore', 'ignore_ament_install']
[0.126s] Level 1:colcon.colcon_core.package_identification:_identify(src/mycobot_ros2/mycobot_moveit_config) by extension 'ignore'
[0.126s] Level 1:colcon.colcon_core.package_identification:_identify(src/mycobot_ros2/mycobot_moveit_config) by extension 'ignore_ament_install'
[0.126s] Level 1:colcon.colcon_core.package_identification:_identify(src/mycobot_ros2/mycobot_moveit_config) by extensions ['colcon_pkg']
[0.126s] Level 1:colcon.colcon_core.package_identification:_identify(src/mycobot_ros2/mycobot_moveit_config) by extension 'colcon_pkg'
[0.126s] Level 1:colcon.colcon_core.package_identification:_identify(src/mycobot_ros2/mycobot_moveit_config) by extensions ['colcon_meta']
[0.126s] Level 1:colcon.colcon_core.package_identification:_identify(src/mycobot_ros2/mycobot_moveit_config) by extension 'colcon_meta'
[0.126s] Level 1:colcon.colcon_core.package_identification:_identify(src/mycobot_ros2/mycobot_moveit_config) by extensions ['ros']
[0.126s] Level 1:colcon.colcon_core.package_identification:_identify(src/mycobot_ros2/mycobot_moveit_config) by extension 'ros'
[0.126s] DEBUG:colcon.colcon_core.package_identification:Package 'src/mycobot_ros2/mycobot_moveit_config' with type 'ros.ament_cmake' and name 'mycobot_moveit_config'
[0.126s] Level 1:colcon.colcon_core.package_identification:_identify(src/mycobot_ros2/mycobot_ros2) by extensions ['ignore', 'ignore_ament_install']
[0.127s] Level 1:colcon.colcon_core.package_identification:_identify(src/mycobot_ros2/mycobot_ros2) by extension 'ignore'
[0.127s] Level 1:colcon.colcon_core.package_identification:_identify(src/mycobot_ros2/mycobot_ros2) by extension 'ignore_ament_install'
[0.127s] Level 1:colcon.colcon_core.package_identification:_identify(src/mycobot_ros2/mycobot_ros2) by extensions ['colcon_pkg']
[0.127s] Level 1:colcon.colcon_core.package_identification:_identify(src/mycobot_ros2/mycobot_ros2) by extension 'colcon_pkg'
[0.127s] Level 1:colcon.colcon_core.package_identification:_identify(src/mycobot_ros2/mycobot_ros2) by extensions ['colcon_meta']
[0.127s] Level 1:colcon.colcon_core.package_identification:_identify(src/mycobot_ros2/mycobot_ros2) by extension 'colcon_meta'
[0.127s] Level 1:colcon.colcon_core.package_identification:_identify(src/mycobot_ros2/mycobot_ros2) by extensions ['ros']
[0.127s] Level 1:colcon.colcon_core.package_identification:_identify(src/mycobot_ros2/mycobot_ros2) by extension 'ros'
[0.127s] DEBUG:colcon.colcon_core.package_identification:Package 'src/mycobot_ros2/mycobot_ros2' with type 'ros.ament_cmake' and name 'mycobot_ros2'
[0.127s] Level 1:colcon.colcon_core.package_identification:_identify(src/mycobot_ros2/mycobot_system_tests) by extensions ['ignore', 'ignore_ament_install']
[0.127s] Level 1:colcon.colcon_core.package_identification:_identify(src/mycobot_ros2/mycobot_system_tests) by extension 'ignore'
[0.127s] Level 1:colcon.colcon_core.package_identification:_identify(src/mycobot_ros2/mycobot_system_tests) by extension 'ignore_ament_install'
[0.127s] Level 1:colcon.colcon_core.package_identification:_identify(src/mycobot_ros2/mycobot_system_tests) by extensions ['colcon_pkg']
[0.127s] Level 1:colcon.colcon_core.package_identification:_identify(src/mycobot_ros2/mycobot_system_tests) by extension 'colcon_pkg'
[0.127s] Level 1:colcon.colcon_core.package_identification:_identify(src/mycobot_ros2/mycobot_system_tests) by extensions ['colcon_meta']
[0.127s] Level 1:colcon.colcon_core.package_identification:_identify(src/mycobot_ros2/mycobot_system_tests) by extension 'colcon_meta'
[0.127s] Level 1:colcon.colcon_core.package_identification:_identify(src/mycobot_ros2/mycobot_system_tests) by extensions ['ros']
[0.127s] Level 1:colcon.colcon_core.package_identification:_identify(src/mycobot_ros2/mycobot_system_tests) by extension 'ros'
[0.127s] DEBUG:colcon.colcon_core.package_identification:Package 'src/mycobot_ros2/mycobot_system_tests' with type 'ros.ament_cmake' and name 'mycobot_system_tests'
[0.128s] Level 1:colcon.colcon_core.package_discovery:discover_packages(recursive) using defaults
[0.128s] Level 1:colcon.colcon_core.package_discovery:discover_packages(ignore) discover
[0.128s] Level 1:colcon.colcon_core.package_discovery:discover_packages(ignore) using defaults
[0.128s] Level 1:colcon.colcon_core.package_discovery:discover_packages(path) discover
[0.128s] Level 1:colcon.colcon_core.package_discovery:discover_packages(path) using defaults
[0.139s] Level 1:colcon.colcon_core.package_discovery:discover_packages(prefix_path) check parameters
[0.139s] Level 1:colcon.colcon_core.package_discovery:discover_packages(prefix_path) discover
[0.140s] DEBUG:colcon.colcon_installed_package_information.package_discovery:Found 6 installed packages in /home/ubuntu/ros2_rviz_urbot/install
[0.142s] DEBUG:colcon.colcon_installed_package_information.package_discovery:Found 417 installed packages in /opt/ros/jazzy
[0.143s] Level 1:colcon.colcon_core.package_discovery:discover_packages(prefix_path) using defaults
[0.170s] Level 5:colcon.colcon_core.verb:set package 'mycobot_bringup' build argument 'cmake_args' from command line to 'None'
[0.170s] Level 5:colcon.colcon_core.verb:set package 'mycobot_bringup' build argument 'cmake_target' from command line to 'None'
[0.170s] Level 5:colcon.colcon_core.verb:set package 'mycobot_bringup' build argument 'cmake_target_skip_unavailable' from command line to 'False'
[0.170s] Level 5:colcon.colcon_core.verb:set package 'mycobot_bringup' build argument 'cmake_clean_cache' from command line to 'False'
[0.170s] Level 5:colcon.colcon_core.verb:set package 'mycobot_bringup' build argument 'cmake_clean_first' from command line to 'False'
[0.170s] Level 5:colcon.colcon_core.verb:set package 'mycobot_bringup' build argument 'cmake_force_configure' from command line to 'False'
[0.170s] Level 5:colcon.colcon_core.verb:set package 'mycobot_bringup' build argument 'ament_cmake_args' from command line to 'None'
[0.170s] Level 5:colcon.colcon_core.verb:set package 'mycobot_bringup' build argument 'catkin_cmake_args' from command line to 'None'
[0.170s] Level 5:colcon.colcon_core.verb:set package 'mycobot_bringup' build argument 'catkin_skip_building_tests' from command line to 'False'
[0.170s] DEBUG:colcon.colcon_core.verb:Building package 'mycobot_bringup' with the following arguments: {'ament_cmake_args': None, 'build_base': '/home/ubuntu/ros2_rviz_urbot/build/mycobot_bringup', 'catkin_cmake_args': None, 'catkin_skip_building_tests': False, 'cmake_args': None, 'cmake_clean_cache': False, 'cmake_clean_first': False, 'cmake_force_configure': False, 'cmake_target': None, 'cmake_target_skip_unavailable': False, 'install_base': '/home/ubuntu/ros2_rviz_urbot/install/mycobot_bringup', 'merge_install': False, 'path': '/home/ubuntu/ros2_rviz_urbot/src/mycobot_ros2/mycobot_bringup', 'symlink_install': True, 'test_result_base': None}
[0.171s] Level 5:colcon.colcon_core.verb:set package 'mycobot_description' build argument 'cmake_args' from command line to 'None'
[0.171s] Level 5:colcon.colcon_core.verb:set package 'mycobot_description' build argument 'cmake_target' from command line to 'None'
[0.171s] Level 5:colcon.colcon_core.verb:set package 'mycobot_description' build argument 'cmake_target_skip_unavailable' from command line to 'False'
[0.171s] Level 5:colcon.colcon_core.verb:set package 'mycobot_description' build argument 'cmake_clean_cache' from command line to 'False'
[0.171s] Level 5:colcon.colcon_core.verb:set package 'mycobot_description' build argument 'cmake_clean_first' from command line to 'False'
[0.171s] Level 5:colcon.colcon_core.verb:set package 'mycobot_description' build argument 'cmake_force_configure' from command line to 'False'
[0.171s] Level 5:colcon.colcon_core.verb:set package 'mycobot_description' build argument 'ament_cmake_args' from command line to 'None'
[0.171s] Level 5:colcon.colcon_core.verb:set package 'mycobot_description' build argument 'catkin_cmake_args' from command line to 'None'
[0.171s] Level 5:colcon.colcon_core.verb:set package 'mycobot_description' build argument 'catkin_skip_building_tests' from command line to 'False'
[0.171s] DEBUG:colcon.colcon_core.verb:Building package 'mycobot_description' with the following arguments: {'ament_cmake_args': None, 'build_base': '/home/ubuntu/ros2_rviz_urbot/build/mycobot_description', 'catkin_cmake_args': None, 'catkin_skip_building_tests': False, 'cmake_args': None, 'cmake_clean_cache': False, 'cmake_clean_first': False, 'cmake_force_configure': False, 'cmake_target': None, 'cmake_target_skip_unavailable': False, 'install_base': '/home/ubuntu/ros2_rviz_urbot/install/mycobot_description', 'merge_install': False, 'path': '/home/ubuntu/ros2_rviz_urbot/src/mycobot_ros2/mycobot_description', 'symlink_install': True, 'test_result_base': None}
[0.171s] Level 5:colcon.colcon_core.verb:set package 'mycobot_gazebo' build argument 'cmake_args' from command line to 'None'
[0.171s] Level 5:colcon.colcon_core.verb:set package 'mycobot_gazebo' build argument 'cmake_target' from command line to 'None'
[0.171s] Level 5:colcon.colcon_core.verb:set package 'mycobot_gazebo' build argument 'cmake_target_skip_unavailable' from command line to 'False'
[0.171s] Level 5:colcon.colcon_core.verb:set package 'mycobot_gazebo' build argument 'cmake_clean_cache' from command line to 'False'
[0.171s] Level 5:colcon.colcon_core.verb:set package 'mycobot_gazebo' build argument 'cmake_clean_first' from command line to 'False'
[0.171s] Level 5:colcon.colcon_core.verb:set package 'mycobot_gazebo' build argument 'cmake_force_configure' from command line to 'False'
[0.171s] Level 5:colcon.colcon_core.verb:set package 'mycobot_gazebo' build argument 'ament_cmake_args' from command line to 'None'
[0.171s] Level 5:colcon.colcon_core.verb:set package 'mycobot_gazebo' build argument 'catkin_cmake_args' from command line to 'None'
[0.171s] Level 5:colcon.colcon_core.verb:set package 'mycobot_gazebo' build argument 'catkin_skip_building_tests' from command line to 'False'
[0.172s] DEBUG:colcon.colcon_core.verb:Building package 'mycobot_gazebo' with the following arguments: {'ament_cmake_args': None, 'build_base': '/home/ubuntu/ros2_rviz_urbot/build/mycobot_gazebo', 'catkin_cmake_args': None, 'catkin_skip_building_tests': False, 'cmake_args': None, 'cmake_clean_cache': False, 'cmake_clean_first': False, 'cmake_force_configure': False, 'cmake_target': None, 'cmake_target_skip_unavailable': False, 'install_base': '/home/ubuntu/ros2_rviz_urbot/install/mycobot_gazebo', 'merge_install': False, 'path': '/home/ubuntu/ros2_rviz_urbot/src/mycobot_ros2/mycobot_gazebo', 'symlink_install': True, 'test_result_base': None}
[0.172s] Level 5:colcon.colcon_core.verb:set package 'mycobot_moveit_config' build argument 'cmake_args' from command line to 'None'
[0.172s] Level 5:colcon.colcon_core.verb:set package 'mycobot_moveit_config' build argument 'cmake_target' from command line to 'None'
[0.172s] Level 5:colcon.colcon_core.verb:set package 'mycobot_moveit_config' build argument 'cmake_target_skip_unavailable' from command line to 'False'
[0.172s] Level 5:colcon.colcon_core.verb:set package 'mycobot_moveit_config' build argument 'cmake_clean_cache' from command line to 'False'
[0.172s] Level 5:colcon.colcon_core.verb:set package 'mycobot_moveit_config' build argument 'cmake_clean_first' from command line to 'False'
[0.172s] Level 5:colcon.colcon_core.verb:set package 'mycobot_moveit_config' build argument 'cmake_force_configure' from command line to 'False'
[0.172s] Level 5:colcon.colcon_core.verb:set package 'mycobot_moveit_config' build argument 'ament_cmake_args' from command line to 'None'
[0.172s] Level 5:colcon.colcon_core.verb:set package 'mycobot_moveit_config' build argument 'catkin_cmake_args' from command line to 'None'
[0.172s] Level 5:colcon.colcon_core.verb:set package 'mycobot_moveit_config' build argument 'catkin_skip_building_tests' from command line to 'False'
[0.172s] DEBUG:colcon.colcon_core.verb:Building package 'mycobot_moveit_config' with the following arguments: {'ament_cmake_args': None, 'build_base': '/home/ubuntu/ros2_rviz_urbot/build/mycobot_moveit_config', 'catkin_cmake_args': None, 'catkin_skip_building_tests': False, 'cmake_args': None, 'cmake_clean_cache': False, 'cmake_clean_first': False, 'cmake_force_configure': False, 'cmake_target': None, 'cmake_target_skip_unavailable': False, 'install_base': '/home/ubuntu/ros2_rviz_urbot/install/mycobot_moveit_config', 'merge_install': False, 'path': '/home/ubuntu/ros2_rviz_urbot/src/mycobot_ros2/mycobot_moveit_config', 'symlink_install': True, 'test_result_base': None}
[0.172s] Level 5:colcon.colcon_core.verb:set package 'mycobot_system_tests' build argument 'cmake_args' from command line to 'None'
[0.172s] Level 5:colcon.colcon_core.verb:set package 'mycobot_system_tests' build argument 'cmake_target' from command line to 'None'
[0.172s] Level 5:colcon.colcon_core.verb:set package 'mycobot_system_tests' build argument 'cmake_target_skip_unavailable' from command line to 'False'
[0.172s] Level 5:colcon.colcon_core.verb:set package 'mycobot_system_tests' build argument 'cmake_clean_cache' from command line to 'False'
[0.172s] Level 5:colcon.colcon_core.verb:set package 'mycobot_system_tests' build argument 'cmake_clean_first' from command line to 'False'
[0.172s] Level 5:colcon.colcon_core.verb:set package 'mycobot_system_tests' build argument 'cmake_force_configure' from command line to 'False'
[0.172s] Level 5:colcon.colcon_core.verb:set package 'mycobot_system_tests' build argument 'ament_cmake_args' from command line to 'None'
[0.172s] Level 5:colcon.colcon_core.verb:set package 'mycobot_system_tests' build argument 'catkin_cmake_args' from command line to 'None'
[0.172s] Level 5:colcon.colcon_core.verb:set package 'mycobot_system_tests' build argument 'catkin_skip_building_tests' from command line to 'False'
[0.172s] DEBUG:colcon.colcon_core.verb:Building package 'mycobot_system_tests' with the following arguments: {'ament_cmake_args': None, 'build_base': '/home/ubuntu/ros2_rviz_urbot/build/mycobot_system_tests', 'catkin_cmake_args': None, 'catkin_skip_building_tests': False, 'cmake_args': None, 'cmake_clean_cache': False, 'cmake_clean_first': False, 'cmake_force_configure': False, 'cmake_target': None, 'cmake_target_skip_unavailable': False, 'install_base': '/home/ubuntu/ros2_rviz_urbot/install/mycobot_system_tests', 'merge_install': False, 'path': '/home/ubuntu/ros2_rviz_urbot/src/mycobot_ros2/mycobot_system_tests', 'symlink_install': True, 'test_result_base': None}
[0.172s] Level 5:colcon.colcon_core.verb:set package 'mycobot_ros2' build argument 'cmake_args' from command line to 'None'
[0.172s] Level 5:colcon.colcon_core.verb:set package 'mycobot_ros2' build argument 'cmake_target' from command line to 'None'
[0.172s] Level 5:colcon.colcon_core.verb:set package 'mycobot_ros2' build argument 'cmake_target_skip_unavailable' from command line to 'False'
[0.172s] Level 5:colcon.colcon_core.verb:set package 'mycobot_ros2' build argument 'cmake_clean_cache' from command line to 'False'
[0.172s] Level 5:colcon.colcon_core.verb:set package 'mycobot_ros2' build argument 'cmake_clean_first' from command line to 'False'
[0.172s] Level 5:colcon.colcon_core.verb:set package 'mycobot_ros2' build argument 'cmake_force_configure' from command line to 'False'
[0.172s] Level 5:colcon.colcon_core.verb:set package 'mycobot_ros2' build argument 'ament_cmake_args' from command line to 'None'
[0.172s] Level 5:colcon.colcon_core.verb:set package 'mycobot_ros2' build argument 'catkin_cmake_args' from command line to 'None'
[0.172s] Level 5:colcon.colcon_core.verb:set package 'mycobot_ros2' build argument 'catkin_skip_building_tests' from command line to 'False'
[0.172s] DEBUG:colcon.colcon_core.verb:Building package 'mycobot_ros2' with the following arguments: {'ament_cmake_args': None, 'build_base': '/home/ubuntu/ros2_rviz_urbot/build/mycobot_ros2', 'catkin_cmake_args': None, 'catkin_skip_building_tests': False, 'cmake_args': None, 'cmake_clean_cache': False, 'cmake_clean_first': False, 'cmake_force_configure': False, 'cmake_target': None, 'cmake_target_skip_unavailable': False, 'install_base': '/home/ubuntu/ros2_rviz_urbot/install/mycobot_ros2', 'merge_install': False, 'path': '/home/ubuntu/ros2_rviz_urbot/src/mycobot_ros2/mycobot_ros2', 'symlink_install': True, 'test_result_base': None}
[0.173s] INFO:colcon.colcon_core.executor:Executing jobs using 'parallel' executor
[0.173s] DEBUG:colcon.colcon_parallel_executor.executor.parallel:run_until_complete
[0.174s] INFO:colcon.colcon_ros.task.ament_cmake.build:Building ROS package in '/home/ubuntu/ros2_rviz_urbot/src/mycobot_ros2/mycobot_bringup' with build type 'ament_cmake'
[0.174s] INFO:colcon.colcon_cmake.task.cmake.build:Building CMake package in '/home/ubuntu/ros2_rviz_urbot/src/mycobot_ros2/mycobot_bringup'
[0.175s] INFO:colcon.colcon_core.plugin_system:Skipping extension 'colcon_core.shell.bat': Not used on non-Windows systems
[0.175s] INFO:colcon.colcon_core.shell:Skip shell extension 'powershell' for command environment: Not usable outside of PowerShell
[0.175s] DEBUG:colcon.colcon_core.shell:Skip shell extension 'dsv' for command environment
[0.178s] INFO:colcon.colcon_ros.task.ament_cmake.build:Building ROS package in '/home/ubuntu/ros2_rviz_urbot/src/mycobot_ros2/mycobot_description' with build type 'ament_cmake'
[0.178s] INFO:colcon.colcon_cmake.task.cmake.build:Building CMake package in '/home/ubuntu/ros2_rviz_urbot/src/mycobot_ros2/mycobot_description'
[0.178s] INFO:colcon.colcon_core.shell:Skip shell extension 'powershell' for command environment: Not usable outside of PowerShell
[0.178s] DEBUG:colcon.colcon_core.shell:Skip shell extension 'dsv' for command environment
[0.181s] INFO:colcon.colcon_ros.task.ament_cmake.build:Building ROS package in '/home/ubuntu/ros2_rviz_urbot/src/mycobot_ros2/mycobot_gazebo' with build type 'ament_cmake'
[0.181s] INFO:colcon.colcon_cmake.task.cmake.build:Building CMake package in '/home/ubuntu/ros2_rviz_urbot/src/mycobot_ros2/mycobot_gazebo'
[0.181s] INFO:colcon.colcon_core.shell:Skip shell extension 'powershell' for command environment: Not usable outside of PowerShell
[0.181s] DEBUG:colcon.colcon_core.shell:Skip shell extension 'dsv' for command environment
[0.184s] INFO:colcon.colcon_ros.task.ament_cmake.build:Building ROS package in '/home/ubuntu/ros2_rviz_urbot/src/mycobot_ros2/mycobot_moveit_config' with build type 'ament_cmake'
[0.184s] INFO:colcon.colcon_cmake.task.cmake.build:Building CMake package in '/home/ubuntu/ros2_rviz_urbot/src/mycobot_ros2/mycobot_moveit_config'
[0.184s] INFO:colcon.colcon_core.shell:Skip shell extension 'powershell' for command environment: Not usable outside of PowerShell
[0.184s] DEBUG:colcon.colcon_core.shell:Skip shell extension 'dsv' for command environment
[0.188s] INFO:colcon.colcon_ros.task.ament_cmake.build:Building ROS package in '/home/ubuntu/ros2_rviz_urbot/src/mycobot_ros2/mycobot_system_tests' with build type 'ament_cmake'
[0.188s] INFO:colcon.colcon_cmake.task.cmake.build:Building CMake package in '/home/ubuntu/ros2_rviz_urbot/src/mycobot_ros2/mycobot_system_tests'
[0.188s] INFO:colcon.colcon_core.shell:Skip shell extension 'powershell' for command environment: Not usable outside of PowerShell
[0.188s] DEBUG:colcon.colcon_core.shell:Skip shell extension 'dsv' for command environment
[0.213s] DEBUG:colcon.colcon_core.event_handler.log_command:Invoking command in '/home/ubuntu/ros2_rviz_urbot/build/mycobot_bringup': CMAKE_PREFIX_PATH=${CMAKE_PREFIX_PATH}:/opt/ros/jazzy DEBUGINFOD_URLS=https://debuginfod.ubuntu.com /usr/bin/cmake /home/ubuntu/ros2_rviz_urbot/src/mycobot_ros2/mycobot_bringup -DAMENT_CMAKE_SYMLINK_INSTALL=1 -DCMAKE_INSTALL_PREFIX=/home/ubuntu/ros2_rviz_urbot/install/mycobot_bringup
[0.219s] DEBUG:colcon.colcon_core.event_handler.log_command:Invoking command in '/home/ubuntu/ros2_rviz_urbot/build/mycobot_description': CMAKE_PREFIX_PATH=${CMAKE_PREFIX_PATH}:/opt/ros/jazzy DEBUGINFOD_URLS=https://debuginfod.ubuntu.com /usr/bin/cmake /home/ubuntu/ros2_rviz_urbot/src/mycobot_ros2/mycobot_description -DAMENT_CMAKE_SYMLINK_INSTALL=1 -DCMAKE_INSTALL_PREFIX=/home/ubuntu/ros2_rviz_urbot/install/mycobot_description
[0.224s] DEBUG:colcon.colcon_core.event_handler.log_command:Invoking command in '/home/ubuntu/ros2_rviz_urbot/build/mycobot_gazebo': CMAKE_PREFIX_PATH=${CMAKE_PREFIX_PATH}:/opt/ros/jazzy DEBUGINFOD_URLS=https://debuginfod.ubuntu.com /usr/bin/cmake /home/ubuntu/ros2_rviz_urbot/src/mycobot_ros2/mycobot_gazebo -DAMENT_CMAKE_SYMLINK_INSTALL=1 -DCMAKE_INSTALL_PREFIX=/home/ubuntu/ros2_rviz_urbot/install/mycobot_gazebo
[0.225s] DEBUG:colcon.colcon_core.event_handler.log_command:Invoking command in '/home/ubuntu/ros2_rviz_urbot/build/mycobot_moveit_config': CMAKE_PREFIX_PATH=${CMAKE_PREFIX_PATH}:/opt/ros/jazzy DEBUGINFOD_URLS=https://debuginfod.ubuntu.com /usr/bin/cmake /home/ubuntu/ros2_rviz_urbot/src/mycobot_ros2/mycobot_moveit_config -DAMENT_CMAKE_SYMLINK_INSTALL=1 -DCMAKE_INSTALL_PREFIX=/home/ubuntu/ros2_rviz_urbot/install/mycobot_moveit_config
[0.269s] DEBUG:colcon.colcon_core.event_handler.log_command:Invoking command in '/home/ubuntu/ros2_rviz_urbot/build/mycobot_system_tests': CMAKE_PREFIX_PATH=${CMAKE_PREFIX_PATH}:/opt/ros/jazzy DEBUGINFOD_URLS=https://debuginfod.ubuntu.com /usr/bin/cmake /home/ubuntu/ros2_rviz_urbot/src/mycobot_ros2/mycobot_system_tests -DAMENT_CMAKE_SYMLINK_INSTALL=1 -DCMAKE_INSTALL_PREFIX=/home/ubuntu/ros2_rviz_urbot/install/mycobot_system_tests
[1.202s] DEBUG:colcon.colcon_core.event_handler.log_command:Invoked command in '/home/ubuntu/ros2_rviz_urbot/build/mycobot_bringup' returned '0': CMAKE_PREFIX_PATH=${CMAKE_PREFIX_PATH}:/opt/ros/jazzy DEBUGINFOD_URLS=https://debuginfod.ubuntu.com /usr/bin/cmake /home/ubuntu/ros2_rviz_urbot/src/mycobot_ros2/mycobot_bringup -DAMENT_CMAKE_SYMLINK_INSTALL=1 -DCMAKE_INSTALL_PREFIX=/home/ubuntu/ros2_rviz_urbot/install/mycobot_bringup
[1.203s] DEBUG:colcon.colcon_core.event_handler.log_command:Invoking command in '/home/ubuntu/ros2_rviz_urbot/build/mycobot_bringup': CMAKE_PREFIX_PATH=${CMAKE_PREFIX_PATH}:/opt/ros/jazzy DEBUGINFOD_URLS=https://debuginfod.ubuntu.com /usr/bin/cmake --build /home/ubuntu/ros2_rviz_urbot/build/mycobot_bringup -- -j16 -l16
[1.227s] DEBUG:colcon.colcon_core.event_handler.log_command:Invoked command in '/home/ubuntu/ros2_rviz_urbot/build/mycobot_description' returned '0': CMAKE_PREFIX_PATH=${CMAKE_PREFIX_PATH}:/opt/ros/jazzy DEBUGINFOD_URLS=https://debuginfod.ubuntu.com /usr/bin/cmake /home/ubuntu/ros2_rviz_urbot/src/mycobot_ros2/mycobot_description -DAMENT_CMAKE_SYMLINK_INSTALL=1 -DCMAKE_INSTALL_PREFIX=/home/ubuntu/ros2_rviz_urbot/install/mycobot_description
[1.231s] DEBUG:colcon.colcon_core.event_handler.log_command:Invoking command in '/home/ubuntu/ros2_rviz_urbot/build/mycobot_description': CMAKE_PREFIX_PATH=${CMAKE_PREFIX_PATH}:/opt/ros/jazzy DEBUGINFOD_URLS=https://debuginfod.ubuntu.com /usr/bin/cmake --build /home/ubuntu/ros2_rviz_urbot/build/mycobot_description -- -j16 -l16
[1.247s] DEBUG:colcon.colcon_core.event_handler.log_command:Invoked command in '/home/ubuntu/ros2_rviz_urbot/build/mycobot_moveit_config' returned '0': CMAKE_PREFIX_PATH=${CMAKE_PREFIX_PATH}:/opt/ros/jazzy DEBUGINFOD_URLS=https://debuginfod.ubuntu.com /usr/bin/cmake /home/ubuntu/ros2_rviz_urbot/src/mycobot_ros2/mycobot_moveit_config -DAMENT_CMAKE_SYMLINK_INSTALL=1 -DCMAKE_INSTALL_PREFIX=/home/ubuntu/ros2_rviz_urbot/install/mycobot_moveit_config
[1.248s] DEBUG:colcon.colcon_core.event_handler.log_command:Invoking command in '/home/ubuntu/ros2_rviz_urbot/build/mycobot_moveit_config': CMAKE_PREFIX_PATH=${CMAKE_PREFIX_PATH}:/opt/ros/jazzy DEBUGINFOD_URLS=https://debuginfod.ubuntu.com /usr/bin/cmake --build /home/ubuntu/ros2_rviz_urbot/build/mycobot_moveit_config -- -j16 -l16
[1.318s] DEBUG:colcon.colcon_core.event_handler.log_command:Invoked command in '/home/ubuntu/ros2_rviz_urbot/build/mycobot_system_tests' returned '0': CMAKE_PREFIX_PATH=${CMAKE_PREFIX_PATH}:/opt/ros/jazzy DEBUGINFOD_URLS=https://debuginfod.ubuntu.com /usr/bin/cmake /home/ubuntu/ros2_rviz_urbot/src/mycobot_ros2/mycobot_system_tests -DAMENT_CMAKE_SYMLINK_INSTALL=1 -DCMAKE_INSTALL_PREFIX=/home/ubuntu/ros2_rviz_urbot/install/mycobot_system_tests
[1.319s] DEBUG:colcon.colcon_core.event_handler.log_command:Invoking command in '/home/ubuntu/ros2_rviz_urbot/build/mycobot_system_tests': CMAKE_PREFIX_PATH=${CMAKE_PREFIX_PATH}:/opt/ros/jazzy DEBUGINFOD_URLS=https://debuginfod.ubuntu.com /usr/bin/cmake --build /home/ubuntu/ros2_rviz_urbot/build/mycobot_system_tests -- -j16 -l16
[1.340s] DEBUG:colcon.colcon_core.event_handler.log_command:Invoked command in '/home/ubuntu/ros2_rviz_urbot/build/mycobot_bringup' returned '0': CMAKE_PREFIX_PATH=${CMAKE_PREFIX_PATH}:/opt/ros/jazzy DEBUGINFOD_URLS=https://debuginfod.ubuntu.com /usr/bin/cmake --build /home/ubuntu/ros2_rviz_urbot/build/mycobot_bringup -- -j16 -l16
[1.369s] DEBUG:colcon.colcon_core.event_handler.log_command:Invoking command in '/home/ubuntu/ros2_rviz_urbot/build/mycobot_bringup': CMAKE_PREFIX_PATH=${CMAKE_PREFIX_PATH}:/opt/ros/jazzy DEBUGINFOD_URLS=https://debuginfod.ubuntu.com /usr/bin/cmake --install /home/ubuntu/ros2_rviz_urbot/build/mycobot_bringup
[1.460s] DEBUG:colcon.colcon_core.event_handler.log_command:Invoked command in '/home/ubuntu/ros2_rviz_urbot/build/mycobot_description' returned '0': CMAKE_PREFIX_PATH=${CMAKE_PREFIX_PATH}:/opt/ros/jazzy DEBUGINFOD_URLS=https://debuginfod.ubuntu.com /usr/bin/cmake --build /home/ubuntu/ros2_rviz_urbot/build/mycobot_description -- -j16 -l16
[1.460s] DEBUG:colcon.colcon_core.event_handler.log_command:Invoking command in '/home/ubuntu/ros2_rviz_urbot/build/mycobot_description': CMAKE_PREFIX_PATH=${CMAKE_PREFIX_PATH}:/opt/ros/jazzy DEBUGINFOD_URLS=https://debuginfod.ubuntu.com /usr/bin/cmake --install /home/ubuntu/ros2_rviz_urbot/build/mycobot_description
[1.467s] DEBUG:colcon.colcon_core.event_handler.log_command:Invoked command in '/home/ubuntu/ros2_rviz_urbot/build/mycobot_moveit_config' returned '0': CMAKE_PREFIX_PATH=${CMAKE_PREFIX_PATH}:/opt/ros/jazzy DEBUGINFOD_URLS=https://debuginfod.ubuntu.com /usr/bin/cmake --build /home/ubuntu/ros2_rviz_urbot/build/mycobot_moveit_config -- -j16 -l16
[1.467s] DEBUG:colcon.colcon_core.event_handler.log_command:Invoking command in '/home/ubuntu/ros2_rviz_urbot/build/mycobot_moveit_config': CMAKE_PREFIX_PATH=${CMAKE_PREFIX_PATH}:/opt/ros/jazzy DEBUGINFOD_URLS=https://debuginfod.ubuntu.com /usr/bin/cmake --install /home/ubuntu/ros2_rviz_urbot/build/mycobot_moveit_config
[1.561s] DEBUG:colcon.colcon_core.event_handler.log_command:Invoked command in '/home/ubuntu/ros2_rviz_urbot/build/mycobot_system_tests' returned '0': CMAKE_PREFIX_PATH=${CMAKE_PREFIX_PATH}:/opt/ros/jazzy DEBUGINFOD_URLS=https://debuginfod.ubuntu.com /usr/bin/cmake --build /home/ubuntu/ros2_rviz_urbot/build/mycobot_system_tests -- -j16 -l16
[1.595s] Level 1:colcon.colcon_core.environment:create_environment_scripts_only(mycobot_description)
[1.627s] DEBUG:colcon.colcon_core.event_handler.log_command:Invoking command in '/home/ubuntu/ros2_rviz_urbot/build/mycobot_system_tests': CMAKE_PREFIX_PATH=${CMAKE_PREFIX_PATH}:/opt/ros/jazzy DEBUGINFOD_URLS=https://debuginfod.ubuntu.com /usr/bin/cmake --install /home/ubuntu/ros2_rviz_urbot/build/mycobot_system_tests
[1.640s] DEBUG:colcon.colcon_core.event_handler.log_command:Invoked command in '/home/ubuntu/ros2_rviz_urbot/build/mycobot_description' returned '0': CMAKE_PREFIX_PATH=${CMAKE_PREFIX_PATH}:/opt/ros/jazzy DEBUGINFOD_URLS=https://debuginfod.ubuntu.com /usr/bin/cmake --install /home/ubuntu/ros2_rviz_urbot/build/mycobot_description
[1.643s] Level 1:colcon.colcon_core.environment:checking '/home/ubuntu/ros2_rviz_urbot/install/mycobot_description' for CMake module files
[1.646s] Level 1:colcon.colcon_core.environment:checking '/home/ubuntu/ros2_rviz_urbot/install/mycobot_description' for CMake config files
[1.666s] Level 1:colcon.colcon_core.shell:create_environment_hook('mycobot_description', 'cmake_prefix_path')
[1.666s] INFO:colcon.colcon_core.shell:Creating environment hook '/home/ubuntu/ros2_rviz_urbot/install/mycobot_description/share/mycobot_description/hook/cmake_prefix_path.ps1'
[1.681s] INFO:colcon.colcon_core.shell:Creating environment descriptor '/home/ubuntu/ros2_rviz_urbot/install/mycobot_description/share/mycobot_description/hook/cmake_prefix_path.dsv'
[1.687s] INFO:colcon.colcon_core.shell:Creating environment hook '/home/ubuntu/ros2_rviz_urbot/install/mycobot_description/share/mycobot_description/hook/cmake_prefix_path.sh'
[1.700s] Level 1:colcon.colcon_core.environment:checking '/home/ubuntu/ros2_rviz_urbot/install/mycobot_description/bin'
[1.701s] Level 1:colcon.colcon_core.environment:checking '/home/ubuntu/ros2_rviz_urbot/install/mycobot_description/lib/pkgconfig/mycobot_description.pc'
[1.701s] Level 1:colcon.colcon_core.environment:checking '/home/ubuntu/ros2_rviz_urbot/install/mycobot_description/lib/python3.12/site-packages'
[1.701s] Level 1:colcon.colcon_core.environment:checking '/home/ubuntu/ros2_rviz_urbot/install/mycobot_description/bin'
[1.701s] INFO:colcon.colcon_core.shell:Creating package script '/home/ubuntu/ros2_rviz_urbot/install/mycobot_description/share/mycobot_description/package.ps1'
[1.707s] INFO:colcon.colcon_core.shell:Creating package descriptor '/home/ubuntu/ros2_rviz_urbot/install/mycobot_description/share/mycobot_description/package.dsv'
[1.716s] INFO:colcon.colcon_core.shell:Creating package script '/home/ubuntu/ros2_rviz_urbot/install/mycobot_description/share/mycobot_description/package.sh'
[1.718s] INFO:colcon.colcon_core.shell:Creating package script '/home/ubuntu/ros2_rviz_urbot/install/mycobot_description/share/mycobot_description/package.bash'
[1.719s] INFO:colcon.colcon_core.shell:Creating package script '/home/ubuntu/ros2_rviz_urbot/install/mycobot_description/share/mycobot_description/package.zsh'
[1.726s] Level 1:colcon.colcon_core.environment:create_file_with_runtime_dependencies(/home/ubuntu/ros2_rviz_urbot/install/mycobot_description/share/colcon-core/packages/mycobot_description)
[1.738s] Level 1:colcon.colcon_core.environment:create_environment_scripts_only(mycobot_description)
[1.738s] Level 1:colcon.colcon_core.environment:checking '/home/ubuntu/ros2_rviz_urbot/install/mycobot_description' for CMake module files
[1.761s] Level 1:colcon.colcon_core.environment:checking '/home/ubuntu/ros2_rviz_urbot/install/mycobot_description' for CMake config files
[1.761s] Level 1:colcon.colcon_core.shell:create_environment_hook('mycobot_description', 'cmake_prefix_path')
[1.761s] INFO:colcon.colcon_core.shell:Creating environment hook '/home/ubuntu/ros2_rviz_urbot/install/mycobot_description/share/mycobot_description/hook/cmake_prefix_path.ps1'
[1.763s] INFO:colcon.colcon_core.shell:Creating environment descriptor '/home/ubuntu/ros2_rviz_urbot/install/mycobot_description/share/mycobot_description/hook/cmake_prefix_path.dsv'
[1.780s] INFO:colcon.colcon_core.shell:Creating environment hook '/home/ubuntu/ros2_rviz_urbot/install/mycobot_description/share/mycobot_description/hook/cmake_prefix_path.sh'
[1.783s] Level 1:colcon.colcon_core.environment:checking '/home/ubuntu/ros2_rviz_urbot/install/mycobot_description/bin'
[1.783s] Level 1:colcon.colcon_core.environment:checking '/home/ubuntu/ros2_rviz_urbot/install/mycobot_description/lib/pkgconfig/mycobot_description.pc'
[1.783s] Level 1:colcon.colcon_core.environment:checking '/home/ubuntu/ros2_rviz_urbot/install/mycobot_description/lib/python3.12/site-packages'
[1.784s] Level 1:colcon.colcon_core.environment:checking '/home/ubuntu/ros2_rviz_urbot/install/mycobot_description/bin'
[1.810s] INFO:colcon.colcon_core.shell:Creating package script '/home/ubuntu/ros2_rviz_urbot/install/mycobot_description/share/mycobot_description/package.ps1'
[1.813s] INFO:colcon.colcon_core.shell:Creating package descriptor '/home/ubuntu/ros2_rviz_urbot/install/mycobot_description/share/mycobot_description/package.dsv'
[1.859s] INFO:colcon.colcon_core.shell:Creating package script '/home/ubuntu/ros2_rviz_urbot/install/mycobot_description/share/mycobot_description/package.sh'
[1.905s] INFO:colcon.colcon_core.shell:Creating package script '/home/ubuntu/ros2_rviz_urbot/install/mycobot_description/share/mycobot_description/package.bash'
[1.923s] INFO:colcon.colcon_core.shell:Creating package script '/home/ubuntu/ros2_rviz_urbot/install/mycobot_description/share/mycobot_description/package.zsh'
[1.927s] Level 1:colcon.colcon_core.environment:create_file_with_runtime_dependencies(/home/ubuntu/ros2_rviz_urbot/install/mycobot_description/share/colcon-core/packages/mycobot_description)
[2.168s] Level 1:colcon.colcon_core.environment:create_environment_scripts_only(mycobot_moveit_config)
[2.169s] Level 1:colcon.colcon_core.environment:checking '/home/ubuntu/ros2_rviz_urbot/install/mycobot_moveit_config' for CMake module files
[2.189s] DEBUG:colcon.colcon_core.event_handler.log_command:Invoked command in '/home/ubuntu/ros2_rviz_urbot/build/mycobot_moveit_config' returned '0': CMAKE_PREFIX_PATH=${CMAKE_PREFIX_PATH}:/opt/ros/jazzy DEBUGINFOD_URLS=https://debuginfod.ubuntu.com /usr/bin/cmake --install /home/ubuntu/ros2_rviz_urbot/build/mycobot_moveit_config
[2.199s] Level 1:colcon.colcon_core.environment:checking '/home/ubuntu/ros2_rviz_urbot/install/mycobot_moveit_config' for CMake config files
[2.204s] Level 1:colcon.colcon_core.shell:create_environment_hook('mycobot_moveit_config', 'cmake_prefix_path')
[2.205s] INFO:colcon.colcon_core.shell:Creating environment hook '/home/ubuntu/ros2_rviz_urbot/install/mycobot_moveit_config/share/mycobot_moveit_config/hook/cmake_prefix_path.ps1'
[2.207s] INFO:colcon.colcon_core.shell:Creating environment descriptor '/home/ubuntu/ros2_rviz_urbot/install/mycobot_moveit_config/share/mycobot_moveit_config/hook/cmake_prefix_path.dsv'
[2.209s] INFO:colcon.colcon_core.shell:Creating environment hook '/home/ubuntu/ros2_rviz_urbot/install/mycobot_moveit_config/share/mycobot_moveit_config/hook/cmake_prefix_path.sh'
[2.220s] Level 1:colcon.colcon_core.environment:checking '/home/ubuntu/ros2_rviz_urbot/install/mycobot_moveit_config/bin'
[2.226s] Level 1:colcon.colcon_core.environment:checking '/home/ubuntu/ros2_rviz_urbot/install/mycobot_moveit_config/lib/pkgconfig/mycobot_moveit_config.pc'
[2.227s] Level 1:colcon.colcon_core.environment:checking '/home/ubuntu/ros2_rviz_urbot/install/mycobot_moveit_config/lib/python3.12/site-packages'
[2.227s] Level 1:colcon.colcon_core.environment:checking '/home/ubuntu/ros2_rviz_urbot/install/mycobot_moveit_config/bin'
[2.227s] INFO:colcon.colcon_core.shell:Creating package script '/home/ubuntu/ros2_rviz_urbot/install/mycobot_moveit_config/share/mycobot_moveit_config/package.ps1'
[2.233s] INFO:colcon.colcon_core.shell:Creating package descriptor '/home/ubuntu/ros2_rviz_urbot/install/mycobot_moveit_config/share/mycobot_moveit_config/package.dsv'
[2.236s] INFO:colcon.colcon_core.shell:Creating package script '/home/ubuntu/ros2_rviz_urbot/install/mycobot_moveit_config/share/mycobot_moveit_config/package.sh'
[2.244s] INFO:colcon.colcon_core.shell:Creating package script '/home/ubuntu/ros2_rviz_urbot/install/mycobot_moveit_config/share/mycobot_moveit_config/package.bash'
[2.257s] INFO:colcon.colcon_core.shell:Creating package script '/home/ubuntu/ros2_rviz_urbot/install/mycobot_moveit_config/share/mycobot_moveit_config/package.zsh'
[2.259s] Level 1:colcon.colcon_core.environment:create_file_with_runtime_dependencies(/home/ubuntu/ros2_rviz_urbot/install/mycobot_moveit_config/share/colcon-core/packages/mycobot_moveit_config)
[2.261s] Level 1:colcon.colcon_core.environment:create_environment_scripts_only(mycobot_moveit_config)
[2.273s] Level 1:colcon.colcon_core.environment:checking '/home/ubuntu/ros2_rviz_urbot/install/mycobot_moveit_config' for CMake module files
[2.275s] Level 1:colcon.colcon_core.environment:checking '/home/ubuntu/ros2_rviz_urbot/install/mycobot_moveit_config' for CMake config files
[2.275s] Level 1:colcon.colcon_core.shell:create_environment_hook('mycobot_moveit_config', 'cmake_prefix_path')
[2.275s] INFO:colcon.colcon_core.shell:Creating environment hook '/home/ubuntu/ros2_rviz_urbot/install/mycobot_moveit_config/share/mycobot_moveit_config/hook/cmake_prefix_path.ps1'
[2.278s] INFO:colcon.colcon_core.shell:Creating environment descriptor '/home/ubuntu/ros2_rviz_urbot/install/mycobot_moveit_config/share/mycobot_moveit_config/hook/cmake_prefix_path.dsv'
[2.285s] INFO:colcon.colcon_core.shell:Creating environment hook '/home/ubuntu/ros2_rviz_urbot/install/mycobot_moveit_config/share/mycobot_moveit_config/hook/cmake_prefix_path.sh'
[2.291s] Level 1:colcon.colcon_core.environment:checking '/home/ubuntu/ros2_rviz_urbot/install/mycobot_moveit_config/bin'
[2.291s] Level 1:colcon.colcon_core.environment:checking '/home/ubuntu/ros2_rviz_urbot/install/mycobot_moveit_config/lib/pkgconfig/mycobot_moveit_config.pc'
[2.291s] Level 1:colcon.colcon_core.environment:checking '/home/ubuntu/ros2_rviz_urbot/install/mycobot_moveit_config/lib/python3.12/site-packages'
[2.291s] Level 1:colcon.colcon_core.environment:checking '/home/ubuntu/ros2_rviz_urbot/install/mycobot_moveit_config/bin'
[2.291s] INFO:colcon.colcon_core.shell:Creating package script '/home/ubuntu/ros2_rviz_urbot/install/mycobot_moveit_config/share/mycobot_moveit_config/package.ps1'
[2.292s] INFO:colcon.colcon_core.shell:Creating package descriptor '/home/ubuntu/ros2_rviz_urbot/install/mycobot_moveit_config/share/mycobot_moveit_config/package.dsv'
[2.307s] INFO:colcon.colcon_core.shell:Creating package script '/home/ubuntu/ros2_rviz_urbot/install/mycobot_moveit_config/share/mycobot_moveit_config/package.sh'
[2.325s] INFO:colcon.colcon_core.shell:Creating package script '/home/ubuntu/ros2_rviz_urbot/install/mycobot_moveit_config/share/mycobot_moveit_config/package.bash'
[2.326s] INFO:colcon.colcon_core.shell:Creating package script '/home/ubuntu/ros2_rviz_urbot/install/mycobot_moveit_config/share/mycobot_moveit_config/package.zsh'
[2.326s] Level 1:colcon.colcon_core.environment:create_file_with_runtime_dependencies(/home/ubuntu/ros2_rviz_urbot/install/mycobot_moveit_config/share/colcon-core/packages/mycobot_moveit_config)
[2.329s] Level 1:colcon.colcon_core.environment:create_environment_scripts_only(mycobot_system_tests)
[2.329s] Level 1:colcon.colcon_core.environment:checking '/home/ubuntu/ros2_rviz_urbot/install/mycobot_system_tests' for CMake module files
[2.330s] DEBUG:colcon.colcon_core.event_handler.log_command:Invoked command in '/home/ubuntu/ros2_rviz_urbot/build/mycobot_system_tests' returned '0': CMAKE_PREFIX_PATH=${CMAKE_PREFIX_PATH}:/opt/ros/jazzy DEBUGINFOD_URLS=https://debuginfod.ubuntu.com /usr/bin/cmake --install /home/ubuntu/ros2_rviz_urbot/build/mycobot_system_tests
[2.332s] Level 1:colcon.colcon_core.environment:checking '/home/ubuntu/ros2_rviz_urbot/install/mycobot_system_tests' for CMake config files
[2.335s] Level 1:colcon.colcon_core.shell:create_environment_hook('mycobot_system_tests', 'cmake_prefix_path')
[2.337s] INFO:colcon.colcon_core.shell:Creating environment hook '/home/ubuntu/ros2_rviz_urbot/install/mycobot_system_tests/share/mycobot_system_tests/hook/cmake_prefix_path.ps1'
[2.339s] INFO:colcon.colcon_core.shell:Creating environment descriptor '/home/ubuntu/ros2_rviz_urbot/install/mycobot_system_tests/share/mycobot_system_tests/hook/cmake_prefix_path.dsv'
[2.347s] INFO:colcon.colcon_core.shell:Creating environment hook '/home/ubuntu/ros2_rviz_urbot/install/mycobot_system_tests/share/mycobot_system_tests/hook/cmake_prefix_path.sh'
[2.352s] Level 1:colcon.colcon_core.environment:checking '/home/ubuntu/ros2_rviz_urbot/install/mycobot_system_tests/bin'
[2.352s] Level 1:colcon.colcon_core.environment:checking '/home/ubuntu/ros2_rviz_urbot/install/mycobot_system_tests/lib/pkgconfig/mycobot_system_tests.pc'
[2.353s] Level 1:colcon.colcon_core.environment:checking '/home/ubuntu/ros2_rviz_urbot/install/mycobot_system_tests/lib/python3.12/site-packages'
[2.353s] Level 1:colcon.colcon_core.environment:checking '/home/ubuntu/ros2_rviz_urbot/install/mycobot_system_tests/bin'
[2.353s] INFO:colcon.colcon_core.shell:Creating package script '/home/ubuntu/ros2_rviz_urbot/install/mycobot_system_tests/share/mycobot_system_tests/package.ps1'
[2.368s] INFO:colcon.colcon_core.shell:Creating package descriptor '/home/ubuntu/ros2_rviz_urbot/install/mycobot_system_tests/share/mycobot_system_tests/package.dsv'
[2.377s] INFO:colcon.colcon_core.shell:Creating package script '/home/ubuntu/ros2_rviz_urbot/install/mycobot_system_tests/share/mycobot_system_tests/package.sh'
[2.384s] INFO:colcon.colcon_core.shell:Creating package script '/home/ubuntu/ros2_rviz_urbot/install/mycobot_system_tests/share/mycobot_system_tests/package.bash'
[2.393s] INFO:colcon.colcon_core.shell:Creating package script '/home/ubuntu/ros2_rviz_urbot/install/mycobot_system_tests/share/mycobot_system_tests/package.zsh'
[2.395s] Level 1:colcon.colcon_core.environment:create_file_with_runtime_dependencies(/home/ubuntu/ros2_rviz_urbot/install/mycobot_system_tests/share/colcon-core/packages/mycobot_system_tests)
[2.400s] Level 1:colcon.colcon_core.environment:create_environment_scripts_only(mycobot_system_tests)
[2.400s] Level 1:colcon.colcon_core.environment:checking '/home/ubuntu/ros2_rviz_urbot/install/mycobot_system_tests' for CMake module files
[2.401s] Level 1:colcon.colcon_core.environment:checking '/home/ubuntu/ros2_rviz_urbot/install/mycobot_system_tests' for CMake config files
[2.404s] Level 1:colcon.colcon_core.shell:create_environment_hook('mycobot_system_tests', 'cmake_prefix_path')
[2.408s] INFO:colcon.colcon_core.shell:Creating environment hook '/home/ubuntu/ros2_rviz_urbot/install/mycobot_system_tests/share/mycobot_system_tests/hook/cmake_prefix_path.ps1'
[2.410s] INFO:colcon.colcon_core.shell:Creating environment descriptor '/home/ubuntu/ros2_rviz_urbot/install/mycobot_system_tests/share/mycobot_system_tests/hook/cmake_prefix_path.dsv'
[2.415s] INFO:colcon.colcon_core.shell:Creating environment hook '/home/ubuntu/ros2_rviz_urbot/install/mycobot_system_tests/share/mycobot_system_tests/hook/cmake_prefix_path.sh'
[2.422s] Level 1:colcon.colcon_core.environment:checking '/home/ubuntu/ros2_rviz_urbot/install/mycobot_system_tests/bin'
[2.425s] Level 1:colcon.colcon_core.environment:checking '/home/ubuntu/ros2_rviz_urbot/install/mycobot_system_tests/lib/pkgconfig/mycobot_system_tests.pc'
[2.430s] Level 1:colcon.colcon_core.environment:checking '/home/ubuntu/ros2_rviz_urbot/install/mycobot_system_tests/lib/python3.12/site-packages'
[2.430s] Level 1:colcon.colcon_core.environment:checking '/home/ubuntu/ros2_rviz_urbot/install/mycobot_system_tests/bin'
[2.430s] INFO:colcon.colcon_core.shell:Creating package script '/home/ubuntu/ros2_rviz_urbot/install/mycobot_system_tests/share/mycobot_system_tests/package.ps1'
[2.431s] INFO:colcon.colcon_core.shell:Creating package descriptor '/home/ubuntu/ros2_rviz_urbot/install/mycobot_system_tests/share/mycobot_system_tests/package.dsv'
[2.431s] INFO:colcon.colcon_core.shell:Creating package script '/home/ubuntu/ros2_rviz_urbot/install/mycobot_system_tests/share/mycobot_system_tests/package.sh'
[2.432s] INFO:colcon.colcon_core.shell:Creating package script '/home/ubuntu/ros2_rviz_urbot/install/mycobot_system_tests/share/mycobot_system_tests/package.bash'
[2.433s] INFO:colcon.colcon_core.shell:Creating package script '/home/ubuntu/ros2_rviz_urbot/install/mycobot_system_tests/share/mycobot_system_tests/package.zsh'
[2.433s] Level 1:colcon.colcon_core.environment:create_file_with_runtime_dependencies(/home/ubuntu/ros2_rviz_urbot/install/mycobot_system_tests/share/colcon-core/packages/mycobot_system_tests)
[2.433s] Level 1:colcon.colcon_core.environment:create_environment_scripts_only(mycobot_bringup)
[2.433s] Level 1:colcon.colcon_core.environment:checking '/home/ubuntu/ros2_rviz_urbot/install/mycobot_bringup' for CMake module files
[2.433s] Level 1:colcon.colcon_core.environment:checking '/home/ubuntu/ros2_rviz_urbot/install/mycobot_bringup' for CMake config files
[2.434s] Level 1:colcon.colcon_core.shell:create_environment_hook('mycobot_bringup', 'cmake_prefix_path')
[2.434s] INFO:colcon.colcon_core.shell:Creating environment hook '/home/ubuntu/ros2_rviz_urbot/install/mycobot_bringup/share/mycobot_bringup/hook/cmake_prefix_path.ps1'
[2.434s] INFO:colcon.colcon_core.shell:Creating environment descriptor '/home/ubuntu/ros2_rviz_urbot/install/mycobot_bringup/share/mycobot_bringup/hook/cmake_prefix_path.dsv'
[2.434s] INFO:colcon.colcon_core.shell:Creating environment hook '/home/ubuntu/ros2_rviz_urbot/install/mycobot_bringup/share/mycobot_bringup/hook/cmake_prefix_path.sh'
[2.434s] Level 1:colcon.colcon_core.environment:checking '/home/ubuntu/ros2_rviz_urbot/install/mycobot_bringup/bin'
[2.435s] Level 1:colcon.colcon_core.environment:checking '/home/ubuntu/ros2_rviz_urbot/install/mycobot_bringup/lib/pkgconfig/mycobot_bringup.pc'
[2.435s] Level 1:colcon.colcon_core.environment:checking '/home/ubuntu/ros2_rviz_urbot/install/mycobot_bringup/lib/python3.12/site-packages'
[2.435s] Level 1:colcon.colcon_core.environment:checking '/home/ubuntu/ros2_rviz_urbot/install/mycobot_bringup/bin'
[2.435s] INFO:colcon.colcon_core.shell:Creating package script '/home/ubuntu/ros2_rviz_urbot/install/mycobot_bringup/share/mycobot_bringup/package.ps1'
[2.435s] INFO:colcon.colcon_core.shell:Creating package descriptor '/home/ubuntu/ros2_rviz_urbot/install/mycobot_bringup/share/mycobot_bringup/package.dsv'
[2.435s] INFO:colcon.colcon_core.shell:Creating package script '/home/ubuntu/ros2_rviz_urbot/install/mycobot_bringup/share/mycobot_bringup/package.sh'
[2.436s] INFO:colcon.colcon_core.shell:Creating package script '/home/ubuntu/ros2_rviz_urbot/install/mycobot_bringup/share/mycobot_bringup/package.bash'
[2.436s] INFO:colcon.colcon_core.shell:Creating package script '/home/ubuntu/ros2_rviz_urbot/install/mycobot_bringup/share/mycobot_bringup/package.zsh'
[2.436s] Level 1:colcon.colcon_core.environment:create_file_with_runtime_dependencies(/home/ubuntu/ros2_rviz_urbot/install/mycobot_bringup/share/colcon-core/packages/mycobot_bringup)
[2.436s] Level 1:colcon.colcon_core.environment:create_environment_scripts_only(mycobot_bringup)
[2.436s] Level 1:colcon.colcon_core.environment:checking '/home/ubuntu/ros2_rviz_urbot/install/mycobot_bringup' for CMake module files
[2.437s] Level 1:colcon.colcon_core.environment:checking '/home/ubuntu/ros2_rviz_urbot/install/mycobot_bringup' for CMake config files
[2.437s] Level 1:colcon.colcon_core.shell:create_environment_hook('mycobot_bringup', 'cmake_prefix_path')
[2.437s] INFO:colcon.colcon_core.shell:Creating environment hook '/home/ubuntu/ros2_rviz_urbot/install/mycobot_bringup/share/mycobot_bringup/hook/cmake_prefix_path.ps1'
[2.439s] INFO:colcon.colcon_core.shell:Creating environment descriptor '/home/ubuntu/ros2_rviz_urbot/install/mycobot_bringup/share/mycobot_bringup/hook/cmake_prefix_path.dsv'
[2.439s] INFO:colcon.colcon_core.shell:Creating environment hook '/home/ubuntu/ros2_rviz_urbot/install/mycobot_bringup/share/mycobot_bringup/hook/cmake_prefix_path.sh'
[2.440s] Level 1:colcon.colcon_core.environment:checking '/home/ubuntu/ros2_rviz_urbot/install/mycobot_bringup/bin'
[2.440s] Level 1:colcon.colcon_core.environment:checking '/home/ubuntu/ros2_rviz_urbot/install/mycobot_bringup/lib/pkgconfig/mycobot_bringup.pc'
[2.440s] Level 1:colcon.colcon_core.environment:checking '/home/ubuntu/ros2_rviz_urbot/install/mycobot_bringup/lib/python3.12/site-packages'
[2.440s] Level 1:colcon.colcon_core.environment:checking '/home/ubuntu/ros2_rviz_urbot/install/mycobot_bringup/bin'
[2.440s] INFO:colcon.colcon_core.shell:Creating package script '/home/ubuntu/ros2_rviz_urbot/install/mycobot_bringup/share/mycobot_bringup/package.ps1'
[2.440s] INFO:colcon.colcon_core.shell:Creating package descriptor '/home/ubuntu/ros2_rviz_urbot/install/mycobot_bringup/share/mycobot_bringup/package.dsv'
[2.441s] INFO:colcon.colcon_core.shell:Creating package script '/home/ubuntu/ros2_rviz_urbot/install/mycobot_bringup/share/mycobot_bringup/package.sh'
[2.441s] INFO:colcon.colcon_core.shell:Creating package script '/home/ubuntu/ros2_rviz_urbot/install/mycobot_bringup/share/mycobot_bringup/package.bash'
[2.442s] INFO:colcon.colcon_core.shell:Creating package script '/home/ubuntu/ros2_rviz_urbot/install/mycobot_bringup/share/mycobot_bringup/package.zsh'
[2.442s] Level 1:colcon.colcon_core.environment:create_file_with_runtime_dependencies(/home/ubuntu/ros2_rviz_urbot/install/mycobot_bringup/share/colcon-core/packages/mycobot_bringup)
[2.443s] DEBUG:colcon.colcon_core.event_handler.log_command:Invoked command in '/home/ubuntu/ros2_rviz_urbot/build/mycobot_bringup' returned '0': CMAKE_PREFIX_PATH=${CMAKE_PREFIX_PATH}:/opt/ros/jazzy DEBUGINFOD_URLS=https://debuginfod.ubuntu.com /usr/bin/cmake --install /home/ubuntu/ros2_rviz_urbot/build/mycobot_bringup
[3.072s] DEBUG:colcon.colcon_core.event_handler.log_command:Invoked command in '/home/ubuntu/ros2_rviz_urbot/build/mycobot_gazebo' returned '0': CMAKE_PREFIX_PATH=${CMAKE_PREFIX_PATH}:/opt/ros/jazzy DEBUGINFOD_URLS=https://debuginfod.ubuntu.com /usr/bin/cmake /home/ubuntu/ros2_rviz_urbot/src/mycobot_ros2/mycobot_gazebo -DAMENT_CMAKE_SYMLINK_INSTALL=1 -DCMAKE_INSTALL_PREFIX=/home/ubuntu/ros2_rviz_urbot/install/mycobot_gazebo
[3.072s] DEBUG:colcon.colcon_core.event_handler.log_command:Invoking command in '/home/ubuntu/ros2_rviz_urbot/build/mycobot_gazebo': CMAKE_PREFIX_PATH=${CMAKE_PREFIX_PATH}:/opt/ros/jazzy DEBUGINFOD_URLS=https://debuginfod.ubuntu.com /usr/bin/cmake --build /home/ubuntu/ros2_rviz_urbot/build/mycobot_gazebo -- -j16 -l16
[3.111s] DEBUG:colcon.colcon_core.event_handler.log_command:Invoked command in '/home/ubuntu/ros2_rviz_urbot/build/mycobot_gazebo' returned '0': CMAKE_PREFIX_PATH=${CMAKE_PREFIX_PATH}:/opt/ros/jazzy DEBUGINFOD_URLS=https://debuginfod.ubuntu.com /usr/bin/cmake --build /home/ubuntu/ros2_rviz_urbot/build/mycobot_gazebo -- -j16 -l16
[3.112s] DEBUG:colcon.colcon_core.event_handler.log_command:Invoking command in '/home/ubuntu/ros2_rviz_urbot/build/mycobot_gazebo': CMAKE_PREFIX_PATH=${CMAKE_PREFIX_PATH}:/opt/ros/jazzy DEBUGINFOD_URLS=https://debuginfod.ubuntu.com /usr/bin/cmake --install /home/ubuntu/ros2_rviz_urbot/build/mycobot_gazebo
[3.281s] Level 1:colcon.colcon_core.environment:create_environment_scripts_only(mycobot_gazebo)
[3.282s] Level 1:colcon.colcon_core.environment:checking '/home/ubuntu/ros2_rviz_urbot/install/mycobot_gazebo' for CMake module files
[3.282s] DEBUG:colcon.colcon_core.event_handler.log_command:Invoked command in '/home/ubuntu/ros2_rviz_urbot/build/mycobot_gazebo' returned '0': CMAKE_PREFIX_PATH=${CMAKE_PREFIX_PATH}:/opt/ros/jazzy DEBUGINFOD_URLS=https://debuginfod.ubuntu.com /usr/bin/cmake --install /home/ubuntu/ros2_rviz_urbot/build/mycobot_gazebo
[3.283s] Level 1:colcon.colcon_core.environment:checking '/home/ubuntu/ros2_rviz_urbot/install/mycobot_gazebo' for CMake config files
[3.283s] Level 1:colcon.colcon_core.shell:create_environment_hook('mycobot_gazebo', 'cmake_prefix_path')
[3.283s] INFO:colcon.colcon_core.shell:Creating environment hook '/home/ubuntu/ros2_rviz_urbot/install/mycobot_gazebo/share/mycobot_gazebo/hook/cmake_prefix_path.ps1'
[3.283s] INFO:colcon.colcon_core.shell:Creating environment descriptor '/home/ubuntu/ros2_rviz_urbot/install/mycobot_gazebo/share/mycobot_gazebo/hook/cmake_prefix_path.dsv'
[3.284s] INFO:colcon.colcon_core.shell:Creating environment hook '/home/ubuntu/ros2_rviz_urbot/install/mycobot_gazebo/share/mycobot_gazebo/hook/cmake_prefix_path.sh'
[3.284s] Level 1:colcon.colcon_core.environment:checking '/home/ubuntu/ros2_rviz_urbot/install/mycobot_gazebo/bin'
[3.284s] Level 1:colcon.colcon_core.environment:checking '/home/ubuntu/ros2_rviz_urbot/install/mycobot_gazebo/lib/pkgconfig/mycobot_gazebo.pc'
[3.285s] Level 1:colcon.colcon_core.environment:checking '/home/ubuntu/ros2_rviz_urbot/install/mycobot_gazebo/lib/python3.12/site-packages'
[3.285s] Level 1:colcon.colcon_core.environment:checking '/home/ubuntu/ros2_rviz_urbot/install/mycobot_gazebo/bin'
[3.285s] INFO:colcon.colcon_core.shell:Creating package script '/home/ubuntu/ros2_rviz_urbot/install/mycobot_gazebo/share/mycobot_gazebo/package.ps1'
[3.285s] INFO:colcon.colcon_core.shell:Creating package descriptor '/home/ubuntu/ros2_rviz_urbot/install/mycobot_gazebo/share/mycobot_gazebo/package.dsv'
[3.286s] INFO:colcon.colcon_core.shell:Creating package script '/home/ubuntu/ros2_rviz_urbot/install/mycobot_gazebo/share/mycobot_gazebo/package.sh'
[3.286s] INFO:colcon.colcon_core.shell:Creating package script '/home/ubuntu/ros2_rviz_urbot/install/mycobot_gazebo/share/mycobot_gazebo/package.bash'
[3.286s] INFO:colcon.colcon_core.shell:Creating package script '/home/ubuntu/ros2_rviz_urbot/install/mycobot_gazebo/share/mycobot_gazebo/package.zsh'
[3.287s] Level 1:colcon.colcon_core.environment:create_file_with_runtime_dependencies(/home/ubuntu/ros2_rviz_urbot/install/mycobot_gazebo/share/colcon-core/packages/mycobot_gazebo)
[3.287s] Level 1:colcon.colcon_core.environment:create_environment_scripts_only(mycobot_gazebo)
[3.287s] Level 1:colcon.colcon_core.environment:checking '/home/ubuntu/ros2_rviz_urbot/install/mycobot_gazebo' for CMake module files
[3.288s] Level 1:colcon.colcon_core.environment:checking '/home/ubuntu/ros2_rviz_urbot/install/mycobot_gazebo' for CMake config files
[3.288s] Level 1:colcon.colcon_core.shell:create_environment_hook('mycobot_gazebo', 'cmake_prefix_path')
[3.288s] INFO:colcon.colcon_core.shell:Creating environment hook '/home/ubuntu/ros2_rviz_urbot/install/mycobot_gazebo/share/mycobot_gazebo/hook/cmake_prefix_path.ps1'
[3.288s] INFO:colcon.colcon_core.shell:Creating environment descriptor '/home/ubuntu/ros2_rviz_urbot/install/mycobot_gazebo/share/mycobot_gazebo/hook/cmake_prefix_path.dsv'
[3.288s] INFO:colcon.colcon_core.shell:Creating environment hook '/home/ubuntu/ros2_rviz_urbot/install/mycobot_gazebo/share/mycobot_gazebo/hook/cmake_prefix_path.sh'
[3.289s] Level 1:colcon.colcon_core.environment:checking '/home/ubuntu/ros2_rviz_urbot/install/mycobot_gazebo/bin'
[3.289s] Level 1:colcon.colcon_core.environment:checking '/home/ubuntu/ros2_rviz_urbot/install/mycobot_gazebo/lib/pkgconfig/mycobot_gazebo.pc'
[3.289s] Level 1:colcon.colcon_core.environment:checking '/home/ubuntu/ros2_rviz_urbot/install/mycobot_gazebo/lib/python3.12/site-packages'
[3.290s] Level 1:colcon.colcon_core.environment:checking '/home/ubuntu/ros2_rviz_urbot/install/mycobot_gazebo/bin'
[3.290s] INFO:colcon.colcon_core.shell:Creating package script '/home/ubuntu/ros2_rviz_urbot/install/mycobot_gazebo/share/mycobot_gazebo/package.ps1'
[3.290s] INFO:colcon.colcon_core.shell:Creating package descriptor '/home/ubuntu/ros2_rviz_urbot/install/mycobot_gazebo/share/mycobot_gazebo/package.dsv'
[3.290s] INFO:colcon.colcon_core.shell:Creating package script '/home/ubuntu/ros2_rviz_urbot/install/mycobot_gazebo/share/mycobot_gazebo/package.sh'
[3.291s] INFO:colcon.colcon_core.shell:Creating package script '/home/ubuntu/ros2_rviz_urbot/install/mycobot_gazebo/share/mycobot_gazebo/package.bash'
[3.291s] INFO:colcon.colcon_core.shell:Creating package script '/home/ubuntu/ros2_rviz_urbot/install/mycobot_gazebo/share/mycobot_gazebo/package.zsh'
[3.292s] Level 1:colcon.colcon_core.environment:create_file_with_runtime_dependencies(/home/ubuntu/ros2_rviz_urbot/install/mycobot_gazebo/share/colcon-core/packages/mycobot_gazebo)
[3.292s] INFO:colcon.colcon_ros.task.ament_cmake.build:Building ROS package in '/home/ubuntu/ros2_rviz_urbot/src/mycobot_ros2/mycobot_ros2' with build type 'ament_cmake'
[3.292s] INFO:colcon.colcon_cmake.task.cmake.build:Building CMake package in '/home/ubuntu/ros2_rviz_urbot/src/mycobot_ros2/mycobot_ros2'
[3.292s] INFO:colcon.colcon_core.shell:Skip shell extension 'powershell' for command environment: Not usable outside of PowerShell
[3.292s] DEBUG:colcon.colcon_core.shell:Skip shell extension 'dsv' for command environment
[3.304s] DEBUG:colcon.colcon_core.event_handler.log_command:Invoking command in '/home/ubuntu/ros2_rviz_urbot/build/mycobot_ros2': AMENT_PREFIX_PATH=/home/ubuntu/ros2_rviz_urbot/install/mycobot_system_tests:/home/ubuntu/ros2_rviz_urbot/install/mycobot_moveit_config:/home/ubuntu/ros2_rviz_urbot/install/mycobot_gazebo:/home/ubuntu/ros2_rviz_urbot/install/mycobot_bringup:${AMENT_PREFIX_PATH} CMAKE_PREFIX_PATH=/home/ubuntu/ros2_rviz_urbot/install/mycobot_system_tests:/home/ubuntu/ros2_rviz_urbot/install/mycobot_moveit_config:/home/ubuntu/ros2_rviz_urbot/install/mycobot_gazebo:/home/ubuntu/ros2_rviz_urbot/install/mycobot_description:/home/ubuntu/ros2_rviz_urbot/install/mycobot_bringup:/home/ubuntu/ros2_rviz_urbot/install/mycobot_ros2:/opt/ros/jazzy/opt/gz_sim_vendor:/opt/ros/jazzy/opt/gz_sensors_vendor:/opt/ros/jazzy/opt/gz_physics_vendor:/opt/ros/jazzy/opt/sdformat_vendor:/opt/ros/jazzy/opt/gz_gui_vendor:/opt/ros/jazzy/opt/gz_transport_vendor:/opt/ros/jazzy/opt/gz_rendering_vendor:/opt/ros/jazzy/opt/gz_plugin_vendor:/opt/ros/jazzy/opt/gz_fuel_tools_vendor:/opt/ros/jazzy/opt/gz_msgs_vendor:/opt/ros/jazzy/opt/gz_common_vendor:/opt/ros/jazzy/opt/gz_math_vendor:/opt/ros/jazzy/opt/gz_utils_vendor:/opt/ros/jazzy/opt/gz_tools_vendor:/opt/ros/jazzy/opt/gz_ogre_next_vendor:/opt/ros/jazzy/opt/gz_dartsim_vendor:/opt/ros/jazzy/opt/gz_cmake_vendor:/opt/ros/jazzy DEBUGINFOD_URLS=https://debuginfod.ubuntu.com /usr/bin/cmake /home/ubuntu/ros2_rviz_urbot/src/mycobot_ros2/mycobot_ros2 -DAMENT_CMAKE_SYMLINK_INSTALL=1 -DCMAKE_INSTALL_PREFIX=/home/ubuntu/ros2_rviz_urbot/install/mycobot_ros2
[3.605s] DEBUG:colcon.colcon_core.event_handler.log_command:Invoked command in '/home/ubuntu/ros2_rviz_urbot/build/mycobot_ros2' returned '0': AMENT_PREFIX_PATH=/home/ubuntu/ros2_rviz_urbot/install/mycobot_system_tests:/home/ubuntu/ros2_rviz_urbot/install/mycobot_moveit_config:/home/ubuntu/ros2_rviz_urbot/install/mycobot_gazebo:/home/ubuntu/ros2_rviz_urbot/install/mycobot_bringup:${AMENT_PREFIX_PATH} CMAKE_PREFIX_PATH=/home/ubuntu/ros2_rviz_urbot/install/mycobot_system_tests:/home/ubuntu/ros2_rviz_urbot/install/mycobot_moveit_config:/home/ubuntu/ros2_rviz_urbot/install/mycobot_gazebo:/home/ubuntu/ros2_rviz_urbot/install/mycobot_description:/home/ubuntu/ros2_rviz_urbot/install/mycobot_bringup:/home/ubuntu/ros2_rviz_urbot/install/mycobot_ros2:/opt/ros/jazzy/opt/gz_sim_vendor:/opt/ros/jazzy/opt/gz_sensors_vendor:/opt/ros/jazzy/opt/gz_physics_vendor:/opt/ros/jazzy/opt/sdformat_vendor:/opt/ros/jazzy/opt/gz_gui_vendor:/opt/ros/jazzy/opt/gz_transport_vendor:/opt/ros/jazzy/opt/gz_rendering_vendor:/opt/ros/jazzy/opt/gz_plugin_vendor:/opt/ros/jazzy/opt/gz_fuel_tools_vendor:/opt/ros/jazzy/opt/gz_msgs_vendor:/opt/ros/jazzy/opt/gz_common_vendor:/opt/ros/jazzy/opt/gz_math_vendor:/opt/ros/jazzy/opt/gz_utils_vendor:/opt/ros/jazzy/opt/gz_tools_vendor:/opt/ros/jazzy/opt/gz_ogre_next_vendor:/opt/ros/jazzy/opt/gz_dartsim_vendor:/opt/ros/jazzy/opt/gz_cmake_vendor:/opt/ros/jazzy DEBUGINFOD_URLS=https://debuginfod.ubuntu.com /usr/bin/cmake /home/ubuntu/ros2_rviz_urbot/src/mycobot_ros2/mycobot_ros2 -DAMENT_CMAKE_SYMLINK_INSTALL=1 -DCMAKE_INSTALL_PREFIX=/home/ubuntu/ros2_rviz_urbot/install/mycobot_ros2
[3.606s] DEBUG:colcon.colcon_core.event_handler.log_command:Invoking command in '/home/ubuntu/ros2_rviz_urbot/build/mycobot_ros2': AMENT_PREFIX_PATH=/home/ubuntu/ros2_rviz_urbot/install/mycobot_system_tests:/home/ubuntu/ros2_rviz_urbot/install/mycobot_moveit_config:/home/ubuntu/ros2_rviz_urbot/install/mycobot_gazebo:/home/ubuntu/ros2_rviz_urbot/install/mycobot_bringup:${AMENT_PREFIX_PATH} CMAKE_PREFIX_PATH=/home/ubuntu/ros2_rviz_urbot/install/mycobot_system_tests:/home/ubuntu/ros2_rviz_urbot/install/mycobot_moveit_config:/home/ubuntu/ros2_rviz_urbot/install/mycobot_gazebo:/home/ubuntu/ros2_rviz_urbot/install/mycobot_description:/home/ubuntu/ros2_rviz_urbot/install/mycobot_bringup:/home/ubuntu/ros2_rviz_urbot/install/mycobot_ros2:/opt/ros/jazzy/opt/gz_sim_vendor:/opt/ros/jazzy/opt/gz_sensors_vendor:/opt/ros/jazzy/opt/gz_physics_vendor:/opt/ros/jazzy/opt/sdformat_vendor:/opt/ros/jazzy/opt/gz_gui_vendor:/opt/ros/jazzy/opt/gz_transport_vendor:/opt/ros/jazzy/opt/gz_rendering_vendor:/opt/ros/jazzy/opt/gz_plugin_vendor:/opt/ros/jazzy/opt/gz_fuel_tools_vendor:/opt/ros/jazzy/opt/gz_msgs_vendor:/opt/ros/jazzy/opt/gz_common_vendor:/opt/ros/jazzy/opt/gz_math_vendor:/opt/ros/jazzy/opt/gz_utils_vendor:/opt/ros/jazzy/opt/gz_tools_vendor:/opt/ros/jazzy/opt/gz_ogre_next_vendor:/opt/ros/jazzy/opt/gz_dartsim_vendor:/opt/ros/jazzy/opt/gz_cmake_vendor:/opt/ros/jazzy DEBUGINFOD_URLS=https://debuginfod.ubuntu.com /usr/bin/cmake --build /home/ubuntu/ros2_rviz_urbot/build/mycobot_ros2 -- -j16 -l16
[3.643s] DEBUG:colcon.colcon_core.event_handler.log_command:Invoked command in '/home/ubuntu/ros2_rviz_urbot/build/mycobot_ros2' returned '0': AMENT_PREFIX_PATH=/home/ubuntu/ros2_rviz_urbot/install/mycobot_system_tests:/home/ubuntu/ros2_rviz_urbot/install/mycobot_moveit_config:/home/ubuntu/ros2_rviz_urbot/install/mycobot_gazebo:/home/ubuntu/ros2_rviz_urbot/install/mycobot_bringup:${AMENT_PREFIX_PATH} CMAKE_PREFIX_PATH=/home/ubuntu/ros2_rviz_urbot/install/mycobot_system_tests:/home/ubuntu/ros2_rviz_urbot/install/mycobot_moveit_config:/home/ubuntu/ros2_rviz_urbot/install/mycobot_gazebo:/home/ubuntu/ros2_rviz_urbot/install/mycobot_description:/home/ubuntu/ros2_rviz_urbot/install/mycobot_bringup:/home/ubuntu/ros2_rviz_urbot/install/mycobot_ros2:/opt/ros/jazzy/opt/gz_sim_vendor:/opt/ros/jazzy/opt/gz_sensors_vendor:/opt/ros/jazzy/opt/gz_physics_vendor:/opt/ros/jazzy/opt/sdformat_vendor:/opt/ros/jazzy/opt/gz_gui_vendor:/opt/ros/jazzy/opt/gz_transport_vendor:/opt/ros/jazzy/opt/gz_rendering_vendor:/opt/ros/jazzy/opt/gz_plugin_vendor:/opt/ros/jazzy/opt/gz_fuel_tools_vendor:/opt/ros/jazzy/opt/gz_msgs_vendor:/opt/ros/jazzy/opt/gz_common_vendor:/opt/ros/jazzy/opt/gz_math_vendor:/opt/ros/jazzy/opt/gz_utils_vendor:/opt/ros/jazzy/opt/gz_tools_vendor:/opt/ros/jazzy/opt/gz_ogre_next_vendor:/opt/ros/jazzy/opt/gz_dartsim_vendor:/opt/ros/jazzy/opt/gz_cmake_vendor:/opt/ros/jazzy DEBUGINFOD_URLS=https://debuginfod.ubuntu.com /usr/bin/cmake --build /home/ubuntu/ros2_rviz_urbot/build/mycobot_ros2 -- -j16 -l16
[3.644s] DEBUG:colcon.colcon_core.event_handler.log_command:Invoking command in '/home/ubuntu/ros2_rviz_urbot/build/mycobot_ros2': AMENT_PREFIX_PATH=/home/ubuntu/ros2_rviz_urbot/install/mycobot_system_tests:/home/ubuntu/ros2_rviz_urbot/install/mycobot_moveit_config:/home/ubuntu/ros2_rviz_urbot/install/mycobot_gazebo:/home/ubuntu/ros2_rviz_urbot/install/mycobot_bringup:${AMENT_PREFIX_PATH} CMAKE_PREFIX_PATH=/home/ubuntu/ros2_rviz_urbot/install/mycobot_system_tests:/home/ubuntu/ros2_rviz_urbot/install/mycobot_moveit_config:/home/ubuntu/ros2_rviz_urbot/install/mycobot_gazebo:/home/ubuntu/ros2_rviz_urbot/install/mycobot_description:/home/ubuntu/ros2_rviz_urbot/install/mycobot_bringup:/home/ubuntu/ros2_rviz_urbot/install/mycobot_ros2:/opt/ros/jazzy/opt/gz_sim_vendor:/opt/ros/jazzy/opt/gz_sensors_vendor:/opt/ros/jazzy/opt/gz_physics_vendor:/opt/ros/jazzy/opt/sdformat_vendor:/opt/ros/jazzy/opt/gz_gui_vendor:/opt/ros/jazzy/opt/gz_transport_vendor:/opt/ros/jazzy/opt/gz_rendering_vendor:/opt/ros/jazzy/opt/gz_plugin_vendor:/opt/ros/jazzy/opt/gz_fuel_tools_vendor:/opt/ros/jazzy/opt/gz_msgs_vendor:/opt/ros/jazzy/opt/gz_common_vendor:/opt/ros/jazzy/opt/gz_math_vendor:/opt/ros/jazzy/opt/gz_utils_vendor:/opt/ros/jazzy/opt/gz_tools_vendor:/opt/ros/jazzy/opt/gz_ogre_next_vendor:/opt/ros/jazzy/opt/gz_dartsim_vendor:/opt/ros/jazzy/opt/gz_cmake_vendor:/opt/ros/jazzy DEBUGINFOD_URLS=https://debuginfod.ubuntu.com /usr/bin/cmake --install /home/ubuntu/ros2_rviz_urbot/build/mycobot_ros2
[3.676s] Level 1:colcon.colcon_core.environment:create_environment_scripts_only(mycobot_ros2)
[3.676s] Level 1:colcon.colcon_core.environment:checking '/home/ubuntu/ros2_rviz_urbot/install/mycobot_ros2' for CMake module files
[3.677s] DEBUG:colcon.colcon_core.event_handler.log_command:Invoked command in '/home/ubuntu/ros2_rviz_urbot/build/mycobot_ros2' returned '0': AMENT_PREFIX_PATH=/home/ubuntu/ros2_rviz_urbot/install/mycobot_system_tests:/home/ubuntu/ros2_rviz_urbot/install/mycobot_moveit_config:/home/ubuntu/ros2_rviz_urbot/install/mycobot_gazebo:/home/ubuntu/ros2_rviz_urbot/install/mycobot_bringup:${AMENT_PREFIX_PATH} CMAKE_PREFIX_PATH=/home/ubuntu/ros2_rviz_urbot/install/mycobot_system_tests:/home/ubuntu/ros2_rviz_urbot/install/mycobot_moveit_config:/home/ubuntu/ros2_rviz_urbot/install/mycobot_gazebo:/home/ubuntu/ros2_rviz_urbot/install/mycobot_description:/home/ubuntu/ros2_rviz_urbot/install/mycobot_bringup:/home/ubuntu/ros2_rviz_urbot/install/mycobot_ros2:/opt/ros/jazzy/opt/gz_sim_vendor:/opt/ros/jazzy/opt/gz_sensors_vendor:/opt/ros/jazzy/opt/gz_physics_vendor:/opt/ros/jazzy/opt/sdformat_vendor:/opt/ros/jazzy/opt/gz_gui_vendor:/opt/ros/jazzy/opt/gz_transport_vendor:/opt/ros/jazzy/opt/gz_rendering_vendor:/opt/ros/jazzy/opt/gz_plugin_vendor:/opt/ros/jazzy/opt/gz_fuel_tools_vendor:/opt/ros/jazzy/opt/gz_msgs_vendor:/opt/ros/jazzy/opt/gz_common_vendor:/opt/ros/jazzy/opt/gz_math_vendor:/opt/ros/jazzy/opt/gz_utils_vendor:/opt/ros/jazzy/opt/gz_tools_vendor:/opt/ros/jazzy/opt/gz_ogre_next_vendor:/opt/ros/jazzy/opt/gz_dartsim_vendor:/opt/ros/jazzy/opt/gz_cmake_vendor:/opt/ros/jazzy DEBUGINFOD_URLS=https://debuginfod.ubuntu.com /usr/bin/cmake --install /home/ubuntu/ros2_rviz_urbot/build/mycobot_ros2
[3.677s] Level 1:colcon.colcon_core.environment:checking '/home/ubuntu/ros2_rviz_urbot/install/mycobot_ros2' for CMake config files
[3.677s] Level 1:colcon.colcon_core.shell:create_environment_hook('mycobot_ros2', 'cmake_prefix_path')
[3.677s] INFO:colcon.colcon_core.shell:Creating environment hook '/home/ubuntu/ros2_rviz_urbot/install/mycobot_ros2/share/mycobot_ros2/hook/cmake_prefix_path.ps1'
[3.678s] INFO:colcon.colcon_core.shell:Creating environment descriptor '/home/ubuntu/ros2_rviz_urbot/install/mycobot_ros2/share/mycobot_ros2/hook/cmake_prefix_path.dsv'
[3.678s] INFO:colcon.colcon_core.shell:Creating environment hook '/home/ubuntu/ros2_rviz_urbot/install/mycobot_ros2/share/mycobot_ros2/hook/cmake_prefix_path.sh'
[3.679s] Level 1:colcon.colcon_core.environment:checking '/home/ubuntu/ros2_rviz_urbot/install/mycobot_ros2/bin'
[3.679s] Level 1:colcon.colcon_core.environment:checking '/home/ubuntu/ros2_rviz_urbot/install/mycobot_ros2/lib/pkgconfig/mycobot_ros2.pc'
[3.679s] Level 1:colcon.colcon_core.environment:checking '/home/ubuntu/ros2_rviz_urbot/install/mycobot_ros2/lib/python3.12/site-packages'
[3.679s] Level 1:colcon.colcon_core.environment:checking '/home/ubuntu/ros2_rviz_urbot/install/mycobot_ros2/bin'
[3.679s] INFO:colcon.colcon_core.shell:Creating package script '/home/ubuntu/ros2_rviz_urbot/install/mycobot_ros2/share/mycobot_ros2/package.ps1'
[3.680s] INFO:colcon.colcon_core.shell:Creating package descriptor '/home/ubuntu/ros2_rviz_urbot/install/mycobot_ros2/share/mycobot_ros2/package.dsv'
[3.680s] INFO:colcon.colcon_core.shell:Creating package script '/home/ubuntu/ros2_rviz_urbot/install/mycobot_ros2/share/mycobot_ros2/package.sh'
[3.681s] INFO:colcon.colcon_core.shell:Creating package script '/home/ubuntu/ros2_rviz_urbot/install/mycobot_ros2/share/mycobot_ros2/package.bash'
[3.681s] INFO:colcon.colcon_core.shell:Creating package script '/home/ubuntu/ros2_rviz_urbot/install/mycobot_ros2/share/mycobot_ros2/package.zsh'
[3.682s] Level 1:colcon.colcon_core.environment:create_file_with_runtime_dependencies(/home/ubuntu/ros2_rviz_urbot/install/mycobot_ros2/share/colcon-core/packages/mycobot_ros2)
[3.682s] Level 1:colcon.colcon_core.environment:create_environment_scripts_only(mycobot_ros2)
[3.682s] Level 1:colcon.colcon_core.environment:checking '/home/ubuntu/ros2_rviz_urbot/install/mycobot_ros2' for CMake module files
[3.683s] Level 1:colcon.colcon_core.environment:checking '/home/ubuntu/ros2_rviz_urbot/install/mycobot_ros2' for CMake config files
[3.683s] Level 1:colcon.colcon_core.shell:create_environment_hook('mycobot_ros2', 'cmake_prefix_path')
[3.683s] INFO:colcon.colcon_core.shell:Creating environment hook '/home/ubuntu/ros2_rviz_urbot/install/mycobot_ros2/share/mycobot_ros2/hook/cmake_prefix_path.ps1'
[3.683s] INFO:colcon.colcon_core.shell:Creating environment descriptor '/home/ubuntu/ros2_rviz_urbot/install/mycobot_ros2/share/mycobot_ros2/hook/cmake_prefix_path.dsv'
[3.684s] INFO:colcon.colcon_core.shell:Creating environment hook '/home/ubuntu/ros2_rviz_urbot/install/mycobot_ros2/share/mycobot_ros2/hook/cmake_prefix_path.sh'
[3.684s] Level 1:colcon.colcon_core.environment:checking '/home/ubuntu/ros2_rviz_urbot/install/mycobot_ros2/bin'
[3.684s] Level 1:colcon.colcon_core.environment:checking '/home/ubuntu/ros2_rviz_urbot/install/mycobot_ros2/lib/pkgconfig/mycobot_ros2.pc'
[3.685s] Level 1:colcon.colcon_core.environment:checking '/home/ubuntu/ros2_rviz_urbot/install/mycobot_ros2/lib/python3.12/site-packages'
[3.685s] Level 1:colcon.colcon_core.environment:checking '/home/ubuntu/ros2_rviz_urbot/install/mycobot_ros2/bin'
[3.685s] INFO:colcon.colcon_core.shell:Creating package script '/home/ubuntu/ros2_rviz_urbot/install/mycobot_ros2/share/mycobot_ros2/package.ps1'
[3.685s] INFO:colcon.colcon_core.shell:Creating package descriptor '/home/ubuntu/ros2_rviz_urbot/install/mycobot_ros2/share/mycobot_ros2/package.dsv'
[3.686s] INFO:colcon.colcon_core.shell:Creating package script '/home/ubuntu/ros2_rviz_urbot/install/mycobot_ros2/share/mycobot_ros2/package.sh'
[3.686s] INFO:colcon.colcon_core.shell:Creating package script '/home/ubuntu/ros2_rviz_urbot/install/mycobot_ros2/share/mycobot_ros2/package.bash'
[3.687s] INFO:colcon.colcon_core.shell:Creating package script '/home/ubuntu/ros2_rviz_urbot/install/mycobot_ros2/share/mycobot_ros2/package.zsh'
[3.687s] Level 1:colcon.colcon_core.environment:create_file_with_runtime_dependencies(/home/ubuntu/ros2_rviz_urbot/install/mycobot_ros2/share/colcon-core/packages/mycobot_ros2)
[3.687s] DEBUG:colcon.colcon_parallel_executor.executor.parallel:closing loop
[3.688s] DEBUG:colcon.colcon_parallel_executor.executor.parallel:loop closed
[3.688s] DEBUG:colcon.colcon_parallel_executor.executor.parallel:run_until_complete finished with '0'
[3.688s] DEBUG:colcon.colcon_core.event_reactor:joining thread
[3.695s] INFO:colcon.colcon_core.plugin_system:Skipping extension 'colcon_notification.desktop_notification.terminal_notifier': Not used on non-Darwin systems
[3.697s] INFO:colcon.colcon_core.plugin_system:Skipping extension 'colcon_notification.desktop_notification.win32': Not used on non-Windows systems
[3.697s] INFO:colcon.colcon_notification.desktop_notification:Sending desktop notification using 'notify2'
[3.718s] DEBUG:colcon.colcon_core.event_reactor:joined thread
[3.719s] INFO:colcon.colcon_core.shell:Creating prefix script '/home/ubuntu/ros2_rviz_urbot/install/local_setup.ps1'
[3.720s] INFO:colcon.colcon_core.shell:Creating prefix util module '/home/ubuntu/ros2_rviz_urbot/install/_local_setup_util_ps1.py'
[3.721s] INFO:colcon.colcon_core.shell:Creating prefix chain script '/home/ubuntu/ros2_rviz_urbot/install/setup.ps1'
[3.722s] INFO:colcon.colcon_core.shell:Creating prefix script '/home/ubuntu/ros2_rviz_urbot/install/local_setup.sh'
[3.723s] INFO:colcon.colcon_core.shell:Creating prefix util module '/home/ubuntu/ros2_rviz_urbot/install/_local_setup_util_sh.py'
[3.723s] INFO:colcon.colcon_core.shell:Creating prefix chain script '/home/ubuntu/ros2_rviz_urbot/install/setup.sh'
[3.724s] INFO:colcon.colcon_core.shell:Creating prefix script '/home/ubuntu/ros2_rviz_urbot/install/local_setup.bash'
[3.726s] INFO:colcon.colcon_core.shell:Creating prefix chain script '/home/ubuntu/ros2_rviz_urbot/install/setup.bash'
[3.731s] INFO:colcon.colcon_core.shell:Creating prefix script '/home/ubuntu/ros2_rviz_urbot/install/local_setup.zsh'
[3.735s] INFO:colcon.colcon_core.shell:Creating prefix chain script '/home/ubuntu/ros2_rviz_urbot/install/setup.zsh'
