[0.061s] Invoking command in '/home/ubuntu/ros2_rviz_urbot/build/mycobot_bringup': CMAKE_PREFIX_PATH=${CMAKE_PREFIX_PATH}:/opt/ros/jazzy DEBUGINFOD_URLS=https://debuginfod.ubuntu.com /usr/bin/cmake --build /home/ubuntu/ros2_rviz_urbot/build/mycobot_bringup -- -j16 -l16
[0.246s] Invoked command in '/home/ubuntu/ros2_rviz_urbot/build/mycobot_bringup' returned '0': CMAKE_PREFIX_PATH=${CMAKE_PREFIX_PATH}:/opt/ros/jazzy DEBUGINFOD_URLS=https://debuginfod.ubuntu.com /usr/bin/cmake --build /home/ubuntu/ros2_rviz_urbot/build/mycobot_bringup -- -j16 -l16
[0.315s] Invoking command in '/home/ubuntu/ros2_rviz_urbot/build/mycobot_bringup': CMAKE_PREFIX_PATH=${CMAKE_PREFIX_PATH}:/opt/ros/jazzy DEBUGINFOD_URLS=https://debuginfod.ubuntu.com /usr/bin/cmake --install /home/ubuntu/ros2_rviz_urbot/build/mycobot_bringup
[0.373s] -- Install configuration: ""
[0.373s] -- Execute custom install script
[0.373s] -- Up-to-date symlink: /home/ubuntu/ros2_rviz_urbot/install/mycobot_bringup/share/mycobot_bringup/scripts/mycobot_280_gazebo.sh
[0.373s] -- Up-to-date symlink: /home/ubuntu/ros2_rviz_urbot/install/mycobot_bringup/share/ament_index/resource_index/package_run_dependencies/mycobot_bringup
[0.373s] -- Up-to-date symlink: /home/ubuntu/ros2_rviz_urbot/install/mycobot_bringup/share/ament_index/resource_index/parent_prefix_path/mycobot_bringup
[0.374s] -- Up-to-date symlink: /home/ubuntu/ros2_rviz_urbot/install/mycobot_bringup/share/mycobot_bringup/environment/ament_prefix_path.sh
[0.374s] -- Up-to-date symlink: /home/ubuntu/ros2_rviz_urbot/install/mycobot_bringup/share/mycobot_bringup/environment/ament_prefix_path.dsv
[0.374s] -- Up-to-date symlink: /home/ubuntu/ros2_rviz_urbot/install/mycobot_bringup/share/mycobot_bringup/environment/path.sh
[0.374s] -- Up-to-date symlink: /home/ubuntu/ros2_rviz_urbot/install/mycobot_bringup/share/mycobot_bringup/environment/path.dsv
[0.374s] -- Up-to-date symlink: /home/ubuntu/ros2_rviz_urbot/install/mycobot_bringup/share/mycobot_bringup/local_setup.bash
[0.374s] -- Up-to-date symlink: /home/ubuntu/ros2_rviz_urbot/install/mycobot_bringup/share/mycobot_bringup/local_setup.sh
[0.374s] -- Up-to-date symlink: /home/ubuntu/ros2_rviz_urbot/install/mycobot_bringup/share/mycobot_bringup/local_setup.zsh
[0.374s] -- Up-to-date symlink: /home/ubuntu/ros2_rviz_urbot/install/mycobot_bringup/share/mycobot_bringup/local_setup.dsv
[0.374s] -- Symlinking: /home/ubuntu/ros2_rviz_urbot/install/mycobot_bringup/share/mycobot_bringup/package.dsv
[0.414s] -- Up-to-date symlink: /home/ubuntu/ros2_rviz_urbot/install/mycobot_bringup/share/ament_index/resource_index/packages/mycobot_bringup
[0.415s] -- Up-to-date symlink: /home/ubuntu/ros2_rviz_urbot/install/mycobot_bringup/share/mycobot_bringup/cmake/mycobot_bringupConfig.cmake
[0.415s] -- Up-to-date symlink: /home/ubuntu/ros2_rviz_urbot/install/mycobot_bringup/share/mycobot_bringup/cmake/mycobot_bringupConfig-version.cmake
[0.415s] -- Up-to-date symlink: /home/ubuntu/ros2_rviz_urbot/install/mycobot_bringup/share/mycobot_bringup/package.xml
[0.466s] Invoked command in '/home/ubuntu/ros2_rviz_urbot/build/mycobot_bringup' returned '0': CMAKE_PREFIX_PATH=${CMAKE_PREFIX_PATH}:/opt/ros/jazzy DEBUGINFOD_URLS=https://debuginfod.ubuntu.com /usr/bin/cmake --install /home/ubuntu/ros2_rviz_urbot/build/mycobot_bringup
