[0.061s] DEBUG:colcon:Command line arguments: ['/usr/bin/colcon', 'build', '--symlink-install']
[0.062s] DEBUG:colcon:Parsed command line arguments: Namespace(log_base=None, log_level=None, verb_name='build', build_base='build', install_base='install', merge_install=False, symlink_install=True, test_result_base=None, continue_on_error=False, executor='parallel', parallel_workers=16, event_handlers=None, ignore_user_meta=False, metas=['./colcon.meta'], base_paths=['.'], packages_ignore=None, packages_ignore_regex=None, paths=None, packages_up_to=None, packages_up_to_regex=None, packages_above=None, packages_above_and_dependencies=None, packages_above_depth=None, packages_select_by_dep=None, packages_skip_by_dep=None, packages_skip_up_to=None, packages_select_build_failed=False, packages_skip_build_finished=False, packages_select_test_failures=False, packages_skip_test_passed=False, packages_select=None, packages_skip=None, packages_select_regex=None, packages_skip_regex=None, packages_start=None, packages_end=None, allow_overriding=[], cmake_args=None, cmake_target=None, cmake_target_skip_unavailable=False, cmake_clean_cache=False, cmake_clean_first=False, cmake_force_configure=False, ament_cmake_args=None, catkin_cmake_args=None, catkin_skip_building_tests=False, mixin_files=None, mixin=None, verb_parser=<colcon_mixin.mixin.mixin_argument.MixinArgumentDecorator object at 0x7bbd8f798110>, verb_extension=<colcon_core.verb.build.BuildVerb object at 0x7bbd8f767d70>, main=<bound method BuildVerb.main of <colcon_core.verb.build.BuildVerb object at 0x7bbd8f767d70>>, mixin_verb=('build',))
[0.092s] Level 1:colcon.colcon_core.package_discovery:discover_packages(colcon_meta) check parameters
[0.092s] Level 1:colcon.colcon_core.package_discovery:discover_packages(recursive) check parameters
[0.092s] Level 1:colcon.colcon_core.package_discovery:discover_packages(ignore) check parameters
[0.092s] Level 1:colcon.colcon_core.package_discovery:discover_packages(path) check parameters
[0.092s] Level 1:colcon.colcon_core.package_discovery:discover_packages(colcon_meta) discover
[0.093s] Level 1:colcon.colcon_core.package_discovery:discover_packages(recursive) discover
[0.093s] INFO:colcon.colcon_core.package_discovery:Crawling recursively for packages in '/home/ubuntu/ros2_rviz_urbot'
[0.093s] Level 1:colcon.colcon_core.package_identification:_identify(.) by extensions ['ignore', 'ignore_ament_install']
[0.093s] Level 1:colcon.colcon_core.package_identification:_identify(.) by extension 'ignore'
[0.093s] Level 1:colcon.colcon_core.package_identification:_identify(.) by extension 'ignore_ament_install'
[0.094s] Level 1:colcon.colcon_core.package_identification:_identify(.) by extensions ['colcon_pkg']
[0.094s] Level 1:colcon.colcon_core.package_identification:_identify(.) by extension 'colcon_pkg'
[0.094s] Level 1:colcon.colcon_core.package_identification:_identify(.) by extensions ['colcon_meta']
[0.094s] Level 1:colcon.colcon_core.package_identification:_identify(.) by extension 'colcon_meta'
[0.094s] Level 1:colcon.colcon_core.package_identification:_identify(.) by extensions ['ros']
[0.094s] Level 1:colcon.colcon_core.package_identification:_identify(.) by extension 'ros'
[0.109s] Level 1:colcon.colcon_core.package_identification:_identify(.) by extensions ['cmake', 'python']
[0.109s] Level 1:colcon.colcon_core.package_identification:_identify(.) by extension 'cmake'
[0.109s] Level 1:colcon.colcon_core.package_identification:_identify(.) by extension 'python'
[0.109s] Level 1:colcon.colcon_core.package_identification:_identify(.) by extensions ['python_setup_py']
[0.110s] Level 1:colcon.colcon_core.package_identification:_identify(.) by extension 'python_setup_py'
[0.110s] Level 1:colcon.colcon_core.package_identification:_identify(build) by extensions ['ignore', 'ignore_ament_install']
[0.110s] Level 1:colcon.colcon_core.package_identification:_identify(build) by extension 'ignore'
[0.110s] Level 1:colcon.colcon_core.package_identification:_identify(build) ignored
[0.110s] Level 1:colcon.colcon_core.package_identification:_identify(install) by extensions ['ignore', 'ignore_ament_install']
[0.111s] Level 1:colcon.colcon_core.package_identification:_identify(install) by extension 'ignore'
[0.111s] Level 1:colcon.colcon_core.package_identification:_identify(install) ignored
[0.111s] Level 1:colcon.colcon_core.package_identification:_identify(log) by extensions ['ignore', 'ignore_ament_install']
[0.111s] Level 1:colcon.colcon_core.package_identification:_identify(log) by extension 'ignore'
[0.111s] Level 1:colcon.colcon_core.package_identification:_identify(log) ignored
[0.111s] Level 1:colcon.colcon_core.package_identification:_identify(src) by extensions ['ignore', 'ignore_ament_install']
[0.111s] Level 1:colcon.colcon_core.package_identification:_identify(src) by extension 'ignore'
[0.111s] Level 1:colcon.colcon_core.package_identification:_identify(src) by extension 'ignore_ament_install'
[0.111s] Level 1:colcon.colcon_core.package_identification:_identify(src) by extensions ['colcon_pkg']
[0.111s] Level 1:colcon.colcon_core.package_identification:_identify(src) by extension 'colcon_pkg'
[0.111s] Level 1:colcon.colcon_core.package_identification:_identify(src) by extensions ['colcon_meta']
[0.111s] Level 1:colcon.colcon_core.package_identification:_identify(src) by extension 'colcon_meta'
[0.111s] Level 1:colcon.colcon_core.package_identification:_identify(src) by extensions ['ros']
[0.111s] Level 1:colcon.colcon_core.package_identification:_identify(src) by extension 'ros'
[0.111s] Level 1:colcon.colcon_core.package_identification:_identify(src) by extensions ['cmake', 'python']
[0.111s] Level 1:colcon.colcon_core.package_identification:_identify(src) by extension 'cmake'
[0.111s] Level 1:colcon.colcon_core.package_identification:_identify(src) by extension 'python'
[0.111s] Level 1:colcon.colcon_core.package_identification:_identify(src) by extensions ['python_setup_py']
[0.111s] Level 1:colcon.colcon_core.package_identification:_identify(src) by extension 'python_setup_py'
[0.111s] Level 1:colcon.colcon_core.package_identification:_identify(src/mycobot_ros2) by extensions ['ignore', 'ignore_ament_install']
[0.112s] Level 1:colcon.colcon_core.package_identification:_identify(src/mycobot_ros2) by extension 'ignore'
[0.112s] Level 1:colcon.colcon_core.package_identification:_identify(src/mycobot_ros2) by extension 'ignore_ament_install'
[0.112s] Level 1:colcon.colcon_core.package_identification:_identify(src/mycobot_ros2) by extensions ['colcon_pkg']
[0.112s] Level 1:colcon.colcon_core.package_identification:_identify(src/mycobot_ros2) by extension 'colcon_pkg'
[0.112s] Level 1:colcon.colcon_core.package_identification:_identify(src/mycobot_ros2) by extensions ['colcon_meta']
[0.112s] Level 1:colcon.colcon_core.package_identification:_identify(src/mycobot_ros2) by extension 'colcon_meta'
[0.112s] Level 1:colcon.colcon_core.package_identification:_identify(src/mycobot_ros2) by extensions ['ros']
[0.112s] Level 1:colcon.colcon_core.package_identification:_identify(src/mycobot_ros2) by extension 'ros'
[0.112s] Level 1:colcon.colcon_core.package_identification:_identify(src/mycobot_ros2) by extensions ['cmake', 'python']
[0.112s] Level 1:colcon.colcon_core.package_identification:_identify(src/mycobot_ros2) by extension 'cmake'
[0.112s] Level 1:colcon.colcon_core.package_identification:_identify(src/mycobot_ros2) by extension 'python'
[0.112s] Level 1:colcon.colcon_core.package_identification:_identify(src/mycobot_ros2) by extensions ['python_setup_py']
[0.112s] Level 1:colcon.colcon_core.package_identification:_identify(src/mycobot_ros2) by extension 'python_setup_py'
[0.112s] Level 1:colcon.colcon_core.package_identification:_identify(src/mycobot_ros2/mycobot_bringup) by extensions ['ignore', 'ignore_ament_install']
[0.112s] Level 1:colcon.colcon_core.package_identification:_identify(src/mycobot_ros2/mycobot_bringup) by extension 'ignore'
[0.112s] Level 1:colcon.colcon_core.package_identification:_identify(src/mycobot_ros2/mycobot_bringup) by extension 'ignore_ament_install'
[0.112s] Level 1:colcon.colcon_core.package_identification:_identify(src/mycobot_ros2/mycobot_bringup) by extensions ['colcon_pkg']
[0.112s] Level 1:colcon.colcon_core.package_identification:_identify(src/mycobot_ros2/mycobot_bringup) by extension 'colcon_pkg'
[0.112s] Level 1:colcon.colcon_core.package_identification:_identify(src/mycobot_ros2/mycobot_bringup) by extensions ['colcon_meta']
[0.112s] Level 1:colcon.colcon_core.package_identification:_identify(src/mycobot_ros2/mycobot_bringup) by extension 'colcon_meta'
[0.112s] Level 1:colcon.colcon_core.package_identification:_identify(src/mycobot_ros2/mycobot_bringup) by extensions ['ros']
[0.112s] Level 1:colcon.colcon_core.package_identification:_identify(src/mycobot_ros2/mycobot_bringup) by extension 'ros'
[0.113s] DEBUG:colcon.colcon_core.package_identification:Package 'src/mycobot_ros2/mycobot_bringup' with type 'ros.ament_cmake' and name 'mycobot_bringup'
[0.114s] Level 1:colcon.colcon_core.package_identification:_identify(src/mycobot_ros2/mycobot_description) by extensions ['ignore', 'ignore_ament_install']
[0.114s] Level 1:colcon.colcon_core.package_identification:_identify(src/mycobot_ros2/mycobot_description) by extension 'ignore'
[0.114s] Level 1:colcon.colcon_core.package_identification:_identify(src/mycobot_ros2/mycobot_description) by extension 'ignore_ament_install'
[0.114s] Level 1:colcon.colcon_core.package_identification:_identify(src/mycobot_ros2/mycobot_description) by extensions ['colcon_pkg']
[0.114s] Level 1:colcon.colcon_core.package_identification:_identify(src/mycobot_ros2/mycobot_description) by extension 'colcon_pkg'
[0.114s] Level 1:colcon.colcon_core.package_identification:_identify(src/mycobot_ros2/mycobot_description) by extensions ['colcon_meta']
[0.114s] Level 1:colcon.colcon_core.package_identification:_identify(src/mycobot_ros2/mycobot_description) by extension 'colcon_meta'
[0.114s] Level 1:colcon.colcon_core.package_identification:_identify(src/mycobot_ros2/mycobot_description) by extensions ['ros']
[0.114s] Level 1:colcon.colcon_core.package_identification:_identify(src/mycobot_ros2/mycobot_description) by extension 'ros'
[0.114s] DEBUG:colcon.colcon_core.package_identification:Package 'src/mycobot_ros2/mycobot_description' with type 'ros.ament_cmake' and name 'mycobot_description'
[0.114s] Level 1:colcon.colcon_core.package_identification:_identify(src/mycobot_ros2/mycobot_gazebo) by extensions ['ignore', 'ignore_ament_install']
[0.114s] Level 1:colcon.colcon_core.package_identification:_identify(src/mycobot_ros2/mycobot_gazebo) by extension 'ignore'
[0.114s] Level 1:colcon.colcon_core.package_identification:_identify(src/mycobot_ros2/mycobot_gazebo) by extension 'ignore_ament_install'
[0.115s] Level 1:colcon.colcon_core.package_identification:_identify(src/mycobot_ros2/mycobot_gazebo) by extensions ['colcon_pkg']
[0.115s] Level 1:colcon.colcon_core.package_identification:_identify(src/mycobot_ros2/mycobot_gazebo) by extension 'colcon_pkg'
[0.115s] Level 1:colcon.colcon_core.package_identification:_identify(src/mycobot_ros2/mycobot_gazebo) by extensions ['colcon_meta']
[0.115s] Level 1:colcon.colcon_core.package_identification:_identify(src/mycobot_ros2/mycobot_gazebo) by extension 'colcon_meta'
[0.115s] Level 1:colcon.colcon_core.package_identification:_identify(src/mycobot_ros2/mycobot_gazebo) by extensions ['ros']
[0.115s] Level 1:colcon.colcon_core.package_identification:_identify(src/mycobot_ros2/mycobot_gazebo) by extension 'ros'
[0.115s] DEBUG:colcon.colcon_core.package_identification:Package 'src/mycobot_ros2/mycobot_gazebo' with type 'ros.ament_cmake' and name 'mycobot_gazebo'
[0.115s] Level 1:colcon.colcon_core.package_identification:_identify(src/mycobot_ros2/mycobot_moveit_config) by extensions ['ignore', 'ignore_ament_install']
[0.116s] Level 1:colcon.colcon_core.package_identification:_identify(src/mycobot_ros2/mycobot_moveit_config) by extension 'ignore'
[0.116s] Level 1:colcon.colcon_core.package_identification:_identify(src/mycobot_ros2/mycobot_moveit_config) by extension 'ignore_ament_install'
[0.116s] Level 1:colcon.colcon_core.package_identification:_identify(src/mycobot_ros2/mycobot_moveit_config) by extensions ['colcon_pkg']
[0.116s] Level 1:colcon.colcon_core.package_identification:_identify(src/mycobot_ros2/mycobot_moveit_config) by extension 'colcon_pkg'
[0.116s] Level 1:colcon.colcon_core.package_identification:_identify(src/mycobot_ros2/mycobot_moveit_config) by extensions ['colcon_meta']
[0.116s] Level 1:colcon.colcon_core.package_identification:_identify(src/mycobot_ros2/mycobot_moveit_config) by extension 'colcon_meta'
[0.116s] Level 1:colcon.colcon_core.package_identification:_identify(src/mycobot_ros2/mycobot_moveit_config) by extensions ['ros']
[0.116s] Level 1:colcon.colcon_core.package_identification:_identify(src/mycobot_ros2/mycobot_moveit_config) by extension 'ros'
[0.116s] DEBUG:colcon.colcon_core.package_identification:Package 'src/mycobot_ros2/mycobot_moveit_config' with type 'ros.ament_cmake' and name 'mycobot_moveit_config'
[0.116s] Level 1:colcon.colcon_core.package_identification:_identify(src/mycobot_ros2/mycobot_ros2) by extensions ['ignore', 'ignore_ament_install']
[0.116s] Level 1:colcon.colcon_core.package_identification:_identify(src/mycobot_ros2/mycobot_ros2) by extension 'ignore'
[0.116s] Level 1:colcon.colcon_core.package_identification:_identify(src/mycobot_ros2/mycobot_ros2) by extension 'ignore_ament_install'
[0.116s] Level 1:colcon.colcon_core.package_identification:_identify(src/mycobot_ros2/mycobot_ros2) by extensions ['colcon_pkg']
[0.116s] Level 1:colcon.colcon_core.package_identification:_identify(src/mycobot_ros2/mycobot_ros2) by extension 'colcon_pkg'
[0.117s] Level 1:colcon.colcon_core.package_identification:_identify(src/mycobot_ros2/mycobot_ros2) by extensions ['colcon_meta']
[0.117s] Level 1:colcon.colcon_core.package_identification:_identify(src/mycobot_ros2/mycobot_ros2) by extension 'colcon_meta'
[0.117s] Level 1:colcon.colcon_core.package_identification:_identify(src/mycobot_ros2/mycobot_ros2) by extensions ['ros']
[0.117s] Level 1:colcon.colcon_core.package_identification:_identify(src/mycobot_ros2/mycobot_ros2) by extension 'ros'
[0.117s] DEBUG:colcon.colcon_core.package_identification:Package 'src/mycobot_ros2/mycobot_ros2' with type 'ros.ament_cmake' and name 'mycobot_ros2'
[0.117s] Level 1:colcon.colcon_core.package_identification:_identify(src/mycobot_ros2/mycobot_system_tests) by extensions ['ignore', 'ignore_ament_install']
[0.117s] Level 1:colcon.colcon_core.package_identification:_identify(src/mycobot_ros2/mycobot_system_tests) by extension 'ignore'
[0.117s] Level 1:colcon.colcon_core.package_identification:_identify(src/mycobot_ros2/mycobot_system_tests) by extension 'ignore_ament_install'
[0.117s] Level 1:colcon.colcon_core.package_identification:_identify(src/mycobot_ros2/mycobot_system_tests) by extensions ['colcon_pkg']
[0.117s] Level 1:colcon.colcon_core.package_identification:_identify(src/mycobot_ros2/mycobot_system_tests) by extension 'colcon_pkg'
[0.117s] Level 1:colcon.colcon_core.package_identification:_identify(src/mycobot_ros2/mycobot_system_tests) by extensions ['colcon_meta']
[0.117s] Level 1:colcon.colcon_core.package_identification:_identify(src/mycobot_ros2/mycobot_system_tests) by extension 'colcon_meta'
[0.117s] Level 1:colcon.colcon_core.package_identification:_identify(src/mycobot_ros2/mycobot_system_tests) by extensions ['ros']
[0.117s] Level 1:colcon.colcon_core.package_identification:_identify(src/mycobot_ros2/mycobot_system_tests) by extension 'ros'
[0.117s] DEBUG:colcon.colcon_core.package_identification:Package 'src/mycobot_ros2/mycobot_system_tests' with type 'ros.ament_cmake' and name 'mycobot_system_tests'
[0.117s] Level 1:colcon.colcon_core.package_discovery:discover_packages(recursive) using defaults
[0.117s] Level 1:colcon.colcon_core.package_discovery:discover_packages(ignore) discover
[0.117s] Level 1:colcon.colcon_core.package_discovery:discover_packages(ignore) using defaults
[0.117s] Level 1:colcon.colcon_core.package_discovery:discover_packages(path) discover
[0.118s] Level 1:colcon.colcon_core.package_discovery:discover_packages(path) using defaults
[0.129s] Level 1:colcon.colcon_core.package_discovery:discover_packages(prefix_path) check parameters
[0.129s] Level 1:colcon.colcon_core.package_discovery:discover_packages(prefix_path) discover
[0.131s] DEBUG:colcon.colcon_installed_package_information.package_discovery:Found 417 installed packages in /opt/ros/jazzy
[0.132s] Level 1:colcon.colcon_core.package_discovery:discover_packages(prefix_path) using defaults
[0.161s] Level 5:colcon.colcon_core.verb:set package 'mycobot_bringup' build argument 'cmake_args' from command line to 'None'
[0.161s] Level 5:colcon.colcon_core.verb:set package 'mycobot_bringup' build argument 'cmake_target' from command line to 'None'
[0.161s] Level 5:colcon.colcon_core.verb:set package 'mycobot_bringup' build argument 'cmake_target_skip_unavailable' from command line to 'False'
[0.161s] Level 5:colcon.colcon_core.verb:set package 'mycobot_bringup' build argument 'cmake_clean_cache' from command line to 'False'
[0.161s] Level 5:colcon.colcon_core.verb:set package 'mycobot_bringup' build argument 'cmake_clean_first' from command line to 'False'
[0.161s] Level 5:colcon.colcon_core.verb:set package 'mycobot_bringup' build argument 'cmake_force_configure' from command line to 'False'
[0.161s] Level 5:colcon.colcon_core.verb:set package 'mycobot_bringup' build argument 'ament_cmake_args' from command line to 'None'
[0.161s] Level 5:colcon.colcon_core.verb:set package 'mycobot_bringup' build argument 'catkin_cmake_args' from command line to 'None'
[0.161s] Level 5:colcon.colcon_core.verb:set package 'mycobot_bringup' build argument 'catkin_skip_building_tests' from command line to 'False'
[0.161s] DEBUG:colcon.colcon_core.verb:Building package 'mycobot_bringup' with the following arguments: {'ament_cmake_args': None, 'build_base': '/home/ubuntu/ros2_rviz_urbot/build/mycobot_bringup', 'catkin_cmake_args': None, 'catkin_skip_building_tests': False, 'cmake_args': None, 'cmake_clean_cache': False, 'cmake_clean_first': False, 'cmake_force_configure': False, 'cmake_target': None, 'cmake_target_skip_unavailable': False, 'install_base': '/home/ubuntu/ros2_rviz_urbot/install/mycobot_bringup', 'merge_install': False, 'path': '/home/ubuntu/ros2_rviz_urbot/src/mycobot_ros2/mycobot_bringup', 'symlink_install': True, 'test_result_base': None}
[0.162s] Level 5:colcon.colcon_core.verb:set package 'mycobot_description' build argument 'cmake_args' from command line to 'None'
[0.162s] Level 5:colcon.colcon_core.verb:set package 'mycobot_description' build argument 'cmake_target' from command line to 'None'
[0.162s] Level 5:colcon.colcon_core.verb:set package 'mycobot_description' build argument 'cmake_target_skip_unavailable' from command line to 'False'
[0.162s] Level 5:colcon.colcon_core.verb:set package 'mycobot_description' build argument 'cmake_clean_cache' from command line to 'False'
[0.162s] Level 5:colcon.colcon_core.verb:set package 'mycobot_description' build argument 'cmake_clean_first' from command line to 'False'
[0.162s] Level 5:colcon.colcon_core.verb:set package 'mycobot_description' build argument 'cmake_force_configure' from command line to 'False'
[0.162s] Level 5:colcon.colcon_core.verb:set package 'mycobot_description' build argument 'ament_cmake_args' from command line to 'None'
[0.162s] Level 5:colcon.colcon_core.verb:set package 'mycobot_description' build argument 'catkin_cmake_args' from command line to 'None'
[0.162s] Level 5:colcon.colcon_core.verb:set package 'mycobot_description' build argument 'catkin_skip_building_tests' from command line to 'False'
[0.162s] DEBUG:colcon.colcon_core.verb:Building package 'mycobot_description' with the following arguments: {'ament_cmake_args': None, 'build_base': '/home/ubuntu/ros2_rviz_urbot/build/mycobot_description', 'catkin_cmake_args': None, 'catkin_skip_building_tests': False, 'cmake_args': None, 'cmake_clean_cache': False, 'cmake_clean_first': False, 'cmake_force_configure': False, 'cmake_target': None, 'cmake_target_skip_unavailable': False, 'install_base': '/home/ubuntu/ros2_rviz_urbot/install/mycobot_description', 'merge_install': False, 'path': '/home/ubuntu/ros2_rviz_urbot/src/mycobot_ros2/mycobot_description', 'symlink_install': True, 'test_result_base': None}
[0.163s] Level 5:colcon.colcon_core.verb:set package 'mycobot_gazebo' build argument 'cmake_args' from command line to 'None'
[0.163s] Level 5:colcon.colcon_core.verb:set package 'mycobot_gazebo' build argument 'cmake_target' from command line to 'None'
[0.163s] Level 5:colcon.colcon_core.verb:set package 'mycobot_gazebo' build argument 'cmake_target_skip_unavailable' from command line to 'False'
[0.163s] Level 5:colcon.colcon_core.verb:set package 'mycobot_gazebo' build argument 'cmake_clean_cache' from command line to 'False'
[0.163s] Level 5:colcon.colcon_core.verb:set package 'mycobot_gazebo' build argument 'cmake_clean_first' from command line to 'False'
[0.163s] Level 5:colcon.colcon_core.verb:set package 'mycobot_gazebo' build argument 'cmake_force_configure' from command line to 'False'
[0.163s] Level 5:colcon.colcon_core.verb:set package 'mycobot_gazebo' build argument 'ament_cmake_args' from command line to 'None'
[0.163s] Level 5:colcon.colcon_core.verb:set package 'mycobot_gazebo' build argument 'catkin_cmake_args' from command line to 'None'
[0.163s] Level 5:colcon.colcon_core.verb:set package 'mycobot_gazebo' build argument 'catkin_skip_building_tests' from command line to 'False'
[0.163s] DEBUG:colcon.colcon_core.verb:Building package 'mycobot_gazebo' with the following arguments: {'ament_cmake_args': None, 'build_base': '/home/ubuntu/ros2_rviz_urbot/build/mycobot_gazebo', 'catkin_cmake_args': None, 'catkin_skip_building_tests': False, 'cmake_args': None, 'cmake_clean_cache': False, 'cmake_clean_first': False, 'cmake_force_configure': False, 'cmake_target': None, 'cmake_target_skip_unavailable': False, 'install_base': '/home/ubuntu/ros2_rviz_urbot/install/mycobot_gazebo', 'merge_install': False, 'path': '/home/ubuntu/ros2_rviz_urbot/src/mycobot_ros2/mycobot_gazebo', 'symlink_install': True, 'test_result_base': None}
[0.163s] Level 5:colcon.colcon_core.verb:set package 'mycobot_moveit_config' build argument 'cmake_args' from command line to 'None'
[0.163s] Level 5:colcon.colcon_core.verb:set package 'mycobot_moveit_config' build argument 'cmake_target' from command line to 'None'
[0.163s] Level 5:colcon.colcon_core.verb:set package 'mycobot_moveit_config' build argument 'cmake_target_skip_unavailable' from command line to 'False'
[0.163s] Level 5:colcon.colcon_core.verb:set package 'mycobot_moveit_config' build argument 'cmake_clean_cache' from command line to 'False'
[0.163s] Level 5:colcon.colcon_core.verb:set package 'mycobot_moveit_config' build argument 'cmake_clean_first' from command line to 'False'
[0.163s] Level 5:colcon.colcon_core.verb:set package 'mycobot_moveit_config' build argument 'cmake_force_configure' from command line to 'False'
[0.163s] Level 5:colcon.colcon_core.verb:set package 'mycobot_moveit_config' build argument 'ament_cmake_args' from command line to 'None'
[0.163s] Level 5:colcon.colcon_core.verb:set package 'mycobot_moveit_config' build argument 'catkin_cmake_args' from command line to 'None'
[0.163s] Level 5:colcon.colcon_core.verb:set package 'mycobot_moveit_config' build argument 'catkin_skip_building_tests' from command line to 'False'
[0.163s] DEBUG:colcon.colcon_core.verb:Building package 'mycobot_moveit_config' with the following arguments: {'ament_cmake_args': None, 'build_base': '/home/ubuntu/ros2_rviz_urbot/build/mycobot_moveit_config', 'catkin_cmake_args': None, 'catkin_skip_building_tests': False, 'cmake_args': None, 'cmake_clean_cache': False, 'cmake_clean_first': False, 'cmake_force_configure': False, 'cmake_target': None, 'cmake_target_skip_unavailable': False, 'install_base': '/home/ubuntu/ros2_rviz_urbot/install/mycobot_moveit_config', 'merge_install': False, 'path': '/home/ubuntu/ros2_rviz_urbot/src/mycobot_ros2/mycobot_moveit_config', 'symlink_install': True, 'test_result_base': None}
[0.163s] Level 5:colcon.colcon_core.verb:set package 'mycobot_system_tests' build argument 'cmake_args' from command line to 'None'
[0.163s] Level 5:colcon.colcon_core.verb:set package 'mycobot_system_tests' build argument 'cmake_target' from command line to 'None'
[0.163s] Level 5:colcon.colcon_core.verb:set package 'mycobot_system_tests' build argument 'cmake_target_skip_unavailable' from command line to 'False'
[0.163s] Level 5:colcon.colcon_core.verb:set package 'mycobot_system_tests' build argument 'cmake_clean_cache' from command line to 'False'
[0.163s] Level 5:colcon.colcon_core.verb:set package 'mycobot_system_tests' build argument 'cmake_clean_first' from command line to 'False'
[0.163s] Level 5:colcon.colcon_core.verb:set package 'mycobot_system_tests' build argument 'cmake_force_configure' from command line to 'False'
[0.163s] Level 5:colcon.colcon_core.verb:set package 'mycobot_system_tests' build argument 'ament_cmake_args' from command line to 'None'
[0.163s] Level 5:colcon.colcon_core.verb:set package 'mycobot_system_tests' build argument 'catkin_cmake_args' from command line to 'None'
[0.163s] Level 5:colcon.colcon_core.verb:set package 'mycobot_system_tests' build argument 'catkin_skip_building_tests' from command line to 'False'
[0.164s] DEBUG:colcon.colcon_core.verb:Building package 'mycobot_system_tests' with the following arguments: {'ament_cmake_args': None, 'build_base': '/home/ubuntu/ros2_rviz_urbot/build/mycobot_system_tests', 'catkin_cmake_args': None, 'catkin_skip_building_tests': False, 'cmake_args': None, 'cmake_clean_cache': False, 'cmake_clean_first': False, 'cmake_force_configure': False, 'cmake_target': None, 'cmake_target_skip_unavailable': False, 'install_base': '/home/ubuntu/ros2_rviz_urbot/install/mycobot_system_tests', 'merge_install': False, 'path': '/home/ubuntu/ros2_rviz_urbot/src/mycobot_ros2/mycobot_system_tests', 'symlink_install': True, 'test_result_base': None}
[0.164s] Level 5:colcon.colcon_core.verb:set package 'mycobot_ros2' build argument 'cmake_args' from command line to 'None'
[0.164s] Level 5:colcon.colcon_core.verb:set package 'mycobot_ros2' build argument 'cmake_target' from command line to 'None'
[0.164s] Level 5:colcon.colcon_core.verb:set package 'mycobot_ros2' build argument 'cmake_target_skip_unavailable' from command line to 'False'
[0.164s] Level 5:colcon.colcon_core.verb:set package 'mycobot_ros2' build argument 'cmake_clean_cache' from command line to 'False'
[0.164s] Level 5:colcon.colcon_core.verb:set package 'mycobot_ros2' build argument 'cmake_clean_first' from command line to 'False'
[0.164s] Level 5:colcon.colcon_core.verb:set package 'mycobot_ros2' build argument 'cmake_force_configure' from command line to 'False'
[0.164s] Level 5:colcon.colcon_core.verb:set package 'mycobot_ros2' build argument 'ament_cmake_args' from command line to 'None'
[0.164s] Level 5:colcon.colcon_core.verb:set package 'mycobot_ros2' build argument 'catkin_cmake_args' from command line to 'None'
[0.164s] Level 5:colcon.colcon_core.verb:set package 'mycobot_ros2' build argument 'catkin_skip_building_tests' from command line to 'False'
[0.164s] DEBUG:colcon.colcon_core.verb:Building package 'mycobot_ros2' with the following arguments: {'ament_cmake_args': None, 'build_base': '/home/ubuntu/ros2_rviz_urbot/build/mycobot_ros2', 'catkin_cmake_args': None, 'catkin_skip_building_tests': False, 'cmake_args': None, 'cmake_clean_cache': False, 'cmake_clean_first': False, 'cmake_force_configure': False, 'cmake_target': None, 'cmake_target_skip_unavailable': False, 'install_base': '/home/ubuntu/ros2_rviz_urbot/install/mycobot_ros2', 'merge_install': False, 'path': '/home/ubuntu/ros2_rviz_urbot/src/mycobot_ros2/mycobot_ros2', 'symlink_install': True, 'test_result_base': None}
[0.164s] INFO:colcon.colcon_core.executor:Executing jobs using 'parallel' executor
[0.165s] DEBUG:colcon.colcon_parallel_executor.executor.parallel:run_until_complete
[0.165s] INFO:colcon.colcon_ros.task.ament_cmake.build:Building ROS package in '/home/ubuntu/ros2_rviz_urbot/src/mycobot_ros2/mycobot_bringup' with build type 'ament_cmake'
[0.165s] INFO:colcon.colcon_cmake.task.cmake.build:Building CMake package in '/home/ubuntu/ros2_rviz_urbot/src/mycobot_ros2/mycobot_bringup'
[0.167s] INFO:colcon.colcon_core.plugin_system:Skipping extension 'colcon_core.shell.bat': Not used on non-Windows systems
[0.167s] INFO:colcon.colcon_core.shell:Skip shell extension 'powershell' for command environment: Not usable outside of PowerShell
[0.167s] DEBUG:colcon.colcon_core.shell:Skip shell extension 'dsv' for command environment
[0.169s] INFO:colcon.colcon_ros.task.ament_cmake.build:Building ROS package in '/home/ubuntu/ros2_rviz_urbot/src/mycobot_ros2/mycobot_description' with build type 'ament_cmake'
[0.170s] INFO:colcon.colcon_cmake.task.cmake.build:Building CMake package in '/home/ubuntu/ros2_rviz_urbot/src/mycobot_ros2/mycobot_description'
[0.170s] INFO:colcon.colcon_core.shell:Skip shell extension 'powershell' for command environment: Not usable outside of PowerShell
[0.170s] DEBUG:colcon.colcon_core.shell:Skip shell extension 'dsv' for command environment
[0.172s] INFO:colcon.colcon_ros.task.ament_cmake.build:Building ROS package in '/home/ubuntu/ros2_rviz_urbot/src/mycobot_ros2/mycobot_gazebo' with build type 'ament_cmake'
[0.172s] INFO:colcon.colcon_cmake.task.cmake.build:Building CMake package in '/home/ubuntu/ros2_rviz_urbot/src/mycobot_ros2/mycobot_gazebo'
[0.172s] INFO:colcon.colcon_core.shell:Skip shell extension 'powershell' for command environment: Not usable outside of PowerShell
[0.172s] DEBUG:colcon.colcon_core.shell:Skip shell extension 'dsv' for command environment
[0.176s] INFO:colcon.colcon_ros.task.ament_cmake.build:Building ROS package in '/home/ubuntu/ros2_rviz_urbot/src/mycobot_ros2/mycobot_moveit_config' with build type 'ament_cmake'
[0.177s] INFO:colcon.colcon_cmake.task.cmake.build:Building CMake package in '/home/ubuntu/ros2_rviz_urbot/src/mycobot_ros2/mycobot_moveit_config'
[0.177s] INFO:colcon.colcon_core.shell:Skip shell extension 'powershell' for command environment: Not usable outside of PowerShell
[0.177s] DEBUG:colcon.colcon_core.shell:Skip shell extension 'dsv' for command environment
[0.180s] INFO:colcon.colcon_ros.task.ament_cmake.build:Building ROS package in '/home/ubuntu/ros2_rviz_urbot/src/mycobot_ros2/mycobot_system_tests' with build type 'ament_cmake'
[0.181s] INFO:colcon.colcon_cmake.task.cmake.build:Building CMake package in '/home/ubuntu/ros2_rviz_urbot/src/mycobot_ros2/mycobot_system_tests'
[0.181s] INFO:colcon.colcon_core.shell:Skip shell extension 'powershell' for command environment: Not usable outside of PowerShell
[0.181s] DEBUG:colcon.colcon_core.shell:Skip shell extension 'dsv' for command environment
[0.206s] DEBUG:colcon.colcon_core.event_handler.log_command:Invoking command in '/home/ubuntu/ros2_rviz_urbot/build/mycobot_bringup': CMAKE_PREFIX_PATH=${CMAKE_PREFIX_PATH}:/opt/ros/jazzy DEBUGINFOD_URLS=https://debuginfod.ubuntu.com /usr/bin/cmake /home/ubuntu/ros2_rviz_urbot/src/mycobot_ros2/mycobot_bringup -DAMENT_CMAKE_SYMLINK_INSTALL=1 -DCMAKE_INSTALL_PREFIX=/home/ubuntu/ros2_rviz_urbot/install/mycobot_bringup
[0.225s] DEBUG:colcon.colcon_core.event_handler.log_command:Invoking command in '/home/ubuntu/ros2_rviz_urbot/build/mycobot_description': CMAKE_PREFIX_PATH=${CMAKE_PREFIX_PATH}:/opt/ros/jazzy DEBUGINFOD_URLS=https://debuginfod.ubuntu.com /usr/bin/cmake /home/ubuntu/ros2_rviz_urbot/src/mycobot_ros2/mycobot_description -DAMENT_CMAKE_SYMLINK_INSTALL=1 -DCMAKE_INSTALL_PREFIX=/home/ubuntu/ros2_rviz_urbot/install/mycobot_description
[0.238s] DEBUG:colcon.colcon_core.event_handler.log_command:Invoking command in '/home/ubuntu/ros2_rviz_urbot/build/mycobot_gazebo': CMAKE_PREFIX_PATH=${CMAKE_PREFIX_PATH}:/opt/ros/jazzy DEBUGINFOD_URLS=https://debuginfod.ubuntu.com /usr/bin/cmake /home/ubuntu/ros2_rviz_urbot/src/mycobot_ros2/mycobot_gazebo -DAMENT_CMAKE_SYMLINK_INSTALL=1 -DCMAKE_INSTALL_PREFIX=/home/ubuntu/ros2_rviz_urbot/install/mycobot_gazebo
[0.270s] DEBUG:colcon.colcon_core.event_handler.log_command:Invoking command in '/home/ubuntu/ros2_rviz_urbot/build/mycobot_moveit_config': CMAKE_PREFIX_PATH=${CMAKE_PREFIX_PATH}:/opt/ros/jazzy DEBUGINFOD_URLS=https://debuginfod.ubuntu.com /usr/bin/cmake /home/ubuntu/ros2_rviz_urbot/src/mycobot_ros2/mycobot_moveit_config -DAMENT_CMAKE_SYMLINK_INSTALL=1 -DCMAKE_INSTALL_PREFIX=/home/ubuntu/ros2_rviz_urbot/install/mycobot_moveit_config
[0.275s] DEBUG:colcon.colcon_core.event_handler.log_command:Invoking command in '/home/ubuntu/ros2_rviz_urbot/build/mycobot_system_tests': CMAKE_PREFIX_PATH=${CMAKE_PREFIX_PATH}:/opt/ros/jazzy DEBUGINFOD_URLS=https://debuginfod.ubuntu.com /usr/bin/cmake /home/ubuntu/ros2_rviz_urbot/src/mycobot_ros2/mycobot_system_tests -DAMENT_CMAKE_SYMLINK_INSTALL=1 -DCMAKE_INSTALL_PREFIX=/home/ubuntu/ros2_rviz_urbot/install/mycobot_system_tests
[1.154s] DEBUG:colcon.colcon_core.event_handler.log_command:Invoked command in '/home/ubuntu/ros2_rviz_urbot/build/mycobot_bringup' returned '0': CMAKE_PREFIX_PATH=${CMAKE_PREFIX_PATH}:/opt/ros/jazzy DEBUGINFOD_URLS=https://debuginfod.ubuntu.com /usr/bin/cmake /home/ubuntu/ros2_rviz_urbot/src/mycobot_ros2/mycobot_bringup -DAMENT_CMAKE_SYMLINK_INSTALL=1 -DCMAKE_INSTALL_PREFIX=/home/ubuntu/ros2_rviz_urbot/install/mycobot_bringup
[1.155s] DEBUG:colcon.colcon_core.event_handler.log_command:Invoking command in '/home/ubuntu/ros2_rviz_urbot/build/mycobot_bringup': CMAKE_PREFIX_PATH=${CMAKE_PREFIX_PATH}:/opt/ros/jazzy DEBUGINFOD_URLS=https://debuginfod.ubuntu.com /usr/bin/cmake --build /home/ubuntu/ros2_rviz_urbot/build/mycobot_bringup -- -j16 -l16
[1.176s] DEBUG:colcon.colcon_core.event_handler.log_command:Invoked command in '/home/ubuntu/ros2_rviz_urbot/build/mycobot_description' returned '0': CMAKE_PREFIX_PATH=${CMAKE_PREFIX_PATH}:/opt/ros/jazzy DEBUGINFOD_URLS=https://debuginfod.ubuntu.com /usr/bin/cmake /home/ubuntu/ros2_rviz_urbot/src/mycobot_ros2/mycobot_description -DAMENT_CMAKE_SYMLINK_INSTALL=1 -DCMAKE_INSTALL_PREFIX=/home/ubuntu/ros2_rviz_urbot/install/mycobot_description
[1.176s] DEBUG:colcon.colcon_core.event_handler.log_command:Invoking command in '/home/ubuntu/ros2_rviz_urbot/build/mycobot_description': CMAKE_PREFIX_PATH=${CMAKE_PREFIX_PATH}:/opt/ros/jazzy DEBUGINFOD_URLS=https://debuginfod.ubuntu.com /usr/bin/cmake --build /home/ubuntu/ros2_rviz_urbot/build/mycobot_description -- -j16 -l16
[1.296s] DEBUG:colcon.colcon_core.event_handler.log_command:Invoked command in '/home/ubuntu/ros2_rviz_urbot/build/mycobot_system_tests' returned '0': CMAKE_PREFIX_PATH=${CMAKE_PREFIX_PATH}:/opt/ros/jazzy DEBUGINFOD_URLS=https://debuginfod.ubuntu.com /usr/bin/cmake /home/ubuntu/ros2_rviz_urbot/src/mycobot_ros2/mycobot_system_tests -DAMENT_CMAKE_SYMLINK_INSTALL=1 -DCMAKE_INSTALL_PREFIX=/home/ubuntu/ros2_rviz_urbot/install/mycobot_system_tests
[1.297s] DEBUG:colcon.colcon_core.event_handler.log_command:Invoking command in '/home/ubuntu/ros2_rviz_urbot/build/mycobot_system_tests': CMAKE_PREFIX_PATH=${CMAKE_PREFIX_PATH}:/opt/ros/jazzy DEBUGINFOD_URLS=https://debuginfod.ubuntu.com /usr/bin/cmake --build /home/ubuntu/ros2_rviz_urbot/build/mycobot_system_tests -- -j16 -l16
[1.306s] DEBUG:colcon.colcon_core.event_handler.log_command:Invoked command in '/home/ubuntu/ros2_rviz_urbot/build/mycobot_moveit_config' returned '0': CMAKE_PREFIX_PATH=${CMAKE_PREFIX_PATH}:/opt/ros/jazzy DEBUGINFOD_URLS=https://debuginfod.ubuntu.com /usr/bin/cmake /home/ubuntu/ros2_rviz_urbot/src/mycobot_ros2/mycobot_moveit_config -DAMENT_CMAKE_SYMLINK_INSTALL=1 -DCMAKE_INSTALL_PREFIX=/home/ubuntu/ros2_rviz_urbot/install/mycobot_moveit_config
[1.306s] DEBUG:colcon.colcon_core.event_handler.log_command:Invoking command in '/home/ubuntu/ros2_rviz_urbot/build/mycobot_moveit_config': CMAKE_PREFIX_PATH=${CMAKE_PREFIX_PATH}:/opt/ros/jazzy DEBUGINFOD_URLS=https://debuginfod.ubuntu.com /usr/bin/cmake --build /home/ubuntu/ros2_rviz_urbot/build/mycobot_moveit_config -- -j16 -l16
[1.386s] DEBUG:colcon.colcon_core.event_handler.log_command:Invoked command in '/home/ubuntu/ros2_rviz_urbot/build/mycobot_bringup' returned '0': CMAKE_PREFIX_PATH=${CMAKE_PREFIX_PATH}:/opt/ros/jazzy DEBUGINFOD_URLS=https://debuginfod.ubuntu.com /usr/bin/cmake --build /home/ubuntu/ros2_rviz_urbot/build/mycobot_bringup -- -j16 -l16
[1.435s] DEBUG:colcon.colcon_core.event_handler.log_command:Invoking command in '/home/ubuntu/ros2_rviz_urbot/build/mycobot_bringup': CMAKE_PREFIX_PATH=${CMAKE_PREFIX_PATH}:/opt/ros/jazzy DEBUGINFOD_URLS=https://debuginfod.ubuntu.com /usr/bin/cmake --install /home/ubuntu/ros2_rviz_urbot/build/mycobot_bringup
[1.520s] DEBUG:colcon.colcon_core.event_handler.log_command:Invoked command in '/home/ubuntu/ros2_rviz_urbot/build/mycobot_description' returned '0': CMAKE_PREFIX_PATH=${CMAKE_PREFIX_PATH}:/opt/ros/jazzy DEBUGINFOD_URLS=https://debuginfod.ubuntu.com /usr/bin/cmake --build /home/ubuntu/ros2_rviz_urbot/build/mycobot_description -- -j16 -l16
[1.548s] DEBUG:colcon.colcon_core.event_handler.log_command:Invoking command in '/home/ubuntu/ros2_rviz_urbot/build/mycobot_description': CMAKE_PREFIX_PATH=${CMAKE_PREFIX_PATH}:/opt/ros/jazzy DEBUGINFOD_URLS=https://debuginfod.ubuntu.com /usr/bin/cmake --install /home/ubuntu/ros2_rviz_urbot/build/mycobot_description
[1.621s] Level 1:colcon.colcon_core.environment:create_environment_scripts_only(mycobot_bringup)
[1.638s] Level 1:colcon.colcon_core.environment:checking '/home/ubuntu/ros2_rviz_urbot/install/mycobot_bringup' for CMake module files
[1.640s] Level 1:colcon.colcon_core.environment:checking '/home/ubuntu/ros2_rviz_urbot/install/mycobot_bringup' for CMake config files
[1.642s] Level 1:colcon.colcon_core.shell:create_environment_hook('mycobot_bringup', 'cmake_prefix_path')
[1.642s] INFO:colcon.colcon_core.shell:Creating environment hook '/home/ubuntu/ros2_rviz_urbot/install/mycobot_bringup/share/mycobot_bringup/hook/cmake_prefix_path.ps1'
[1.648s] DEBUG:colcon.colcon_core.event_handler.log_command:Invoked command in '/home/ubuntu/ros2_rviz_urbot/build/mycobot_moveit_config' returned '0': CMAKE_PREFIX_PATH=${CMAKE_PREFIX_PATH}:/opt/ros/jazzy DEBUGINFOD_URLS=https://debuginfod.ubuntu.com /usr/bin/cmake --build /home/ubuntu/ros2_rviz_urbot/build/mycobot_moveit_config -- -j16 -l16
[1.648s] DEBUG:colcon.colcon_core.event_handler.log_command:Invoking command in '/home/ubuntu/ros2_rviz_urbot/build/mycobot_moveit_config': CMAKE_PREFIX_PATH=${CMAKE_PREFIX_PATH}:/opt/ros/jazzy DEBUGINFOD_URLS=https://debuginfod.ubuntu.com /usr/bin/cmake --install /home/ubuntu/ros2_rviz_urbot/build/mycobot_moveit_config
[1.672s] INFO:colcon.colcon_core.shell:Creating environment descriptor '/home/ubuntu/ros2_rviz_urbot/install/mycobot_bringup/share/mycobot_bringup/hook/cmake_prefix_path.dsv'
[1.688s] INFO:colcon.colcon_core.shell:Creating environment hook '/home/ubuntu/ros2_rviz_urbot/install/mycobot_bringup/share/mycobot_bringup/hook/cmake_prefix_path.sh'
[1.689s] Level 1:colcon.colcon_core.environment:checking '/home/ubuntu/ros2_rviz_urbot/install/mycobot_bringup/bin'
[1.689s] Level 1:colcon.colcon_core.environment:checking '/home/ubuntu/ros2_rviz_urbot/install/mycobot_bringup/lib/pkgconfig/mycobot_bringup.pc'
[1.689s] Level 1:colcon.colcon_core.environment:checking '/home/ubuntu/ros2_rviz_urbot/install/mycobot_bringup/lib/python3.12/site-packages'
[1.690s] Level 1:colcon.colcon_core.environment:checking '/home/ubuntu/ros2_rviz_urbot/install/mycobot_bringup/bin'
[1.690s] INFO:colcon.colcon_core.shell:Creating package script '/home/ubuntu/ros2_rviz_urbot/install/mycobot_bringup/share/mycobot_bringup/package.ps1'
[1.691s] DEBUG:colcon.colcon_core.event_handler.log_command:Invoked command in '/home/ubuntu/ros2_rviz_urbot/build/mycobot_bringup' returned '0': CMAKE_PREFIX_PATH=${CMAKE_PREFIX_PATH}:/opt/ros/jazzy DEBUGINFOD_URLS=https://debuginfod.ubuntu.com /usr/bin/cmake --install /home/ubuntu/ros2_rviz_urbot/build/mycobot_bringup
[1.694s] INFO:colcon.colcon_core.shell:Creating package descriptor '/home/ubuntu/ros2_rviz_urbot/install/mycobot_bringup/share/mycobot_bringup/package.dsv'
[1.695s] INFO:colcon.colcon_core.shell:Creating package script '/home/ubuntu/ros2_rviz_urbot/install/mycobot_bringup/share/mycobot_bringup/package.sh'
[1.695s] INFO:colcon.colcon_core.shell:Creating package script '/home/ubuntu/ros2_rviz_urbot/install/mycobot_bringup/share/mycobot_bringup/package.bash'
[1.696s] INFO:colcon.colcon_core.shell:Creating package script '/home/ubuntu/ros2_rviz_urbot/install/mycobot_bringup/share/mycobot_bringup/package.zsh'
[1.696s] Level 1:colcon.colcon_core.environment:create_file_with_runtime_dependencies(/home/ubuntu/ros2_rviz_urbot/install/mycobot_bringup/share/colcon-core/packages/mycobot_bringup)
[1.696s] Level 1:colcon.colcon_core.environment:create_environment_scripts_only(mycobot_bringup)
[1.696s] Level 1:colcon.colcon_core.environment:checking '/home/ubuntu/ros2_rviz_urbot/install/mycobot_bringup' for CMake module files
[1.697s] Level 1:colcon.colcon_core.environment:checking '/home/ubuntu/ros2_rviz_urbot/install/mycobot_bringup' for CMake config files
[1.697s] Level 1:colcon.colcon_core.shell:create_environment_hook('mycobot_bringup', 'cmake_prefix_path')
[1.697s] INFO:colcon.colcon_core.shell:Creating environment hook '/home/ubuntu/ros2_rviz_urbot/install/mycobot_bringup/share/mycobot_bringup/hook/cmake_prefix_path.ps1'
[1.697s] INFO:colcon.colcon_core.shell:Creating environment descriptor '/home/ubuntu/ros2_rviz_urbot/install/mycobot_bringup/share/mycobot_bringup/hook/cmake_prefix_path.dsv'
[1.697s] INFO:colcon.colcon_core.shell:Creating environment hook '/home/ubuntu/ros2_rviz_urbot/install/mycobot_bringup/share/mycobot_bringup/hook/cmake_prefix_path.sh'
[1.698s] Level 1:colcon.colcon_core.environment:checking '/home/ubuntu/ros2_rviz_urbot/install/mycobot_bringup/bin'
[1.698s] Level 1:colcon.colcon_core.environment:checking '/home/ubuntu/ros2_rviz_urbot/install/mycobot_bringup/lib/pkgconfig/mycobot_bringup.pc'
[1.698s] Level 1:colcon.colcon_core.environment:checking '/home/ubuntu/ros2_rviz_urbot/install/mycobot_bringup/lib/python3.12/site-packages'
[1.699s] Level 1:colcon.colcon_core.environment:checking '/home/ubuntu/ros2_rviz_urbot/install/mycobot_bringup/bin'
[1.699s] INFO:colcon.colcon_core.shell:Creating package script '/home/ubuntu/ros2_rviz_urbot/install/mycobot_bringup/share/mycobot_bringup/package.ps1'
[1.700s] INFO:colcon.colcon_core.shell:Creating package descriptor '/home/ubuntu/ros2_rviz_urbot/install/mycobot_bringup/share/mycobot_bringup/package.dsv'
[1.700s] INFO:colcon.colcon_core.shell:Creating package script '/home/ubuntu/ros2_rviz_urbot/install/mycobot_bringup/share/mycobot_bringup/package.sh'
[1.701s] INFO:colcon.colcon_core.shell:Creating package script '/home/ubuntu/ros2_rviz_urbot/install/mycobot_bringup/share/mycobot_bringup/package.bash'
[1.701s] INFO:colcon.colcon_core.shell:Creating package script '/home/ubuntu/ros2_rviz_urbot/install/mycobot_bringup/share/mycobot_bringup/package.zsh'
[1.702s] Level 1:colcon.colcon_core.environment:create_file_with_runtime_dependencies(/home/ubuntu/ros2_rviz_urbot/install/mycobot_bringup/share/colcon-core/packages/mycobot_bringup)
[1.725s] DEBUG:colcon.colcon_core.event_handler.log_command:Invoked command in '/home/ubuntu/ros2_rviz_urbot/build/mycobot_system_tests' returned '0': CMAKE_PREFIX_PATH=${CMAKE_PREFIX_PATH}:/opt/ros/jazzy DEBUGINFOD_URLS=https://debuginfod.ubuntu.com /usr/bin/cmake --build /home/ubuntu/ros2_rviz_urbot/build/mycobot_system_tests -- -j16 -l16
[1.726s] Level 1:colcon.colcon_core.environment:create_environment_scripts_only(mycobot_description)
[1.726s] Level 1:colcon.colcon_core.environment:checking '/home/ubuntu/ros2_rviz_urbot/install/mycobot_description' for CMake module files
[1.728s] DEBUG:colcon.colcon_core.event_handler.log_command:Invoking command in '/home/ubuntu/ros2_rviz_urbot/build/mycobot_system_tests': CMAKE_PREFIX_PATH=${CMAKE_PREFIX_PATH}:/opt/ros/jazzy DEBUGINFOD_URLS=https://debuginfod.ubuntu.com /usr/bin/cmake --install /home/ubuntu/ros2_rviz_urbot/build/mycobot_system_tests
[1.730s] Level 1:colcon.colcon_core.environment:checking '/home/ubuntu/ros2_rviz_urbot/install/mycobot_description' for CMake config files
[1.730s] Level 1:colcon.colcon_core.shell:create_environment_hook('mycobot_description', 'cmake_prefix_path')
[1.730s] INFO:colcon.colcon_core.shell:Creating environment hook '/home/ubuntu/ros2_rviz_urbot/install/mycobot_description/share/mycobot_description/hook/cmake_prefix_path.ps1'
[1.731s] DEBUG:colcon.colcon_core.event_handler.log_command:Invoked command in '/home/ubuntu/ros2_rviz_urbot/build/mycobot_description' returned '0': CMAKE_PREFIX_PATH=${CMAKE_PREFIX_PATH}:/opt/ros/jazzy DEBUGINFOD_URLS=https://debuginfod.ubuntu.com /usr/bin/cmake --install /home/ubuntu/ros2_rviz_urbot/build/mycobot_description
[1.732s] INFO:colcon.colcon_core.shell:Creating environment descriptor '/home/ubuntu/ros2_rviz_urbot/install/mycobot_description/share/mycobot_description/hook/cmake_prefix_path.dsv'
[1.733s] INFO:colcon.colcon_core.shell:Creating environment hook '/home/ubuntu/ros2_rviz_urbot/install/mycobot_description/share/mycobot_description/hook/cmake_prefix_path.sh'
[1.733s] Level 1:colcon.colcon_core.environment:checking '/home/ubuntu/ros2_rviz_urbot/install/mycobot_description/bin'
[1.733s] Level 1:colcon.colcon_core.environment:checking '/home/ubuntu/ros2_rviz_urbot/install/mycobot_description/lib/pkgconfig/mycobot_description.pc'
[1.733s] Level 1:colcon.colcon_core.environment:checking '/home/ubuntu/ros2_rviz_urbot/install/mycobot_description/lib/python3.12/site-packages'
[1.734s] Level 1:colcon.colcon_core.environment:checking '/home/ubuntu/ros2_rviz_urbot/install/mycobot_description/bin'
[1.734s] INFO:colcon.colcon_core.shell:Creating package script '/home/ubuntu/ros2_rviz_urbot/install/mycobot_description/share/mycobot_description/package.ps1'
[1.735s] INFO:colcon.colcon_core.shell:Creating package descriptor '/home/ubuntu/ros2_rviz_urbot/install/mycobot_description/share/mycobot_description/package.dsv'
[1.735s] INFO:colcon.colcon_core.shell:Creating package script '/home/ubuntu/ros2_rviz_urbot/install/mycobot_description/share/mycobot_description/package.sh'
[1.735s] INFO:colcon.colcon_core.shell:Creating package script '/home/ubuntu/ros2_rviz_urbot/install/mycobot_description/share/mycobot_description/package.bash'
[1.736s] INFO:colcon.colcon_core.shell:Creating package script '/home/ubuntu/ros2_rviz_urbot/install/mycobot_description/share/mycobot_description/package.zsh'
[1.737s] Level 1:colcon.colcon_core.environment:create_file_with_runtime_dependencies(/home/ubuntu/ros2_rviz_urbot/install/mycobot_description/share/colcon-core/packages/mycobot_description)
[1.737s] Level 1:colcon.colcon_core.environment:create_environment_scripts_only(mycobot_description)
[1.737s] Level 1:colcon.colcon_core.environment:checking '/home/ubuntu/ros2_rviz_urbot/install/mycobot_description' for CMake module files
[1.738s] Level 1:colcon.colcon_core.environment:checking '/home/ubuntu/ros2_rviz_urbot/install/mycobot_description' for CMake config files
[1.738s] Level 1:colcon.colcon_core.shell:create_environment_hook('mycobot_description', 'cmake_prefix_path')
[1.738s] INFO:colcon.colcon_core.shell:Creating environment hook '/home/ubuntu/ros2_rviz_urbot/install/mycobot_description/share/mycobot_description/hook/cmake_prefix_path.ps1'
[1.738s] INFO:colcon.colcon_core.shell:Creating environment descriptor '/home/ubuntu/ros2_rviz_urbot/install/mycobot_description/share/mycobot_description/hook/cmake_prefix_path.dsv'
[1.739s] INFO:colcon.colcon_core.shell:Creating environment hook '/home/ubuntu/ros2_rviz_urbot/install/mycobot_description/share/mycobot_description/hook/cmake_prefix_path.sh'
[1.740s] Level 1:colcon.colcon_core.environment:checking '/home/ubuntu/ros2_rviz_urbot/install/mycobot_description/bin'
[1.740s] Level 1:colcon.colcon_core.environment:checking '/home/ubuntu/ros2_rviz_urbot/install/mycobot_description/lib/pkgconfig/mycobot_description.pc'
[1.740s] Level 1:colcon.colcon_core.environment:checking '/home/ubuntu/ros2_rviz_urbot/install/mycobot_description/lib/python3.12/site-packages'
[1.740s] Level 1:colcon.colcon_core.environment:checking '/home/ubuntu/ros2_rviz_urbot/install/mycobot_description/bin'
[1.741s] INFO:colcon.colcon_core.shell:Creating package script '/home/ubuntu/ros2_rviz_urbot/install/mycobot_description/share/mycobot_description/package.ps1'
[1.741s] INFO:colcon.colcon_core.shell:Creating package descriptor '/home/ubuntu/ros2_rviz_urbot/install/mycobot_description/share/mycobot_description/package.dsv'
[1.742s] INFO:colcon.colcon_core.shell:Creating package script '/home/ubuntu/ros2_rviz_urbot/install/mycobot_description/share/mycobot_description/package.sh'
[1.742s] INFO:colcon.colcon_core.shell:Creating package script '/home/ubuntu/ros2_rviz_urbot/install/mycobot_description/share/mycobot_description/package.bash'
[1.743s] INFO:colcon.colcon_core.shell:Creating package script '/home/ubuntu/ros2_rviz_urbot/install/mycobot_description/share/mycobot_description/package.zsh'
[1.744s] Level 1:colcon.colcon_core.environment:create_file_with_runtime_dependencies(/home/ubuntu/ros2_rviz_urbot/install/mycobot_description/share/colcon-core/packages/mycobot_description)
[1.744s] Level 1:colcon.colcon_core.environment:create_environment_scripts_only(mycobot_moveit_config)
[1.744s] Level 1:colcon.colcon_core.environment:checking '/home/ubuntu/ros2_rviz_urbot/install/mycobot_moveit_config' for CMake module files
[1.745s] Level 1:colcon.colcon_core.environment:checking '/home/ubuntu/ros2_rviz_urbot/install/mycobot_moveit_config' for CMake config files
[1.746s] DEBUG:colcon.colcon_core.event_handler.log_command:Invoked command in '/home/ubuntu/ros2_rviz_urbot/build/mycobot_moveit_config' returned '0': CMAKE_PREFIX_PATH=${CMAKE_PREFIX_PATH}:/opt/ros/jazzy DEBUGINFOD_URLS=https://debuginfod.ubuntu.com /usr/bin/cmake --install /home/ubuntu/ros2_rviz_urbot/build/mycobot_moveit_config
[1.746s] Level 1:colcon.colcon_core.shell:create_environment_hook('mycobot_moveit_config', 'cmake_prefix_path')
[1.746s] INFO:colcon.colcon_core.shell:Creating environment hook '/home/ubuntu/ros2_rviz_urbot/install/mycobot_moveit_config/share/mycobot_moveit_config/hook/cmake_prefix_path.ps1'
[1.747s] INFO:colcon.colcon_core.shell:Creating environment descriptor '/home/ubuntu/ros2_rviz_urbot/install/mycobot_moveit_config/share/mycobot_moveit_config/hook/cmake_prefix_path.dsv'
[1.747s] INFO:colcon.colcon_core.shell:Creating environment hook '/home/ubuntu/ros2_rviz_urbot/install/mycobot_moveit_config/share/mycobot_moveit_config/hook/cmake_prefix_path.sh'
[1.747s] Level 1:colcon.colcon_core.environment:checking '/home/ubuntu/ros2_rviz_urbot/install/mycobot_moveit_config/bin'
[1.747s] Level 1:colcon.colcon_core.environment:checking '/home/ubuntu/ros2_rviz_urbot/install/mycobot_moveit_config/lib/pkgconfig/mycobot_moveit_config.pc'
[1.747s] Level 1:colcon.colcon_core.environment:checking '/home/ubuntu/ros2_rviz_urbot/install/mycobot_moveit_config/lib/python3.12/site-packages'
[1.748s] Level 1:colcon.colcon_core.environment:checking '/home/ubuntu/ros2_rviz_urbot/install/mycobot_moveit_config/bin'
[1.748s] INFO:colcon.colcon_core.shell:Creating package script '/home/ubuntu/ros2_rviz_urbot/install/mycobot_moveit_config/share/mycobot_moveit_config/package.ps1'
[1.748s] INFO:colcon.colcon_core.shell:Creating package descriptor '/home/ubuntu/ros2_rviz_urbot/install/mycobot_moveit_config/share/mycobot_moveit_config/package.dsv'
[1.748s] INFO:colcon.colcon_core.shell:Creating package script '/home/ubuntu/ros2_rviz_urbot/install/mycobot_moveit_config/share/mycobot_moveit_config/package.sh'
[1.748s] INFO:colcon.colcon_core.shell:Creating package script '/home/ubuntu/ros2_rviz_urbot/install/mycobot_moveit_config/share/mycobot_moveit_config/package.bash'
[1.749s] INFO:colcon.colcon_core.shell:Creating package script '/home/ubuntu/ros2_rviz_urbot/install/mycobot_moveit_config/share/mycobot_moveit_config/package.zsh'
[1.749s] Level 1:colcon.colcon_core.environment:create_file_with_runtime_dependencies(/home/ubuntu/ros2_rviz_urbot/install/mycobot_moveit_config/share/colcon-core/packages/mycobot_moveit_config)
[1.749s] Level 1:colcon.colcon_core.environment:create_environment_scripts_only(mycobot_moveit_config)
[1.749s] Level 1:colcon.colcon_core.environment:checking '/home/ubuntu/ros2_rviz_urbot/install/mycobot_moveit_config' for CMake module files
[1.751s] Level 1:colcon.colcon_core.environment:checking '/home/ubuntu/ros2_rviz_urbot/install/mycobot_moveit_config' for CMake config files
[1.751s] Level 1:colcon.colcon_core.shell:create_environment_hook('mycobot_moveit_config', 'cmake_prefix_path')
[1.751s] INFO:colcon.colcon_core.shell:Creating environment hook '/home/ubuntu/ros2_rviz_urbot/install/mycobot_moveit_config/share/mycobot_moveit_config/hook/cmake_prefix_path.ps1'
[1.752s] INFO:colcon.colcon_core.shell:Creating environment descriptor '/home/ubuntu/ros2_rviz_urbot/install/mycobot_moveit_config/share/mycobot_moveit_config/hook/cmake_prefix_path.dsv'
[1.752s] INFO:colcon.colcon_core.shell:Creating environment hook '/home/ubuntu/ros2_rviz_urbot/install/mycobot_moveit_config/share/mycobot_moveit_config/hook/cmake_prefix_path.sh'
[1.753s] Level 1:colcon.colcon_core.environment:checking '/home/ubuntu/ros2_rviz_urbot/install/mycobot_moveit_config/bin'
[1.753s] Level 1:colcon.colcon_core.environment:checking '/home/ubuntu/ros2_rviz_urbot/install/mycobot_moveit_config/lib/pkgconfig/mycobot_moveit_config.pc'
[1.753s] Level 1:colcon.colcon_core.environment:checking '/home/ubuntu/ros2_rviz_urbot/install/mycobot_moveit_config/lib/python3.12/site-packages'
[1.754s] Level 1:colcon.colcon_core.environment:checking '/home/ubuntu/ros2_rviz_urbot/install/mycobot_moveit_config/bin'
[1.754s] INFO:colcon.colcon_core.shell:Creating package script '/home/ubuntu/ros2_rviz_urbot/install/mycobot_moveit_config/share/mycobot_moveit_config/package.ps1'
[1.754s] INFO:colcon.colcon_core.shell:Creating package descriptor '/home/ubuntu/ros2_rviz_urbot/install/mycobot_moveit_config/share/mycobot_moveit_config/package.dsv'
[1.755s] INFO:colcon.colcon_core.shell:Creating package script '/home/ubuntu/ros2_rviz_urbot/install/mycobot_moveit_config/share/mycobot_moveit_config/package.sh'
[1.755s] INFO:colcon.colcon_core.shell:Creating package script '/home/ubuntu/ros2_rviz_urbot/install/mycobot_moveit_config/share/mycobot_moveit_config/package.bash'
[1.755s] INFO:colcon.colcon_core.shell:Creating package script '/home/ubuntu/ros2_rviz_urbot/install/mycobot_moveit_config/share/mycobot_moveit_config/package.zsh'
[1.756s] Level 1:colcon.colcon_core.environment:create_file_with_runtime_dependencies(/home/ubuntu/ros2_rviz_urbot/install/mycobot_moveit_config/share/colcon-core/packages/mycobot_moveit_config)
[1.772s] Level 1:colcon.colcon_core.environment:create_environment_scripts_only(mycobot_system_tests)
[1.772s] Level 1:colcon.colcon_core.environment:checking '/home/ubuntu/ros2_rviz_urbot/install/mycobot_system_tests' for CMake module files
[1.786s] Level 1:colcon.colcon_core.environment:checking '/home/ubuntu/ros2_rviz_urbot/install/mycobot_system_tests' for CMake config files
[1.788s] DEBUG:colcon.colcon_core.event_handler.log_command:Invoked command in '/home/ubuntu/ros2_rviz_urbot/build/mycobot_system_tests' returned '0': CMAKE_PREFIX_PATH=${CMAKE_PREFIX_PATH}:/opt/ros/jazzy DEBUGINFOD_URLS=https://debuginfod.ubuntu.com /usr/bin/cmake --install /home/ubuntu/ros2_rviz_urbot/build/mycobot_system_tests
[1.799s] Level 1:colcon.colcon_core.shell:create_environment_hook('mycobot_system_tests', 'cmake_prefix_path')
[1.811s] INFO:colcon.colcon_core.shell:Creating environment hook '/home/ubuntu/ros2_rviz_urbot/install/mycobot_system_tests/share/mycobot_system_tests/hook/cmake_prefix_path.ps1'
[1.816s] INFO:colcon.colcon_core.shell:Creating environment descriptor '/home/ubuntu/ros2_rviz_urbot/install/mycobot_system_tests/share/mycobot_system_tests/hook/cmake_prefix_path.dsv'
[1.821s] INFO:colcon.colcon_core.shell:Creating environment hook '/home/ubuntu/ros2_rviz_urbot/install/mycobot_system_tests/share/mycobot_system_tests/hook/cmake_prefix_path.sh'
[1.826s] Level 1:colcon.colcon_core.environment:checking '/home/ubuntu/ros2_rviz_urbot/install/mycobot_system_tests/bin'
[1.826s] Level 1:colcon.colcon_core.environment:checking '/home/ubuntu/ros2_rviz_urbot/install/mycobot_system_tests/lib/pkgconfig/mycobot_system_tests.pc'
[1.827s] Level 1:colcon.colcon_core.environment:checking '/home/ubuntu/ros2_rviz_urbot/install/mycobot_system_tests/lib/python3.12/site-packages'
[1.835s] Level 1:colcon.colcon_core.environment:checking '/home/ubuntu/ros2_rviz_urbot/install/mycobot_system_tests/bin'
[1.837s] INFO:colcon.colcon_core.shell:Creating package script '/home/ubuntu/ros2_rviz_urbot/install/mycobot_system_tests/share/mycobot_system_tests/package.ps1'
[1.845s] INFO:colcon.colcon_core.shell:Creating package descriptor '/home/ubuntu/ros2_rviz_urbot/install/mycobot_system_tests/share/mycobot_system_tests/package.dsv'
[1.847s] INFO:colcon.colcon_core.shell:Creating package script '/home/ubuntu/ros2_rviz_urbot/install/mycobot_system_tests/share/mycobot_system_tests/package.sh'
[1.848s] INFO:colcon.colcon_core.shell:Creating package script '/home/ubuntu/ros2_rviz_urbot/install/mycobot_system_tests/share/mycobot_system_tests/package.bash'
[1.856s] INFO:colcon.colcon_core.shell:Creating package script '/home/ubuntu/ros2_rviz_urbot/install/mycobot_system_tests/share/mycobot_system_tests/package.zsh'
[1.861s] Level 1:colcon.colcon_core.environment:create_file_with_runtime_dependencies(/home/ubuntu/ros2_rviz_urbot/install/mycobot_system_tests/share/colcon-core/packages/mycobot_system_tests)
[1.862s] Level 1:colcon.colcon_core.environment:create_environment_scripts_only(mycobot_system_tests)
[1.862s] Level 1:colcon.colcon_core.environment:checking '/home/ubuntu/ros2_rviz_urbot/install/mycobot_system_tests' for CMake module files
[1.864s] Level 1:colcon.colcon_core.environment:checking '/home/ubuntu/ros2_rviz_urbot/install/mycobot_system_tests' for CMake config files
[1.869s] Level 1:colcon.colcon_core.shell:create_environment_hook('mycobot_system_tests', 'cmake_prefix_path')
[1.872s] INFO:colcon.colcon_core.shell:Creating environment hook '/home/ubuntu/ros2_rviz_urbot/install/mycobot_system_tests/share/mycobot_system_tests/hook/cmake_prefix_path.ps1'
[1.874s] INFO:colcon.colcon_core.shell:Creating environment descriptor '/home/ubuntu/ros2_rviz_urbot/install/mycobot_system_tests/share/mycobot_system_tests/hook/cmake_prefix_path.dsv'
[1.876s] INFO:colcon.colcon_core.shell:Creating environment hook '/home/ubuntu/ros2_rviz_urbot/install/mycobot_system_tests/share/mycobot_system_tests/hook/cmake_prefix_path.sh'
[1.888s] Level 1:colcon.colcon_core.environment:checking '/home/ubuntu/ros2_rviz_urbot/install/mycobot_system_tests/bin'
[1.894s] Level 1:colcon.colcon_core.environment:checking '/home/ubuntu/ros2_rviz_urbot/install/mycobot_system_tests/lib/pkgconfig/mycobot_system_tests.pc'
[1.894s] Level 1:colcon.colcon_core.environment:checking '/home/ubuntu/ros2_rviz_urbot/install/mycobot_system_tests/lib/python3.12/site-packages'
[1.894s] Level 1:colcon.colcon_core.environment:checking '/home/ubuntu/ros2_rviz_urbot/install/mycobot_system_tests/bin'
[1.895s] INFO:colcon.colcon_core.shell:Creating package script '/home/ubuntu/ros2_rviz_urbot/install/mycobot_system_tests/share/mycobot_system_tests/package.ps1'
[1.903s] INFO:colcon.colcon_core.shell:Creating package descriptor '/home/ubuntu/ros2_rviz_urbot/install/mycobot_system_tests/share/mycobot_system_tests/package.dsv'
[1.905s] INFO:colcon.colcon_core.shell:Creating package script '/home/ubuntu/ros2_rviz_urbot/install/mycobot_system_tests/share/mycobot_system_tests/package.sh'
[1.908s] INFO:colcon.colcon_core.shell:Creating package script '/home/ubuntu/ros2_rviz_urbot/install/mycobot_system_tests/share/mycobot_system_tests/package.bash'
[1.912s] INFO:colcon.colcon_core.shell:Creating package script '/home/ubuntu/ros2_rviz_urbot/install/mycobot_system_tests/share/mycobot_system_tests/package.zsh'
[1.920s] Level 1:colcon.colcon_core.environment:create_file_with_runtime_dependencies(/home/ubuntu/ros2_rviz_urbot/install/mycobot_system_tests/share/colcon-core/packages/mycobot_system_tests)
[2.139s] DEBUG:colcon.colcon_core.event_handler.log_command:Invoked command in '/home/ubuntu/ros2_rviz_urbot/build/mycobot_gazebo' returned '0': CMAKE_PREFIX_PATH=${CMAKE_PREFIX_PATH}:/opt/ros/jazzy DEBUGINFOD_URLS=https://debuginfod.ubuntu.com /usr/bin/cmake /home/ubuntu/ros2_rviz_urbot/src/mycobot_ros2/mycobot_gazebo -DAMENT_CMAKE_SYMLINK_INSTALL=1 -DCMAKE_INSTALL_PREFIX=/home/ubuntu/ros2_rviz_urbot/install/mycobot_gazebo
[2.140s] DEBUG:colcon.colcon_core.event_handler.log_command:Invoking command in '/home/ubuntu/ros2_rviz_urbot/build/mycobot_gazebo': CMAKE_PREFIX_PATH=${CMAKE_PREFIX_PATH}:/opt/ros/jazzy DEBUGINFOD_URLS=https://debuginfod.ubuntu.com /usr/bin/cmake --build /home/ubuntu/ros2_rviz_urbot/build/mycobot_gazebo -- -j16 -l16
[2.183s] DEBUG:colcon.colcon_core.event_handler.log_command:Invoked command in '/home/ubuntu/ros2_rviz_urbot/build/mycobot_gazebo' returned '0': CMAKE_PREFIX_PATH=${CMAKE_PREFIX_PATH}:/opt/ros/jazzy DEBUGINFOD_URLS=https://debuginfod.ubuntu.com /usr/bin/cmake --build /home/ubuntu/ros2_rviz_urbot/build/mycobot_gazebo -- -j16 -l16
[2.184s] DEBUG:colcon.colcon_core.event_handler.log_command:Invoking command in '/home/ubuntu/ros2_rviz_urbot/build/mycobot_gazebo': CMAKE_PREFIX_PATH=${CMAKE_PREFIX_PATH}:/opt/ros/jazzy DEBUGINFOD_URLS=https://debuginfod.ubuntu.com /usr/bin/cmake --install /home/ubuntu/ros2_rviz_urbot/build/mycobot_gazebo
[2.244s] Level 1:colcon.colcon_core.environment:create_environment_scripts_only(mycobot_gazebo)
[2.244s] Level 1:colcon.colcon_core.environment:checking '/home/ubuntu/ros2_rviz_urbot/install/mycobot_gazebo' for CMake module files
[2.245s] DEBUG:colcon.colcon_core.event_handler.log_command:Invoked command in '/home/ubuntu/ros2_rviz_urbot/build/mycobot_gazebo' returned '0': CMAKE_PREFIX_PATH=${CMAKE_PREFIX_PATH}:/opt/ros/jazzy DEBUGINFOD_URLS=https://debuginfod.ubuntu.com /usr/bin/cmake --install /home/ubuntu/ros2_rviz_urbot/build/mycobot_gazebo
[2.245s] Level 1:colcon.colcon_core.environment:checking '/home/ubuntu/ros2_rviz_urbot/install/mycobot_gazebo' for CMake config files
[2.246s] Level 1:colcon.colcon_core.shell:create_environment_hook('mycobot_gazebo', 'cmake_prefix_path')
[2.246s] INFO:colcon.colcon_core.shell:Creating environment hook '/home/ubuntu/ros2_rviz_urbot/install/mycobot_gazebo/share/mycobot_gazebo/hook/cmake_prefix_path.ps1'
[2.246s] INFO:colcon.colcon_core.shell:Creating environment descriptor '/home/ubuntu/ros2_rviz_urbot/install/mycobot_gazebo/share/mycobot_gazebo/hook/cmake_prefix_path.dsv'
[2.247s] INFO:colcon.colcon_core.shell:Creating environment hook '/home/ubuntu/ros2_rviz_urbot/install/mycobot_gazebo/share/mycobot_gazebo/hook/cmake_prefix_path.sh'
[2.248s] Level 1:colcon.colcon_core.environment:checking '/home/ubuntu/ros2_rviz_urbot/install/mycobot_gazebo/bin'
[2.248s] Level 1:colcon.colcon_core.environment:checking '/home/ubuntu/ros2_rviz_urbot/install/mycobot_gazebo/lib/pkgconfig/mycobot_gazebo.pc'
[2.248s] Level 1:colcon.colcon_core.environment:checking '/home/ubuntu/ros2_rviz_urbot/install/mycobot_gazebo/lib/python3.12/site-packages'
[2.248s] Level 1:colcon.colcon_core.environment:checking '/home/ubuntu/ros2_rviz_urbot/install/mycobot_gazebo/bin'
[2.248s] INFO:colcon.colcon_core.shell:Creating package script '/home/ubuntu/ros2_rviz_urbot/install/mycobot_gazebo/share/mycobot_gazebo/package.ps1'
[2.249s] INFO:colcon.colcon_core.shell:Creating package descriptor '/home/ubuntu/ros2_rviz_urbot/install/mycobot_gazebo/share/mycobot_gazebo/package.dsv'
[2.249s] INFO:colcon.colcon_core.shell:Creating package script '/home/ubuntu/ros2_rviz_urbot/install/mycobot_gazebo/share/mycobot_gazebo/package.sh'
[2.249s] INFO:colcon.colcon_core.shell:Creating package script '/home/ubuntu/ros2_rviz_urbot/install/mycobot_gazebo/share/mycobot_gazebo/package.bash'
[2.250s] INFO:colcon.colcon_core.shell:Creating package script '/home/ubuntu/ros2_rviz_urbot/install/mycobot_gazebo/share/mycobot_gazebo/package.zsh'
[2.250s] Level 1:colcon.colcon_core.environment:create_file_with_runtime_dependencies(/home/ubuntu/ros2_rviz_urbot/install/mycobot_gazebo/share/colcon-core/packages/mycobot_gazebo)
[2.251s] Level 1:colcon.colcon_core.environment:create_environment_scripts_only(mycobot_gazebo)
[2.251s] Level 1:colcon.colcon_core.environment:checking '/home/ubuntu/ros2_rviz_urbot/install/mycobot_gazebo' for CMake module files
[2.251s] Level 1:colcon.colcon_core.environment:checking '/home/ubuntu/ros2_rviz_urbot/install/mycobot_gazebo' for CMake config files
[2.251s] Level 1:colcon.colcon_core.shell:create_environment_hook('mycobot_gazebo', 'cmake_prefix_path')
[2.252s] INFO:colcon.colcon_core.shell:Creating environment hook '/home/ubuntu/ros2_rviz_urbot/install/mycobot_gazebo/share/mycobot_gazebo/hook/cmake_prefix_path.ps1'
[2.253s] INFO:colcon.colcon_core.shell:Creating environment descriptor '/home/ubuntu/ros2_rviz_urbot/install/mycobot_gazebo/share/mycobot_gazebo/hook/cmake_prefix_path.dsv'
[2.253s] INFO:colcon.colcon_core.shell:Creating environment hook '/home/ubuntu/ros2_rviz_urbot/install/mycobot_gazebo/share/mycobot_gazebo/hook/cmake_prefix_path.sh'
[2.254s] Level 1:colcon.colcon_core.environment:checking '/home/ubuntu/ros2_rviz_urbot/install/mycobot_gazebo/bin'
[2.254s] Level 1:colcon.colcon_core.environment:checking '/home/ubuntu/ros2_rviz_urbot/install/mycobot_gazebo/lib/pkgconfig/mycobot_gazebo.pc'
[2.254s] Level 1:colcon.colcon_core.environment:checking '/home/ubuntu/ros2_rviz_urbot/install/mycobot_gazebo/lib/python3.12/site-packages'
[2.254s] Level 1:colcon.colcon_core.environment:checking '/home/ubuntu/ros2_rviz_urbot/install/mycobot_gazebo/bin'
[2.254s] INFO:colcon.colcon_core.shell:Creating package script '/home/ubuntu/ros2_rviz_urbot/install/mycobot_gazebo/share/mycobot_gazebo/package.ps1'
[2.255s] INFO:colcon.colcon_core.shell:Creating package descriptor '/home/ubuntu/ros2_rviz_urbot/install/mycobot_gazebo/share/mycobot_gazebo/package.dsv'
[2.255s] INFO:colcon.colcon_core.shell:Creating package script '/home/ubuntu/ros2_rviz_urbot/install/mycobot_gazebo/share/mycobot_gazebo/package.sh'
[2.256s] INFO:colcon.colcon_core.shell:Creating package script '/home/ubuntu/ros2_rviz_urbot/install/mycobot_gazebo/share/mycobot_gazebo/package.bash'
[2.256s] INFO:colcon.colcon_core.shell:Creating package script '/home/ubuntu/ros2_rviz_urbot/install/mycobot_gazebo/share/mycobot_gazebo/package.zsh'
[2.258s] Level 1:colcon.colcon_core.environment:create_file_with_runtime_dependencies(/home/ubuntu/ros2_rviz_urbot/install/mycobot_gazebo/share/colcon-core/packages/mycobot_gazebo)
[2.258s] INFO:colcon.colcon_ros.task.ament_cmake.build:Building ROS package in '/home/ubuntu/ros2_rviz_urbot/src/mycobot_ros2/mycobot_ros2' with build type 'ament_cmake'
[2.258s] INFO:colcon.colcon_cmake.task.cmake.build:Building CMake package in '/home/ubuntu/ros2_rviz_urbot/src/mycobot_ros2/mycobot_ros2'
[2.258s] INFO:colcon.colcon_core.shell:Skip shell extension 'powershell' for command environment: Not usable outside of PowerShell
[2.258s] DEBUG:colcon.colcon_core.shell:Skip shell extension 'dsv' for command environment
[2.279s] DEBUG:colcon.colcon_core.event_handler.log_command:Invoking command in '/home/ubuntu/ros2_rviz_urbot/build/mycobot_ros2': AMENT_PREFIX_PATH=/home/ubuntu/ros2_rviz_urbot/install/mycobot_system_tests:/home/ubuntu/ros2_rviz_urbot/install/mycobot_moveit_config:/home/ubuntu/ros2_rviz_urbot/install/mycobot_gazebo:/home/ubuntu/ros2_rviz_urbot/install/mycobot_description:/home/ubuntu/ros2_rviz_urbot/install/mycobot_bringup:${AMENT_PREFIX_PATH} CMAKE_PREFIX_PATH=/home/ubuntu/ros2_rviz_urbot/install/mycobot_system_tests:/home/ubuntu/ros2_rviz_urbot/install/mycobot_moveit_config:/home/ubuntu/ros2_rviz_urbot/install/mycobot_gazebo:/home/ubuntu/ros2_rviz_urbot/install/mycobot_description:/home/ubuntu/ros2_rviz_urbot/install/mycobot_bringup:/opt/ros/jazzy/opt/gz_sim_vendor:/opt/ros/jazzy/opt/gz_sensors_vendor:/opt/ros/jazzy/opt/gz_physics_vendor:/opt/ros/jazzy/opt/sdformat_vendor:/opt/ros/jazzy/opt/gz_gui_vendor:/opt/ros/jazzy/opt/gz_transport_vendor:/opt/ros/jazzy/opt/gz_rendering_vendor:/opt/ros/jazzy/opt/gz_plugin_vendor:/opt/ros/jazzy/opt/gz_fuel_tools_vendor:/opt/ros/jazzy/opt/gz_msgs_vendor:/opt/ros/jazzy/opt/gz_common_vendor:/opt/ros/jazzy/opt/gz_math_vendor:/opt/ros/jazzy/opt/gz_utils_vendor:/opt/ros/jazzy/opt/gz_tools_vendor:/opt/ros/jazzy/opt/gz_ogre_next_vendor:/opt/ros/jazzy/opt/gz_dartsim_vendor:/opt/ros/jazzy/opt/gz_cmake_vendor:/opt/ros/jazzy DEBUGINFOD_URLS=https://debuginfod.ubuntu.com /usr/bin/cmake /home/ubuntu/ros2_rviz_urbot/src/mycobot_ros2/mycobot_ros2 -DAMENT_CMAKE_SYMLINK_INSTALL=1 -DCMAKE_INSTALL_PREFIX=/home/ubuntu/ros2_rviz_urbot/install/mycobot_ros2
[2.612s] DEBUG:colcon.colcon_core.event_handler.log_command:Invoked command in '/home/ubuntu/ros2_rviz_urbot/build/mycobot_ros2' returned '0': AMENT_PREFIX_PATH=/home/ubuntu/ros2_rviz_urbot/install/mycobot_system_tests:/home/ubuntu/ros2_rviz_urbot/install/mycobot_moveit_config:/home/ubuntu/ros2_rviz_urbot/install/mycobot_gazebo:/home/ubuntu/ros2_rviz_urbot/install/mycobot_description:/home/ubuntu/ros2_rviz_urbot/install/mycobot_bringup:${AMENT_PREFIX_PATH} CMAKE_PREFIX_PATH=/home/ubuntu/ros2_rviz_urbot/install/mycobot_system_tests:/home/ubuntu/ros2_rviz_urbot/install/mycobot_moveit_config:/home/ubuntu/ros2_rviz_urbot/install/mycobot_gazebo:/home/ubuntu/ros2_rviz_urbot/install/mycobot_description:/home/ubuntu/ros2_rviz_urbot/install/mycobot_bringup:/opt/ros/jazzy/opt/gz_sim_vendor:/opt/ros/jazzy/opt/gz_sensors_vendor:/opt/ros/jazzy/opt/gz_physics_vendor:/opt/ros/jazzy/opt/sdformat_vendor:/opt/ros/jazzy/opt/gz_gui_vendor:/opt/ros/jazzy/opt/gz_transport_vendor:/opt/ros/jazzy/opt/gz_rendering_vendor:/opt/ros/jazzy/opt/gz_plugin_vendor:/opt/ros/jazzy/opt/gz_fuel_tools_vendor:/opt/ros/jazzy/opt/gz_msgs_vendor:/opt/ros/jazzy/opt/gz_common_vendor:/opt/ros/jazzy/opt/gz_math_vendor:/opt/ros/jazzy/opt/gz_utils_vendor:/opt/ros/jazzy/opt/gz_tools_vendor:/opt/ros/jazzy/opt/gz_ogre_next_vendor:/opt/ros/jazzy/opt/gz_dartsim_vendor:/opt/ros/jazzy/opt/gz_cmake_vendor:/opt/ros/jazzy DEBUGINFOD_URLS=https://debuginfod.ubuntu.com /usr/bin/cmake /home/ubuntu/ros2_rviz_urbot/src/mycobot_ros2/mycobot_ros2 -DAMENT_CMAKE_SYMLINK_INSTALL=1 -DCMAKE_INSTALL_PREFIX=/home/ubuntu/ros2_rviz_urbot/install/mycobot_ros2
[2.612s] DEBUG:colcon.colcon_core.event_handler.log_command:Invoking command in '/home/ubuntu/ros2_rviz_urbot/build/mycobot_ros2': AMENT_PREFIX_PATH=/home/ubuntu/ros2_rviz_urbot/install/mycobot_system_tests:/home/ubuntu/ros2_rviz_urbot/install/mycobot_moveit_config:/home/ubuntu/ros2_rviz_urbot/install/mycobot_gazebo:/home/ubuntu/ros2_rviz_urbot/install/mycobot_description:/home/ubuntu/ros2_rviz_urbot/install/mycobot_bringup:${AMENT_PREFIX_PATH} CMAKE_PREFIX_PATH=/home/ubuntu/ros2_rviz_urbot/install/mycobot_system_tests:/home/ubuntu/ros2_rviz_urbot/install/mycobot_moveit_config:/home/ubuntu/ros2_rviz_urbot/install/mycobot_gazebo:/home/ubuntu/ros2_rviz_urbot/install/mycobot_description:/home/ubuntu/ros2_rviz_urbot/install/mycobot_bringup:/opt/ros/jazzy/opt/gz_sim_vendor:/opt/ros/jazzy/opt/gz_sensors_vendor:/opt/ros/jazzy/opt/gz_physics_vendor:/opt/ros/jazzy/opt/sdformat_vendor:/opt/ros/jazzy/opt/gz_gui_vendor:/opt/ros/jazzy/opt/gz_transport_vendor:/opt/ros/jazzy/opt/gz_rendering_vendor:/opt/ros/jazzy/opt/gz_plugin_vendor:/opt/ros/jazzy/opt/gz_fuel_tools_vendor:/opt/ros/jazzy/opt/gz_msgs_vendor:/opt/ros/jazzy/opt/gz_common_vendor:/opt/ros/jazzy/opt/gz_math_vendor:/opt/ros/jazzy/opt/gz_utils_vendor:/opt/ros/jazzy/opt/gz_tools_vendor:/opt/ros/jazzy/opt/gz_ogre_next_vendor:/opt/ros/jazzy/opt/gz_dartsim_vendor:/opt/ros/jazzy/opt/gz_cmake_vendor:/opt/ros/jazzy DEBUGINFOD_URLS=https://debuginfod.ubuntu.com /usr/bin/cmake --build /home/ubuntu/ros2_rviz_urbot/build/mycobot_ros2 -- -j16 -l16
[2.654s] DEBUG:colcon.colcon_core.event_handler.log_command:Invoked command in '/home/ubuntu/ros2_rviz_urbot/build/mycobot_ros2' returned '0': AMENT_PREFIX_PATH=/home/ubuntu/ros2_rviz_urbot/install/mycobot_system_tests:/home/ubuntu/ros2_rviz_urbot/install/mycobot_moveit_config:/home/ubuntu/ros2_rviz_urbot/install/mycobot_gazebo:/home/ubuntu/ros2_rviz_urbot/install/mycobot_description:/home/ubuntu/ros2_rviz_urbot/install/mycobot_bringup:${AMENT_PREFIX_PATH} CMAKE_PREFIX_PATH=/home/ubuntu/ros2_rviz_urbot/install/mycobot_system_tests:/home/ubuntu/ros2_rviz_urbot/install/mycobot_moveit_config:/home/ubuntu/ros2_rviz_urbot/install/mycobot_gazebo:/home/ubuntu/ros2_rviz_urbot/install/mycobot_description:/home/ubuntu/ros2_rviz_urbot/install/mycobot_bringup:/opt/ros/jazzy/opt/gz_sim_vendor:/opt/ros/jazzy/opt/gz_sensors_vendor:/opt/ros/jazzy/opt/gz_physics_vendor:/opt/ros/jazzy/opt/sdformat_vendor:/opt/ros/jazzy/opt/gz_gui_vendor:/opt/ros/jazzy/opt/gz_transport_vendor:/opt/ros/jazzy/opt/gz_rendering_vendor:/opt/ros/jazzy/opt/gz_plugin_vendor:/opt/ros/jazzy/opt/gz_fuel_tools_vendor:/opt/ros/jazzy/opt/gz_msgs_vendor:/opt/ros/jazzy/opt/gz_common_vendor:/opt/ros/jazzy/opt/gz_math_vendor:/opt/ros/jazzy/opt/gz_utils_vendor:/opt/ros/jazzy/opt/gz_tools_vendor:/opt/ros/jazzy/opt/gz_ogre_next_vendor:/opt/ros/jazzy/opt/gz_dartsim_vendor:/opt/ros/jazzy/opt/gz_cmake_vendor:/opt/ros/jazzy DEBUGINFOD_URLS=https://debuginfod.ubuntu.com /usr/bin/cmake --build /home/ubuntu/ros2_rviz_urbot/build/mycobot_ros2 -- -j16 -l16
[2.654s] DEBUG:colcon.colcon_core.event_handler.log_command:Invoking command in '/home/ubuntu/ros2_rviz_urbot/build/mycobot_ros2': AMENT_PREFIX_PATH=/home/ubuntu/ros2_rviz_urbot/install/mycobot_system_tests:/home/ubuntu/ros2_rviz_urbot/install/mycobot_moveit_config:/home/ubuntu/ros2_rviz_urbot/install/mycobot_gazebo:/home/ubuntu/ros2_rviz_urbot/install/mycobot_description:/home/ubuntu/ros2_rviz_urbot/install/mycobot_bringup:${AMENT_PREFIX_PATH} CMAKE_PREFIX_PATH=/home/ubuntu/ros2_rviz_urbot/install/mycobot_system_tests:/home/ubuntu/ros2_rviz_urbot/install/mycobot_moveit_config:/home/ubuntu/ros2_rviz_urbot/install/mycobot_gazebo:/home/ubuntu/ros2_rviz_urbot/install/mycobot_description:/home/ubuntu/ros2_rviz_urbot/install/mycobot_bringup:/opt/ros/jazzy/opt/gz_sim_vendor:/opt/ros/jazzy/opt/gz_sensors_vendor:/opt/ros/jazzy/opt/gz_physics_vendor:/opt/ros/jazzy/opt/sdformat_vendor:/opt/ros/jazzy/opt/gz_gui_vendor:/opt/ros/jazzy/opt/gz_transport_vendor:/opt/ros/jazzy/opt/gz_rendering_vendor:/opt/ros/jazzy/opt/gz_plugin_vendor:/opt/ros/jazzy/opt/gz_fuel_tools_vendor:/opt/ros/jazzy/opt/gz_msgs_vendor:/opt/ros/jazzy/opt/gz_common_vendor:/opt/ros/jazzy/opt/gz_math_vendor:/opt/ros/jazzy/opt/gz_utils_vendor:/opt/ros/jazzy/opt/gz_tools_vendor:/opt/ros/jazzy/opt/gz_ogre_next_vendor:/opt/ros/jazzy/opt/gz_dartsim_vendor:/opt/ros/jazzy/opt/gz_cmake_vendor:/opt/ros/jazzy DEBUGINFOD_URLS=https://debuginfod.ubuntu.com /usr/bin/cmake --install /home/ubuntu/ros2_rviz_urbot/build/mycobot_ros2
[2.680s] Level 1:colcon.colcon_core.environment:create_environment_scripts_only(mycobot_ros2)
[2.681s] Level 1:colcon.colcon_core.environment:checking '/home/ubuntu/ros2_rviz_urbot/install/mycobot_ros2' for CMake module files
[2.681s] DEBUG:colcon.colcon_core.event_handler.log_command:Invoked command in '/home/ubuntu/ros2_rviz_urbot/build/mycobot_ros2' returned '0': AMENT_PREFIX_PATH=/home/ubuntu/ros2_rviz_urbot/install/mycobot_system_tests:/home/ubuntu/ros2_rviz_urbot/install/mycobot_moveit_config:/home/ubuntu/ros2_rviz_urbot/install/mycobot_gazebo:/home/ubuntu/ros2_rviz_urbot/install/mycobot_description:/home/ubuntu/ros2_rviz_urbot/install/mycobot_bringup:${AMENT_PREFIX_PATH} CMAKE_PREFIX_PATH=/home/ubuntu/ros2_rviz_urbot/install/mycobot_system_tests:/home/ubuntu/ros2_rviz_urbot/install/mycobot_moveit_config:/home/ubuntu/ros2_rviz_urbot/install/mycobot_gazebo:/home/ubuntu/ros2_rviz_urbot/install/mycobot_description:/home/ubuntu/ros2_rviz_urbot/install/mycobot_bringup:/opt/ros/jazzy/opt/gz_sim_vendor:/opt/ros/jazzy/opt/gz_sensors_vendor:/opt/ros/jazzy/opt/gz_physics_vendor:/opt/ros/jazzy/opt/sdformat_vendor:/opt/ros/jazzy/opt/gz_gui_vendor:/opt/ros/jazzy/opt/gz_transport_vendor:/opt/ros/jazzy/opt/gz_rendering_vendor:/opt/ros/jazzy/opt/gz_plugin_vendor:/opt/ros/jazzy/opt/gz_fuel_tools_vendor:/opt/ros/jazzy/opt/gz_msgs_vendor:/opt/ros/jazzy/opt/gz_common_vendor:/opt/ros/jazzy/opt/gz_math_vendor:/opt/ros/jazzy/opt/gz_utils_vendor:/opt/ros/jazzy/opt/gz_tools_vendor:/opt/ros/jazzy/opt/gz_ogre_next_vendor:/opt/ros/jazzy/opt/gz_dartsim_vendor:/opt/ros/jazzy/opt/gz_cmake_vendor:/opt/ros/jazzy DEBUGINFOD_URLS=https://debuginfod.ubuntu.com /usr/bin/cmake --install /home/ubuntu/ros2_rviz_urbot/build/mycobot_ros2
[2.682s] Level 1:colcon.colcon_core.environment:checking '/home/ubuntu/ros2_rviz_urbot/install/mycobot_ros2' for CMake config files
[2.682s] Level 1:colcon.colcon_core.shell:create_environment_hook('mycobot_ros2', 'cmake_prefix_path')
[2.682s] INFO:colcon.colcon_core.shell:Creating environment hook '/home/ubuntu/ros2_rviz_urbot/install/mycobot_ros2/share/mycobot_ros2/hook/cmake_prefix_path.ps1'
[2.683s] INFO:colcon.colcon_core.shell:Creating environment descriptor '/home/ubuntu/ros2_rviz_urbot/install/mycobot_ros2/share/mycobot_ros2/hook/cmake_prefix_path.dsv'
[2.683s] INFO:colcon.colcon_core.shell:Creating environment hook '/home/ubuntu/ros2_rviz_urbot/install/mycobot_ros2/share/mycobot_ros2/hook/cmake_prefix_path.sh'
[2.684s] Level 1:colcon.colcon_core.environment:checking '/home/ubuntu/ros2_rviz_urbot/install/mycobot_ros2/bin'
[2.684s] Level 1:colcon.colcon_core.environment:checking '/home/ubuntu/ros2_rviz_urbot/install/mycobot_ros2/lib/pkgconfig/mycobot_ros2.pc'
[2.684s] Level 1:colcon.colcon_core.environment:checking '/home/ubuntu/ros2_rviz_urbot/install/mycobot_ros2/lib/python3.12/site-packages'
[2.684s] Level 1:colcon.colcon_core.environment:checking '/home/ubuntu/ros2_rviz_urbot/install/mycobot_ros2/bin'
[2.684s] INFO:colcon.colcon_core.shell:Creating package script '/home/ubuntu/ros2_rviz_urbot/install/mycobot_ros2/share/mycobot_ros2/package.ps1'
[2.685s] INFO:colcon.colcon_core.shell:Creating package descriptor '/home/ubuntu/ros2_rviz_urbot/install/mycobot_ros2/share/mycobot_ros2/package.dsv'
[2.685s] INFO:colcon.colcon_core.shell:Creating package script '/home/ubuntu/ros2_rviz_urbot/install/mycobot_ros2/share/mycobot_ros2/package.sh'
[2.686s] INFO:colcon.colcon_core.shell:Creating package script '/home/ubuntu/ros2_rviz_urbot/install/mycobot_ros2/share/mycobot_ros2/package.bash'
[2.686s] INFO:colcon.colcon_core.shell:Creating package script '/home/ubuntu/ros2_rviz_urbot/install/mycobot_ros2/share/mycobot_ros2/package.zsh'
[2.686s] Level 1:colcon.colcon_core.environment:create_file_with_runtime_dependencies(/home/ubuntu/ros2_rviz_urbot/install/mycobot_ros2/share/colcon-core/packages/mycobot_ros2)
[2.687s] Level 1:colcon.colcon_core.environment:create_environment_scripts_only(mycobot_ros2)
[2.687s] Level 1:colcon.colcon_core.environment:checking '/home/ubuntu/ros2_rviz_urbot/install/mycobot_ros2' for CMake module files
[2.688s] Level 1:colcon.colcon_core.environment:checking '/home/ubuntu/ros2_rviz_urbot/install/mycobot_ros2' for CMake config files
[2.688s] Level 1:colcon.colcon_core.shell:create_environment_hook('mycobot_ros2', 'cmake_prefix_path')
[2.688s] INFO:colcon.colcon_core.shell:Creating environment hook '/home/ubuntu/ros2_rviz_urbot/install/mycobot_ros2/share/mycobot_ros2/hook/cmake_prefix_path.ps1'
[2.688s] INFO:colcon.colcon_core.shell:Creating environment descriptor '/home/ubuntu/ros2_rviz_urbot/install/mycobot_ros2/share/mycobot_ros2/hook/cmake_prefix_path.dsv'
[2.688s] INFO:colcon.colcon_core.shell:Creating environment hook '/home/ubuntu/ros2_rviz_urbot/install/mycobot_ros2/share/mycobot_ros2/hook/cmake_prefix_path.sh'
[2.689s] Level 1:colcon.colcon_core.environment:checking '/home/ubuntu/ros2_rviz_urbot/install/mycobot_ros2/bin'
[2.689s] Level 1:colcon.colcon_core.environment:checking '/home/ubuntu/ros2_rviz_urbot/install/mycobot_ros2/lib/pkgconfig/mycobot_ros2.pc'
[2.689s] Level 1:colcon.colcon_core.environment:checking '/home/ubuntu/ros2_rviz_urbot/install/mycobot_ros2/lib/python3.12/site-packages'
[2.689s] Level 1:colcon.colcon_core.environment:checking '/home/ubuntu/ros2_rviz_urbot/install/mycobot_ros2/bin'
[2.690s] INFO:colcon.colcon_core.shell:Creating package script '/home/ubuntu/ros2_rviz_urbot/install/mycobot_ros2/share/mycobot_ros2/package.ps1'
[2.690s] INFO:colcon.colcon_core.shell:Creating package descriptor '/home/ubuntu/ros2_rviz_urbot/install/mycobot_ros2/share/mycobot_ros2/package.dsv'
[2.691s] INFO:colcon.colcon_core.shell:Creating package script '/home/ubuntu/ros2_rviz_urbot/install/mycobot_ros2/share/mycobot_ros2/package.sh'
[2.691s] INFO:colcon.colcon_core.shell:Creating package script '/home/ubuntu/ros2_rviz_urbot/install/mycobot_ros2/share/mycobot_ros2/package.bash'
[2.692s] INFO:colcon.colcon_core.shell:Creating package script '/home/ubuntu/ros2_rviz_urbot/install/mycobot_ros2/share/mycobot_ros2/package.zsh'
[2.693s] Level 1:colcon.colcon_core.environment:create_file_with_runtime_dependencies(/home/ubuntu/ros2_rviz_urbot/install/mycobot_ros2/share/colcon-core/packages/mycobot_ros2)
[2.693s] DEBUG:colcon.colcon_parallel_executor.executor.parallel:closing loop
[2.693s] DEBUG:colcon.colcon_parallel_executor.executor.parallel:loop closed
[2.694s] DEBUG:colcon.colcon_parallel_executor.executor.parallel:run_until_complete finished with '0'
[2.694s] DEBUG:colcon.colcon_core.event_reactor:joining thread
[2.700s] INFO:colcon.colcon_core.plugin_system:Skipping extension 'colcon_notification.desktop_notification.terminal_notifier': Not used on non-Darwin systems
[2.700s] INFO:colcon.colcon_core.plugin_system:Skipping extension 'colcon_notification.desktop_notification.win32': Not used on non-Windows systems
[2.700s] INFO:colcon.colcon_notification.desktop_notification:Sending desktop notification using 'notify2'
[2.723s] DEBUG:colcon.colcon_core.event_reactor:joined thread
[2.726s] INFO:colcon.colcon_core.shell:Creating prefix script '/home/ubuntu/ros2_rviz_urbot/install/local_setup.ps1'
[2.731s] INFO:colcon.colcon_core.shell:Creating prefix util module '/home/ubuntu/ros2_rviz_urbot/install/_local_setup_util_ps1.py'
[2.737s] INFO:colcon.colcon_core.shell:Creating prefix chain script '/home/ubuntu/ros2_rviz_urbot/install/setup.ps1'
[2.739s] INFO:colcon.colcon_core.shell:Creating prefix script '/home/ubuntu/ros2_rviz_urbot/install/local_setup.sh'
[2.740s] INFO:colcon.colcon_core.shell:Creating prefix util module '/home/ubuntu/ros2_rviz_urbot/install/_local_setup_util_sh.py'
[2.744s] INFO:colcon.colcon_core.shell:Creating prefix chain script '/home/ubuntu/ros2_rviz_urbot/install/setup.sh'
[2.745s] INFO:colcon.colcon_core.shell:Creating prefix script '/home/ubuntu/ros2_rviz_urbot/install/local_setup.bash'
[2.749s] INFO:colcon.colcon_core.shell:Creating prefix chain script '/home/ubuntu/ros2_rviz_urbot/install/setup.bash'
[2.750s] INFO:colcon.colcon_core.shell:Creating prefix script '/home/ubuntu/ros2_rviz_urbot/install/local_setup.zsh'
[2.752s] INFO:colcon.colcon_core.shell:Creating prefix chain script '/home/ubuntu/ros2_rviz_urbot/install/setup.zsh'
