[0.109s] Invoking command in '/home/ubuntu/ros2_rviz_urbot/build/mycobot_moveit_config': CMAKE_PREFIX_PATH=${CMAKE_PREFIX_PATH}:/opt/ros/jazzy DEBUGINFOD_URLS=https://debuginfod.ubuntu.com /usr/bin/cmake /home/ubuntu/ros2_rviz_urbot/src/mycobot_ros2/mycobot_moveit_config -DCMAKE_INSTALL_PREFIX=/home/ubuntu/ros2_rviz_urbot/install/mycobot_moveit_config
[2.058s] -- The C compiler identification is GNU 13.3.0
[3.873s] -- The CXX compiler identification is GNU 13.3.0
[4.107s] -- Detecting C compiler ABI info
[4.743s] -- Detecting C compiler ABI info - done
[4.774s] -- Check for working C compiler: /usr/bin/cc - skipped
[4.774s] -- Detecting C compile features
[4.774s] -- Detecting C compile features - done
[4.860s] -- Detecting CXX compiler ABI info
[5.442s] -- Detecting CXX compiler ABI info - done
[5.453s] -- Check for working CXX compiler: /usr/bin/c++ - skipped
[5.453s] -- Detecting CXX compile features
[5.453s] -- Detecting CXX compile features - done
[5.521s] -- Found ament_cmake: 2.5.2 (/opt/ros/jazzy/share/ament_cmake/cmake)
[5.715s] -- Found Python3: /usr/bin/python3 (found version "3.12.3") found components: Interpreter 
[5.831s] -- Found ament_lint_auto: 0.17.1 (/opt/ros/jazzy/share/ament_lint_auto/cmake)
[6.033s] -- Added test 'lint_cmake' to check CMake code style
[6.033s] -- Added test 'xmllint' to check XML markup files
[6.033s] -- Configuring done (5.9s)
[6.035s] -- Generating done (0.0s)
[6.036s] -- Build files have been written to: /home/ubuntu/ros2_rviz_urbot/build/mycobot_moveit_config
[6.041s] Invoked command in '/home/ubuntu/ros2_rviz_urbot/build/mycobot_moveit_config' returned '0': CMAKE_PREFIX_PATH=${CMAKE_PREFIX_PATH}:/opt/ros/jazzy DEBUGINFOD_URLS=https://debuginfod.ubuntu.com /usr/bin/cmake /home/ubuntu/ros2_rviz_urbot/src/mycobot_ros2/mycobot_moveit_config -DCMAKE_INSTALL_PREFIX=/home/ubuntu/ros2_rviz_urbot/install/mycobot_moveit_config
[6.042s] Invoking command in '/home/ubuntu/ros2_rviz_urbot/build/mycobot_moveit_config': CMAKE_PREFIX_PATH=${CMAKE_PREFIX_PATH}:/opt/ros/jazzy DEBUGINFOD_URLS=https://debuginfod.ubuntu.com /usr/bin/cmake --build /home/ubuntu/ros2_rviz_urbot/build/mycobot_moveit_config -- -j16 -l16
[6.123s] Invoked command in '/home/ubuntu/ros2_rviz_urbot/build/mycobot_moveit_config' returned '0': CMAKE_PREFIX_PATH=${CMAKE_PREFIX_PATH}:/opt/ros/jazzy DEBUGINFOD_URLS=https://debuginfod.ubuntu.com /usr/bin/cmake --build /home/ubuntu/ros2_rviz_urbot/build/mycobot_moveit_config -- -j16 -l16
[6.123s] Invoking command in '/home/ubuntu/ros2_rviz_urbot/build/mycobot_moveit_config': CMAKE_PREFIX_PATH=${CMAKE_PREFIX_PATH}:/opt/ros/jazzy DEBUGINFOD_URLS=https://debuginfod.ubuntu.com /usr/bin/cmake --install /home/ubuntu/ros2_rviz_urbot/build/mycobot_moveit_config
[6.132s] -- Install configuration: ""
[6.132s] -- Installing: /home/ubuntu/ros2_rviz_urbot/install/mycobot_moveit_config/share/ament_index/resource_index/package_run_dependencies/mycobot_moveit_config
[6.133s] -- Installing: /home/ubuntu/ros2_rviz_urbot/install/mycobot_moveit_config/share/ament_index/resource_index/parent_prefix_path/mycobot_moveit_config
[6.133s] -- Installing: /home/ubuntu/ros2_rviz_urbot/install/mycobot_moveit_config/share/mycobot_moveit_config/environment/ament_prefix_path.sh
[6.133s] -- Installing: /home/ubuntu/ros2_rviz_urbot/install/mycobot_moveit_config/share/mycobot_moveit_config/environment/ament_prefix_path.dsv
[6.133s] -- Installing: /home/ubuntu/ros2_rviz_urbot/install/mycobot_moveit_config/share/mycobot_moveit_config/environment/path.sh
[6.133s] -- Installing: /home/ubuntu/ros2_rviz_urbot/install/mycobot_moveit_config/share/mycobot_moveit_config/environment/path.dsv
[6.133s] -- Installing: /home/ubuntu/ros2_rviz_urbot/install/mycobot_moveit_config/share/mycobot_moveit_config/local_setup.bash
[6.133s] -- Installing: /home/ubuntu/ros2_rviz_urbot/install/mycobot_moveit_config/share/mycobot_moveit_config/local_setup.sh
[6.133s] -- Installing: /home/ubuntu/ros2_rviz_urbot/install/mycobot_moveit_config/share/mycobot_moveit_config/local_setup.zsh
[6.133s] -- Installing: /home/ubuntu/ros2_rviz_urbot/install/mycobot_moveit_config/share/mycobot_moveit_config/local_setup.dsv
[6.133s] -- Installing: /home/ubuntu/ros2_rviz_urbot/install/mycobot_moveit_config/share/mycobot_moveit_config/package.dsv
[6.133s] -- Installing: /home/ubuntu/ros2_rviz_urbot/install/mycobot_moveit_config/share/ament_index/resource_index/packages/mycobot_moveit_config
[6.133s] -- Installing: /home/ubuntu/ros2_rviz_urbot/install/mycobot_moveit_config/share/mycobot_moveit_config/cmake/mycobot_moveit_configConfig.cmake
[6.133s] -- Installing: /home/ubuntu/ros2_rviz_urbot/install/mycobot_moveit_config/share/mycobot_moveit_config/cmake/mycobot_moveit_configConfig-version.cmake
[6.133s] -- Installing: /home/ubuntu/ros2_rviz_urbot/install/mycobot_moveit_config/share/mycobot_moveit_config/package.xml
[6.153s] Invoked command in '/home/ubuntu/ros2_rviz_urbot/build/mycobot_moveit_config' returned '0': CMAKE_PREFIX_PATH=${CMAKE_PREFIX_PATH}:/opt/ros/jazzy DEBUGINFOD_URLS=https://debuginfod.ubuntu.com /usr/bin/cmake --install /home/ubuntu/ros2_rviz_urbot/build/mycobot_moveit_config
