[0.025s] Invoking command in '/home/ubuntu/ros2_rviz_urbot/build/mycobot_description': CMAKE_PREFIX_PATH=${CMAKE_PREFIX_PATH}:/opt/ros/jazzy DEBUGINFOD_URLS=https://debuginfod.ubuntu.com /usr/bin/cmake /home/ubuntu/ros2_rviz_urbot/src/mycobot_ros2/mycobot_description -DCMAKE_INSTALL_PREFIX=/home/ubuntu/ros2_rviz_urbot/install/mycobot_description
[0.108s] -- Found ament_cmake: 2.5.2 (/opt/ros/jazzy/share/ament_cmake/cmake)
[0.675s] -- Override CMake install command with custom implementation using symlinks instead of copying resources
[0.716s] -- Found ament_lint_auto: 0.17.1 (/opt/ros/jazzy/share/ament_lint_auto/cmake)
[1.000s] -- Added test 'flake8' to check Python code syntax and style conventions
[1.007s] -- Configured 'flake8' exclude dirs and/or files: 
[1.007s] -- Added test 'lint_cmake' to check CMake code style
[1.007s] -- Added test 'pep257' to check Python code against some of the docstring style conventions in PEP 257
[1.008s] -- Added test 'xmllint' to check XML markup files
[1.008s] -- Configuring done (0.9s)
[1.042s] -- Generating done (0.0s)
[1.110s] -- Build files have been written to: /home/ubuntu/ros2_rviz_urbot/build/mycobot_description
[1.143s] Invoked command in '/home/ubuntu/ros2_rviz_urbot/build/mycobot_description' returned '0': CMAKE_PREFIX_PATH=${CMAKE_PREFIX_PATH}:/opt/ros/jazzy DEBUGINFOD_URLS=https://debuginfod.ubuntu.com /usr/bin/cmake /home/ubuntu/ros2_rviz_urbot/src/mycobot_ros2/mycobot_description -DCMAKE_INSTALL_PREFIX=/home/ubuntu/ros2_rviz_urbot/install/mycobot_description
[1.143s] Invoking command in '/home/ubuntu/ros2_rviz_urbot/build/mycobot_description': CMAKE_PREFIX_PATH=${CMAKE_PREFIX_PATH}:/opt/ros/jazzy DEBUGINFOD_URLS=https://debuginfod.ubuntu.com /usr/bin/cmake --build /home/ubuntu/ros2_rviz_urbot/build/mycobot_description -- -j16 -l16
[1.377s] Invoked command in '/home/ubuntu/ros2_rviz_urbot/build/mycobot_description' returned '0': CMAKE_PREFIX_PATH=${CMAKE_PREFIX_PATH}:/opt/ros/jazzy DEBUGINFOD_URLS=https://debuginfod.ubuntu.com /usr/bin/cmake --build /home/ubuntu/ros2_rviz_urbot/build/mycobot_description -- -j16 -l16
[1.433s] Invoking command in '/home/ubuntu/ros2_rviz_urbot/build/mycobot_description': CMAKE_PREFIX_PATH=${CMAKE_PREFIX_PATH}:/opt/ros/jazzy DEBUGINFOD_URLS=https://debuginfod.ubuntu.com /usr/bin/cmake --install /home/ubuntu/ros2_rviz_urbot/build/mycobot_description
[1.595s] -- Install configuration: ""
[1.596s] -- Execute custom install script
[1.608s] -- Symlinking: /home/ubuntu/ros2_rviz_urbot/install/mycobot_description/share/mycobot_description/launch/robot_state_publisher.launch.py
[1.785s] -- Up-to-date symlink: /home/ubuntu/ros2_rviz_urbot/install/mycobot_description/share/mycobot_description/meshes/adaptive_gripper/visual/gripper_base.dae
[1.785s] -- Up-to-date symlink: /home/ubuntu/ros2_rviz_urbot/install/mycobot_description/share/mycobot_description/meshes/adaptive_gripper/visual/gripper_left1.dae
[1.785s] -- Up-to-date symlink: /home/ubuntu/ros2_rviz_urbot/install/mycobot_description/share/mycobot_description/meshes/adaptive_gripper/visual/gripper_left2.dae
[1.785s] -- Up-to-date symlink: /home/ubuntu/ros2_rviz_urbot/install/mycobot_description/share/mycobot_description/meshes/adaptive_gripper/visual/gripper_left3.dae
[1.785s] -- Up-to-date symlink: /home/ubuntu/ros2_rviz_urbot/install/mycobot_description/share/mycobot_description/meshes/adaptive_gripper/visual/gripper_right1.dae
[1.785s] -- Up-to-date symlink: /home/ubuntu/ros2_rviz_urbot/install/mycobot_description/share/mycobot_description/meshes/adaptive_gripper/visual/gripper_right2.dae
[1.785s] -- Up-to-date symlink: /home/ubuntu/ros2_rviz_urbot/install/mycobot_description/share/mycobot_description/meshes/adaptive_gripper/visual/gripper_right3.dae
[1.785s] -- Up-to-date symlink: /home/ubuntu/ros2_rviz_urbot/install/mycobot_description/share/mycobot_description/meshes/g_shape_base_v2_0/visual/base_link.dae
[1.785s] -- Up-to-date symlink: /home/ubuntu/ros2_rviz_urbot/install/mycobot_description/share/mycobot_description/meshes/mycobot_280/visual/link1.dae
[1.785s] -- Up-to-date symlink: /home/ubuntu/ros2_rviz_urbot/install/mycobot_description/share/mycobot_description/meshes/mycobot_280/visual/link1.png
[1.785s] -- Up-to-date symlink: /home/ubuntu/ros2_rviz_urbot/install/mycobot_description/share/mycobot_description/meshes/mycobot_280/visual/link2.dae
[1.785s] -- Up-to-date symlink: /home/ubuntu/ros2_rviz_urbot/install/mycobot_description/share/mycobot_description/meshes/mycobot_280/visual/link2.png
[1.785s] -- Up-to-date symlink: /home/ubuntu/ros2_rviz_urbot/install/mycobot_description/share/mycobot_description/meshes/mycobot_280/visual/link3.dae
[1.785s] -- Up-to-date symlink: /home/ubuntu/ros2_rviz_urbot/install/mycobot_description/share/mycobot_description/meshes/mycobot_280/visual/link3.png
[1.786s] -- Up-to-date symlink: /home/ubuntu/ros2_rviz_urbot/install/mycobot_description/share/mycobot_description/meshes/mycobot_280/visual/link4.dae
[1.786s] -- Up-to-date symlink: /home/ubuntu/ros2_rviz_urbot/install/mycobot_description/share/mycobot_description/meshes/mycobot_280/visual/link4.png
[1.786s] -- Up-to-date symlink: /home/ubuntu/ros2_rviz_urbot/install/mycobot_description/share/mycobot_description/meshes/mycobot_280/visual/link5.dae
[1.786s] -- Up-to-date symlink: /home/ubuntu/ros2_rviz_urbot/install/mycobot_description/share/mycobot_description/meshes/mycobot_280/visual/link5.png
[1.786s] -- Up-to-date symlink: /home/ubuntu/ros2_rviz_urbot/install/mycobot_description/share/mycobot_description/meshes/mycobot_280/visual/link6.dae
[1.786s] -- Up-to-date symlink: /home/ubuntu/ros2_rviz_urbot/install/mycobot_description/share/mycobot_description/meshes/mycobot_280/visual/link6.png
[1.786s] -- Up-to-date symlink: /home/ubuntu/ros2_rviz_urbot/install/mycobot_description/share/mycobot_description/meshes/mycobot_280/visual/link7.dae
[1.786s] -- Up-to-date symlink: /home/ubuntu/ros2_rviz_urbot/install/mycobot_description/share/mycobot_description/meshes/mycobot_280/visual/link7.png
[1.786s] -- Up-to-date symlink: /home/ubuntu/ros2_rviz_urbot/install/mycobot_description/share/mycobot_description/meshes/mycobot_280/visual/suit_env.dae
[1.786s] -- Up-to-date symlink: /home/ubuntu/ros2_rviz_urbot/install/mycobot_description/share/mycobot_description/urdf/control/gazebo_sim_ros2_control.urdf.xacro
[1.786s] -- Up-to-date symlink: /home/ubuntu/ros2_rviz_urbot/install/mycobot_description/share/mycobot_description/urdf/control/mycobot_280_ros2_control.urdf.xacro
[1.786s] -- Up-to-date symlink: /home/ubuntu/ros2_rviz_urbot/install/mycobot_description/share/mycobot_description/urdf/mech/adaptive_gripper.urdf.xacro
[1.786s] -- Up-to-date symlink: /home/ubuntu/ros2_rviz_urbot/install/mycobot_description/share/mycobot_description/urdf/mech/g_shape_base_v2_0.urdf.xacro
[1.787s] -- Up-to-date symlink: /home/ubuntu/ros2_rviz_urbot/install/mycobot_description/share/mycobot_description/urdf/mech/mycobot_280_arm.urdf.xacro
[1.787s] -- Up-to-date symlink: /home/ubuntu/ros2_rviz_urbot/install/mycobot_description/share/mycobot_description/urdf/robots/mycobot_280.urdf.xacro
[1.787s] -- Up-to-date symlink: /home/ubuntu/ros2_rviz_urbot/install/mycobot_description/share/mycobot_description/urdf/sensors/intel_rgbd_cam_d435.urdf.xacro
[1.787s] -- Up-to-date symlink: /home/ubuntu/ros2_rviz_urbot/install/mycobot_description/share/mycobot_description/rviz/mycobot_280_description.rviz
[1.787s] -- Up-to-date symlink: /home/ubuntu/ros2_rviz_urbot/install/mycobot_description/share/ament_index/resource_index/package_run_dependencies/mycobot_description
[1.787s] -- Up-to-date symlink: /home/ubuntu/ros2_rviz_urbot/install/mycobot_description/share/ament_index/resource_index/parent_prefix_path/mycobot_description
[1.787s] -- Up-to-date symlink: /home/ubuntu/ros2_rviz_urbot/install/mycobot_description/share/mycobot_description/environment/ament_prefix_path.sh
[1.787s] -- Up-to-date symlink: /home/ubuntu/ros2_rviz_urbot/install/mycobot_description/share/mycobot_description/environment/ament_prefix_path.dsv
[1.787s] -- Up-to-date symlink: /home/ubuntu/ros2_rviz_urbot/install/mycobot_description/share/mycobot_description/environment/path.sh
[1.787s] -- Up-to-date symlink: /home/ubuntu/ros2_rviz_urbot/install/mycobot_description/share/mycobot_description/environment/path.dsv
[1.787s] -- Up-to-date symlink: /home/ubuntu/ros2_rviz_urbot/install/mycobot_description/share/mycobot_description/local_setup.bash
[1.787s] -- Up-to-date symlink: /home/ubuntu/ros2_rviz_urbot/install/mycobot_description/share/mycobot_description/local_setup.sh
[1.787s] -- Up-to-date symlink: /home/ubuntu/ros2_rviz_urbot/install/mycobot_description/share/mycobot_description/local_setup.zsh
[1.787s] -- Up-to-date symlink: /home/ubuntu/ros2_rviz_urbot/install/mycobot_description/share/mycobot_description/local_setup.dsv
[1.787s] -- Symlinking: /home/ubuntu/ros2_rviz_urbot/install/mycobot_description/share/mycobot_description/package.dsv
[1.789s] -- Up-to-date symlink: /home/ubuntu/ros2_rviz_urbot/install/mycobot_description/share/ament_index/resource_index/packages/mycobot_description
[1.790s] -- Up-to-date symlink: /home/ubuntu/ros2_rviz_urbot/install/mycobot_description/share/mycobot_description/cmake/mycobot_descriptionConfig.cmake
[1.790s] -- Up-to-date symlink: /home/ubuntu/ros2_rviz_urbot/install/mycobot_description/share/mycobot_description/cmake/mycobot_descriptionConfig-version.cmake
[1.790s] -- Up-to-date symlink: /home/ubuntu/ros2_rviz_urbot/install/mycobot_description/share/mycobot_description/package.xml
[1.821s] Invoked command in '/home/ubuntu/ros2_rviz_urbot/build/mycobot_description' returned '0': CMAKE_PREFIX_PATH=${CMAKE_PREFIX_PATH}:/opt/ros/jazzy DEBUGINFOD_URLS=https://debuginfod.ubuntu.com /usr/bin/cmake --install /home/ubuntu/ros2_rviz_urbot/build/mycobot_description
