[0.022s] Invoking command in '/home/ubuntu/ros2_rviz_urbot/build/mycobot_bringup': CMAKE_PREFIX_PATH=${CMAKE_PREFIX_PATH}:/opt/ros/jazzy DEBUGINFOD_URLS=https://debuginfod.ubuntu.com /usr/bin/cmake /home/ubuntu/ros2_rviz_urbot/src/mycobot_ros2/mycobot_bringup -DCMAKE_INSTALL_PREFIX=/home/ubuntu/ros2_rviz_urbot/install/mycobot_bringup
[0.154s] -- Found ament_cmake: 2.5.2 (/opt/ros/jazzy/share/ament_cmake/cmake)
[0.720s] -- Override CMake install command with custom implementation using symlinks instead of copying resources
[0.770s] -- Found ament_lint_auto: 0.17.1 (/opt/ros/jazzy/share/ament_lint_auto/cmake)
[1.028s] -- Added test 'lint_cmake' to check CMake code style
[1.029s] -- Added test 'xmllint' to check XML markup files
[1.029s] -- Configuring done (1.0s)
[1.111s] -- Generating done (0.1s)
[1.147s] -- Build files have been written to: /home/ubuntu/ros2_rviz_urbot/build/mycobot_bringup
[1.166s] Invoked command in '/home/ubuntu/ros2_rviz_urbot/build/mycobot_bringup' returned '0': CMAKE_PREFIX_PATH=${CMAKE_PREFIX_PATH}:/opt/ros/jazzy DEBUGINFOD_URLS=https://debuginfod.ubuntu.com /usr/bin/cmake /home/ubuntu/ros2_rviz_urbot/src/mycobot_ros2/mycobot_bringup -DCMAKE_INSTALL_PREFIX=/home/ubuntu/ros2_rviz_urbot/install/mycobot_bringup
[1.167s] Invoking command in '/home/ubuntu/ros2_rviz_urbot/build/mycobot_bringup': CMAKE_PREFIX_PATH=${CMAKE_PREFIX_PATH}:/opt/ros/jazzy DEBUGINFOD_URLS=https://debuginfod.ubuntu.com /usr/bin/cmake --build /home/ubuntu/ros2_rviz_urbot/build/mycobot_bringup -- -j16 -l16
[1.473s] Invoked command in '/home/ubuntu/ros2_rviz_urbot/build/mycobot_bringup' returned '0': CMAKE_PREFIX_PATH=${CMAKE_PREFIX_PATH}:/opt/ros/jazzy DEBUGINFOD_URLS=https://debuginfod.ubuntu.com /usr/bin/cmake --build /home/ubuntu/ros2_rviz_urbot/build/mycobot_bringup -- -j16 -l16
[1.599s] Invoking command in '/home/ubuntu/ros2_rviz_urbot/build/mycobot_bringup': CMAKE_PREFIX_PATH=${CMAKE_PREFIX_PATH}:/opt/ros/jazzy DEBUGINFOD_URLS=https://debuginfod.ubuntu.com /usr/bin/cmake --install /home/ubuntu/ros2_rviz_urbot/build/mycobot_bringup
[1.612s] -- Install configuration: ""
[1.612s] -- Execute custom install script
[1.612s] -- Up-to-date symlink: /home/ubuntu/ros2_rviz_urbot/install/mycobot_bringup/share/ament_index/resource_index/package_run_dependencies/mycobot_bringup
[1.612s] -- Up-to-date symlink: /home/ubuntu/ros2_rviz_urbot/install/mycobot_bringup/share/ament_index/resource_index/parent_prefix_path/mycobot_bringup
[1.612s] -- Up-to-date symlink: /home/ubuntu/ros2_rviz_urbot/install/mycobot_bringup/share/mycobot_bringup/environment/ament_prefix_path.sh
[1.612s] -- Up-to-date symlink: /home/ubuntu/ros2_rviz_urbot/install/mycobot_bringup/share/mycobot_bringup/environment/ament_prefix_path.dsv
[1.612s] -- Up-to-date symlink: /home/ubuntu/ros2_rviz_urbot/install/mycobot_bringup/share/mycobot_bringup/environment/path.sh
[1.612s] -- Up-to-date symlink: /home/ubuntu/ros2_rviz_urbot/install/mycobot_bringup/share/mycobot_bringup/environment/path.dsv
[1.612s] -- Up-to-date symlink: /home/ubuntu/ros2_rviz_urbot/install/mycobot_bringup/share/mycobot_bringup/local_setup.bash
[1.625s] -- Up-to-date symlink: /home/ubuntu/ros2_rviz_urbot/install/mycobot_bringup/share/mycobot_bringup/local_setup.sh
[1.765s] -- Up-to-date symlink: /home/ubuntu/ros2_rviz_urbot/install/mycobot_bringup/share/mycobot_bringup/local_setup.zsh
[1.789s] -- Up-to-date symlink: /home/ubuntu/ros2_rviz_urbot/install/mycobot_bringup/share/mycobot_bringup/local_setup.dsv
[1.789s] -- Symlinking: /home/ubuntu/ros2_rviz_urbot/install/mycobot_bringup/share/mycobot_bringup/package.dsv
[1.792s] -- Up-to-date symlink: /home/ubuntu/ros2_rviz_urbot/install/mycobot_bringup/share/ament_index/resource_index/packages/mycobot_bringup
[1.792s] -- Up-to-date symlink: /home/ubuntu/ros2_rviz_urbot/install/mycobot_bringup/share/mycobot_bringup/cmake/mycobot_bringupConfig.cmake
[1.792s] -- Up-to-date symlink: /home/ubuntu/ros2_rviz_urbot/install/mycobot_bringup/share/mycobot_bringup/cmake/mycobot_bringupConfig-version.cmake
[1.792s] -- Up-to-date symlink: /home/ubuntu/ros2_rviz_urbot/install/mycobot_bringup/share/mycobot_bringup/package.xml
[1.794s] Invoked command in '/home/ubuntu/ros2_rviz_urbot/build/mycobot_bringup' returned '0': CMAKE_PREFIX_PATH=${CMAKE_PREFIX_PATH}:/opt/ros/jazzy DEBUGINFOD_URLS=https://debuginfod.ubuntu.com /usr/bin/cmake --install /home/ubuntu/ros2_rviz_urbot/build/mycobot_bringup
