[0.041s] Invoking command in '/home/ubuntu/ros2_rviz_urbot/build/mycobot_description': CMAKE_PREFIX_PATH=${CMAKE_PREFIX_PATH}:/opt/ros/jazzy DEBUGINFOD_URLS=https://debuginfod.ubuntu.com /usr/bin/cmake /home/ubuntu/ros2_rviz_urbot/src/mycobot_ros2/mycobot_description -DAMENT_CMAKE_SYMLINK_INSTALL=1 -DCMAKE_INSTALL_PREFIX=/home/ubuntu/ros2_rviz_urbot/install/mycobot_description
[0.065s] -- Found ament_cmake: 2.5.2 (/opt/ros/jazzy/share/ament_cmake/cmake)
[0.559s] -- Override CMake install command with custom implementation using symlinks instead of copying resources
[0.611s] -- Found ament_lint_auto: 0.17.1 (/opt/ros/jazzy/share/ament_lint_auto/cmake)
[0.861s] -- Added test 'flake8' to check Python code syntax and style conventions
[0.861s] -- Configured 'flake8' exclude dirs and/or files: 
[0.861s] -- Added test 'lint_cmake' to check CMake code style
[0.861s] -- Added test 'pep257' to check Python code against some of the docstring style conventions in PEP 257
[0.862s] -- Added test 'xmllint' to check XML markup files
[0.868s] -- Configuring done (0.8s)
[0.928s] -- Generating done (0.0s)
[0.996s] -- Build files have been written to: /home/ubuntu/ros2_rviz_urbot/build/mycobot_description
[1.047s] Invoked command in '/home/ubuntu/ros2_rviz_urbot/build/mycobot_description' returned '0': CMAKE_PREFIX_PATH=${CMAKE_PREFIX_PATH}:/opt/ros/jazzy DEBUGINFOD_URLS=https://debuginfod.ubuntu.com /usr/bin/cmake /home/ubuntu/ros2_rviz_urbot/src/mycobot_ros2/mycobot_description -DAMENT_CMAKE_SYMLINK_INSTALL=1 -DCMAKE_INSTALL_PREFIX=/home/ubuntu/ros2_rviz_urbot/install/mycobot_description
[1.052s] Invoking command in '/home/ubuntu/ros2_rviz_urbot/build/mycobot_description': CMAKE_PREFIX_PATH=${CMAKE_PREFIX_PATH}:/opt/ros/jazzy DEBUGINFOD_URLS=https://debuginfod.ubuntu.com /usr/bin/cmake --build /home/ubuntu/ros2_rviz_urbot/build/mycobot_description -- -j16 -l16
[1.281s] Invoked command in '/home/ubuntu/ros2_rviz_urbot/build/mycobot_description' returned '0': CMAKE_PREFIX_PATH=${CMAKE_PREFIX_PATH}:/opt/ros/jazzy DEBUGINFOD_URLS=https://debuginfod.ubuntu.com /usr/bin/cmake --build /home/ubuntu/ros2_rviz_urbot/build/mycobot_description -- -j16 -l16
[1.282s] Invoking command in '/home/ubuntu/ros2_rviz_urbot/build/mycobot_description': CMAKE_PREFIX_PATH=${CMAKE_PREFIX_PATH}:/opt/ros/jazzy DEBUGINFOD_URLS=https://debuginfod.ubuntu.com /usr/bin/cmake --install /home/ubuntu/ros2_rviz_urbot/build/mycobot_description
[1.327s] -- Install configuration: ""
[1.327s] -- Execute custom install script
[1.328s] -- Up-to-date symlink: /home/ubuntu/ros2_rviz_urbot/install/mycobot_description/share/mycobot_description/launch/rviz_gz.launch.py
[1.328s] -- Up-to-date symlink: /home/ubuntu/ros2_rviz_urbot/install/mycobot_description/share/mycobot_description/meshes/adaptive_gripper/visual/gripper_base.dae
[1.328s] -- Up-to-date symlink: /home/ubuntu/ros2_rviz_urbot/install/mycobot_description/share/mycobot_description/meshes/adaptive_gripper/visual/gripper_left1.dae
[1.328s] -- Up-to-date symlink: /home/ubuntu/ros2_rviz_urbot/install/mycobot_description/share/mycobot_description/meshes/adaptive_gripper/visual/gripper_left2.dae
[1.328s] -- Up-to-date symlink: /home/ubuntu/ros2_rviz_urbot/install/mycobot_description/share/mycobot_description/meshes/adaptive_gripper/visual/gripper_left3.dae
[1.328s] -- Up-to-date symlink: /home/ubuntu/ros2_rviz_urbot/install/mycobot_description/share/mycobot_description/meshes/adaptive_gripper/visual/gripper_right1.dae
[1.328s] -- Up-to-date symlink: /home/ubuntu/ros2_rviz_urbot/install/mycobot_description/share/mycobot_description/meshes/adaptive_gripper/visual/gripper_right2.dae
[1.328s] -- Up-to-date symlink: /home/ubuntu/ros2_rviz_urbot/install/mycobot_description/share/mycobot_description/meshes/adaptive_gripper/visual/gripper_right3.dae
[1.328s] -- Up-to-date symlink: /home/ubuntu/ros2_rviz_urbot/install/mycobot_description/share/mycobot_description/meshes/g_shape_base_v2_0/visual/base_link.dae
[1.328s] -- Up-to-date symlink: /home/ubuntu/ros2_rviz_urbot/install/mycobot_description/share/mycobot_description/meshes/mycobot_280/visual/link1.dae
[1.328s] -- Up-to-date symlink: /home/ubuntu/ros2_rviz_urbot/install/mycobot_description/share/mycobot_description/meshes/mycobot_280/visual/link1.png
[1.328s] -- Up-to-date symlink: /home/ubuntu/ros2_rviz_urbot/install/mycobot_description/share/mycobot_description/meshes/mycobot_280/visual/link2.dae
[1.328s] -- Up-to-date symlink: /home/ubuntu/ros2_rviz_urbot/install/mycobot_description/share/mycobot_description/meshes/mycobot_280/visual/link2.png
[1.331s] -- Up-to-date symlink: /home/ubuntu/ros2_rviz_urbot/install/mycobot_description/share/mycobot_description/meshes/mycobot_280/visual/link3.dae
[1.331s] -- Up-to-date symlink: /home/ubuntu/ros2_rviz_urbot/install/mycobot_description/share/mycobot_description/meshes/mycobot_280/visual/link3.png
[1.333s] -- Up-to-date symlink: /home/ubuntu/ros2_rviz_urbot/install/mycobot_description/share/mycobot_description/meshes/mycobot_280/visual/link4.dae
[1.333s] -- Up-to-date symlink: /home/ubuntu/ros2_rviz_urbot/install/mycobot_description/share/mycobot_description/meshes/mycobot_280/visual/link4.png
[1.333s] -- Up-to-date symlink: /home/ubuntu/ros2_rviz_urbot/install/mycobot_description/share/mycobot_description/meshes/mycobot_280/visual/link5.dae
[1.333s] -- Up-to-date symlink: /home/ubuntu/ros2_rviz_urbot/install/mycobot_description/share/mycobot_description/meshes/mycobot_280/visual/link5.png
[1.341s] -- Up-to-date symlink: /home/ubuntu/ros2_rviz_urbot/install/mycobot_description/share/mycobot_description/meshes/mycobot_280/visual/link6.dae
[1.347s] -- Up-to-date symlink: /home/ubuntu/ros2_rviz_urbot/install/mycobot_description/share/mycobot_description/meshes/mycobot_280/visual/link6.png
[1.347s] -- Up-to-date symlink: /home/ubuntu/ros2_rviz_urbot/install/mycobot_description/share/mycobot_description/meshes/mycobot_280/visual/link7.dae
[1.348s] -- Up-to-date symlink: /home/ubuntu/ros2_rviz_urbot/install/mycobot_description/share/mycobot_description/meshes/mycobot_280/visual/link7.png
[1.348s] -- Up-to-date symlink: /home/ubuntu/ros2_rviz_urbot/install/mycobot_description/share/mycobot_description/meshes/mycobot_280/visual/suit_env.dae
[1.348s] -- Up-to-date symlink: /home/ubuntu/ros2_rviz_urbot/install/mycobot_description/share/mycobot_description/urdf/control/gazebo_sim_ros2_control.urdf.xacro
[1.348s] -- Up-to-date symlink: /home/ubuntu/ros2_rviz_urbot/install/mycobot_description/share/mycobot_description/urdf/control/mycobot_280_ros2_control.urdf.xacro
[1.348s] -- Up-to-date symlink: /home/ubuntu/ros2_rviz_urbot/install/mycobot_description/share/mycobot_description/urdf/mech/adaptive_gripper.urdf.xacro
[1.348s] -- Up-to-date symlink: /home/ubuntu/ros2_rviz_urbot/install/mycobot_description/share/mycobot_description/urdf/mech/g_shape_base_v2_0.urdf.xacro
[1.348s] -- Up-to-date symlink: /home/ubuntu/ros2_rviz_urbot/install/mycobot_description/share/mycobot_description/urdf/mech/mycobot_280_arm.urdf.xacro
[1.348s] -- Up-to-date symlink: /home/ubuntu/ros2_rviz_urbot/install/mycobot_description/share/mycobot_description/urdf/robots/mycobot_280.urdf.xacro
[1.348s] -- Up-to-date symlink: /home/ubuntu/ros2_rviz_urbot/install/mycobot_description/share/mycobot_description/urdf/sensors/intel_rgbd_cam_d435.urdf.xacro
[1.348s] -- Up-to-date symlink: /home/ubuntu/ros2_rviz_urbot/install/mycobot_description/share/mycobot_description/rviz/mycobot_280_description.rviz
[1.371s] -- Up-to-date symlink: /home/ubuntu/ros2_rviz_urbot/install/mycobot_description/share/ament_index/resource_index/package_run_dependencies/mycobot_description
[1.371s] -- Up-to-date symlink: /home/ubuntu/ros2_rviz_urbot/install/mycobot_description/share/ament_index/resource_index/parent_prefix_path/mycobot_description
[1.371s] -- Up-to-date symlink: /home/ubuntu/ros2_rviz_urbot/install/mycobot_description/share/mycobot_description/environment/ament_prefix_path.sh
[1.371s] -- Up-to-date symlink: /home/ubuntu/ros2_rviz_urbot/install/mycobot_description/share/mycobot_description/environment/ament_prefix_path.dsv
[1.371s] -- Up-to-date symlink: /home/ubuntu/ros2_rviz_urbot/install/mycobot_description/share/mycobot_description/environment/path.sh
[1.371s] -- Up-to-date symlink: /home/ubuntu/ros2_rviz_urbot/install/mycobot_description/share/mycobot_description/environment/path.dsv
[1.371s] -- Up-to-date symlink: /home/ubuntu/ros2_rviz_urbot/install/mycobot_description/share/mycobot_description/local_setup.bash
[1.371s] -- Up-to-date symlink: /home/ubuntu/ros2_rviz_urbot/install/mycobot_description/share/mycobot_description/local_setup.sh
[1.371s] -- Up-to-date symlink: /home/ubuntu/ros2_rviz_urbot/install/mycobot_description/share/mycobot_description/local_setup.zsh
[1.371s] -- Up-to-date symlink: /home/ubuntu/ros2_rviz_urbot/install/mycobot_description/share/mycobot_description/local_setup.dsv
[1.371s] -- Symlinking: /home/ubuntu/ros2_rviz_urbot/install/mycobot_description/share/mycobot_description/package.dsv
[1.461s] -- Up-to-date symlink: /home/ubuntu/ros2_rviz_urbot/install/mycobot_description/share/ament_index/resource_index/packages/mycobot_description
[1.461s] -- Up-to-date symlink: /home/ubuntu/ros2_rviz_urbot/install/mycobot_description/share/mycobot_description/cmake/mycobot_descriptionConfig.cmake
[1.461s] -- Up-to-date symlink: /home/ubuntu/ros2_rviz_urbot/install/mycobot_description/share/mycobot_description/cmake/mycobot_descriptionConfig-version.cmake
[1.461s] -- Up-to-date symlink: /home/ubuntu/ros2_rviz_urbot/install/mycobot_description/share/mycobot_description/package.xml
[1.461s] Invoked command in '/home/ubuntu/ros2_rviz_urbot/build/mycobot_description' returned '0': CMAKE_PREFIX_PATH=${CMAKE_PREFIX_PATH}:/opt/ros/jazzy DEBUGINFOD_URLS=https://debuginfod.ubuntu.com /usr/bin/cmake --install /home/ubuntu/ros2_rviz_urbot/build/mycobot_description
