[0.089s] Invoking command in '/home/ubuntu/ros2_rviz_urbot/build/mycobot_gazebo': CMAKE_PREFIX_PATH=${CMAKE_PREFIX_PATH}:/opt/ros/jazzy DEBUGINFOD_URLS=https://debuginfod.ubuntu.com /usr/bin/cmake /home/ubuntu/ros2_rviz_urbot/src/mycobot_ros2/mycobot_gazebo -DCMAKE_INSTALL_PREFIX=/home/ubuntu/ros2_rviz_urbot/install/mycobot_gazebo
[2.066s] -- The C compiler identification is GNU 13.3.0
[3.882s] -- The CXX compiler identification is GNU 13.3.0
[4.115s] -- Detecting C compiler ABI info
[4.710s] -- Detecting C compiler ABI info - done
[4.727s] -- Check for working C compiler: /usr/bin/cc - skipped
[4.756s] -- Detecting C compile features
[4.760s] -- Detecting C compile features - done
[4.869s] -- Detecting CXX compiler ABI info
[5.454s] -- Detecting CXX compiler ABI info - done
[5.462s] -- Check for working CXX compiler: /usr/bin/c++ - skipped
[5.462s] -- Detecting CXX compile features
[5.471s] -- Detecting CXX compile features - done
[5.530s] -- Found ament_cmake: 2.5.2 (/opt/ros/jazzy/share/ament_cmake/cmake)
[5.730s] -- Found Python3: /usr/bin/python3 (found version "3.12.3") found components: Interpreter 
[5.874s] -- Found controller_manager: 4.20.0 (/opt/ros/jazzy/share/controller_manager/cmake)
[6.053s] -- Found rosidl_generator_c: 4.6.4 (/opt/ros/jazzy/share/rosidl_generator_c/cmake)
[6.112s] -- Found rosidl_generator_cpp: 4.6.4 (/opt/ros/jazzy/share/rosidl_generator_cpp/cmake)
[6.163s] -- Using all available rosidl_typesupport_c: rosidl_typesupport_fastrtps_c;rosidl_typesupport_introspection_c
[6.325s] -- Using all available rosidl_typesupport_cpp: rosidl_typesupport_fastrtps_cpp;rosidl_typesupport_introspection_cpp
[6.707s] -- Found TinyXML2 via Config file: /usr/lib/x86_64-linux-gnu/cmake/tinyxml2
[6.786s] -- Found rmw_implementation_cmake: 7.3.1 (/opt/ros/jazzy/share/rmw_implementation_cmake/cmake)
[6.793s] -- Found rmw_fastrtps_cpp: 8.4.1 (/opt/ros/jazzy/share/rmw_fastrtps_cpp/cmake)
[6.859s] -- Found TinyXML2 via Config file: /usr/lib/x86_64-linux-gnu/cmake/tinyxml2
[6.950s] -- Found OpenSSL: /usr/lib/x86_64-linux-gnu/libcrypto.so (found version "3.0.13")  
[6.957s] -- Found TinyXML2 via Config file: /usr/lib/x86_64-linux-gnu/cmake/tinyxml2
[6.970s] -- Found FastRTPS: /opt/ros/jazzy/include (Required is at least version "2.13") 
[6.974s] -- Found TinyXML2 via Config file: /usr/lib/x86_64-linux-gnu/cmake/tinyxml2
[6.980s] -- Found TinyXML2 via Config file: /usr/lib/x86_64-linux-gnu/cmake/tinyxml2
[6.991s] -- Using RMW implementation 'rmw_fastrtps_cpp' as default
[7.369s] -- Found gripper_controllers: 4.16.0 (/opt/ros/jazzy/share/gripper_controllers/cmake)
[7.416s] -- Found parameter_traits: 0.3.9 (/opt/ros/jazzy/share/parameter_traits/cmake)
[7.452s] -- Found gz_ros2_control: 1.2.8 (/opt/ros/jazzy/share/gz_ros2_control/cmake)
[7.467s] -- Found ros_gz: 1.0.7 (/opt/ros/jazzy/share/ros_gz/cmake)
[7.470s] -- Found ros_gz_bridge: 1.0.7 (/opt/ros/jazzy/share/ros_gz_bridge/cmake)
[7.544s] -- Looking for gz-msgs10 -- found version 10.3.1
[7.567s] -- Searching for dependencies of gz-msgs10
[7.602s] -- Found Protobuf: /usr/lib/x86_64-linux-gnu/libprotobuf.so (found version "3.21.12") 
[7.605s] -- Looking for gz-utils2 -- found version 2.2.0
[7.605s] -- Searching for dependencies of gz-utils2
[7.609s] -- Looking for gz-math7 -- found version 7.5.1
[7.609s] -- Searching for dependencies of gz-math7
[7.610s] -- Looking for gz-utils2 -- found version 2.2.0
[7.618s] -- Checking for module 'tinyxml2'
[7.631s] --   Found tinyxml2, version 10.0.0
[7.828s] -- Looking for gz-transport13 -- found version 13.4.0
[7.829s] -- Searching for dependencies of gz-transport13
[7.852s] -- Config-file not installed for ZeroMQ -- checking for pkg-config
[7.857s] -- Checking for module 'libzmq >= 4'
[7.875s] --   Found libzmq, version 4.3.5
[7.922s] -- Found ZeroMQ: TRUE (Required is at least version "4") 
[7.928s] -- Checking for module 'uuid'
[7.947s] --   Found uuid, version 2.39.3
[7.992s] -- Found UUID: TRUE  
[7.993s] -- Looking for gz-utils2 -- found version 2.2.0
[7.993s] -- Searching for dependencies of gz-utils2
[7.993s] -- Searching for <gz-utils2> component [cli]
[7.997s] -- Looking for gz-utils2-cli -- found version 2.2.0
[7.998s] -- Searching for dependencies of gz-utils2-cli
[7.998s] -- Looking for gz-msgs10 -- found version 10.3.1
[8.195s] -- Found ros_gz_image: 1.0.7 (/opt/ros/jazzy/share/ros_gz_image/cmake)
[8.198s] -- Found ros_gz_sim: 1.0.7 (/opt/ros/jazzy/share/ros_gz_sim/cmake)
[8.205s] -- Found ros2_control: 4.20.0 (/opt/ros/jazzy/share/ros2_control/cmake)
[8.208s] -- Found ros2_controllers: 4.16.0 (/opt/ros/jazzy/share/ros2_controllers/cmake)
[8.212s] -- Found xacro: 2.0.11 (/opt/ros/jazzy/share/xacro/cmake)
[8.215s] -- Found ament_lint_auto: 0.17.1 (/opt/ros/jazzy/share/ament_lint_auto/cmake)
[8.300s] -- Added test 'lint_cmake' to check CMake code style
[8.301s] -- Added test 'xmllint' to check XML markup files
[8.303s] -- Configuring done (8.1s)
[8.307s] -- Generating done (0.0s)
[8.309s] -- Build files have been written to: /home/ubuntu/ros2_rviz_urbot/build/mycobot_gazebo
[8.320s] Invoked command in '/home/ubuntu/ros2_rviz_urbot/build/mycobot_gazebo' returned '0': CMAKE_PREFIX_PATH=${CMAKE_PREFIX_PATH}:/opt/ros/jazzy DEBUGINFOD_URLS=https://debuginfod.ubuntu.com /usr/bin/cmake /home/ubuntu/ros2_rviz_urbot/src/mycobot_ros2/mycobot_gazebo -DCMAKE_INSTALL_PREFIX=/home/ubuntu/ros2_rviz_urbot/install/mycobot_gazebo
[8.320s] Invoking command in '/home/ubuntu/ros2_rviz_urbot/build/mycobot_gazebo': CMAKE_PREFIX_PATH=${CMAKE_PREFIX_PATH}:/opt/ros/jazzy DEBUGINFOD_URLS=https://debuginfod.ubuntu.com /usr/bin/cmake --build /home/ubuntu/ros2_rviz_urbot/build/mycobot_gazebo -- -j16 -l16
[8.382s] Invoked command in '/home/ubuntu/ros2_rviz_urbot/build/mycobot_gazebo' returned '0': CMAKE_PREFIX_PATH=${CMAKE_PREFIX_PATH}:/opt/ros/jazzy DEBUGINFOD_URLS=https://debuginfod.ubuntu.com /usr/bin/cmake --build /home/ubuntu/ros2_rviz_urbot/build/mycobot_gazebo -- -j16 -l16
[8.383s] Invoking command in '/home/ubuntu/ros2_rviz_urbot/build/mycobot_gazebo': CMAKE_PREFIX_PATH=${CMAKE_PREFIX_PATH}:/opt/ros/jazzy DEBUGINFOD_URLS=https://debuginfod.ubuntu.com /usr/bin/cmake --install /home/ubuntu/ros2_rviz_urbot/build/mycobot_gazebo
[8.392s] -- Install configuration: ""
[8.392s] -- Installing: /home/ubuntu/ros2_rviz_urbot/install/mycobot_gazebo/share/ament_index/resource_index/package_run_dependencies/mycobot_gazebo
[8.392s] -- Installing: /home/ubuntu/ros2_rviz_urbot/install/mycobot_gazebo/share/ament_index/resource_index/parent_prefix_path/mycobot_gazebo
[8.392s] -- Installing: /home/ubuntu/ros2_rviz_urbot/install/mycobot_gazebo/share/mycobot_gazebo/environment/ament_prefix_path.sh
[8.392s] -- Installing: /home/ubuntu/ros2_rviz_urbot/install/mycobot_gazebo/share/mycobot_gazebo/environment/ament_prefix_path.dsv
[8.392s] -- Installing: /home/ubuntu/ros2_rviz_urbot/install/mycobot_gazebo/share/mycobot_gazebo/environment/path.sh
[8.392s] -- Installing: /home/ubuntu/ros2_rviz_urbot/install/mycobot_gazebo/share/mycobot_gazebo/environment/path.dsv
[8.392s] -- Installing: /home/ubuntu/ros2_rviz_urbot/install/mycobot_gazebo/share/mycobot_gazebo/local_setup.bash
[8.392s] -- Installing: /home/ubuntu/ros2_rviz_urbot/install/mycobot_gazebo/share/mycobot_gazebo/local_setup.sh
[8.392s] -- Installing: /home/ubuntu/ros2_rviz_urbot/install/mycobot_gazebo/share/mycobot_gazebo/local_setup.zsh
[8.393s] -- Installing: /home/ubuntu/ros2_rviz_urbot/install/mycobot_gazebo/share/mycobot_gazebo/local_setup.dsv
[8.393s] -- Installing: /home/ubuntu/ros2_rviz_urbot/install/mycobot_gazebo/share/mycobot_gazebo/package.dsv
[8.393s] -- Installing: /home/ubuntu/ros2_rviz_urbot/install/mycobot_gazebo/share/ament_index/resource_index/packages/mycobot_gazebo
[8.393s] -- Installing: /home/ubuntu/ros2_rviz_urbot/install/mycobot_gazebo/share/mycobot_gazebo/cmake/mycobot_gazeboConfig.cmake
[8.393s] -- Installing: /home/ubuntu/ros2_rviz_urbot/install/mycobot_gazebo/share/mycobot_gazebo/cmake/mycobot_gazeboConfig-version.cmake
[8.394s] -- Installing: /home/ubuntu/ros2_rviz_urbot/install/mycobot_gazebo/share/mycobot_gazebo/package.xml
[8.395s] Invoked command in '/home/ubuntu/ros2_rviz_urbot/build/mycobot_gazebo' returned '0': CMAKE_PREFIX_PATH=${CMAKE_PREFIX_PATH}:/opt/ros/jazzy DEBUGINFOD_URLS=https://debuginfod.ubuntu.com /usr/bin/cmake --install /home/ubuntu/ros2_rviz_urbot/build/mycobot_gazebo
