[0.071s] DEBUG:colcon:Command line arguments: ['/usr/bin/colcon', 'build']
[0.072s] DEBUG:colcon:Parsed command line arguments: Namespace(log_base=None, log_level=None, verb_name='build', build_base='build', install_base='install', merge_install=False, symlink_install=False, test_result_base=None, continue_on_error=False, executor='parallel', parallel_workers=16, event_handlers=None, ignore_user_meta=False, metas=['./colcon.meta'], base_paths=['.'], packages_ignore=None, packages_ignore_regex=None, paths=None, packages_up_to=None, packages_up_to_regex=None, packages_above=None, packages_above_and_dependencies=None, packages_above_depth=None, packages_select_by_dep=None, packages_skip_by_dep=None, packages_skip_up_to=None, packages_select_build_failed=False, packages_skip_build_finished=False, packages_select_test_failures=False, packages_skip_test_passed=False, packages_select=None, packages_skip=None, packages_select_regex=None, packages_skip_regex=None, packages_start=None, packages_end=None, allow_overriding=[], cmake_args=None, cmake_target=None, cmake_target_skip_unavailable=False, cmake_clean_cache=False, cmake_clean_first=False, cmake_force_configure=False, ament_cmake_args=None, catkin_cmake_args=None, catkin_skip_building_tests=False, mixin_files=None, mixin=None, verb_parser=<colcon_mixin.mixin.mixin_argument.MixinArgumentDecorator object at 0x7d7f505980b0>, verb_extension=<colcon_core.verb.build.BuildVerb object at 0x7d7f50567d10>, main=<bound method BuildVerb.main of <colcon_core.verb.build.BuildVerb object at 0x7d7f50567d10>>, mixin_verb=('build',))
[0.096s] Level 1:colcon.colcon_core.package_discovery:discover_packages(colcon_meta) check parameters
[0.096s] Level 1:colcon.colcon_core.package_discovery:discover_packages(recursive) check parameters
[0.096s] Level 1:colcon.colcon_core.package_discovery:discover_packages(ignore) check parameters
[0.097s] Level 1:colcon.colcon_core.package_discovery:discover_packages(path) check parameters
[0.097s] Level 1:colcon.colcon_core.package_discovery:discover_packages(colcon_meta) discover
[0.097s] Level 1:colcon.colcon_core.package_discovery:discover_packages(recursive) discover
[0.097s] INFO:colcon.colcon_core.package_discovery:Crawling recursively for packages in '/home/ubuntu/ros2_rviz_urbot'
[0.097s] Level 1:colcon.colcon_core.package_identification:_identify(.) by extensions ['ignore', 'ignore_ament_install']
[0.097s] Level 1:colcon.colcon_core.package_identification:_identify(.) by extension 'ignore'
[0.097s] Level 1:colcon.colcon_core.package_identification:_identify(.) by extension 'ignore_ament_install'
[0.097s] Level 1:colcon.colcon_core.package_identification:_identify(.) by extensions ['colcon_pkg']
[0.097s] Level 1:colcon.colcon_core.package_identification:_identify(.) by extension 'colcon_pkg'
[0.097s] Level 1:colcon.colcon_core.package_identification:_identify(.) by extensions ['colcon_meta']
[0.097s] Level 1:colcon.colcon_core.package_identification:_identify(.) by extension 'colcon_meta'
[0.097s] Level 1:colcon.colcon_core.package_identification:_identify(.) by extensions ['ros']
[0.097s] Level 1:colcon.colcon_core.package_identification:_identify(.) by extension 'ros'
[0.115s] Level 1:colcon.colcon_core.package_identification:_identify(.) by extensions ['cmake', 'python']
[0.115s] Level 1:colcon.colcon_core.package_identification:_identify(.) by extension 'cmake'
[0.115s] Level 1:colcon.colcon_core.package_identification:_identify(.) by extension 'python'
[0.115s] Level 1:colcon.colcon_core.package_identification:_identify(.) by extensions ['python_setup_py']
[0.115s] Level 1:colcon.colcon_core.package_identification:_identify(.) by extension 'python_setup_py'
[0.115s] Level 1:colcon.colcon_core.package_identification:_identify(build) by extensions ['ignore', 'ignore_ament_install']
[0.115s] Level 1:colcon.colcon_core.package_identification:_identify(build) by extension 'ignore'
[0.115s] Level 1:colcon.colcon_core.package_identification:_identify(build) ignored
[0.115s] Level 1:colcon.colcon_core.package_identification:_identify(install) by extensions ['ignore', 'ignore_ament_install']
[0.115s] Level 1:colcon.colcon_core.package_identification:_identify(install) by extension 'ignore'
[0.115s] Level 1:colcon.colcon_core.package_identification:_identify(install) ignored
[0.115s] Level 1:colcon.colcon_core.package_identification:_identify(log) by extensions ['ignore', 'ignore_ament_install']
[0.115s] Level 1:colcon.colcon_core.package_identification:_identify(log) by extension 'ignore'
[0.115s] Level 1:colcon.colcon_core.package_identification:_identify(log) ignored
[0.115s] Level 1:colcon.colcon_core.package_identification:_identify(src) by extensions ['ignore', 'ignore_ament_install']
[0.115s] Level 1:colcon.colcon_core.package_identification:_identify(src) by extension 'ignore'
[0.115s] Level 1:colcon.colcon_core.package_identification:_identify(src) by extension 'ignore_ament_install'
[0.115s] Level 1:colcon.colcon_core.package_identification:_identify(src) by extensions ['colcon_pkg']
[0.115s] Level 1:colcon.colcon_core.package_identification:_identify(src) by extension 'colcon_pkg'
[0.115s] Level 1:colcon.colcon_core.package_identification:_identify(src) by extensions ['colcon_meta']
[0.115s] Level 1:colcon.colcon_core.package_identification:_identify(src) by extension 'colcon_meta'
[0.115s] Level 1:colcon.colcon_core.package_identification:_identify(src) by extensions ['ros']
[0.115s] Level 1:colcon.colcon_core.package_identification:_identify(src) by extension 'ros'
[0.115s] Level 1:colcon.colcon_core.package_identification:_identify(src) by extensions ['cmake', 'python']
[0.115s] Level 1:colcon.colcon_core.package_identification:_identify(src) by extension 'cmake'
[0.116s] Level 1:colcon.colcon_core.package_identification:_identify(src) by extension 'python'
[0.116s] Level 1:colcon.colcon_core.package_identification:_identify(src) by extensions ['python_setup_py']
[0.116s] Level 1:colcon.colcon_core.package_identification:_identify(src) by extension 'python_setup_py'
[0.116s] Level 1:colcon.colcon_core.package_identification:_identify(src/mycobot_ros2) by extensions ['ignore', 'ignore_ament_install']
[0.116s] Level 1:colcon.colcon_core.package_identification:_identify(src/mycobot_ros2) by extension 'ignore'
[0.116s] Level 1:colcon.colcon_core.package_identification:_identify(src/mycobot_ros2) by extension 'ignore_ament_install'
[0.116s] Level 1:colcon.colcon_core.package_identification:_identify(src/mycobot_ros2) by extensions ['colcon_pkg']
[0.116s] Level 1:colcon.colcon_core.package_identification:_identify(src/mycobot_ros2) by extension 'colcon_pkg'
[0.116s] Level 1:colcon.colcon_core.package_identification:_identify(src/mycobot_ros2) by extensions ['colcon_meta']
[0.116s] Level 1:colcon.colcon_core.package_identification:_identify(src/mycobot_ros2) by extension 'colcon_meta'
[0.116s] Level 1:colcon.colcon_core.package_identification:_identify(src/mycobot_ros2) by extensions ['ros']
[0.116s] Level 1:colcon.colcon_core.package_identification:_identify(src/mycobot_ros2) by extension 'ros'
[0.116s] Level 1:colcon.colcon_core.package_identification:_identify(src/mycobot_ros2) by extensions ['cmake', 'python']
[0.116s] Level 1:colcon.colcon_core.package_identification:_identify(src/mycobot_ros2) by extension 'cmake'
[0.116s] Level 1:colcon.colcon_core.package_identification:_identify(src/mycobot_ros2) by extension 'python'
[0.117s] Level 1:colcon.colcon_core.package_identification:_identify(src/mycobot_ros2) by extensions ['python_setup_py']
[0.117s] Level 1:colcon.colcon_core.package_identification:_identify(src/mycobot_ros2) by extension 'python_setup_py'
[0.117s] Level 1:colcon.colcon_core.package_identification:_identify(src/mycobot_ros2/mycobot_bringup) by extensions ['ignore', 'ignore_ament_install']
[0.117s] Level 1:colcon.colcon_core.package_identification:_identify(src/mycobot_ros2/mycobot_bringup) by extension 'ignore'
[0.117s] Level 1:colcon.colcon_core.package_identification:_identify(src/mycobot_ros2/mycobot_bringup) by extension 'ignore_ament_install'
[0.117s] Level 1:colcon.colcon_core.package_identification:_identify(src/mycobot_ros2/mycobot_bringup) by extensions ['colcon_pkg']
[0.117s] Level 1:colcon.colcon_core.package_identification:_identify(src/mycobot_ros2/mycobot_bringup) by extension 'colcon_pkg'
[0.117s] Level 1:colcon.colcon_core.package_identification:_identify(src/mycobot_ros2/mycobot_bringup) by extensions ['colcon_meta']
[0.117s] Level 1:colcon.colcon_core.package_identification:_identify(src/mycobot_ros2/mycobot_bringup) by extension 'colcon_meta'
[0.117s] Level 1:colcon.colcon_core.package_identification:_identify(src/mycobot_ros2/mycobot_bringup) by extensions ['ros']
[0.117s] Level 1:colcon.colcon_core.package_identification:_identify(src/mycobot_ros2/mycobot_bringup) by extension 'ros'
[0.118s] DEBUG:colcon.colcon_core.package_identification:Package 'src/mycobot_ros2/mycobot_bringup' with type 'ros.ament_cmake' and name 'mycobot_bringup'
[0.119s] Level 1:colcon.colcon_core.package_identification:_identify(src/mycobot_ros2/mycobot_description) by extensions ['ignore', 'ignore_ament_install']
[0.119s] Level 1:colcon.colcon_core.package_identification:_identify(src/mycobot_ros2/mycobot_description) by extension 'ignore'
[0.119s] Level 1:colcon.colcon_core.package_identification:_identify(src/mycobot_ros2/mycobot_description) by extension 'ignore_ament_install'
[0.119s] Level 1:colcon.colcon_core.package_identification:_identify(src/mycobot_ros2/mycobot_description) by extensions ['colcon_pkg']
[0.119s] Level 1:colcon.colcon_core.package_identification:_identify(src/mycobot_ros2/mycobot_description) by extension 'colcon_pkg'
[0.119s] Level 1:colcon.colcon_core.package_identification:_identify(src/mycobot_ros2/mycobot_description) by extensions ['colcon_meta']
[0.119s] Level 1:colcon.colcon_core.package_identification:_identify(src/mycobot_ros2/mycobot_description) by extension 'colcon_meta'
[0.119s] Level 1:colcon.colcon_core.package_identification:_identify(src/mycobot_ros2/mycobot_description) by extensions ['ros']
[0.119s] Level 1:colcon.colcon_core.package_identification:_identify(src/mycobot_ros2/mycobot_description) by extension 'ros'
[0.119s] DEBUG:colcon.colcon_core.package_identification:Package 'src/mycobot_ros2/mycobot_description' with type 'ros.ament_cmake' and name 'mycobot_description'
[0.119s] Level 1:colcon.colcon_core.package_identification:_identify(src/mycobot_ros2/mycobot_gazebo) by extensions ['ignore', 'ignore_ament_install']
[0.119s] Level 1:colcon.colcon_core.package_identification:_identify(src/mycobot_ros2/mycobot_gazebo) by extension 'ignore'
[0.119s] Level 1:colcon.colcon_core.package_identification:_identify(src/mycobot_ros2/mycobot_gazebo) by extension 'ignore_ament_install'
[0.120s] Level 1:colcon.colcon_core.package_identification:_identify(src/mycobot_ros2/mycobot_gazebo) by extensions ['colcon_pkg']
[0.120s] Level 1:colcon.colcon_core.package_identification:_identify(src/mycobot_ros2/mycobot_gazebo) by extension 'colcon_pkg'
[0.120s] Level 1:colcon.colcon_core.package_identification:_identify(src/mycobot_ros2/mycobot_gazebo) by extensions ['colcon_meta']
[0.120s] Level 1:colcon.colcon_core.package_identification:_identify(src/mycobot_ros2/mycobot_gazebo) by extension 'colcon_meta'
[0.120s] Level 1:colcon.colcon_core.package_identification:_identify(src/mycobot_ros2/mycobot_gazebo) by extensions ['ros']
[0.120s] Level 1:colcon.colcon_core.package_identification:_identify(src/mycobot_ros2/mycobot_gazebo) by extension 'ros'
[0.120s] DEBUG:colcon.colcon_core.package_identification:Package 'src/mycobot_ros2/mycobot_gazebo' with type 'ros.ament_cmake' and name 'mycobot_gazebo'
[0.120s] Level 1:colcon.colcon_core.package_identification:_identify(src/mycobot_ros2/mycobot_moveit_config) by extensions ['ignore', 'ignore_ament_install']
[0.120s] Level 1:colcon.colcon_core.package_identification:_identify(src/mycobot_ros2/mycobot_moveit_config) by extension 'ignore'
[0.120s] Level 1:colcon.colcon_core.package_identification:_identify(src/mycobot_ros2/mycobot_moveit_config) by extension 'ignore_ament_install'
[0.120s] Level 1:colcon.colcon_core.package_identification:_identify(src/mycobot_ros2/mycobot_moveit_config) by extensions ['colcon_pkg']
[0.120s] Level 1:colcon.colcon_core.package_identification:_identify(src/mycobot_ros2/mycobot_moveit_config) by extension 'colcon_pkg'
[0.120s] Level 1:colcon.colcon_core.package_identification:_identify(src/mycobot_ros2/mycobot_moveit_config) by extensions ['colcon_meta']
[0.120s] Level 1:colcon.colcon_core.package_identification:_identify(src/mycobot_ros2/mycobot_moveit_config) by extension 'colcon_meta'
[0.120s] Level 1:colcon.colcon_core.package_identification:_identify(src/mycobot_ros2/mycobot_moveit_config) by extensions ['ros']
[0.121s] Level 1:colcon.colcon_core.package_identification:_identify(src/mycobot_ros2/mycobot_moveit_config) by extension 'ros'
[0.121s] DEBUG:colcon.colcon_core.package_identification:Package 'src/mycobot_ros2/mycobot_moveit_config' with type 'ros.ament_cmake' and name 'mycobot_moveit_config'
[0.121s] Level 1:colcon.colcon_core.package_identification:_identify(src/mycobot_ros2/mycobot_ros2) by extensions ['ignore', 'ignore_ament_install']
[0.121s] Level 1:colcon.colcon_core.package_identification:_identify(src/mycobot_ros2/mycobot_ros2) by extension 'ignore'
[0.121s] Level 1:colcon.colcon_core.package_identification:_identify(src/mycobot_ros2/mycobot_ros2) by extension 'ignore_ament_install'
[0.121s] Level 1:colcon.colcon_core.package_identification:_identify(src/mycobot_ros2/mycobot_ros2) by extensions ['colcon_pkg']
[0.121s] Level 1:colcon.colcon_core.package_identification:_identify(src/mycobot_ros2/mycobot_ros2) by extension 'colcon_pkg'
[0.121s] Level 1:colcon.colcon_core.package_identification:_identify(src/mycobot_ros2/mycobot_ros2) by extensions ['colcon_meta']
[0.121s] Level 1:colcon.colcon_core.package_identification:_identify(src/mycobot_ros2/mycobot_ros2) by extension 'colcon_meta'
[0.121s] Level 1:colcon.colcon_core.package_identification:_identify(src/mycobot_ros2/mycobot_ros2) by extensions ['ros']
[0.121s] Level 1:colcon.colcon_core.package_identification:_identify(src/mycobot_ros2/mycobot_ros2) by extension 'ros'
[0.121s] DEBUG:colcon.colcon_core.package_identification:Package 'src/mycobot_ros2/mycobot_ros2' with type 'ros.ament_cmake' and name 'mycobot_ros2'
[0.121s] Level 1:colcon.colcon_core.package_identification:_identify(src/mycobot_ros2/mycobot_system_tests) by extensions ['ignore', 'ignore_ament_install']
[0.121s] Level 1:colcon.colcon_core.package_identification:_identify(src/mycobot_ros2/mycobot_system_tests) by extension 'ignore'
[0.121s] Level 1:colcon.colcon_core.package_identification:_identify(src/mycobot_ros2/mycobot_system_tests) by extension 'ignore_ament_install'
[0.121s] Level 1:colcon.colcon_core.package_identification:_identify(src/mycobot_ros2/mycobot_system_tests) by extensions ['colcon_pkg']
[0.121s] Level 1:colcon.colcon_core.package_identification:_identify(src/mycobot_ros2/mycobot_system_tests) by extension 'colcon_pkg'
[0.122s] Level 1:colcon.colcon_core.package_identification:_identify(src/mycobot_ros2/mycobot_system_tests) by extensions ['colcon_meta']
[0.122s] Level 1:colcon.colcon_core.package_identification:_identify(src/mycobot_ros2/mycobot_system_tests) by extension 'colcon_meta'
[0.122s] Level 1:colcon.colcon_core.package_identification:_identify(src/mycobot_ros2/mycobot_system_tests) by extensions ['ros']
[0.122s] Level 1:colcon.colcon_core.package_identification:_identify(src/mycobot_ros2/mycobot_system_tests) by extension 'ros'
[0.122s] DEBUG:colcon.colcon_core.package_identification:Package 'src/mycobot_ros2/mycobot_system_tests' with type 'ros.ament_cmake' and name 'mycobot_system_tests'
[0.122s] Level 1:colcon.colcon_core.package_discovery:discover_packages(recursive) using defaults
[0.122s] Level 1:colcon.colcon_core.package_discovery:discover_packages(ignore) discover
[0.122s] Level 1:colcon.colcon_core.package_discovery:discover_packages(ignore) using defaults
[0.122s] Level 1:colcon.colcon_core.package_discovery:discover_packages(path) discover
[0.122s] Level 1:colcon.colcon_core.package_discovery:discover_packages(path) using defaults
[0.138s] Level 1:colcon.colcon_core.package_discovery:discover_packages(prefix_path) check parameters
[0.138s] Level 1:colcon.colcon_core.package_discovery:discover_packages(prefix_path) discover
[0.140s] DEBUG:colcon.colcon_installed_package_information.package_discovery:Found 6 installed packages in /home/ubuntu/ros2_rviz_urbot/install
[0.141s] DEBUG:colcon.colcon_installed_package_information.package_discovery:Found 417 installed packages in /opt/ros/jazzy
[0.142s] Level 1:colcon.colcon_core.package_discovery:discover_packages(prefix_path) using defaults
[0.173s] Level 5:colcon.colcon_core.verb:set package 'mycobot_bringup' build argument 'cmake_args' from command line to 'None'
[0.173s] Level 5:colcon.colcon_core.verb:set package 'mycobot_bringup' build argument 'cmake_target' from command line to 'None'
[0.173s] Level 5:colcon.colcon_core.verb:set package 'mycobot_bringup' build argument 'cmake_target_skip_unavailable' from command line to 'False'
[0.173s] Level 5:colcon.colcon_core.verb:set package 'mycobot_bringup' build argument 'cmake_clean_cache' from command line to 'False'
[0.173s] Level 5:colcon.colcon_core.verb:set package 'mycobot_bringup' build argument 'cmake_clean_first' from command line to 'False'
[0.173s] Level 5:colcon.colcon_core.verb:set package 'mycobot_bringup' build argument 'cmake_force_configure' from command line to 'False'
[0.173s] Level 5:colcon.colcon_core.verb:set package 'mycobot_bringup' build argument 'ament_cmake_args' from command line to 'None'
[0.173s] Level 5:colcon.colcon_core.verb:set package 'mycobot_bringup' build argument 'catkin_cmake_args' from command line to 'None'
[0.173s] Level 5:colcon.colcon_core.verb:set package 'mycobot_bringup' build argument 'catkin_skip_building_tests' from command line to 'False'
[0.173s] DEBUG:colcon.colcon_core.verb:Building package 'mycobot_bringup' with the following arguments: {'ament_cmake_args': None, 'build_base': '/home/ubuntu/ros2_rviz_urbot/build/mycobot_bringup', 'catkin_cmake_args': None, 'catkin_skip_building_tests': False, 'cmake_args': None, 'cmake_clean_cache': False, 'cmake_clean_first': False, 'cmake_force_configure': False, 'cmake_target': None, 'cmake_target_skip_unavailable': False, 'install_base': '/home/ubuntu/ros2_rviz_urbot/install/mycobot_bringup', 'merge_install': False, 'path': '/home/ubuntu/ros2_rviz_urbot/src/mycobot_ros2/mycobot_bringup', 'symlink_install': False, 'test_result_base': None}
[0.173s] Level 5:colcon.colcon_core.verb:set package 'mycobot_description' build argument 'cmake_args' from command line to 'None'
[0.173s] Level 5:colcon.colcon_core.verb:set package 'mycobot_description' build argument 'cmake_target' from command line to 'None'
[0.173s] Level 5:colcon.colcon_core.verb:set package 'mycobot_description' build argument 'cmake_target_skip_unavailable' from command line to 'False'
[0.174s] Level 5:colcon.colcon_core.verb:set package 'mycobot_description' build argument 'cmake_clean_cache' from command line to 'False'
[0.174s] Level 5:colcon.colcon_core.verb:set package 'mycobot_description' build argument 'cmake_clean_first' from command line to 'False'
[0.174s] Level 5:colcon.colcon_core.verb:set package 'mycobot_description' build argument 'cmake_force_configure' from command line to 'False'
[0.174s] Level 5:colcon.colcon_core.verb:set package 'mycobot_description' build argument 'ament_cmake_args' from command line to 'None'
[0.174s] Level 5:colcon.colcon_core.verb:set package 'mycobot_description' build argument 'catkin_cmake_args' from command line to 'None'
[0.174s] Level 5:colcon.colcon_core.verb:set package 'mycobot_description' build argument 'catkin_skip_building_tests' from command line to 'False'
[0.174s] DEBUG:colcon.colcon_core.verb:Building package 'mycobot_description' with the following arguments: {'ament_cmake_args': None, 'build_base': '/home/ubuntu/ros2_rviz_urbot/build/mycobot_description', 'catkin_cmake_args': None, 'catkin_skip_building_tests': False, 'cmake_args': None, 'cmake_clean_cache': False, 'cmake_clean_first': False, 'cmake_force_configure': False, 'cmake_target': None, 'cmake_target_skip_unavailable': False, 'install_base': '/home/ubuntu/ros2_rviz_urbot/install/mycobot_description', 'merge_install': False, 'path': '/home/ubuntu/ros2_rviz_urbot/src/mycobot_ros2/mycobot_description', 'symlink_install': False, 'test_result_base': None}
[0.174s] Level 5:colcon.colcon_core.verb:set package 'mycobot_gazebo' build argument 'cmake_args' from command line to 'None'
[0.174s] Level 5:colcon.colcon_core.verb:set package 'mycobot_gazebo' build argument 'cmake_target' from command line to 'None'
[0.174s] Level 5:colcon.colcon_core.verb:set package 'mycobot_gazebo' build argument 'cmake_target_skip_unavailable' from command line to 'False'
[0.174s] Level 5:colcon.colcon_core.verb:set package 'mycobot_gazebo' build argument 'cmake_clean_cache' from command line to 'False'
[0.174s] Level 5:colcon.colcon_core.verb:set package 'mycobot_gazebo' build argument 'cmake_clean_first' from command line to 'False'
[0.174s] Level 5:colcon.colcon_core.verb:set package 'mycobot_gazebo' build argument 'cmake_force_configure' from command line to 'False'
[0.174s] Level 5:colcon.colcon_core.verb:set package 'mycobot_gazebo' build argument 'ament_cmake_args' from command line to 'None'
[0.174s] Level 5:colcon.colcon_core.verb:set package 'mycobot_gazebo' build argument 'catkin_cmake_args' from command line to 'None'
[0.174s] Level 5:colcon.colcon_core.verb:set package 'mycobot_gazebo' build argument 'catkin_skip_building_tests' from command line to 'False'
[0.174s] DEBUG:colcon.colcon_core.verb:Building package 'mycobot_gazebo' with the following arguments: {'ament_cmake_args': None, 'build_base': '/home/ubuntu/ros2_rviz_urbot/build/mycobot_gazebo', 'catkin_cmake_args': None, 'catkin_skip_building_tests': False, 'cmake_args': None, 'cmake_clean_cache': False, 'cmake_clean_first': False, 'cmake_force_configure': False, 'cmake_target': None, 'cmake_target_skip_unavailable': False, 'install_base': '/home/ubuntu/ros2_rviz_urbot/install/mycobot_gazebo', 'merge_install': False, 'path': '/home/ubuntu/ros2_rviz_urbot/src/mycobot_ros2/mycobot_gazebo', 'symlink_install': False, 'test_result_base': None}
[0.174s] Level 5:colcon.colcon_core.verb:set package 'mycobot_moveit_config' build argument 'cmake_args' from command line to 'None'
[0.175s] Level 5:colcon.colcon_core.verb:set package 'mycobot_moveit_config' build argument 'cmake_target' from command line to 'None'
[0.175s] Level 5:colcon.colcon_core.verb:set package 'mycobot_moveit_config' build argument 'cmake_target_skip_unavailable' from command line to 'False'
[0.175s] Level 5:colcon.colcon_core.verb:set package 'mycobot_moveit_config' build argument 'cmake_clean_cache' from command line to 'False'
[0.175s] Level 5:colcon.colcon_core.verb:set package 'mycobot_moveit_config' build argument 'cmake_clean_first' from command line to 'False'
[0.175s] Level 5:colcon.colcon_core.verb:set package 'mycobot_moveit_config' build argument 'cmake_force_configure' from command line to 'False'
[0.175s] Level 5:colcon.colcon_core.verb:set package 'mycobot_moveit_config' build argument 'ament_cmake_args' from command line to 'None'
[0.175s] Level 5:colcon.colcon_core.verb:set package 'mycobot_moveit_config' build argument 'catkin_cmake_args' from command line to 'None'
[0.175s] Level 5:colcon.colcon_core.verb:set package 'mycobot_moveit_config' build argument 'catkin_skip_building_tests' from command line to 'False'
[0.175s] DEBUG:colcon.colcon_core.verb:Building package 'mycobot_moveit_config' with the following arguments: {'ament_cmake_args': None, 'build_base': '/home/ubuntu/ros2_rviz_urbot/build/mycobot_moveit_config', 'catkin_cmake_args': None, 'catkin_skip_building_tests': False, 'cmake_args': None, 'cmake_clean_cache': False, 'cmake_clean_first': False, 'cmake_force_configure': False, 'cmake_target': None, 'cmake_target_skip_unavailable': False, 'install_base': '/home/ubuntu/ros2_rviz_urbot/install/mycobot_moveit_config', 'merge_install': False, 'path': '/home/ubuntu/ros2_rviz_urbot/src/mycobot_ros2/mycobot_moveit_config', 'symlink_install': False, 'test_result_base': None}
[0.175s] Level 5:colcon.colcon_core.verb:set package 'mycobot_system_tests' build argument 'cmake_args' from command line to 'None'
[0.175s] Level 5:colcon.colcon_core.verb:set package 'mycobot_system_tests' build argument 'cmake_target' from command line to 'None'
[0.175s] Level 5:colcon.colcon_core.verb:set package 'mycobot_system_tests' build argument 'cmake_target_skip_unavailable' from command line to 'False'
[0.175s] Level 5:colcon.colcon_core.verb:set package 'mycobot_system_tests' build argument 'cmake_clean_cache' from command line to 'False'
[0.175s] Level 5:colcon.colcon_core.verb:set package 'mycobot_system_tests' build argument 'cmake_clean_first' from command line to 'False'
[0.175s] Level 5:colcon.colcon_core.verb:set package 'mycobot_system_tests' build argument 'cmake_force_configure' from command line to 'False'
[0.175s] Level 5:colcon.colcon_core.verb:set package 'mycobot_system_tests' build argument 'ament_cmake_args' from command line to 'None'
[0.175s] Level 5:colcon.colcon_core.verb:set package 'mycobot_system_tests' build argument 'catkin_cmake_args' from command line to 'None'
[0.175s] Level 5:colcon.colcon_core.verb:set package 'mycobot_system_tests' build argument 'catkin_skip_building_tests' from command line to 'False'
[0.175s] DEBUG:colcon.colcon_core.verb:Building package 'mycobot_system_tests' with the following arguments: {'ament_cmake_args': None, 'build_base': '/home/ubuntu/ros2_rviz_urbot/build/mycobot_system_tests', 'catkin_cmake_args': None, 'catkin_skip_building_tests': False, 'cmake_args': None, 'cmake_clean_cache': False, 'cmake_clean_first': False, 'cmake_force_configure': False, 'cmake_target': None, 'cmake_target_skip_unavailable': False, 'install_base': '/home/ubuntu/ros2_rviz_urbot/install/mycobot_system_tests', 'merge_install': False, 'path': '/home/ubuntu/ros2_rviz_urbot/src/mycobot_ros2/mycobot_system_tests', 'symlink_install': False, 'test_result_base': None}
[0.175s] Level 5:colcon.colcon_core.verb:set package 'mycobot_ros2' build argument 'cmake_args' from command line to 'None'
[0.175s] Level 5:colcon.colcon_core.verb:set package 'mycobot_ros2' build argument 'cmake_target' from command line to 'None'
[0.175s] Level 5:colcon.colcon_core.verb:set package 'mycobot_ros2' build argument 'cmake_target_skip_unavailable' from command line to 'False'
[0.175s] Level 5:colcon.colcon_core.verb:set package 'mycobot_ros2' build argument 'cmake_clean_cache' from command line to 'False'
[0.175s] Level 5:colcon.colcon_core.verb:set package 'mycobot_ros2' build argument 'cmake_clean_first' from command line to 'False'
[0.175s] Level 5:colcon.colcon_core.verb:set package 'mycobot_ros2' build argument 'cmake_force_configure' from command line to 'False'
[0.175s] Level 5:colcon.colcon_core.verb:set package 'mycobot_ros2' build argument 'ament_cmake_args' from command line to 'None'
[0.175s] Level 5:colcon.colcon_core.verb:set package 'mycobot_ros2' build argument 'catkin_cmake_args' from command line to 'None'
[0.175s] Level 5:colcon.colcon_core.verb:set package 'mycobot_ros2' build argument 'catkin_skip_building_tests' from command line to 'False'
[0.176s] DEBUG:colcon.colcon_core.verb:Building package 'mycobot_ros2' with the following arguments: {'ament_cmake_args': None, 'build_base': '/home/ubuntu/ros2_rviz_urbot/build/mycobot_ros2', 'catkin_cmake_args': None, 'catkin_skip_building_tests': False, 'cmake_args': None, 'cmake_clean_cache': False, 'cmake_clean_first': False, 'cmake_force_configure': False, 'cmake_target': None, 'cmake_target_skip_unavailable': False, 'install_base': '/home/ubuntu/ros2_rviz_urbot/install/mycobot_ros2', 'merge_install': False, 'path': '/home/ubuntu/ros2_rviz_urbot/src/mycobot_ros2/mycobot_ros2', 'symlink_install': False, 'test_result_base': None}
[0.176s] INFO:colcon.colcon_core.executor:Executing jobs using 'parallel' executor
[0.176s] DEBUG:colcon.colcon_parallel_executor.executor.parallel:run_until_complete
[0.177s] INFO:colcon.colcon_ros.task.ament_cmake.build:Building ROS package in '/home/ubuntu/ros2_rviz_urbot/src/mycobot_ros2/mycobot_bringup' with build type 'ament_cmake'
[0.177s] INFO:colcon.colcon_cmake.task.cmake.build:Building CMake package in '/home/ubuntu/ros2_rviz_urbot/src/mycobot_ros2/mycobot_bringup'
[0.179s] INFO:colcon.colcon_core.plugin_system:Skipping extension 'colcon_core.shell.bat': Not used on non-Windows systems
[0.179s] INFO:colcon.colcon_core.shell:Skip shell extension 'powershell' for command environment: Not usable outside of PowerShell
[0.179s] DEBUG:colcon.colcon_core.shell:Skip shell extension 'dsv' for command environment
[0.182s] INFO:colcon.colcon_ros.task.ament_cmake.build:Building ROS package in '/home/ubuntu/ros2_rviz_urbot/src/mycobot_ros2/mycobot_description' with build type 'ament_cmake'
[0.182s] INFO:colcon.colcon_cmake.task.cmake.build:Building CMake package in '/home/ubuntu/ros2_rviz_urbot/src/mycobot_ros2/mycobot_description'
[0.182s] INFO:colcon.colcon_core.shell:Skip shell extension 'powershell' for command environment: Not usable outside of PowerShell
[0.182s] DEBUG:colcon.colcon_core.shell:Skip shell extension 'dsv' for command environment
[0.185s] INFO:colcon.colcon_ros.task.ament_cmake.build:Building ROS package in '/home/ubuntu/ros2_rviz_urbot/src/mycobot_ros2/mycobot_gazebo' with build type 'ament_cmake'
[0.185s] INFO:colcon.colcon_cmake.task.cmake.build:Building CMake package in '/home/ubuntu/ros2_rviz_urbot/src/mycobot_ros2/mycobot_gazebo'
[0.185s] INFO:colcon.colcon_core.shell:Skip shell extension 'powershell' for command environment: Not usable outside of PowerShell
[0.185s] DEBUG:colcon.colcon_core.shell:Skip shell extension 'dsv' for command environment
[0.199s] INFO:colcon.colcon_ros.task.ament_cmake.build:Building ROS package in '/home/ubuntu/ros2_rviz_urbot/src/mycobot_ros2/mycobot_moveit_config' with build type 'ament_cmake'
[0.201s] INFO:colcon.colcon_cmake.task.cmake.build:Building CMake package in '/home/ubuntu/ros2_rviz_urbot/src/mycobot_ros2/mycobot_moveit_config'
[0.201s] INFO:colcon.colcon_core.shell:Skip shell extension 'powershell' for command environment: Not usable outside of PowerShell
[0.201s] DEBUG:colcon.colcon_core.shell:Skip shell extension 'dsv' for command environment
[0.225s] INFO:colcon.colcon_ros.task.ament_cmake.build:Building ROS package in '/home/ubuntu/ros2_rviz_urbot/src/mycobot_ros2/mycobot_system_tests' with build type 'ament_cmake'
[0.225s] INFO:colcon.colcon_cmake.task.cmake.build:Building CMake package in '/home/ubuntu/ros2_rviz_urbot/src/mycobot_ros2/mycobot_system_tests'
[0.226s] INFO:colcon.colcon_core.shell:Skip shell extension 'powershell' for command environment: Not usable outside of PowerShell
[0.226s] DEBUG:colcon.colcon_core.shell:Skip shell extension 'dsv' for command environment
[0.297s] DEBUG:colcon.colcon_core.event_handler.log_command:Invoking command in '/home/ubuntu/ros2_rviz_urbot/build/mycobot_bringup': CMAKE_PREFIX_PATH=${CMAKE_PREFIX_PATH}:/opt/ros/jazzy DEBUGINFOD_URLS=https://debuginfod.ubuntu.com /usr/bin/cmake --build /home/ubuntu/ros2_rviz_urbot/build/mycobot_bringup -- -j16 -l16
[0.322s] DEBUG:colcon.colcon_core.event_handler.log_command:Invoking command in '/home/ubuntu/ros2_rviz_urbot/build/mycobot_description': CMAKE_PREFIX_PATH=${CMAKE_PREFIX_PATH}:/opt/ros/jazzy DEBUGINFOD_URLS=https://debuginfod.ubuntu.com /usr/bin/cmake --build /home/ubuntu/ros2_rviz_urbot/build/mycobot_description -- -j16 -l16
[0.364s] DEBUG:colcon.colcon_core.event_handler.log_command:Invoking command in '/home/ubuntu/ros2_rviz_urbot/build/mycobot_gazebo': CMAKE_PREFIX_PATH=${CMAKE_PREFIX_PATH}:/opt/ros/jazzy DEBUGINFOD_URLS=https://debuginfod.ubuntu.com /usr/bin/cmake --build /home/ubuntu/ros2_rviz_urbot/build/mycobot_gazebo -- -j16 -l16
[0.365s] DEBUG:colcon.colcon_core.event_handler.log_command:Invoking command in '/home/ubuntu/ros2_rviz_urbot/build/mycobot_moveit_config': CMAKE_PREFIX_PATH=${CMAKE_PREFIX_PATH}:/opt/ros/jazzy DEBUGINFOD_URLS=https://debuginfod.ubuntu.com /usr/bin/cmake --build /home/ubuntu/ros2_rviz_urbot/build/mycobot_moveit_config -- -j16 -l16
[0.492s] DEBUG:colcon.colcon_core.event_handler.log_command:Invoking command in '/home/ubuntu/ros2_rviz_urbot/build/mycobot_system_tests': CMAKE_PREFIX_PATH=${CMAKE_PREFIX_PATH}:/opt/ros/jazzy DEBUGINFOD_URLS=https://debuginfod.ubuntu.com /usr/bin/cmake --build /home/ubuntu/ros2_rviz_urbot/build/mycobot_system_tests -- -j16 -l16
[0.542s] DEBUG:colcon.colcon_core.event_handler.log_command:Invoked command in '/home/ubuntu/ros2_rviz_urbot/build/mycobot_description' returned '0': CMAKE_PREFIX_PATH=${CMAKE_PREFIX_PATH}:/opt/ros/jazzy DEBUGINFOD_URLS=https://debuginfod.ubuntu.com /usr/bin/cmake --build /home/ubuntu/ros2_rviz_urbot/build/mycobot_description -- -j16 -l16
[0.596s] DEBUG:colcon.colcon_core.event_handler.log_command:Invoking command in '/home/ubuntu/ros2_rviz_urbot/build/mycobot_description': CMAKE_PREFIX_PATH=${CMAKE_PREFIX_PATH}:/opt/ros/jazzy DEBUGINFOD_URLS=https://debuginfod.ubuntu.com /usr/bin/cmake --install /home/ubuntu/ros2_rviz_urbot/build/mycobot_description
[0.637s] DEBUG:colcon.colcon_core.event_handler.log_command:Invoked command in '/home/ubuntu/ros2_rviz_urbot/build/mycobot_gazebo' returned '0': CMAKE_PREFIX_PATH=${CMAKE_PREFIX_PATH}:/opt/ros/jazzy DEBUGINFOD_URLS=https://debuginfod.ubuntu.com /usr/bin/cmake --build /home/ubuntu/ros2_rviz_urbot/build/mycobot_gazebo -- -j16 -l16
[0.663s] DEBUG:colcon.colcon_core.event_handler.log_command:Invoking command in '/home/ubuntu/ros2_rviz_urbot/build/mycobot_gazebo': CMAKE_PREFIX_PATH=${CMAKE_PREFIX_PATH}:/opt/ros/jazzy DEBUGINFOD_URLS=https://debuginfod.ubuntu.com /usr/bin/cmake --install /home/ubuntu/ros2_rviz_urbot/build/mycobot_gazebo
[0.708s] DEBUG:colcon.colcon_core.event_handler.log_command:Invoked command in '/home/ubuntu/ros2_rviz_urbot/build/mycobot_moveit_config' returned '0': CMAKE_PREFIX_PATH=${CMAKE_PREFIX_PATH}:/opt/ros/jazzy DEBUGINFOD_URLS=https://debuginfod.ubuntu.com /usr/bin/cmake --build /home/ubuntu/ros2_rviz_urbot/build/mycobot_moveit_config -- -j16 -l16
[0.708s] DEBUG:colcon.colcon_core.event_handler.log_command:Invoking command in '/home/ubuntu/ros2_rviz_urbot/build/mycobot_moveit_config': CMAKE_PREFIX_PATH=${CMAKE_PREFIX_PATH}:/opt/ros/jazzy DEBUGINFOD_URLS=https://debuginfod.ubuntu.com /usr/bin/cmake --install /home/ubuntu/ros2_rviz_urbot/build/mycobot_moveit_config
[0.817s] DEBUG:colcon.colcon_core.event_handler.log_command:Invoked command in '/home/ubuntu/ros2_rviz_urbot/build/mycobot_system_tests' returned '0': CMAKE_PREFIX_PATH=${CMAKE_PREFIX_PATH}:/opt/ros/jazzy DEBUGINFOD_URLS=https://debuginfod.ubuntu.com /usr/bin/cmake --build /home/ubuntu/ros2_rviz_urbot/build/mycobot_system_tests -- -j16 -l16
[0.819s] DEBUG:colcon.colcon_core.event_handler.log_command:Invoking command in '/home/ubuntu/ros2_rviz_urbot/build/mycobot_system_tests': CMAKE_PREFIX_PATH=${CMAKE_PREFIX_PATH}:/opt/ros/jazzy DEBUGINFOD_URLS=https://debuginfod.ubuntu.com /usr/bin/cmake --install /home/ubuntu/ros2_rviz_urbot/build/mycobot_system_tests
[0.846s] Level 1:colcon.colcon_core.environment:create_environment_scripts_only(mycobot_description)
[0.858s] Level 1:colcon.colcon_core.environment:checking '/home/ubuntu/ros2_rviz_urbot/install/mycobot_description' for CMake module files
[0.864s] Level 1:colcon.colcon_core.environment:checking '/home/ubuntu/ros2_rviz_urbot/install/mycobot_description' for CMake config files
[0.864s] Level 1:colcon.colcon_core.shell:create_environment_hook('mycobot_description', 'cmake_prefix_path')
[0.864s] INFO:colcon.colcon_core.shell:Creating environment hook '/home/ubuntu/ros2_rviz_urbot/install/mycobot_description/share/mycobot_description/hook/cmake_prefix_path.ps1'
[0.870s] DEBUG:colcon.colcon_core.event_handler.log_command:Invoked command in '/home/ubuntu/ros2_rviz_urbot/build/mycobot_description' returned '0': CMAKE_PREFIX_PATH=${CMAKE_PREFIX_PATH}:/opt/ros/jazzy DEBUGINFOD_URLS=https://debuginfod.ubuntu.com /usr/bin/cmake --install /home/ubuntu/ros2_rviz_urbot/build/mycobot_description
[0.876s] INFO:colcon.colcon_core.shell:Creating environment descriptor '/home/ubuntu/ros2_rviz_urbot/install/mycobot_description/share/mycobot_description/hook/cmake_prefix_path.dsv'
[0.878s] INFO:colcon.colcon_core.shell:Creating environment hook '/home/ubuntu/ros2_rviz_urbot/install/mycobot_description/share/mycobot_description/hook/cmake_prefix_path.sh'
[0.887s] Level 1:colcon.colcon_core.environment:checking '/home/ubuntu/ros2_rviz_urbot/install/mycobot_description/bin'
[0.891s] Level 1:colcon.colcon_core.environment:checking '/home/ubuntu/ros2_rviz_urbot/install/mycobot_description/lib/pkgconfig/mycobot_description.pc'
[0.892s] Level 1:colcon.colcon_core.environment:checking '/home/ubuntu/ros2_rviz_urbot/install/mycobot_description/lib/python3.12/site-packages'
[0.892s] Level 1:colcon.colcon_core.environment:checking '/home/ubuntu/ros2_rviz_urbot/install/mycobot_description/bin'
[0.893s] INFO:colcon.colcon_core.shell:Creating package script '/home/ubuntu/ros2_rviz_urbot/install/mycobot_description/share/mycobot_description/package.ps1'
[0.895s] INFO:colcon.colcon_core.shell:Creating package descriptor '/home/ubuntu/ros2_rviz_urbot/install/mycobot_description/share/mycobot_description/package.dsv'
[0.897s] INFO:colcon.colcon_core.shell:Creating package script '/home/ubuntu/ros2_rviz_urbot/install/mycobot_description/share/mycobot_description/package.sh'
[0.912s] INFO:colcon.colcon_core.shell:Creating package script '/home/ubuntu/ros2_rviz_urbot/install/mycobot_description/share/mycobot_description/package.bash'
[0.919s] INFO:colcon.colcon_core.shell:Creating package script '/home/ubuntu/ros2_rviz_urbot/install/mycobot_description/share/mycobot_description/package.zsh'
[0.921s] Level 1:colcon.colcon_core.environment:create_file_with_runtime_dependencies(/home/ubuntu/ros2_rviz_urbot/install/mycobot_description/share/colcon-core/packages/mycobot_description)
[0.928s] Level 1:colcon.colcon_core.environment:create_environment_scripts_only(mycobot_description)
[0.931s] Level 1:colcon.colcon_core.environment:checking '/home/ubuntu/ros2_rviz_urbot/install/mycobot_description' for CMake module files
[0.931s] Level 1:colcon.colcon_core.environment:checking '/home/ubuntu/ros2_rviz_urbot/install/mycobot_description' for CMake config files
[0.933s] Level 1:colcon.colcon_core.shell:create_environment_hook('mycobot_description', 'cmake_prefix_path')
[0.933s] INFO:colcon.colcon_core.shell:Creating environment hook '/home/ubuntu/ros2_rviz_urbot/install/mycobot_description/share/mycobot_description/hook/cmake_prefix_path.ps1'
[0.936s] INFO:colcon.colcon_core.shell:Creating environment descriptor '/home/ubuntu/ros2_rviz_urbot/install/mycobot_description/share/mycobot_description/hook/cmake_prefix_path.dsv'
[0.938s] INFO:colcon.colcon_core.shell:Creating environment hook '/home/ubuntu/ros2_rviz_urbot/install/mycobot_description/share/mycobot_description/hook/cmake_prefix_path.sh'
[0.947s] Level 1:colcon.colcon_core.environment:checking '/home/ubuntu/ros2_rviz_urbot/install/mycobot_description/bin'
[0.953s] Level 1:colcon.colcon_core.environment:checking '/home/ubuntu/ros2_rviz_urbot/install/mycobot_description/lib/pkgconfig/mycobot_description.pc'
[0.955s] Level 1:colcon.colcon_core.environment:checking '/home/ubuntu/ros2_rviz_urbot/install/mycobot_description/lib/python3.12/site-packages'
[0.957s] Level 1:colcon.colcon_core.environment:checking '/home/ubuntu/ros2_rviz_urbot/install/mycobot_description/bin'
[0.957s] INFO:colcon.colcon_core.shell:Creating package script '/home/ubuntu/ros2_rviz_urbot/install/mycobot_description/share/mycobot_description/package.ps1'
[0.962s] INFO:colcon.colcon_core.shell:Creating package descriptor '/home/ubuntu/ros2_rviz_urbot/install/mycobot_description/share/mycobot_description/package.dsv'
[0.974s] INFO:colcon.colcon_core.shell:Creating package script '/home/ubuntu/ros2_rviz_urbot/install/mycobot_description/share/mycobot_description/package.sh'
[0.976s] INFO:colcon.colcon_core.shell:Creating package script '/home/ubuntu/ros2_rviz_urbot/install/mycobot_description/share/mycobot_description/package.bash'
[0.981s] INFO:colcon.colcon_core.shell:Creating package script '/home/ubuntu/ros2_rviz_urbot/install/mycobot_description/share/mycobot_description/package.zsh'
[0.982s] Level 1:colcon.colcon_core.environment:create_file_with_runtime_dependencies(/home/ubuntu/ros2_rviz_urbot/install/mycobot_description/share/colcon-core/packages/mycobot_description)
[1.033s] Level 1:colcon.colcon_core.environment:create_environment_scripts_only(mycobot_system_tests)
[1.034s] Level 1:colcon.colcon_core.environment:checking '/home/ubuntu/ros2_rviz_urbot/install/mycobot_system_tests' for CMake module files
[1.040s] Level 1:colcon.colcon_core.environment:checking '/home/ubuntu/ros2_rviz_urbot/install/mycobot_system_tests' for CMake config files
[1.040s] Level 1:colcon.colcon_core.shell:create_environment_hook('mycobot_system_tests', 'cmake_prefix_path')
[1.040s] INFO:colcon.colcon_core.shell:Creating environment hook '/home/ubuntu/ros2_rviz_urbot/install/mycobot_system_tests/share/mycobot_system_tests/hook/cmake_prefix_path.ps1'
[1.042s] INFO:colcon.colcon_core.shell:Creating environment descriptor '/home/ubuntu/ros2_rviz_urbot/install/mycobot_system_tests/share/mycobot_system_tests/hook/cmake_prefix_path.dsv'
[1.071s] INFO:colcon.colcon_core.shell:Creating environment hook '/home/ubuntu/ros2_rviz_urbot/install/mycobot_system_tests/share/mycobot_system_tests/hook/cmake_prefix_path.sh'
[1.075s] Level 1:colcon.colcon_core.environment:checking '/home/ubuntu/ros2_rviz_urbot/install/mycobot_system_tests/bin'
[1.081s] Level 1:colcon.colcon_core.environment:checking '/home/ubuntu/ros2_rviz_urbot/install/mycobot_system_tests/lib/pkgconfig/mycobot_system_tests.pc'
[1.084s] Level 1:colcon.colcon_core.environment:checking '/home/ubuntu/ros2_rviz_urbot/install/mycobot_system_tests/lib/python3.12/site-packages'
[1.084s] Level 1:colcon.colcon_core.environment:checking '/home/ubuntu/ros2_rviz_urbot/install/mycobot_system_tests/bin'
[1.084s] INFO:colcon.colcon_core.shell:Creating package script '/home/ubuntu/ros2_rviz_urbot/install/mycobot_system_tests/share/mycobot_system_tests/package.ps1'
[1.086s] INFO:colcon.colcon_core.shell:Creating package descriptor '/home/ubuntu/ros2_rviz_urbot/install/mycobot_system_tests/share/mycobot_system_tests/package.dsv'
[1.086s] INFO:colcon.colcon_core.shell:Creating package script '/home/ubuntu/ros2_rviz_urbot/install/mycobot_system_tests/share/mycobot_system_tests/package.sh'
[1.088s] INFO:colcon.colcon_core.shell:Creating package script '/home/ubuntu/ros2_rviz_urbot/install/mycobot_system_tests/share/mycobot_system_tests/package.bash'
[1.099s] DEBUG:colcon.colcon_core.event_handler.log_command:Invoked command in '/home/ubuntu/ros2_rviz_urbot/build/mycobot_system_tests' returned '0': CMAKE_PREFIX_PATH=${CMAKE_PREFIX_PATH}:/opt/ros/jazzy DEBUGINFOD_URLS=https://debuginfod.ubuntu.com /usr/bin/cmake --install /home/ubuntu/ros2_rviz_urbot/build/mycobot_system_tests
[1.103s] INFO:colcon.colcon_core.shell:Creating package script '/home/ubuntu/ros2_rviz_urbot/install/mycobot_system_tests/share/mycobot_system_tests/package.zsh'
[1.105s] Level 1:colcon.colcon_core.environment:create_file_with_runtime_dependencies(/home/ubuntu/ros2_rviz_urbot/install/mycobot_system_tests/share/colcon-core/packages/mycobot_system_tests)
[1.106s] Level 1:colcon.colcon_core.environment:create_environment_scripts_only(mycobot_system_tests)
[1.106s] Level 1:colcon.colcon_core.environment:checking '/home/ubuntu/ros2_rviz_urbot/install/mycobot_system_tests' for CMake module files
[1.106s] Level 1:colcon.colcon_core.environment:checking '/home/ubuntu/ros2_rviz_urbot/install/mycobot_system_tests' for CMake config files
[1.109s] Level 1:colcon.colcon_core.shell:create_environment_hook('mycobot_system_tests', 'cmake_prefix_path')
[1.112s] INFO:colcon.colcon_core.shell:Creating environment hook '/home/ubuntu/ros2_rviz_urbot/install/mycobot_system_tests/share/mycobot_system_tests/hook/cmake_prefix_path.ps1'
[1.114s] INFO:colcon.colcon_core.shell:Creating environment descriptor '/home/ubuntu/ros2_rviz_urbot/install/mycobot_system_tests/share/mycobot_system_tests/hook/cmake_prefix_path.dsv'
[1.118s] INFO:colcon.colcon_core.shell:Creating environment hook '/home/ubuntu/ros2_rviz_urbot/install/mycobot_system_tests/share/mycobot_system_tests/hook/cmake_prefix_path.sh'
[1.123s] Level 1:colcon.colcon_core.environment:checking '/home/ubuntu/ros2_rviz_urbot/install/mycobot_system_tests/bin'
[1.130s] Level 1:colcon.colcon_core.environment:checking '/home/ubuntu/ros2_rviz_urbot/install/mycobot_system_tests/lib/pkgconfig/mycobot_system_tests.pc'
[1.134s] Level 1:colcon.colcon_core.environment:checking '/home/ubuntu/ros2_rviz_urbot/install/mycobot_system_tests/lib/python3.12/site-packages'
[1.135s] Level 1:colcon.colcon_core.environment:checking '/home/ubuntu/ros2_rviz_urbot/install/mycobot_system_tests/bin'
[1.135s] INFO:colcon.colcon_core.shell:Creating package script '/home/ubuntu/ros2_rviz_urbot/install/mycobot_system_tests/share/mycobot_system_tests/package.ps1'
[1.137s] INFO:colcon.colcon_core.shell:Creating package descriptor '/home/ubuntu/ros2_rviz_urbot/install/mycobot_system_tests/share/mycobot_system_tests/package.dsv'
[1.146s] INFO:colcon.colcon_core.shell:Creating package script '/home/ubuntu/ros2_rviz_urbot/install/mycobot_system_tests/share/mycobot_system_tests/package.sh'
[1.151s] INFO:colcon.colcon_core.shell:Creating package script '/home/ubuntu/ros2_rviz_urbot/install/mycobot_system_tests/share/mycobot_system_tests/package.bash'
[1.157s] INFO:colcon.colcon_core.shell:Creating package script '/home/ubuntu/ros2_rviz_urbot/install/mycobot_system_tests/share/mycobot_system_tests/package.zsh'
[1.162s] Level 1:colcon.colcon_core.environment:create_file_with_runtime_dependencies(/home/ubuntu/ros2_rviz_urbot/install/mycobot_system_tests/share/colcon-core/packages/mycobot_system_tests)
[1.175s] Level 1:colcon.colcon_core.environment:create_environment_scripts_only(mycobot_moveit_config)
[1.177s] Level 1:colcon.colcon_core.environment:checking '/home/ubuntu/ros2_rviz_urbot/install/mycobot_moveit_config' for CMake module files
[1.186s] Level 1:colcon.colcon_core.environment:checking '/home/ubuntu/ros2_rviz_urbot/install/mycobot_moveit_config' for CMake config files
[1.188s] Level 1:colcon.colcon_core.shell:create_environment_hook('mycobot_moveit_config', 'cmake_prefix_path')
[1.188s] INFO:colcon.colcon_core.shell:Creating environment hook '/home/ubuntu/ros2_rviz_urbot/install/mycobot_moveit_config/share/mycobot_moveit_config/hook/cmake_prefix_path.ps1'
[1.194s] INFO:colcon.colcon_core.shell:Creating environment descriptor '/home/ubuntu/ros2_rviz_urbot/install/mycobot_moveit_config/share/mycobot_moveit_config/hook/cmake_prefix_path.dsv'
[1.202s] DEBUG:colcon.colcon_core.event_handler.log_command:Invoked command in '/home/ubuntu/ros2_rviz_urbot/build/mycobot_moveit_config' returned '0': CMAKE_PREFIX_PATH=${CMAKE_PREFIX_PATH}:/opt/ros/jazzy DEBUGINFOD_URLS=https://debuginfod.ubuntu.com /usr/bin/cmake --install /home/ubuntu/ros2_rviz_urbot/build/mycobot_moveit_config
[1.207s] INFO:colcon.colcon_core.shell:Creating environment hook '/home/ubuntu/ros2_rviz_urbot/install/mycobot_moveit_config/share/mycobot_moveit_config/hook/cmake_prefix_path.sh'
[1.209s] Level 1:colcon.colcon_core.environment:checking '/home/ubuntu/ros2_rviz_urbot/install/mycobot_moveit_config/bin'
[1.215s] Level 1:colcon.colcon_core.environment:checking '/home/ubuntu/ros2_rviz_urbot/install/mycobot_moveit_config/lib/pkgconfig/mycobot_moveit_config.pc'
[1.217s] Level 1:colcon.colcon_core.environment:checking '/home/ubuntu/ros2_rviz_urbot/install/mycobot_moveit_config/lib/python3.12/site-packages'
[1.217s] Level 1:colcon.colcon_core.environment:checking '/home/ubuntu/ros2_rviz_urbot/install/mycobot_moveit_config/bin'
[1.217s] INFO:colcon.colcon_core.shell:Creating package script '/home/ubuntu/ros2_rviz_urbot/install/mycobot_moveit_config/share/mycobot_moveit_config/package.ps1'
[1.219s] INFO:colcon.colcon_core.shell:Creating package descriptor '/home/ubuntu/ros2_rviz_urbot/install/mycobot_moveit_config/share/mycobot_moveit_config/package.dsv'
[1.226s] INFO:colcon.colcon_core.shell:Creating package script '/home/ubuntu/ros2_rviz_urbot/install/mycobot_moveit_config/share/mycobot_moveit_config/package.sh'
[1.227s] INFO:colcon.colcon_core.shell:Creating package script '/home/ubuntu/ros2_rviz_urbot/install/mycobot_moveit_config/share/mycobot_moveit_config/package.bash'
[1.231s] INFO:colcon.colcon_core.shell:Creating package script '/home/ubuntu/ros2_rviz_urbot/install/mycobot_moveit_config/share/mycobot_moveit_config/package.zsh'
[1.244s] Level 1:colcon.colcon_core.environment:create_file_with_runtime_dependencies(/home/ubuntu/ros2_rviz_urbot/install/mycobot_moveit_config/share/colcon-core/packages/mycobot_moveit_config)
[1.244s] Level 1:colcon.colcon_core.environment:create_environment_scripts_only(mycobot_moveit_config)
[1.246s] Level 1:colcon.colcon_core.environment:checking '/home/ubuntu/ros2_rviz_urbot/install/mycobot_moveit_config' for CMake module files
[1.246s] Level 1:colcon.colcon_core.environment:checking '/home/ubuntu/ros2_rviz_urbot/install/mycobot_moveit_config' for CMake config files
[1.246s] Level 1:colcon.colcon_core.shell:create_environment_hook('mycobot_moveit_config', 'cmake_prefix_path')
[1.246s] INFO:colcon.colcon_core.shell:Creating environment hook '/home/ubuntu/ros2_rviz_urbot/install/mycobot_moveit_config/share/mycobot_moveit_config/hook/cmake_prefix_path.ps1'
[1.250s] INFO:colcon.colcon_core.shell:Creating environment descriptor '/home/ubuntu/ros2_rviz_urbot/install/mycobot_moveit_config/share/mycobot_moveit_config/hook/cmake_prefix_path.dsv'
[1.263s] INFO:colcon.colcon_core.shell:Creating environment hook '/home/ubuntu/ros2_rviz_urbot/install/mycobot_moveit_config/share/mycobot_moveit_config/hook/cmake_prefix_path.sh'
[1.264s] Level 1:colcon.colcon_core.environment:checking '/home/ubuntu/ros2_rviz_urbot/install/mycobot_moveit_config/bin'
[1.264s] Level 1:colcon.colcon_core.environment:checking '/home/ubuntu/ros2_rviz_urbot/install/mycobot_moveit_config/lib/pkgconfig/mycobot_moveit_config.pc'
[1.265s] Level 1:colcon.colcon_core.environment:checking '/home/ubuntu/ros2_rviz_urbot/install/mycobot_moveit_config/lib/python3.12/site-packages'
[1.265s] Level 1:colcon.colcon_core.environment:checking '/home/ubuntu/ros2_rviz_urbot/install/mycobot_moveit_config/bin'
[1.265s] INFO:colcon.colcon_core.shell:Creating package script '/home/ubuntu/ros2_rviz_urbot/install/mycobot_moveit_config/share/mycobot_moveit_config/package.ps1'
[1.277s] INFO:colcon.colcon_core.shell:Creating package descriptor '/home/ubuntu/ros2_rviz_urbot/install/mycobot_moveit_config/share/mycobot_moveit_config/package.dsv'
[1.288s] INFO:colcon.colcon_core.shell:Creating package script '/home/ubuntu/ros2_rviz_urbot/install/mycobot_moveit_config/share/mycobot_moveit_config/package.sh'
[1.290s] INFO:colcon.colcon_core.shell:Creating package script '/home/ubuntu/ros2_rviz_urbot/install/mycobot_moveit_config/share/mycobot_moveit_config/package.bash'
[1.297s] INFO:colcon.colcon_core.shell:Creating package script '/home/ubuntu/ros2_rviz_urbot/install/mycobot_moveit_config/share/mycobot_moveit_config/package.zsh'
[1.313s] Level 1:colcon.colcon_core.environment:create_file_with_runtime_dependencies(/home/ubuntu/ros2_rviz_urbot/install/mycobot_moveit_config/share/colcon-core/packages/mycobot_moveit_config)
[1.321s] Level 1:colcon.colcon_core.environment:create_environment_scripts_only(mycobot_gazebo)
[1.324s] Level 1:colcon.colcon_core.environment:checking '/home/ubuntu/ros2_rviz_urbot/install/mycobot_gazebo' for CMake module files
[1.325s] Level 1:colcon.colcon_core.environment:checking '/home/ubuntu/ros2_rviz_urbot/install/mycobot_gazebo' for CMake config files
[1.325s] Level 1:colcon.colcon_core.shell:create_environment_hook('mycobot_gazebo', 'cmake_prefix_path')
[1.325s] INFO:colcon.colcon_core.shell:Creating environment hook '/home/ubuntu/ros2_rviz_urbot/install/mycobot_gazebo/share/mycobot_gazebo/hook/cmake_prefix_path.ps1'
[1.326s] DEBUG:colcon.colcon_core.event_handler.log_command:Invoked command in '/home/ubuntu/ros2_rviz_urbot/build/mycobot_gazebo' returned '0': CMAKE_PREFIX_PATH=${CMAKE_PREFIX_PATH}:/opt/ros/jazzy DEBUGINFOD_URLS=https://debuginfod.ubuntu.com /usr/bin/cmake --install /home/ubuntu/ros2_rviz_urbot/build/mycobot_gazebo
[1.328s] INFO:colcon.colcon_core.shell:Creating environment descriptor '/home/ubuntu/ros2_rviz_urbot/install/mycobot_gazebo/share/mycobot_gazebo/hook/cmake_prefix_path.dsv'
[1.329s] INFO:colcon.colcon_core.shell:Creating environment hook '/home/ubuntu/ros2_rviz_urbot/install/mycobot_gazebo/share/mycobot_gazebo/hook/cmake_prefix_path.sh'
[1.332s] Level 1:colcon.colcon_core.environment:checking '/home/ubuntu/ros2_rviz_urbot/install/mycobot_gazebo/bin'
[1.332s] Level 1:colcon.colcon_core.environment:checking '/home/ubuntu/ros2_rviz_urbot/install/mycobot_gazebo/lib/pkgconfig/mycobot_gazebo.pc'
[1.333s] Level 1:colcon.colcon_core.environment:checking '/home/ubuntu/ros2_rviz_urbot/install/mycobot_gazebo/lib/python3.12/site-packages'
[1.333s] Level 1:colcon.colcon_core.environment:checking '/home/ubuntu/ros2_rviz_urbot/install/mycobot_gazebo/bin'
[1.333s] INFO:colcon.colcon_core.shell:Creating package script '/home/ubuntu/ros2_rviz_urbot/install/mycobot_gazebo/share/mycobot_gazebo/package.ps1'
[1.333s] INFO:colcon.colcon_core.shell:Creating package descriptor '/home/ubuntu/ros2_rviz_urbot/install/mycobot_gazebo/share/mycobot_gazebo/package.dsv'
[1.334s] INFO:colcon.colcon_core.shell:Creating package script '/home/ubuntu/ros2_rviz_urbot/install/mycobot_gazebo/share/mycobot_gazebo/package.sh'
[1.334s] INFO:colcon.colcon_core.shell:Creating package script '/home/ubuntu/ros2_rviz_urbot/install/mycobot_gazebo/share/mycobot_gazebo/package.bash'
[1.335s] INFO:colcon.colcon_core.shell:Creating package script '/home/ubuntu/ros2_rviz_urbot/install/mycobot_gazebo/share/mycobot_gazebo/package.zsh'
[1.337s] Level 1:colcon.colcon_core.environment:create_file_with_runtime_dependencies(/home/ubuntu/ros2_rviz_urbot/install/mycobot_gazebo/share/colcon-core/packages/mycobot_gazebo)
[1.343s] Level 1:colcon.colcon_core.environment:create_environment_scripts_only(mycobot_gazebo)
[1.348s] Level 1:colcon.colcon_core.environment:checking '/home/ubuntu/ros2_rviz_urbot/install/mycobot_gazebo' for CMake module files
[1.348s] Level 1:colcon.colcon_core.environment:checking '/home/ubuntu/ros2_rviz_urbot/install/mycobot_gazebo' for CMake config files
[1.348s] Level 1:colcon.colcon_core.shell:create_environment_hook('mycobot_gazebo', 'cmake_prefix_path')
[1.348s] INFO:colcon.colcon_core.shell:Creating environment hook '/home/ubuntu/ros2_rviz_urbot/install/mycobot_gazebo/share/mycobot_gazebo/hook/cmake_prefix_path.ps1'
[1.353s] INFO:colcon.colcon_core.shell:Creating environment descriptor '/home/ubuntu/ros2_rviz_urbot/install/mycobot_gazebo/share/mycobot_gazebo/hook/cmake_prefix_path.dsv'
[1.363s] INFO:colcon.colcon_core.shell:Creating environment hook '/home/ubuntu/ros2_rviz_urbot/install/mycobot_gazebo/share/mycobot_gazebo/hook/cmake_prefix_path.sh'
[1.379s] Level 1:colcon.colcon_core.environment:checking '/home/ubuntu/ros2_rviz_urbot/install/mycobot_gazebo/bin'
[1.379s] Level 1:colcon.colcon_core.environment:checking '/home/ubuntu/ros2_rviz_urbot/install/mycobot_gazebo/lib/pkgconfig/mycobot_gazebo.pc'
[1.379s] Level 1:colcon.colcon_core.environment:checking '/home/ubuntu/ros2_rviz_urbot/install/mycobot_gazebo/lib/python3.12/site-packages'
[1.379s] Level 1:colcon.colcon_core.environment:checking '/home/ubuntu/ros2_rviz_urbot/install/mycobot_gazebo/bin'
[1.381s] INFO:colcon.colcon_core.shell:Creating package script '/home/ubuntu/ros2_rviz_urbot/install/mycobot_gazebo/share/mycobot_gazebo/package.ps1'
[1.388s] INFO:colcon.colcon_core.shell:Creating package descriptor '/home/ubuntu/ros2_rviz_urbot/install/mycobot_gazebo/share/mycobot_gazebo/package.dsv'
[1.392s] INFO:colcon.colcon_core.shell:Creating package script '/home/ubuntu/ros2_rviz_urbot/install/mycobot_gazebo/share/mycobot_gazebo/package.sh'
[1.395s] INFO:colcon.colcon_core.shell:Creating package script '/home/ubuntu/ros2_rviz_urbot/install/mycobot_gazebo/share/mycobot_gazebo/package.bash'
[1.403s] INFO:colcon.colcon_core.shell:Creating package script '/home/ubuntu/ros2_rviz_urbot/install/mycobot_gazebo/share/mycobot_gazebo/package.zsh'
[1.409s] Level 1:colcon.colcon_core.environment:create_file_with_runtime_dependencies(/home/ubuntu/ros2_rviz_urbot/install/mycobot_gazebo/share/colcon-core/packages/mycobot_gazebo)
[1.600s] DEBUG:colcon.colcon_core.event_handler.log_command:Invoked command in '/home/ubuntu/ros2_rviz_urbot/build/mycobot_bringup' returned '0': CMAKE_PREFIX_PATH=${CMAKE_PREFIX_PATH}:/opt/ros/jazzy DEBUGINFOD_URLS=https://debuginfod.ubuntu.com /usr/bin/cmake --build /home/ubuntu/ros2_rviz_urbot/build/mycobot_bringup -- -j16 -l16
[1.600s] DEBUG:colcon.colcon_core.event_handler.log_command:Invoking command in '/home/ubuntu/ros2_rviz_urbot/build/mycobot_bringup': CMAKE_PREFIX_PATH=${CMAKE_PREFIX_PATH}:/opt/ros/jazzy DEBUGINFOD_URLS=https://debuginfod.ubuntu.com /usr/bin/cmake --install /home/ubuntu/ros2_rviz_urbot/build/mycobot_bringup
[1.636s] Level 1:colcon.colcon_core.environment:create_environment_scripts_only(mycobot_bringup)
[1.637s] Level 1:colcon.colcon_core.environment:checking '/home/ubuntu/ros2_rviz_urbot/install/mycobot_bringup' for CMake module files
[1.637s] DEBUG:colcon.colcon_core.event_handler.log_command:Invoked command in '/home/ubuntu/ros2_rviz_urbot/build/mycobot_bringup' returned '0': CMAKE_PREFIX_PATH=${CMAKE_PREFIX_PATH}:/opt/ros/jazzy DEBUGINFOD_URLS=https://debuginfod.ubuntu.com /usr/bin/cmake --install /home/ubuntu/ros2_rviz_urbot/build/mycobot_bringup
[1.638s] Level 1:colcon.colcon_core.environment:checking '/home/ubuntu/ros2_rviz_urbot/install/mycobot_bringup' for CMake config files
[1.638s] Level 1:colcon.colcon_core.shell:create_environment_hook('mycobot_bringup', 'cmake_prefix_path')
[1.638s] INFO:colcon.colcon_core.shell:Creating environment hook '/home/ubuntu/ros2_rviz_urbot/install/mycobot_bringup/share/mycobot_bringup/hook/cmake_prefix_path.ps1'
[1.639s] INFO:colcon.colcon_core.shell:Creating environment descriptor '/home/ubuntu/ros2_rviz_urbot/install/mycobot_bringup/share/mycobot_bringup/hook/cmake_prefix_path.dsv'
[1.639s] INFO:colcon.colcon_core.shell:Creating environment hook '/home/ubuntu/ros2_rviz_urbot/install/mycobot_bringup/share/mycobot_bringup/hook/cmake_prefix_path.sh'
[1.640s] Level 1:colcon.colcon_core.environment:checking '/home/ubuntu/ros2_rviz_urbot/install/mycobot_bringup/bin'
[1.640s] Level 1:colcon.colcon_core.environment:checking '/home/ubuntu/ros2_rviz_urbot/install/mycobot_bringup/lib/pkgconfig/mycobot_bringup.pc'
[1.640s] Level 1:colcon.colcon_core.environment:checking '/home/ubuntu/ros2_rviz_urbot/install/mycobot_bringup/lib/python3.12/site-packages'
[1.640s] Level 1:colcon.colcon_core.environment:checking '/home/ubuntu/ros2_rviz_urbot/install/mycobot_bringup/bin'
[1.641s] INFO:colcon.colcon_core.shell:Creating package script '/home/ubuntu/ros2_rviz_urbot/install/mycobot_bringup/share/mycobot_bringup/package.ps1'
[1.641s] INFO:colcon.colcon_core.shell:Creating package descriptor '/home/ubuntu/ros2_rviz_urbot/install/mycobot_bringup/share/mycobot_bringup/package.dsv'
[1.642s] INFO:colcon.colcon_core.shell:Creating package script '/home/ubuntu/ros2_rviz_urbot/install/mycobot_bringup/share/mycobot_bringup/package.sh'
[1.642s] INFO:colcon.colcon_core.shell:Creating package script '/home/ubuntu/ros2_rviz_urbot/install/mycobot_bringup/share/mycobot_bringup/package.bash'
[1.642s] INFO:colcon.colcon_core.shell:Creating package script '/home/ubuntu/ros2_rviz_urbot/install/mycobot_bringup/share/mycobot_bringup/package.zsh'
[1.643s] Level 1:colcon.colcon_core.environment:create_file_with_runtime_dependencies(/home/ubuntu/ros2_rviz_urbot/install/mycobot_bringup/share/colcon-core/packages/mycobot_bringup)
[1.643s] Level 1:colcon.colcon_core.environment:create_environment_scripts_only(mycobot_bringup)
[1.643s] Level 1:colcon.colcon_core.environment:checking '/home/ubuntu/ros2_rviz_urbot/install/mycobot_bringup' for CMake module files
[1.644s] Level 1:colcon.colcon_core.environment:checking '/home/ubuntu/ros2_rviz_urbot/install/mycobot_bringup' for CMake config files
[1.644s] Level 1:colcon.colcon_core.shell:create_environment_hook('mycobot_bringup', 'cmake_prefix_path')
[1.644s] INFO:colcon.colcon_core.shell:Creating environment hook '/home/ubuntu/ros2_rviz_urbot/install/mycobot_bringup/share/mycobot_bringup/hook/cmake_prefix_path.ps1'
[1.645s] INFO:colcon.colcon_core.shell:Creating environment descriptor '/home/ubuntu/ros2_rviz_urbot/install/mycobot_bringup/share/mycobot_bringup/hook/cmake_prefix_path.dsv'
[1.645s] INFO:colcon.colcon_core.shell:Creating environment hook '/home/ubuntu/ros2_rviz_urbot/install/mycobot_bringup/share/mycobot_bringup/hook/cmake_prefix_path.sh'
[1.646s] Level 1:colcon.colcon_core.environment:checking '/home/ubuntu/ros2_rviz_urbot/install/mycobot_bringup/bin'
[1.646s] Level 1:colcon.colcon_core.environment:checking '/home/ubuntu/ros2_rviz_urbot/install/mycobot_bringup/lib/pkgconfig/mycobot_bringup.pc'
[1.646s] Level 1:colcon.colcon_core.environment:checking '/home/ubuntu/ros2_rviz_urbot/install/mycobot_bringup/lib/python3.12/site-packages'
[1.646s] Level 1:colcon.colcon_core.environment:checking '/home/ubuntu/ros2_rviz_urbot/install/mycobot_bringup/bin'
[1.646s] INFO:colcon.colcon_core.shell:Creating package script '/home/ubuntu/ros2_rviz_urbot/install/mycobot_bringup/share/mycobot_bringup/package.ps1'
[1.647s] INFO:colcon.colcon_core.shell:Creating package descriptor '/home/ubuntu/ros2_rviz_urbot/install/mycobot_bringup/share/mycobot_bringup/package.dsv'
[1.647s] INFO:colcon.colcon_core.shell:Creating package script '/home/ubuntu/ros2_rviz_urbot/install/mycobot_bringup/share/mycobot_bringup/package.sh'
[1.648s] INFO:colcon.colcon_core.shell:Creating package script '/home/ubuntu/ros2_rviz_urbot/install/mycobot_bringup/share/mycobot_bringup/package.bash'
[1.648s] INFO:colcon.colcon_core.shell:Creating package script '/home/ubuntu/ros2_rviz_urbot/install/mycobot_bringup/share/mycobot_bringup/package.zsh'
[1.649s] Level 1:colcon.colcon_core.environment:create_file_with_runtime_dependencies(/home/ubuntu/ros2_rviz_urbot/install/mycobot_bringup/share/colcon-core/packages/mycobot_bringup)
[1.649s] INFO:colcon.colcon_ros.task.ament_cmake.build:Building ROS package in '/home/ubuntu/ros2_rviz_urbot/src/mycobot_ros2/mycobot_ros2' with build type 'ament_cmake'
[1.650s] INFO:colcon.colcon_cmake.task.cmake.build:Building CMake package in '/home/ubuntu/ros2_rviz_urbot/src/mycobot_ros2/mycobot_ros2'
[1.650s] INFO:colcon.colcon_core.shell:Skip shell extension 'powershell' for command environment: Not usable outside of PowerShell
[1.650s] DEBUG:colcon.colcon_core.shell:Skip shell extension 'dsv' for command environment
[1.684s] DEBUG:colcon.colcon_core.event_handler.log_command:Invoking command in '/home/ubuntu/ros2_rviz_urbot/build/mycobot_ros2': CMAKE_PREFIX_PATH=/home/ubuntu/ros2_rviz_urbot/install/mycobot_system_tests:/home/ubuntu/ros2_rviz_urbot/install/mycobot_moveit_config:/home/ubuntu/ros2_rviz_urbot/install/mycobot_gazebo:/home/ubuntu/ros2_rviz_urbot/install/mycobot_description:/home/ubuntu/ros2_rviz_urbot/install/mycobot_bringup:/home/ubuntu/ros2_rviz_urbot/install/mycobot_ros2:/opt/ros/jazzy/opt/gz_sim_vendor:/opt/ros/jazzy/opt/gz_sensors_vendor:/opt/ros/jazzy/opt/gz_physics_vendor:/opt/ros/jazzy/opt/sdformat_vendor:/opt/ros/jazzy/opt/gz_gui_vendor:/opt/ros/jazzy/opt/gz_transport_vendor:/opt/ros/jazzy/opt/gz_rendering_vendor:/opt/ros/jazzy/opt/gz_plugin_vendor:/opt/ros/jazzy/opt/gz_fuel_tools_vendor:/opt/ros/jazzy/opt/gz_msgs_vendor:/opt/ros/jazzy/opt/gz_common_vendor:/opt/ros/jazzy/opt/gz_math_vendor:/opt/ros/jazzy/opt/gz_utils_vendor:/opt/ros/jazzy/opt/gz_tools_vendor:/opt/ros/jazzy/opt/gz_ogre_next_vendor:/opt/ros/jazzy/opt/gz_dartsim_vendor:/opt/ros/jazzy/opt/gz_cmake_vendor:/opt/ros/jazzy DEBUGINFOD_URLS=https://debuginfod.ubuntu.com /usr/bin/cmake --build /home/ubuntu/ros2_rviz_urbot/build/mycobot_ros2 -- -j16 -l16
[1.733s] DEBUG:colcon.colcon_core.event_handler.log_command:Invoked command in '/home/ubuntu/ros2_rviz_urbot/build/mycobot_ros2' returned '0': CMAKE_PREFIX_PATH=/home/ubuntu/ros2_rviz_urbot/install/mycobot_system_tests:/home/ubuntu/ros2_rviz_urbot/install/mycobot_moveit_config:/home/ubuntu/ros2_rviz_urbot/install/mycobot_gazebo:/home/ubuntu/ros2_rviz_urbot/install/mycobot_description:/home/ubuntu/ros2_rviz_urbot/install/mycobot_bringup:/home/ubuntu/ros2_rviz_urbot/install/mycobot_ros2:/opt/ros/jazzy/opt/gz_sim_vendor:/opt/ros/jazzy/opt/gz_sensors_vendor:/opt/ros/jazzy/opt/gz_physics_vendor:/opt/ros/jazzy/opt/sdformat_vendor:/opt/ros/jazzy/opt/gz_gui_vendor:/opt/ros/jazzy/opt/gz_transport_vendor:/opt/ros/jazzy/opt/gz_rendering_vendor:/opt/ros/jazzy/opt/gz_plugin_vendor:/opt/ros/jazzy/opt/gz_fuel_tools_vendor:/opt/ros/jazzy/opt/gz_msgs_vendor:/opt/ros/jazzy/opt/gz_common_vendor:/opt/ros/jazzy/opt/gz_math_vendor:/opt/ros/jazzy/opt/gz_utils_vendor:/opt/ros/jazzy/opt/gz_tools_vendor:/opt/ros/jazzy/opt/gz_ogre_next_vendor:/opt/ros/jazzy/opt/gz_dartsim_vendor:/opt/ros/jazzy/opt/gz_cmake_vendor:/opt/ros/jazzy DEBUGINFOD_URLS=https://debuginfod.ubuntu.com /usr/bin/cmake --build /home/ubuntu/ros2_rviz_urbot/build/mycobot_ros2 -- -j16 -l16
[1.734s] DEBUG:colcon.colcon_core.event_handler.log_command:Invoking command in '/home/ubuntu/ros2_rviz_urbot/build/mycobot_ros2': CMAKE_PREFIX_PATH=/home/ubuntu/ros2_rviz_urbot/install/mycobot_system_tests:/home/ubuntu/ros2_rviz_urbot/install/mycobot_moveit_config:/home/ubuntu/ros2_rviz_urbot/install/mycobot_gazebo:/home/ubuntu/ros2_rviz_urbot/install/mycobot_description:/home/ubuntu/ros2_rviz_urbot/install/mycobot_bringup:/home/ubuntu/ros2_rviz_urbot/install/mycobot_ros2:/opt/ros/jazzy/opt/gz_sim_vendor:/opt/ros/jazzy/opt/gz_sensors_vendor:/opt/ros/jazzy/opt/gz_physics_vendor:/opt/ros/jazzy/opt/sdformat_vendor:/opt/ros/jazzy/opt/gz_gui_vendor:/opt/ros/jazzy/opt/gz_transport_vendor:/opt/ros/jazzy/opt/gz_rendering_vendor:/opt/ros/jazzy/opt/gz_plugin_vendor:/opt/ros/jazzy/opt/gz_fuel_tools_vendor:/opt/ros/jazzy/opt/gz_msgs_vendor:/opt/ros/jazzy/opt/gz_common_vendor:/opt/ros/jazzy/opt/gz_math_vendor:/opt/ros/jazzy/opt/gz_utils_vendor:/opt/ros/jazzy/opt/gz_tools_vendor:/opt/ros/jazzy/opt/gz_ogre_next_vendor:/opt/ros/jazzy/opt/gz_dartsim_vendor:/opt/ros/jazzy/opt/gz_cmake_vendor:/opt/ros/jazzy DEBUGINFOD_URLS=https://debuginfod.ubuntu.com /usr/bin/cmake --install /home/ubuntu/ros2_rviz_urbot/build/mycobot_ros2
[1.755s] Level 1:colcon.colcon_core.environment:create_environment_scripts_only(mycobot_ros2)
[1.756s] Level 1:colcon.colcon_core.environment:checking '/home/ubuntu/ros2_rviz_urbot/install/mycobot_ros2' for CMake module files
[1.756s] DEBUG:colcon.colcon_core.event_handler.log_command:Invoked command in '/home/ubuntu/ros2_rviz_urbot/build/mycobot_ros2' returned '0': CMAKE_PREFIX_PATH=/home/ubuntu/ros2_rviz_urbot/install/mycobot_system_tests:/home/ubuntu/ros2_rviz_urbot/install/mycobot_moveit_config:/home/ubuntu/ros2_rviz_urbot/install/mycobot_gazebo:/home/ubuntu/ros2_rviz_urbot/install/mycobot_description:/home/ubuntu/ros2_rviz_urbot/install/mycobot_bringup:/home/ubuntu/ros2_rviz_urbot/install/mycobot_ros2:/opt/ros/jazzy/opt/gz_sim_vendor:/opt/ros/jazzy/opt/gz_sensors_vendor:/opt/ros/jazzy/opt/gz_physics_vendor:/opt/ros/jazzy/opt/sdformat_vendor:/opt/ros/jazzy/opt/gz_gui_vendor:/opt/ros/jazzy/opt/gz_transport_vendor:/opt/ros/jazzy/opt/gz_rendering_vendor:/opt/ros/jazzy/opt/gz_plugin_vendor:/opt/ros/jazzy/opt/gz_fuel_tools_vendor:/opt/ros/jazzy/opt/gz_msgs_vendor:/opt/ros/jazzy/opt/gz_common_vendor:/opt/ros/jazzy/opt/gz_math_vendor:/opt/ros/jazzy/opt/gz_utils_vendor:/opt/ros/jazzy/opt/gz_tools_vendor:/opt/ros/jazzy/opt/gz_ogre_next_vendor:/opt/ros/jazzy/opt/gz_dartsim_vendor:/opt/ros/jazzy/opt/gz_cmake_vendor:/opt/ros/jazzy DEBUGINFOD_URLS=https://debuginfod.ubuntu.com /usr/bin/cmake --install /home/ubuntu/ros2_rviz_urbot/build/mycobot_ros2
[1.757s] Level 1:colcon.colcon_core.environment:checking '/home/ubuntu/ros2_rviz_urbot/install/mycobot_ros2' for CMake config files
[1.757s] Level 1:colcon.colcon_core.shell:create_environment_hook('mycobot_ros2', 'cmake_prefix_path')
[1.757s] INFO:colcon.colcon_core.shell:Creating environment hook '/home/ubuntu/ros2_rviz_urbot/install/mycobot_ros2/share/mycobot_ros2/hook/cmake_prefix_path.ps1'
[1.757s] INFO:colcon.colcon_core.shell:Creating environment descriptor '/home/ubuntu/ros2_rviz_urbot/install/mycobot_ros2/share/mycobot_ros2/hook/cmake_prefix_path.dsv'
[1.758s] INFO:colcon.colcon_core.shell:Creating environment hook '/home/ubuntu/ros2_rviz_urbot/install/mycobot_ros2/share/mycobot_ros2/hook/cmake_prefix_path.sh'
[1.758s] Level 1:colcon.colcon_core.environment:checking '/home/ubuntu/ros2_rviz_urbot/install/mycobot_ros2/bin'
[1.758s] Level 1:colcon.colcon_core.environment:checking '/home/ubuntu/ros2_rviz_urbot/install/mycobot_ros2/lib/pkgconfig/mycobot_ros2.pc'
[1.759s] Level 1:colcon.colcon_core.environment:checking '/home/ubuntu/ros2_rviz_urbot/install/mycobot_ros2/lib/python3.12/site-packages'
[1.759s] Level 1:colcon.colcon_core.environment:checking '/home/ubuntu/ros2_rviz_urbot/install/mycobot_ros2/bin'
[1.759s] INFO:colcon.colcon_core.shell:Creating package script '/home/ubuntu/ros2_rviz_urbot/install/mycobot_ros2/share/mycobot_ros2/package.ps1'
[1.759s] INFO:colcon.colcon_core.shell:Creating package descriptor '/home/ubuntu/ros2_rviz_urbot/install/mycobot_ros2/share/mycobot_ros2/package.dsv'
[1.760s] INFO:colcon.colcon_core.shell:Creating package script '/home/ubuntu/ros2_rviz_urbot/install/mycobot_ros2/share/mycobot_ros2/package.sh'
[1.760s] INFO:colcon.colcon_core.shell:Creating package script '/home/ubuntu/ros2_rviz_urbot/install/mycobot_ros2/share/mycobot_ros2/package.bash'
[1.760s] INFO:colcon.colcon_core.shell:Creating package script '/home/ubuntu/ros2_rviz_urbot/install/mycobot_ros2/share/mycobot_ros2/package.zsh'
[1.761s] Level 1:colcon.colcon_core.environment:create_file_with_runtime_dependencies(/home/ubuntu/ros2_rviz_urbot/install/mycobot_ros2/share/colcon-core/packages/mycobot_ros2)
[1.761s] Level 1:colcon.colcon_core.environment:create_environment_scripts_only(mycobot_ros2)
[1.761s] Level 1:colcon.colcon_core.environment:checking '/home/ubuntu/ros2_rviz_urbot/install/mycobot_ros2' for CMake module files
[1.762s] Level 1:colcon.colcon_core.environment:checking '/home/ubuntu/ros2_rviz_urbot/install/mycobot_ros2' for CMake config files
[1.762s] Level 1:colcon.colcon_core.shell:create_environment_hook('mycobot_ros2', 'cmake_prefix_path')
[1.762s] INFO:colcon.colcon_core.shell:Creating environment hook '/home/ubuntu/ros2_rviz_urbot/install/mycobot_ros2/share/mycobot_ros2/hook/cmake_prefix_path.ps1'
[1.762s] INFO:colcon.colcon_core.shell:Creating environment descriptor '/home/ubuntu/ros2_rviz_urbot/install/mycobot_ros2/share/mycobot_ros2/hook/cmake_prefix_path.dsv'
[1.764s] INFO:colcon.colcon_core.shell:Creating environment hook '/home/ubuntu/ros2_rviz_urbot/install/mycobot_ros2/share/mycobot_ros2/hook/cmake_prefix_path.sh'
[1.767s] Level 1:colcon.colcon_core.environment:checking '/home/ubuntu/ros2_rviz_urbot/install/mycobot_ros2/bin'
[1.767s] Level 1:colcon.colcon_core.environment:checking '/home/ubuntu/ros2_rviz_urbot/install/mycobot_ros2/lib/pkgconfig/mycobot_ros2.pc'
[1.767s] Level 1:colcon.colcon_core.environment:checking '/home/ubuntu/ros2_rviz_urbot/install/mycobot_ros2/lib/python3.12/site-packages'
[1.767s] Level 1:colcon.colcon_core.environment:checking '/home/ubuntu/ros2_rviz_urbot/install/mycobot_ros2/bin'
[1.767s] INFO:colcon.colcon_core.shell:Creating package script '/home/ubuntu/ros2_rviz_urbot/install/mycobot_ros2/share/mycobot_ros2/package.ps1'
[1.767s] INFO:colcon.colcon_core.shell:Creating package descriptor '/home/ubuntu/ros2_rviz_urbot/install/mycobot_ros2/share/mycobot_ros2/package.dsv'
[1.768s] INFO:colcon.colcon_core.shell:Creating package script '/home/ubuntu/ros2_rviz_urbot/install/mycobot_ros2/share/mycobot_ros2/package.sh'
[1.768s] INFO:colcon.colcon_core.shell:Creating package script '/home/ubuntu/ros2_rviz_urbot/install/mycobot_ros2/share/mycobot_ros2/package.bash'
[1.769s] INFO:colcon.colcon_core.shell:Creating package script '/home/ubuntu/ros2_rviz_urbot/install/mycobot_ros2/share/mycobot_ros2/package.zsh'
[1.769s] Level 1:colcon.colcon_core.environment:create_file_with_runtime_dependencies(/home/ubuntu/ros2_rviz_urbot/install/mycobot_ros2/share/colcon-core/packages/mycobot_ros2)
[1.770s] DEBUG:colcon.colcon_parallel_executor.executor.parallel:closing loop
[1.770s] DEBUG:colcon.colcon_parallel_executor.executor.parallel:loop closed
[1.770s] DEBUG:colcon.colcon_parallel_executor.executor.parallel:run_until_complete finished with '0'
[1.770s] DEBUG:colcon.colcon_core.event_reactor:joining thread
[1.778s] INFO:colcon.colcon_core.plugin_system:Skipping extension 'colcon_notification.desktop_notification.terminal_notifier': Not used on non-Darwin systems
[1.778s] INFO:colcon.colcon_core.plugin_system:Skipping extension 'colcon_notification.desktop_notification.win32': Not used on non-Windows systems
[1.778s] INFO:colcon.colcon_notification.desktop_notification:Sending desktop notification using 'notify2'
[1.814s] DEBUG:colcon.colcon_core.event_reactor:joined thread
[1.815s] INFO:colcon.colcon_core.shell:Creating prefix script '/home/ubuntu/ros2_rviz_urbot/install/local_setup.ps1'
[1.816s] INFO:colcon.colcon_core.shell:Creating prefix util module '/home/ubuntu/ros2_rviz_urbot/install/_local_setup_util_ps1.py'
[1.820s] INFO:colcon.colcon_core.shell:Creating prefix chain script '/home/ubuntu/ros2_rviz_urbot/install/setup.ps1'
[1.828s] INFO:colcon.colcon_core.shell:Creating prefix script '/home/ubuntu/ros2_rviz_urbot/install/local_setup.sh'
[1.830s] INFO:colcon.colcon_core.shell:Creating prefix util module '/home/ubuntu/ros2_rviz_urbot/install/_local_setup_util_sh.py'
[1.831s] INFO:colcon.colcon_core.shell:Creating prefix chain script '/home/ubuntu/ros2_rviz_urbot/install/setup.sh'
[1.832s] INFO:colcon.colcon_core.shell:Creating prefix script '/home/ubuntu/ros2_rviz_urbot/install/local_setup.bash'
[1.832s] INFO:colcon.colcon_core.shell:Creating prefix chain script '/home/ubuntu/ros2_rviz_urbot/install/setup.bash'
[1.833s] INFO:colcon.colcon_core.shell:Creating prefix script '/home/ubuntu/ros2_rviz_urbot/install/local_setup.zsh'
[1.840s] INFO:colcon.colcon_core.shell:Creating prefix chain script '/home/ubuntu/ros2_rviz_urbot/install/setup.zsh'
