[0.042s] Invoking command in '/home/ubuntu/ros2_rviz_urbot/build/mycobot_gazebo': CMAKE_PREFIX_PATH=${CMAKE_PREFIX_PATH}:/opt/ros/jazzy DEBUGINFOD_URLS=https://debuginfod.ubuntu.com /usr/bin/cmake /home/ubuntu/ros2_rviz_urbot/src/mycobot_ros2/mycobot_gazebo -DAMENT_CMAKE_SYMLINK_INSTALL=1 -DCMAKE_INSTALL_PREFIX=/home/ubuntu/ros2_rviz_urbot/install/mycobot_gazebo
[0.065s] -- Found ament_cmake: 2.5.2 (/opt/ros/jazzy/share/ament_cmake/cmake)
[0.620s] -- Override CMake install command with custom implementation using symlinks instead of copying resources
[0.671s] -- Found controller_manager: 4.20.0 (/opt/ros/jazzy/share/controller_manager/cmake)
[0.722s] -- Found rosidl_generator_c: 4.6.4 (/opt/ros/jazzy/share/rosidl_generator_c/cmake)
[0.750s] -- Found rosidl_generator_cpp: 4.6.4 (/opt/ros/jazzy/share/rosidl_generator_cpp/cmake)
[0.769s] -- Using all available rosidl_typesupport_c: rosidl_typesupport_fastrtps_c;rosidl_typesupport_introspection_c
[0.809s] -- Using all available rosidl_typesupport_cpp: rosidl_typesupport_fastrtps_cpp;rosidl_typesupport_introspection_cpp
[1.273s] -- Found TinyXML2 via Config file: /usr/lib/x86_64-linux-gnu/cmake/tinyxml2
[1.323s] -- Found rmw_implementation_cmake: 7.3.1 (/opt/ros/jazzy/share/rmw_implementation_cmake/cmake)
[1.323s] -- Found rmw_fastrtps_cpp: 8.4.1 (/opt/ros/jazzy/share/rmw_fastrtps_cpp/cmake)
[1.367s] -- Found TinyXML2 via Config file: /usr/lib/x86_64-linux-gnu/cmake/tinyxml2
[1.457s] -- Found TinyXML2 via Config file: /usr/lib/x86_64-linux-gnu/cmake/tinyxml2
[1.500s] -- Found TinyXML2 via Config file: /usr/lib/x86_64-linux-gnu/cmake/tinyxml2
[1.532s] -- Found TinyXML2 via Config file: /usr/lib/x86_64-linux-gnu/cmake/tinyxml2
[1.685s] -- Using RMW implementation 'rmw_fastrtps_cpp' as default
[2.005s] -- Found gripper_controllers: 4.16.0 (/opt/ros/jazzy/share/gripper_controllers/cmake)
[2.030s] -- Found parameter_traits: 0.3.9 (/opt/ros/jazzy/share/parameter_traits/cmake)
[2.040s] -- Found gz_ros2_control: 1.2.8 (/opt/ros/jazzy/share/gz_ros2_control/cmake)
[2.056s] -- Found ros_gz: 1.0.7 (/opt/ros/jazzy/share/ros_gz/cmake)
[2.068s] -- Found ros_gz_bridge: 1.0.7 (/opt/ros/jazzy/share/ros_gz_bridge/cmake)
[2.141s] -- Looking for gz-msgs10 -- found version 10.3.1
[2.141s] -- Searching for dependencies of gz-msgs10
[2.186s] -- Looking for gz-utils2 -- found version 2.2.0
[2.186s] -- Searching for dependencies of gz-utils2
[2.197s] -- Looking for gz-math7 -- found version 7.5.1
[2.202s] -- Searching for dependencies of gz-math7
[2.202s] -- Looking for gz-utils2 -- found version 2.2.0
[2.223s] -- Checking for module 'tinyxml2'
[2.298s] --   Found tinyxml2, version 10.0.0
[2.511s] -- Looking for gz-transport13 -- found version 13.4.0
[2.511s] -- Searching for dependencies of gz-transport13
[2.561s] -- Config-file not installed for ZeroMQ -- checking for pkg-config
[2.566s] -- Checking for module 'libzmq >= 4'
[2.581s] --   Found libzmq, version 4.3.5
[2.630s] -- Checking for module 'uuid'
[2.645s] --   Found uuid, version 2.39.3
[2.681s] -- Looking for gz-utils2 -- found version 2.2.0
[2.681s] -- Searching for dependencies of gz-utils2
[2.681s] -- Searching for <gz-utils2> component [cli]
[2.681s] -- Looking for gz-utils2-cli -- found version 2.2.0
[2.682s] -- Searching for dependencies of gz-utils2-cli
[2.682s] -- Looking for gz-msgs10 -- found version 10.3.1
[2.784s] -- Found ros_gz_image: 1.0.7 (/opt/ros/jazzy/share/ros_gz_image/cmake)
[2.784s] -- Found ros_gz_sim: 1.0.7 (/opt/ros/jazzy/share/ros_gz_sim/cmake)
[2.785s] -- Found ros2_control: 4.20.0 (/opt/ros/jazzy/share/ros2_control/cmake)
[2.785s] -- Found ros2_controllers: 4.16.0 (/opt/ros/jazzy/share/ros2_controllers/cmake)
[2.786s] -- Found xacro: 2.0.11 (/opt/ros/jazzy/share/xacro/cmake)
[2.786s] -- Found ament_lint_auto: 0.17.1 (/opt/ros/jazzy/share/ament_lint_auto/cmake)
[2.865s] -- Added test 'flake8' to check Python code syntax and style conventions
[2.865s] -- Configured 'flake8' exclude dirs and/or files: 
[2.866s] -- Added test 'lint_cmake' to check CMake code style
[2.866s] -- Added test 'pep257' to check Python code against some of the docstring style conventions in PEP 257
[2.867s] -- Added test 'xmllint' to check XML markup files
[2.868s] -- Configuring done (2.8s)
[2.874s] -- Generating done (0.0s)
[2.878s] -- Build files have been written to: /home/ubuntu/ros2_rviz_urbot/build/mycobot_gazebo
[2.890s] Invoked command in '/home/ubuntu/ros2_rviz_urbot/build/mycobot_gazebo' returned '0': CMAKE_PREFIX_PATH=${CMAKE_PREFIX_PATH}:/opt/ros/jazzy DEBUGINFOD_URLS=https://debuginfod.ubuntu.com /usr/bin/cmake /home/ubuntu/ros2_rviz_urbot/src/mycobot_ros2/mycobot_gazebo -DAMENT_CMAKE_SYMLINK_INSTALL=1 -DCMAKE_INSTALL_PREFIX=/home/ubuntu/ros2_rviz_urbot/install/mycobot_gazebo
[2.890s] Invoking command in '/home/ubuntu/ros2_rviz_urbot/build/mycobot_gazebo': CMAKE_PREFIX_PATH=${CMAKE_PREFIX_PATH}:/opt/ros/jazzy DEBUGINFOD_URLS=https://debuginfod.ubuntu.com /usr/bin/cmake --build /home/ubuntu/ros2_rviz_urbot/build/mycobot_gazebo -- -j16 -l16
[2.928s] Invoked command in '/home/ubuntu/ros2_rviz_urbot/build/mycobot_gazebo' returned '0': CMAKE_PREFIX_PATH=${CMAKE_PREFIX_PATH}:/opt/ros/jazzy DEBUGINFOD_URLS=https://debuginfod.ubuntu.com /usr/bin/cmake --build /home/ubuntu/ros2_rviz_urbot/build/mycobot_gazebo -- -j16 -l16
[2.929s] Invoking command in '/home/ubuntu/ros2_rviz_urbot/build/mycobot_gazebo': CMAKE_PREFIX_PATH=${CMAKE_PREFIX_PATH}:/opt/ros/jazzy DEBUGINFOD_URLS=https://debuginfod.ubuntu.com /usr/bin/cmake --install /home/ubuntu/ros2_rviz_urbot/build/mycobot_gazebo
[2.945s] -- Install configuration: ""
[2.952s] -- Execute custom install script
[2.952s] -- Symlinking: /home/ubuntu/ros2_rviz_urbot/install/mycobot_gazebo/share/mycobot_gazebo/launch/mycobot.gazebo.launch.py
[2.959s] -- Symlinking: /home/ubuntu/ros2_rviz_urbot/install/mycobot_gazebo/share/mycobot_gazebo/worlds/empty.world
[2.968s] -- Symlinking: /home/ubuntu/ros2_rviz_urbot/install/mycobot_gazebo/share/mycobot_gazebo/worlds/pick_and_place_demo.world
[2.976s] -- Symlinking: /home/ubuntu/ros2_rviz_urbot/install/mycobot_gazebo/share/ament_index/resource_index/package_run_dependencies/mycobot_gazebo
[2.986s] -- Symlinking: /home/ubuntu/ros2_rviz_urbot/install/mycobot_gazebo/share/ament_index/resource_index/parent_prefix_path/mycobot_gazebo
[2.994s] -- Symlinking: /home/ubuntu/ros2_rviz_urbot/install/mycobot_gazebo/share/mycobot_gazebo/environment/ament_prefix_path.sh
[3.001s] -- Symlinking: /home/ubuntu/ros2_rviz_urbot/install/mycobot_gazebo/share/mycobot_gazebo/environment/ament_prefix_path.dsv
[3.008s] -- Symlinking: /home/ubuntu/ros2_rviz_urbot/install/mycobot_gazebo/share/mycobot_gazebo/environment/path.sh
[3.015s] -- Symlinking: /home/ubuntu/ros2_rviz_urbot/install/mycobot_gazebo/share/mycobot_gazebo/environment/path.dsv
[3.024s] -- Symlinking: /home/ubuntu/ros2_rviz_urbot/install/mycobot_gazebo/share/mycobot_gazebo/local_setup.bash
[3.031s] -- Symlinking: /home/ubuntu/ros2_rviz_urbot/install/mycobot_gazebo/share/mycobot_gazebo/local_setup.sh
[3.041s] -- Symlinking: /home/ubuntu/ros2_rviz_urbot/install/mycobot_gazebo/share/mycobot_gazebo/local_setup.zsh
[3.050s] -- Symlinking: /home/ubuntu/ros2_rviz_urbot/install/mycobot_gazebo/share/mycobot_gazebo/local_setup.dsv
[3.059s] -- Symlinking: /home/ubuntu/ros2_rviz_urbot/install/mycobot_gazebo/share/mycobot_gazebo/package.dsv
[3.068s] -- Symlinking: /home/ubuntu/ros2_rviz_urbot/install/mycobot_gazebo/share/ament_index/resource_index/packages/mycobot_gazebo
[3.077s] -- Symlinking: /home/ubuntu/ros2_rviz_urbot/install/mycobot_gazebo/share/mycobot_gazebo/cmake/mycobot_gazeboConfig.cmake
[3.084s] -- Symlinking: /home/ubuntu/ros2_rviz_urbot/install/mycobot_gazebo/share/mycobot_gazebo/cmake/mycobot_gazeboConfig-version.cmake
[3.091s] -- Symlinking: /home/ubuntu/ros2_rviz_urbot/install/mycobot_gazebo/share/mycobot_gazebo/package.xml
[3.100s] Invoked command in '/home/ubuntu/ros2_rviz_urbot/build/mycobot_gazebo' returned '0': CMAKE_PREFIX_PATH=${CMAKE_PREFIX_PATH}:/opt/ros/jazzy DEBUGINFOD_URLS=https://debuginfod.ubuntu.com /usr/bin/cmake --install /home/ubuntu/ros2_rviz_urbot/build/mycobot_gazebo
