[0.064s] DEBUG:colcon:Command line arguments: ['/usr/bin/colcon', 'build']
[0.064s] DEBUG:colcon:Parsed command line arguments: Namespace(log_base=None, log_level=None, verb_name='build', build_base='build', install_base='install', merge_install=False, symlink_install=False, test_result_base=None, continue_on_error=False, executor='parallel', parallel_workers=16, event_handlers=None, ignore_user_meta=False, metas=['./colcon.meta'], base_paths=['.'], packages_ignore=None, packages_ignore_regex=None, paths=None, packages_up_to=None, packages_up_to_regex=None, packages_above=None, packages_above_and_dependencies=None, packages_above_depth=None, packages_select_by_dep=None, packages_skip_by_dep=None, packages_skip_up_to=None, packages_select_build_failed=False, packages_skip_build_finished=False, packages_select_test_failures=False, packages_skip_test_passed=False, packages_select=None, packages_skip=None, packages_select_regex=None, packages_skip_regex=None, packages_start=None, packages_end=None, allow_overriding=[], cmake_args=None, cmake_target=None, cmake_target_skip_unavailable=False, cmake_clean_cache=False, cmake_clean_first=False, cmake_force_configure=False, ament_cmake_args=None, catkin_cmake_args=None, catkin_skip_building_tests=False, mixin_files=None, mixin=None, verb_parser=<colcon_mixin.mixin.mixin_argument.MixinArgumentDecorator object at 0x7f32a266bf80>, verb_extension=<colcon_core.verb.build.BuildVerb object at 0x7f32a266bbf0>, main=<bound method BuildVerb.main of <colcon_core.verb.build.BuildVerb object at 0x7f32a266bbf0>>, mixin_verb=('build',))
[0.089s] Level 1:colcon.colcon_core.package_discovery:discover_packages(colcon_meta) check parameters
[0.089s] Level 1:colcon.colcon_core.package_discovery:discover_packages(recursive) check parameters
[0.089s] Level 1:colcon.colcon_core.package_discovery:discover_packages(ignore) check parameters
[0.089s] Level 1:colcon.colcon_core.package_discovery:discover_packages(path) check parameters
[0.090s] Level 1:colcon.colcon_core.package_discovery:discover_packages(colcon_meta) discover
[0.091s] Level 1:colcon.colcon_core.package_discovery:discover_packages(recursive) discover
[0.091s] INFO:colcon.colcon_core.package_discovery:Crawling recursively for packages in '/home/ubuntu/ros2_rviz_urbot'
[0.091s] Level 1:colcon.colcon_core.package_identification:_identify(.) by extensions ['ignore', 'ignore_ament_install']
[0.091s] Level 1:colcon.colcon_core.package_identification:_identify(.) by extension 'ignore'
[0.091s] Level 1:colcon.colcon_core.package_identification:_identify(.) by extension 'ignore_ament_install'
[0.091s] Level 1:colcon.colcon_core.package_identification:_identify(.) by extensions ['colcon_pkg']
[0.091s] Level 1:colcon.colcon_core.package_identification:_identify(.) by extension 'colcon_pkg'
[0.091s] Level 1:colcon.colcon_core.package_identification:_identify(.) by extensions ['colcon_meta']
[0.091s] Level 1:colcon.colcon_core.package_identification:_identify(.) by extension 'colcon_meta'
[0.091s] Level 1:colcon.colcon_core.package_identification:_identify(.) by extensions ['ros']
[0.091s] Level 1:colcon.colcon_core.package_identification:_identify(.) by extension 'ros'
[0.107s] Level 1:colcon.colcon_core.package_identification:_identify(.) by extensions ['cmake', 'python']
[0.107s] Level 1:colcon.colcon_core.package_identification:_identify(.) by extension 'cmake'
[0.107s] Level 1:colcon.colcon_core.package_identification:_identify(.) by extension 'python'
[0.107s] Level 1:colcon.colcon_core.package_identification:_identify(.) by extensions ['python_setup_py']
[0.107s] Level 1:colcon.colcon_core.package_identification:_identify(.) by extension 'python_setup_py'
[0.108s] Level 1:colcon.colcon_core.package_identification:_identify(build) by extensions ['ignore', 'ignore_ament_install']
[0.108s] Level 1:colcon.colcon_core.package_identification:_identify(build) by extension 'ignore'
[0.108s] Level 1:colcon.colcon_core.package_identification:_identify(build) ignored
[0.108s] Level 1:colcon.colcon_core.package_identification:_identify(install) by extensions ['ignore', 'ignore_ament_install']
[0.108s] Level 1:colcon.colcon_core.package_identification:_identify(install) by extension 'ignore'
[0.109s] Level 1:colcon.colcon_core.package_identification:_identify(install) ignored
[0.109s] Level 1:colcon.colcon_core.package_identification:_identify(log) by extensions ['ignore', 'ignore_ament_install']
[0.109s] Level 1:colcon.colcon_core.package_identification:_identify(log) by extension 'ignore'
[0.109s] Level 1:colcon.colcon_core.package_identification:_identify(log) ignored
[0.109s] Level 1:colcon.colcon_core.package_identification:_identify(src) by extensions ['ignore', 'ignore_ament_install']
[0.109s] Level 1:colcon.colcon_core.package_identification:_identify(src) by extension 'ignore'
[0.109s] Level 1:colcon.colcon_core.package_identification:_identify(src) by extension 'ignore_ament_install'
[0.109s] Level 1:colcon.colcon_core.package_identification:_identify(src) by extensions ['colcon_pkg']
[0.109s] Level 1:colcon.colcon_core.package_identification:_identify(src) by extension 'colcon_pkg'
[0.109s] Level 1:colcon.colcon_core.package_identification:_identify(src) by extensions ['colcon_meta']
[0.109s] Level 1:colcon.colcon_core.package_identification:_identify(src) by extension 'colcon_meta'
[0.109s] Level 1:colcon.colcon_core.package_identification:_identify(src) by extensions ['ros']
[0.109s] Level 1:colcon.colcon_core.package_identification:_identify(src) by extension 'ros'
[0.109s] Level 1:colcon.colcon_core.package_identification:_identify(src) by extensions ['cmake', 'python']
[0.109s] Level 1:colcon.colcon_core.package_identification:_identify(src) by extension 'cmake'
[0.109s] Level 1:colcon.colcon_core.package_identification:_identify(src) by extension 'python'
[0.110s] Level 1:colcon.colcon_core.package_identification:_identify(src) by extensions ['python_setup_py']
[0.110s] Level 1:colcon.colcon_core.package_identification:_identify(src) by extension 'python_setup_py'
[0.110s] Level 1:colcon.colcon_core.package_identification:_identify(src/mycobot_ros2) by extensions ['ignore', 'ignore_ament_install']
[0.110s] Level 1:colcon.colcon_core.package_identification:_identify(src/mycobot_ros2) by extension 'ignore'
[0.110s] Level 1:colcon.colcon_core.package_identification:_identify(src/mycobot_ros2) by extension 'ignore_ament_install'
[0.110s] Level 1:colcon.colcon_core.package_identification:_identify(src/mycobot_ros2) by extensions ['colcon_pkg']
[0.110s] Level 1:colcon.colcon_core.package_identification:_identify(src/mycobot_ros2) by extension 'colcon_pkg'
[0.110s] Level 1:colcon.colcon_core.package_identification:_identify(src/mycobot_ros2) by extensions ['colcon_meta']
[0.110s] Level 1:colcon.colcon_core.package_identification:_identify(src/mycobot_ros2) by extension 'colcon_meta'
[0.110s] Level 1:colcon.colcon_core.package_identification:_identify(src/mycobot_ros2) by extensions ['ros']
[0.110s] Level 1:colcon.colcon_core.package_identification:_identify(src/mycobot_ros2) by extension 'ros'
[0.110s] Level 1:colcon.colcon_core.package_identification:_identify(src/mycobot_ros2) by extensions ['cmake', 'python']
[0.110s] Level 1:colcon.colcon_core.package_identification:_identify(src/mycobot_ros2) by extension 'cmake'
[0.110s] Level 1:colcon.colcon_core.package_identification:_identify(src/mycobot_ros2) by extension 'python'
[0.110s] Level 1:colcon.colcon_core.package_identification:_identify(src/mycobot_ros2) by extensions ['python_setup_py']
[0.110s] Level 1:colcon.colcon_core.package_identification:_identify(src/mycobot_ros2) by extension 'python_setup_py'
[0.110s] Level 1:colcon.colcon_core.package_identification:_identify(src/mycobot_ros2/mycobot_bringup) by extensions ['ignore', 'ignore_ament_install']
[0.110s] Level 1:colcon.colcon_core.package_identification:_identify(src/mycobot_ros2/mycobot_bringup) by extension 'ignore'
[0.110s] Level 1:colcon.colcon_core.package_identification:_identify(src/mycobot_ros2/mycobot_bringup) by extension 'ignore_ament_install'
[0.110s] Level 1:colcon.colcon_core.package_identification:_identify(src/mycobot_ros2/mycobot_bringup) by extensions ['colcon_pkg']
[0.110s] Level 1:colcon.colcon_core.package_identification:_identify(src/mycobot_ros2/mycobot_bringup) by extension 'colcon_pkg'
[0.110s] Level 1:colcon.colcon_core.package_identification:_identify(src/mycobot_ros2/mycobot_bringup) by extensions ['colcon_meta']
[0.110s] Level 1:colcon.colcon_core.package_identification:_identify(src/mycobot_ros2/mycobot_bringup) by extension 'colcon_meta'
[0.110s] Level 1:colcon.colcon_core.package_identification:_identify(src/mycobot_ros2/mycobot_bringup) by extensions ['ros']
[0.110s] Level 1:colcon.colcon_core.package_identification:_identify(src/mycobot_ros2/mycobot_bringup) by extension 'ros'
[0.112s] DEBUG:colcon.colcon_core.package_identification:Package 'src/mycobot_ros2/mycobot_bringup' with type 'ros.ament_cmake' and name 'mycobot_bringup'
[0.112s] Level 1:colcon.colcon_core.package_identification:_identify(src/mycobot_ros2/mycobot_description) by extensions ['ignore', 'ignore_ament_install']
[0.112s] Level 1:colcon.colcon_core.package_identification:_identify(src/mycobot_ros2/mycobot_description) by extension 'ignore'
[0.112s] Level 1:colcon.colcon_core.package_identification:_identify(src/mycobot_ros2/mycobot_description) by extension 'ignore_ament_install'
[0.112s] Level 1:colcon.colcon_core.package_identification:_identify(src/mycobot_ros2/mycobot_description) by extensions ['colcon_pkg']
[0.112s] Level 1:colcon.colcon_core.package_identification:_identify(src/mycobot_ros2/mycobot_description) by extension 'colcon_pkg'
[0.112s] Level 1:colcon.colcon_core.package_identification:_identify(src/mycobot_ros2/mycobot_description) by extensions ['colcon_meta']
[0.112s] Level 1:colcon.colcon_core.package_identification:_identify(src/mycobot_ros2/mycobot_description) by extension 'colcon_meta'
[0.112s] Level 1:colcon.colcon_core.package_identification:_identify(src/mycobot_ros2/mycobot_description) by extensions ['ros']
[0.112s] Level 1:colcon.colcon_core.package_identification:_identify(src/mycobot_ros2/mycobot_description) by extension 'ros'
[0.112s] DEBUG:colcon.colcon_core.package_identification:Package 'src/mycobot_ros2/mycobot_description' with type 'ros.ament_cmake' and name 'mycobot_description'
[0.112s] Level 1:colcon.colcon_core.package_identification:_identify(src/mycobot_ros2/mycobot_gazebo) by extensions ['ignore', 'ignore_ament_install']
[0.112s] Level 1:colcon.colcon_core.package_identification:_identify(src/mycobot_ros2/mycobot_gazebo) by extension 'ignore'
[0.112s] Level 1:colcon.colcon_core.package_identification:_identify(src/mycobot_ros2/mycobot_gazebo) by extension 'ignore_ament_install'
[0.113s] Level 1:colcon.colcon_core.package_identification:_identify(src/mycobot_ros2/mycobot_gazebo) by extensions ['colcon_pkg']
[0.113s] Level 1:colcon.colcon_core.package_identification:_identify(src/mycobot_ros2/mycobot_gazebo) by extension 'colcon_pkg'
[0.113s] Level 1:colcon.colcon_core.package_identification:_identify(src/mycobot_ros2/mycobot_gazebo) by extensions ['colcon_meta']
[0.113s] Level 1:colcon.colcon_core.package_identification:_identify(src/mycobot_ros2/mycobot_gazebo) by extension 'colcon_meta'
[0.113s] Level 1:colcon.colcon_core.package_identification:_identify(src/mycobot_ros2/mycobot_gazebo) by extensions ['ros']
[0.113s] Level 1:colcon.colcon_core.package_identification:_identify(src/mycobot_ros2/mycobot_gazebo) by extension 'ros'
[0.113s] DEBUG:colcon.colcon_core.package_identification:Package 'src/mycobot_ros2/mycobot_gazebo' with type 'ros.ament_cmake' and name 'mycobot_gazebo'
[0.113s] Level 1:colcon.colcon_core.package_identification:_identify(src/mycobot_ros2/mycobot_moveit_config) by extensions ['ignore', 'ignore_ament_install']
[0.113s] Level 1:colcon.colcon_core.package_identification:_identify(src/mycobot_ros2/mycobot_moveit_config) by extension 'ignore'
[0.113s] Level 1:colcon.colcon_core.package_identification:_identify(src/mycobot_ros2/mycobot_moveit_config) by extension 'ignore_ament_install'
[0.114s] Level 1:colcon.colcon_core.package_identification:_identify(src/mycobot_ros2/mycobot_moveit_config) by extensions ['colcon_pkg']
[0.114s] Level 1:colcon.colcon_core.package_identification:_identify(src/mycobot_ros2/mycobot_moveit_config) by extension 'colcon_pkg'
[0.114s] Level 1:colcon.colcon_core.package_identification:_identify(src/mycobot_ros2/mycobot_moveit_config) by extensions ['colcon_meta']
[0.114s] Level 1:colcon.colcon_core.package_identification:_identify(src/mycobot_ros2/mycobot_moveit_config) by extension 'colcon_meta'
[0.114s] Level 1:colcon.colcon_core.package_identification:_identify(src/mycobot_ros2/mycobot_moveit_config) by extensions ['ros']
[0.114s] Level 1:colcon.colcon_core.package_identification:_identify(src/mycobot_ros2/mycobot_moveit_config) by extension 'ros'
[0.114s] DEBUG:colcon.colcon_core.package_identification:Package 'src/mycobot_ros2/mycobot_moveit_config' with type 'ros.ament_cmake' and name 'mycobot_moveit_config'
[0.114s] Level 1:colcon.colcon_core.package_identification:_identify(src/mycobot_ros2/mycobot_ros2) by extensions ['ignore', 'ignore_ament_install']
[0.114s] Level 1:colcon.colcon_core.package_identification:_identify(src/mycobot_ros2/mycobot_ros2) by extension 'ignore'
[0.114s] Level 1:colcon.colcon_core.package_identification:_identify(src/mycobot_ros2/mycobot_ros2) by extension 'ignore_ament_install'
[0.114s] Level 1:colcon.colcon_core.package_identification:_identify(src/mycobot_ros2/mycobot_ros2) by extensions ['colcon_pkg']
[0.114s] Level 1:colcon.colcon_core.package_identification:_identify(src/mycobot_ros2/mycobot_ros2) by extension 'colcon_pkg'
[0.114s] Level 1:colcon.colcon_core.package_identification:_identify(src/mycobot_ros2/mycobot_ros2) by extensions ['colcon_meta']
[0.114s] Level 1:colcon.colcon_core.package_identification:_identify(src/mycobot_ros2/mycobot_ros2) by extension 'colcon_meta'
[0.114s] Level 1:colcon.colcon_core.package_identification:_identify(src/mycobot_ros2/mycobot_ros2) by extensions ['ros']
[0.114s] Level 1:colcon.colcon_core.package_identification:_identify(src/mycobot_ros2/mycobot_ros2) by extension 'ros'
[0.115s] DEBUG:colcon.colcon_core.package_identification:Package 'src/mycobot_ros2/mycobot_ros2' with type 'ros.ament_cmake' and name 'mycobot_ros2'
[0.115s] Level 1:colcon.colcon_core.package_identification:_identify(src/mycobot_ros2/mycobot_system_tests) by extensions ['ignore', 'ignore_ament_install']
[0.115s] Level 1:colcon.colcon_core.package_identification:_identify(src/mycobot_ros2/mycobot_system_tests) by extension 'ignore'
[0.115s] Level 1:colcon.colcon_core.package_identification:_identify(src/mycobot_ros2/mycobot_system_tests) by extension 'ignore_ament_install'
[0.115s] Level 1:colcon.colcon_core.package_identification:_identify(src/mycobot_ros2/mycobot_system_tests) by extensions ['colcon_pkg']
[0.115s] Level 1:colcon.colcon_core.package_identification:_identify(src/mycobot_ros2/mycobot_system_tests) by extension 'colcon_pkg'
[0.115s] Level 1:colcon.colcon_core.package_identification:_identify(src/mycobot_ros2/mycobot_system_tests) by extensions ['colcon_meta']
[0.115s] Level 1:colcon.colcon_core.package_identification:_identify(src/mycobot_ros2/mycobot_system_tests) by extension 'colcon_meta'
[0.115s] Level 1:colcon.colcon_core.package_identification:_identify(src/mycobot_ros2/mycobot_system_tests) by extensions ['ros']
[0.115s] Level 1:colcon.colcon_core.package_identification:_identify(src/mycobot_ros2/mycobot_system_tests) by extension 'ros'
[0.115s] DEBUG:colcon.colcon_core.package_identification:Package 'src/mycobot_ros2/mycobot_system_tests' with type 'ros.ament_cmake' and name 'mycobot_system_tests'
[0.115s] Level 1:colcon.colcon_core.package_discovery:discover_packages(recursive) using defaults
[0.115s] Level 1:colcon.colcon_core.package_discovery:discover_packages(ignore) discover
[0.115s] Level 1:colcon.colcon_core.package_discovery:discover_packages(ignore) using defaults
[0.115s] Level 1:colcon.colcon_core.package_discovery:discover_packages(path) discover
[0.115s] Level 1:colcon.colcon_core.package_discovery:discover_packages(path) using defaults
[0.125s] Level 1:colcon.colcon_core.package_discovery:discover_packages(prefix_path) check parameters
[0.125s] Level 1:colcon.colcon_core.package_discovery:discover_packages(prefix_path) discover
[0.127s] DEBUG:colcon.colcon_installed_package_information.package_discovery:Found 6 installed packages in /home/ubuntu/ros2_rviz_urbot/install
[0.128s] DEBUG:colcon.colcon_installed_package_information.package_discovery:Found 417 installed packages in /opt/ros/jazzy
[0.129s] Level 1:colcon.colcon_core.package_discovery:discover_packages(prefix_path) using defaults
[0.159s] Level 5:colcon.colcon_core.verb:set package 'mycobot_bringup' build argument 'cmake_args' from command line to 'None'
[0.160s] Level 5:colcon.colcon_core.verb:set package 'mycobot_bringup' build argument 'cmake_target' from command line to 'None'
[0.160s] Level 5:colcon.colcon_core.verb:set package 'mycobot_bringup' build argument 'cmake_target_skip_unavailable' from command line to 'False'
[0.160s] Level 5:colcon.colcon_core.verb:set package 'mycobot_bringup' build argument 'cmake_clean_cache' from command line to 'False'
[0.160s] Level 5:colcon.colcon_core.verb:set package 'mycobot_bringup' build argument 'cmake_clean_first' from command line to 'False'
[0.160s] Level 5:colcon.colcon_core.verb:set package 'mycobot_bringup' build argument 'cmake_force_configure' from command line to 'False'
[0.160s] Level 5:colcon.colcon_core.verb:set package 'mycobot_bringup' build argument 'ament_cmake_args' from command line to 'None'
[0.160s] Level 5:colcon.colcon_core.verb:set package 'mycobot_bringup' build argument 'catkin_cmake_args' from command line to 'None'
[0.160s] Level 5:colcon.colcon_core.verb:set package 'mycobot_bringup' build argument 'catkin_skip_building_tests' from command line to 'False'
[0.160s] DEBUG:colcon.colcon_core.verb:Building package 'mycobot_bringup' with the following arguments: {'ament_cmake_args': None, 'build_base': '/home/ubuntu/ros2_rviz_urbot/build/mycobot_bringup', 'catkin_cmake_args': None, 'catkin_skip_building_tests': False, 'cmake_args': None, 'cmake_clean_cache': False, 'cmake_clean_first': False, 'cmake_force_configure': False, 'cmake_target': None, 'cmake_target_skip_unavailable': False, 'install_base': '/home/ubuntu/ros2_rviz_urbot/install/mycobot_bringup', 'merge_install': False, 'path': '/home/ubuntu/ros2_rviz_urbot/src/mycobot_ros2/mycobot_bringup', 'symlink_install': False, 'test_result_base': None}
[0.160s] Level 5:colcon.colcon_core.verb:set package 'mycobot_description' build argument 'cmake_args' from command line to 'None'
[0.160s] Level 5:colcon.colcon_core.verb:set package 'mycobot_description' build argument 'cmake_target' from command line to 'None'
[0.160s] Level 5:colcon.colcon_core.verb:set package 'mycobot_description' build argument 'cmake_target_skip_unavailable' from command line to 'False'
[0.160s] Level 5:colcon.colcon_core.verb:set package 'mycobot_description' build argument 'cmake_clean_cache' from command line to 'False'
[0.160s] Level 5:colcon.colcon_core.verb:set package 'mycobot_description' build argument 'cmake_clean_first' from command line to 'False'
[0.160s] Level 5:colcon.colcon_core.verb:set package 'mycobot_description' build argument 'cmake_force_configure' from command line to 'False'
[0.160s] Level 5:colcon.colcon_core.verb:set package 'mycobot_description' build argument 'ament_cmake_args' from command line to 'None'
[0.160s] Level 5:colcon.colcon_core.verb:set package 'mycobot_description' build argument 'catkin_cmake_args' from command line to 'None'
[0.160s] Level 5:colcon.colcon_core.verb:set package 'mycobot_description' build argument 'catkin_skip_building_tests' from command line to 'False'
[0.160s] DEBUG:colcon.colcon_core.verb:Building package 'mycobot_description' with the following arguments: {'ament_cmake_args': None, 'build_base': '/home/ubuntu/ros2_rviz_urbot/build/mycobot_description', 'catkin_cmake_args': None, 'catkin_skip_building_tests': False, 'cmake_args': None, 'cmake_clean_cache': False, 'cmake_clean_first': False, 'cmake_force_configure': False, 'cmake_target': None, 'cmake_target_skip_unavailable': False, 'install_base': '/home/ubuntu/ros2_rviz_urbot/install/mycobot_description', 'merge_install': False, 'path': '/home/ubuntu/ros2_rviz_urbot/src/mycobot_ros2/mycobot_description', 'symlink_install': False, 'test_result_base': None}
[0.160s] Level 5:colcon.colcon_core.verb:set package 'mycobot_gazebo' build argument 'cmake_args' from command line to 'None'
[0.160s] Level 5:colcon.colcon_core.verb:set package 'mycobot_gazebo' build argument 'cmake_target' from command line to 'None'
[0.160s] Level 5:colcon.colcon_core.verb:set package 'mycobot_gazebo' build argument 'cmake_target_skip_unavailable' from command line to 'False'
[0.160s] Level 5:colcon.colcon_core.verb:set package 'mycobot_gazebo' build argument 'cmake_clean_cache' from command line to 'False'
[0.160s] Level 5:colcon.colcon_core.verb:set package 'mycobot_gazebo' build argument 'cmake_clean_first' from command line to 'False'
[0.160s] Level 5:colcon.colcon_core.verb:set package 'mycobot_gazebo' build argument 'cmake_force_configure' from command line to 'False'
[0.160s] Level 5:colcon.colcon_core.verb:set package 'mycobot_gazebo' build argument 'ament_cmake_args' from command line to 'None'
[0.160s] Level 5:colcon.colcon_core.verb:set package 'mycobot_gazebo' build argument 'catkin_cmake_args' from command line to 'None'
[0.160s] Level 5:colcon.colcon_core.verb:set package 'mycobot_gazebo' build argument 'catkin_skip_building_tests' from command line to 'False'
[0.160s] DEBUG:colcon.colcon_core.verb:Building package 'mycobot_gazebo' with the following arguments: {'ament_cmake_args': None, 'build_base': '/home/ubuntu/ros2_rviz_urbot/build/mycobot_gazebo', 'catkin_cmake_args': None, 'catkin_skip_building_tests': False, 'cmake_args': None, 'cmake_clean_cache': False, 'cmake_clean_first': False, 'cmake_force_configure': False, 'cmake_target': None, 'cmake_target_skip_unavailable': False, 'install_base': '/home/ubuntu/ros2_rviz_urbot/install/mycobot_gazebo', 'merge_install': False, 'path': '/home/ubuntu/ros2_rviz_urbot/src/mycobot_ros2/mycobot_gazebo', 'symlink_install': False, 'test_result_base': None}
[0.160s] Level 5:colcon.colcon_core.verb:set package 'mycobot_moveit_config' build argument 'cmake_args' from command line to 'None'
[0.161s] Level 5:colcon.colcon_core.verb:set package 'mycobot_moveit_config' build argument 'cmake_target' from command line to 'None'
[0.161s] Level 5:colcon.colcon_core.verb:set package 'mycobot_moveit_config' build argument 'cmake_target_skip_unavailable' from command line to 'False'
[0.161s] Level 5:colcon.colcon_core.verb:set package 'mycobot_moveit_config' build argument 'cmake_clean_cache' from command line to 'False'
[0.161s] Level 5:colcon.colcon_core.verb:set package 'mycobot_moveit_config' build argument 'cmake_clean_first' from command line to 'False'
[0.161s] Level 5:colcon.colcon_core.verb:set package 'mycobot_moveit_config' build argument 'cmake_force_configure' from command line to 'False'
[0.161s] Level 5:colcon.colcon_core.verb:set package 'mycobot_moveit_config' build argument 'ament_cmake_args' from command line to 'None'
[0.161s] Level 5:colcon.colcon_core.verb:set package 'mycobot_moveit_config' build argument 'catkin_cmake_args' from command line to 'None'
[0.161s] Level 5:colcon.colcon_core.verb:set package 'mycobot_moveit_config' build argument 'catkin_skip_building_tests' from command line to 'False'
[0.161s] DEBUG:colcon.colcon_core.verb:Building package 'mycobot_moveit_config' with the following arguments: {'ament_cmake_args': None, 'build_base': '/home/ubuntu/ros2_rviz_urbot/build/mycobot_moveit_config', 'catkin_cmake_args': None, 'catkin_skip_building_tests': False, 'cmake_args': None, 'cmake_clean_cache': False, 'cmake_clean_first': False, 'cmake_force_configure': False, 'cmake_target': None, 'cmake_target_skip_unavailable': False, 'install_base': '/home/ubuntu/ros2_rviz_urbot/install/mycobot_moveit_config', 'merge_install': False, 'path': '/home/ubuntu/ros2_rviz_urbot/src/mycobot_ros2/mycobot_moveit_config', 'symlink_install': False, 'test_result_base': None}
[0.161s] Level 5:colcon.colcon_core.verb:set package 'mycobot_system_tests' build argument 'cmake_args' from command line to 'None'
[0.161s] Level 5:colcon.colcon_core.verb:set package 'mycobot_system_tests' build argument 'cmake_target' from command line to 'None'
[0.161s] Level 5:colcon.colcon_core.verb:set package 'mycobot_system_tests' build argument 'cmake_target_skip_unavailable' from command line to 'False'
[0.161s] Level 5:colcon.colcon_core.verb:set package 'mycobot_system_tests' build argument 'cmake_clean_cache' from command line to 'False'
[0.161s] Level 5:colcon.colcon_core.verb:set package 'mycobot_system_tests' build argument 'cmake_clean_first' from command line to 'False'
[0.161s] Level 5:colcon.colcon_core.verb:set package 'mycobot_system_tests' build argument 'cmake_force_configure' from command line to 'False'
[0.161s] Level 5:colcon.colcon_core.verb:set package 'mycobot_system_tests' build argument 'ament_cmake_args' from command line to 'None'
[0.161s] Level 5:colcon.colcon_core.verb:set package 'mycobot_system_tests' build argument 'catkin_cmake_args' from command line to 'None'
[0.161s] Level 5:colcon.colcon_core.verb:set package 'mycobot_system_tests' build argument 'catkin_skip_building_tests' from command line to 'False'
[0.161s] DEBUG:colcon.colcon_core.verb:Building package 'mycobot_system_tests' with the following arguments: {'ament_cmake_args': None, 'build_base': '/home/ubuntu/ros2_rviz_urbot/build/mycobot_system_tests', 'catkin_cmake_args': None, 'catkin_skip_building_tests': False, 'cmake_args': None, 'cmake_clean_cache': False, 'cmake_clean_first': False, 'cmake_force_configure': False, 'cmake_target': None, 'cmake_target_skip_unavailable': False, 'install_base': '/home/ubuntu/ros2_rviz_urbot/install/mycobot_system_tests', 'merge_install': False, 'path': '/home/ubuntu/ros2_rviz_urbot/src/mycobot_ros2/mycobot_system_tests', 'symlink_install': False, 'test_result_base': None}
[0.161s] Level 5:colcon.colcon_core.verb:set package 'mycobot_ros2' build argument 'cmake_args' from command line to 'None'
[0.161s] Level 5:colcon.colcon_core.verb:set package 'mycobot_ros2' build argument 'cmake_target' from command line to 'None'
[0.161s] Level 5:colcon.colcon_core.verb:set package 'mycobot_ros2' build argument 'cmake_target_skip_unavailable' from command line to 'False'
[0.161s] Level 5:colcon.colcon_core.verb:set package 'mycobot_ros2' build argument 'cmake_clean_cache' from command line to 'False'
[0.161s] Level 5:colcon.colcon_core.verb:set package 'mycobot_ros2' build argument 'cmake_clean_first' from command line to 'False'
[0.161s] Level 5:colcon.colcon_core.verb:set package 'mycobot_ros2' build argument 'cmake_force_configure' from command line to 'False'
[0.161s] Level 5:colcon.colcon_core.verb:set package 'mycobot_ros2' build argument 'ament_cmake_args' from command line to 'None'
[0.161s] Level 5:colcon.colcon_core.verb:set package 'mycobot_ros2' build argument 'catkin_cmake_args' from command line to 'None'
[0.161s] Level 5:colcon.colcon_core.verb:set package 'mycobot_ros2' build argument 'catkin_skip_building_tests' from command line to 'False'
[0.161s] DEBUG:colcon.colcon_core.verb:Building package 'mycobot_ros2' with the following arguments: {'ament_cmake_args': None, 'build_base': '/home/ubuntu/ros2_rviz_urbot/build/mycobot_ros2', 'catkin_cmake_args': None, 'catkin_skip_building_tests': False, 'cmake_args': None, 'cmake_clean_cache': False, 'cmake_clean_first': False, 'cmake_force_configure': False, 'cmake_target': None, 'cmake_target_skip_unavailable': False, 'install_base': '/home/ubuntu/ros2_rviz_urbot/install/mycobot_ros2', 'merge_install': False, 'path': '/home/ubuntu/ros2_rviz_urbot/src/mycobot_ros2/mycobot_ros2', 'symlink_install': False, 'test_result_base': None}
[0.161s] INFO:colcon.colcon_core.executor:Executing jobs using 'parallel' executor
[0.163s] DEBUG:colcon.colcon_parallel_executor.executor.parallel:run_until_complete
[0.163s] INFO:colcon.colcon_ros.task.ament_cmake.build:Building ROS package in '/home/ubuntu/ros2_rviz_urbot/src/mycobot_ros2/mycobot_bringup' with build type 'ament_cmake'
[0.163s] INFO:colcon.colcon_cmake.task.cmake.build:Building CMake package in '/home/ubuntu/ros2_rviz_urbot/src/mycobot_ros2/mycobot_bringup'
[0.164s] INFO:colcon.colcon_core.plugin_system:Skipping extension 'colcon_core.shell.bat': Not used on non-Windows systems
[0.164s] INFO:colcon.colcon_core.shell:Skip shell extension 'powershell' for command environment: Not usable outside of PowerShell
[0.164s] DEBUG:colcon.colcon_core.shell:Skip shell extension 'dsv' for command environment
[0.167s] INFO:colcon.colcon_ros.task.ament_cmake.build:Building ROS package in '/home/ubuntu/ros2_rviz_urbot/src/mycobot_ros2/mycobot_description' with build type 'ament_cmake'
[0.167s] INFO:colcon.colcon_cmake.task.cmake.build:Building CMake package in '/home/ubuntu/ros2_rviz_urbot/src/mycobot_ros2/mycobot_description'
[0.167s] INFO:colcon.colcon_core.shell:Skip shell extension 'powershell' for command environment: Not usable outside of PowerShell
[0.167s] DEBUG:colcon.colcon_core.shell:Skip shell extension 'dsv' for command environment
[0.170s] INFO:colcon.colcon_ros.task.ament_cmake.build:Building ROS package in '/home/ubuntu/ros2_rviz_urbot/src/mycobot_ros2/mycobot_gazebo' with build type 'ament_cmake'
[0.171s] INFO:colcon.colcon_cmake.task.cmake.build:Building CMake package in '/home/ubuntu/ros2_rviz_urbot/src/mycobot_ros2/mycobot_gazebo'
[0.171s] INFO:colcon.colcon_core.shell:Skip shell extension 'powershell' for command environment: Not usable outside of PowerShell
[0.171s] DEBUG:colcon.colcon_core.shell:Skip shell extension 'dsv' for command environment
[0.174s] INFO:colcon.colcon_ros.task.ament_cmake.build:Building ROS package in '/home/ubuntu/ros2_rviz_urbot/src/mycobot_ros2/mycobot_moveit_config' with build type 'ament_cmake'
[0.174s] INFO:colcon.colcon_cmake.task.cmake.build:Building CMake package in '/home/ubuntu/ros2_rviz_urbot/src/mycobot_ros2/mycobot_moveit_config'
[0.174s] INFO:colcon.colcon_core.shell:Skip shell extension 'powershell' for command environment: Not usable outside of PowerShell
[0.174s] DEBUG:colcon.colcon_core.shell:Skip shell extension 'dsv' for command environment
[0.182s] INFO:colcon.colcon_ros.task.ament_cmake.build:Building ROS package in '/home/ubuntu/ros2_rviz_urbot/src/mycobot_ros2/mycobot_system_tests' with build type 'ament_cmake'
[0.182s] INFO:colcon.colcon_cmake.task.cmake.build:Building CMake package in '/home/ubuntu/ros2_rviz_urbot/src/mycobot_ros2/mycobot_system_tests'
[0.182s] INFO:colcon.colcon_core.shell:Skip shell extension 'powershell' for command environment: Not usable outside of PowerShell
[0.182s] DEBUG:colcon.colcon_core.shell:Skip shell extension 'dsv' for command environment
[0.224s] DEBUG:colcon.colcon_core.event_handler.log_command:Invoking command in '/home/ubuntu/ros2_rviz_urbot/build/mycobot_bringup': CMAKE_PREFIX_PATH=${CMAKE_PREFIX_PATH}:/opt/ros/jazzy DEBUGINFOD_URLS=https://debuginfod.ubuntu.com /usr/bin/cmake --build /home/ubuntu/ros2_rviz_urbot/build/mycobot_bringup -- -j16 -l16
[0.230s] DEBUG:colcon.colcon_core.event_handler.log_command:Invoking command in '/home/ubuntu/ros2_rviz_urbot/build/mycobot_description': CMAKE_PREFIX_PATH=${CMAKE_PREFIX_PATH}:/opt/ros/jazzy DEBUGINFOD_URLS=https://debuginfod.ubuntu.com /usr/bin/cmake --build /home/ubuntu/ros2_rviz_urbot/build/mycobot_description -- -j16 -l16
[0.242s] DEBUG:colcon.colcon_core.event_handler.log_command:Invoking command in '/home/ubuntu/ros2_rviz_urbot/build/mycobot_gazebo': CMAKE_PREFIX_PATH=${CMAKE_PREFIX_PATH}:/opt/ros/jazzy DEBUGINFOD_URLS=https://debuginfod.ubuntu.com /usr/bin/cmake --build /home/ubuntu/ros2_rviz_urbot/build/mycobot_gazebo -- -j16 -l16
[0.251s] DEBUG:colcon.colcon_core.event_handler.log_command:Invoking command in '/home/ubuntu/ros2_rviz_urbot/build/mycobot_moveit_config': CMAKE_PREFIX_PATH=${CMAKE_PREFIX_PATH}:/opt/ros/jazzy DEBUGINFOD_URLS=https://debuginfod.ubuntu.com /usr/bin/cmake --build /home/ubuntu/ros2_rviz_urbot/build/mycobot_moveit_config -- -j16 -l16
[0.320s] DEBUG:colcon.colcon_core.event_handler.log_command:Invoking command in '/home/ubuntu/ros2_rviz_urbot/build/mycobot_system_tests': CMAKE_PREFIX_PATH=${CMAKE_PREFIX_PATH}:/opt/ros/jazzy DEBUGINFOD_URLS=https://debuginfod.ubuntu.com /usr/bin/cmake --build /home/ubuntu/ros2_rviz_urbot/build/mycobot_system_tests -- -j16 -l16
[0.409s] DEBUG:colcon.colcon_core.event_handler.log_command:Invoked command in '/home/ubuntu/ros2_rviz_urbot/build/mycobot_bringup' returned '0': CMAKE_PREFIX_PATH=${CMAKE_PREFIX_PATH}:/opt/ros/jazzy DEBUGINFOD_URLS=https://debuginfod.ubuntu.com /usr/bin/cmake --build /home/ubuntu/ros2_rviz_urbot/build/mycobot_bringup -- -j16 -l16
[0.478s] DEBUG:colcon.colcon_core.event_handler.log_command:Invoking command in '/home/ubuntu/ros2_rviz_urbot/build/mycobot_bringup': CMAKE_PREFIX_PATH=${CMAKE_PREFIX_PATH}:/opt/ros/jazzy DEBUGINFOD_URLS=https://debuginfod.ubuntu.com /usr/bin/cmake --install /home/ubuntu/ros2_rviz_urbot/build/mycobot_bringup
[0.516s] DEBUG:colcon.colcon_core.event_handler.log_command:Invoked command in '/home/ubuntu/ros2_rviz_urbot/build/mycobot_moveit_config' returned '0': CMAKE_PREFIX_PATH=${CMAKE_PREFIX_PATH}:/opt/ros/jazzy DEBUGINFOD_URLS=https://debuginfod.ubuntu.com /usr/bin/cmake --build /home/ubuntu/ros2_rviz_urbot/build/mycobot_moveit_config -- -j16 -l16
[0.536s] DEBUG:colcon.colcon_core.event_handler.log_command:Invoking command in '/home/ubuntu/ros2_rviz_urbot/build/mycobot_moveit_config': CMAKE_PREFIX_PATH=${CMAKE_PREFIX_PATH}:/opt/ros/jazzy DEBUGINFOD_URLS=https://debuginfod.ubuntu.com /usr/bin/cmake --install /home/ubuntu/ros2_rviz_urbot/build/mycobot_moveit_config
[0.623s] Level 1:colcon.colcon_core.environment:create_environment_scripts_only(mycobot_bringup)
[0.629s] DEBUG:colcon.colcon_core.event_handler.log_command:Invoked command in '/home/ubuntu/ros2_rviz_urbot/build/mycobot_bringup' returned '0': CMAKE_PREFIX_PATH=${CMAKE_PREFIX_PATH}:/opt/ros/jazzy DEBUGINFOD_URLS=https://debuginfod.ubuntu.com /usr/bin/cmake --install /home/ubuntu/ros2_rviz_urbot/build/mycobot_bringup
[0.637s] Level 1:colcon.colcon_core.environment:checking '/home/ubuntu/ros2_rviz_urbot/install/mycobot_bringup' for CMake module files
[0.638s] Level 1:colcon.colcon_core.environment:checking '/home/ubuntu/ros2_rviz_urbot/install/mycobot_bringup' for CMake config files
[0.639s] Level 1:colcon.colcon_core.shell:create_environment_hook('mycobot_bringup', 'cmake_prefix_path')
[0.639s] INFO:colcon.colcon_core.shell:Creating environment hook '/home/ubuntu/ros2_rviz_urbot/install/mycobot_bringup/share/mycobot_bringup/hook/cmake_prefix_path.ps1'
[0.649s] INFO:colcon.colcon_core.shell:Creating environment descriptor '/home/ubuntu/ros2_rviz_urbot/install/mycobot_bringup/share/mycobot_bringup/hook/cmake_prefix_path.dsv'
[0.660s] INFO:colcon.colcon_core.shell:Creating environment hook '/home/ubuntu/ros2_rviz_urbot/install/mycobot_bringup/share/mycobot_bringup/hook/cmake_prefix_path.sh'
[0.672s] Level 1:colcon.colcon_core.environment:checking '/home/ubuntu/ros2_rviz_urbot/install/mycobot_bringup/bin'
[0.674s] Level 1:colcon.colcon_core.environment:checking '/home/ubuntu/ros2_rviz_urbot/install/mycobot_bringup/lib/pkgconfig/mycobot_bringup.pc'
[0.675s] Level 1:colcon.colcon_core.environment:checking '/home/ubuntu/ros2_rviz_urbot/install/mycobot_bringup/lib/python3.12/site-packages'
[0.675s] Level 1:colcon.colcon_core.environment:checking '/home/ubuntu/ros2_rviz_urbot/install/mycobot_bringup/bin'
[0.675s] INFO:colcon.colcon_core.shell:Creating package script '/home/ubuntu/ros2_rviz_urbot/install/mycobot_bringup/share/mycobot_bringup/package.ps1'
[0.685s] INFO:colcon.colcon_core.shell:Creating package descriptor '/home/ubuntu/ros2_rviz_urbot/install/mycobot_bringup/share/mycobot_bringup/package.dsv'
[0.689s] INFO:colcon.colcon_core.shell:Creating package script '/home/ubuntu/ros2_rviz_urbot/install/mycobot_bringup/share/mycobot_bringup/package.sh'
[0.696s] INFO:colcon.colcon_core.shell:Creating package script '/home/ubuntu/ros2_rviz_urbot/install/mycobot_bringup/share/mycobot_bringup/package.bash'
[0.698s] INFO:colcon.colcon_core.shell:Creating package script '/home/ubuntu/ros2_rviz_urbot/install/mycobot_bringup/share/mycobot_bringup/package.zsh'
[0.700s] Level 1:colcon.colcon_core.environment:create_file_with_runtime_dependencies(/home/ubuntu/ros2_rviz_urbot/install/mycobot_bringup/share/colcon-core/packages/mycobot_bringup)
[0.707s] Level 1:colcon.colcon_core.environment:create_environment_scripts_only(mycobot_bringup)
[0.707s] Level 1:colcon.colcon_core.environment:checking '/home/ubuntu/ros2_rviz_urbot/install/mycobot_bringup' for CMake module files
[0.708s] Level 1:colcon.colcon_core.environment:checking '/home/ubuntu/ros2_rviz_urbot/install/mycobot_bringup' for CMake config files
[0.708s] Level 1:colcon.colcon_core.shell:create_environment_hook('mycobot_bringup', 'cmake_prefix_path')
[0.709s] INFO:colcon.colcon_core.shell:Creating environment hook '/home/ubuntu/ros2_rviz_urbot/install/mycobot_bringup/share/mycobot_bringup/hook/cmake_prefix_path.ps1'
[0.710s] INFO:colcon.colcon_core.shell:Creating environment descriptor '/home/ubuntu/ros2_rviz_urbot/install/mycobot_bringup/share/mycobot_bringup/hook/cmake_prefix_path.dsv'
[0.716s] INFO:colcon.colcon_core.shell:Creating environment hook '/home/ubuntu/ros2_rviz_urbot/install/mycobot_bringup/share/mycobot_bringup/hook/cmake_prefix_path.sh'
[0.726s] Level 1:colcon.colcon_core.environment:checking '/home/ubuntu/ros2_rviz_urbot/install/mycobot_bringup/bin'
[0.728s] Level 1:colcon.colcon_core.environment:checking '/home/ubuntu/ros2_rviz_urbot/install/mycobot_bringup/lib/pkgconfig/mycobot_bringup.pc'
[0.729s] Level 1:colcon.colcon_core.environment:checking '/home/ubuntu/ros2_rviz_urbot/install/mycobot_bringup/lib/python3.12/site-packages'
[0.729s] Level 1:colcon.colcon_core.environment:checking '/home/ubuntu/ros2_rviz_urbot/install/mycobot_bringup/bin'
[0.729s] INFO:colcon.colcon_core.shell:Creating package script '/home/ubuntu/ros2_rviz_urbot/install/mycobot_bringup/share/mycobot_bringup/package.ps1'
[0.731s] INFO:colcon.colcon_core.shell:Creating package descriptor '/home/ubuntu/ros2_rviz_urbot/install/mycobot_bringup/share/mycobot_bringup/package.dsv'
[0.748s] INFO:colcon.colcon_core.shell:Creating package script '/home/ubuntu/ros2_rviz_urbot/install/mycobot_bringup/share/mycobot_bringup/package.sh'
[0.752s] INFO:colcon.colcon_core.shell:Creating package script '/home/ubuntu/ros2_rviz_urbot/install/mycobot_bringup/share/mycobot_bringup/package.bash'
[0.757s] INFO:colcon.colcon_core.shell:Creating package script '/home/ubuntu/ros2_rviz_urbot/install/mycobot_bringup/share/mycobot_bringup/package.zsh'
[0.762s] Level 1:colcon.colcon_core.environment:create_file_with_runtime_dependencies(/home/ubuntu/ros2_rviz_urbot/install/mycobot_bringup/share/colcon-core/packages/mycobot_bringup)
[0.762s] Level 1:colcon.colcon_core.environment:create_environment_scripts_only(mycobot_moveit_config)
[0.765s] Level 1:colcon.colcon_core.environment:checking '/home/ubuntu/ros2_rviz_urbot/install/mycobot_moveit_config' for CMake module files
[0.766s] Level 1:colcon.colcon_core.environment:checking '/home/ubuntu/ros2_rviz_urbot/install/mycobot_moveit_config' for CMake config files
[0.772s] Level 1:colcon.colcon_core.shell:create_environment_hook('mycobot_moveit_config', 'cmake_prefix_path')
[0.775s] INFO:colcon.colcon_core.shell:Creating environment hook '/home/ubuntu/ros2_rviz_urbot/install/mycobot_moveit_config/share/mycobot_moveit_config/hook/cmake_prefix_path.ps1'
[0.783s] INFO:colcon.colcon_core.shell:Creating environment descriptor '/home/ubuntu/ros2_rviz_urbot/install/mycobot_moveit_config/share/mycobot_moveit_config/hook/cmake_prefix_path.dsv'
[0.788s] DEBUG:colcon.colcon_core.event_handler.log_command:Invoked command in '/home/ubuntu/ros2_rviz_urbot/build/mycobot_moveit_config' returned '0': CMAKE_PREFIX_PATH=${CMAKE_PREFIX_PATH}:/opt/ros/jazzy DEBUGINFOD_URLS=https://debuginfod.ubuntu.com /usr/bin/cmake --install /home/ubuntu/ros2_rviz_urbot/build/mycobot_moveit_config
[0.794s] INFO:colcon.colcon_core.shell:Creating environment hook '/home/ubuntu/ros2_rviz_urbot/install/mycobot_moveit_config/share/mycobot_moveit_config/hook/cmake_prefix_path.sh'
[0.796s] Level 1:colcon.colcon_core.environment:checking '/home/ubuntu/ros2_rviz_urbot/install/mycobot_moveit_config/bin'
[0.798s] Level 1:colcon.colcon_core.environment:checking '/home/ubuntu/ros2_rviz_urbot/install/mycobot_moveit_config/lib/pkgconfig/mycobot_moveit_config.pc'
[0.798s] Level 1:colcon.colcon_core.environment:checking '/home/ubuntu/ros2_rviz_urbot/install/mycobot_moveit_config/lib/python3.12/site-packages'
[0.798s] Level 1:colcon.colcon_core.environment:checking '/home/ubuntu/ros2_rviz_urbot/install/mycobot_moveit_config/bin'
[0.798s] INFO:colcon.colcon_core.shell:Creating package script '/home/ubuntu/ros2_rviz_urbot/install/mycobot_moveit_config/share/mycobot_moveit_config/package.ps1'
[0.804s] INFO:colcon.colcon_core.shell:Creating package descriptor '/home/ubuntu/ros2_rviz_urbot/install/mycobot_moveit_config/share/mycobot_moveit_config/package.dsv'
[0.804s] INFO:colcon.colcon_core.shell:Creating package script '/home/ubuntu/ros2_rviz_urbot/install/mycobot_moveit_config/share/mycobot_moveit_config/package.sh'
[0.807s] INFO:colcon.colcon_core.shell:Creating package script '/home/ubuntu/ros2_rviz_urbot/install/mycobot_moveit_config/share/mycobot_moveit_config/package.bash'
[0.821s] INFO:colcon.colcon_core.shell:Creating package script '/home/ubuntu/ros2_rviz_urbot/install/mycobot_moveit_config/share/mycobot_moveit_config/package.zsh'
[0.823s] Level 1:colcon.colcon_core.environment:create_file_with_runtime_dependencies(/home/ubuntu/ros2_rviz_urbot/install/mycobot_moveit_config/share/colcon-core/packages/mycobot_moveit_config)
[0.825s] Level 1:colcon.colcon_core.environment:create_environment_scripts_only(mycobot_moveit_config)
[0.825s] Level 1:colcon.colcon_core.environment:checking '/home/ubuntu/ros2_rviz_urbot/install/mycobot_moveit_config' for CMake module files
[0.829s] Level 1:colcon.colcon_core.environment:checking '/home/ubuntu/ros2_rviz_urbot/install/mycobot_moveit_config' for CMake config files
[0.831s] Level 1:colcon.colcon_core.shell:create_environment_hook('mycobot_moveit_config', 'cmake_prefix_path')
[0.831s] INFO:colcon.colcon_core.shell:Creating environment hook '/home/ubuntu/ros2_rviz_urbot/install/mycobot_moveit_config/share/mycobot_moveit_config/hook/cmake_prefix_path.ps1'
[0.832s] INFO:colcon.colcon_core.shell:Creating environment descriptor '/home/ubuntu/ros2_rviz_urbot/install/mycobot_moveit_config/share/mycobot_moveit_config/hook/cmake_prefix_path.dsv'
[0.835s] INFO:colcon.colcon_core.shell:Creating environment hook '/home/ubuntu/ros2_rviz_urbot/install/mycobot_moveit_config/share/mycobot_moveit_config/hook/cmake_prefix_path.sh'
[0.847s] Level 1:colcon.colcon_core.environment:checking '/home/ubuntu/ros2_rviz_urbot/install/mycobot_moveit_config/bin'
[0.847s] Level 1:colcon.colcon_core.environment:checking '/home/ubuntu/ros2_rviz_urbot/install/mycobot_moveit_config/lib/pkgconfig/mycobot_moveit_config.pc'
[0.849s] Level 1:colcon.colcon_core.environment:checking '/home/ubuntu/ros2_rviz_urbot/install/mycobot_moveit_config/lib/python3.12/site-packages'
[0.849s] Level 1:colcon.colcon_core.environment:checking '/home/ubuntu/ros2_rviz_urbot/install/mycobot_moveit_config/bin'
[0.849s] INFO:colcon.colcon_core.shell:Creating package script '/home/ubuntu/ros2_rviz_urbot/install/mycobot_moveit_config/share/mycobot_moveit_config/package.ps1'
[0.853s] INFO:colcon.colcon_core.shell:Creating package descriptor '/home/ubuntu/ros2_rviz_urbot/install/mycobot_moveit_config/share/mycobot_moveit_config/package.dsv'
[0.859s] INFO:colcon.colcon_core.shell:Creating package script '/home/ubuntu/ros2_rviz_urbot/install/mycobot_moveit_config/share/mycobot_moveit_config/package.sh'
[0.867s] INFO:colcon.colcon_core.shell:Creating package script '/home/ubuntu/ros2_rviz_urbot/install/mycobot_moveit_config/share/mycobot_moveit_config/package.bash'
[0.874s] INFO:colcon.colcon_core.shell:Creating package script '/home/ubuntu/ros2_rviz_urbot/install/mycobot_moveit_config/share/mycobot_moveit_config/package.zsh'
[0.878s] Level 1:colcon.colcon_core.environment:create_file_with_runtime_dependencies(/home/ubuntu/ros2_rviz_urbot/install/mycobot_moveit_config/share/colcon-core/packages/mycobot_moveit_config)
[1.130s] DEBUG:colcon.colcon_core.event_handler.log_command:Invoked command in '/home/ubuntu/ros2_rviz_urbot/build/mycobot_system_tests' returned '0': CMAKE_PREFIX_PATH=${CMAKE_PREFIX_PATH}:/opt/ros/jazzy DEBUGINFOD_URLS=https://debuginfod.ubuntu.com /usr/bin/cmake --build /home/ubuntu/ros2_rviz_urbot/build/mycobot_system_tests -- -j16 -l16
[1.133s] DEBUG:colcon.colcon_core.event_handler.log_command:Invoking command in '/home/ubuntu/ros2_rviz_urbot/build/mycobot_system_tests': CMAKE_PREFIX_PATH=${CMAKE_PREFIX_PATH}:/opt/ros/jazzy DEBUGINFOD_URLS=https://debuginfod.ubuntu.com /usr/bin/cmake --install /home/ubuntu/ros2_rviz_urbot/build/mycobot_system_tests
[1.140s] DEBUG:colcon.colcon_core.event_handler.log_command:Invoked command in '/home/ubuntu/ros2_rviz_urbot/build/mycobot_description' returned '0': CMAKE_PREFIX_PATH=${CMAKE_PREFIX_PATH}:/opt/ros/jazzy DEBUGINFOD_URLS=https://debuginfod.ubuntu.com /usr/bin/cmake --build /home/ubuntu/ros2_rviz_urbot/build/mycobot_description -- -j16 -l16
[1.140s] DEBUG:colcon.colcon_core.event_handler.log_command:Invoking command in '/home/ubuntu/ros2_rviz_urbot/build/mycobot_description': CMAKE_PREFIX_PATH=${CMAKE_PREFIX_PATH}:/opt/ros/jazzy DEBUGINFOD_URLS=https://debuginfod.ubuntu.com /usr/bin/cmake --install /home/ubuntu/ros2_rviz_urbot/build/mycobot_description
[1.198s] Level 1:colcon.colcon_core.environment:create_environment_scripts_only(mycobot_system_tests)
[1.198s] Level 1:colcon.colcon_core.environment:checking '/home/ubuntu/ros2_rviz_urbot/install/mycobot_system_tests' for CMake module files
[1.199s] DEBUG:colcon.colcon_core.event_handler.log_command:Invoked command in '/home/ubuntu/ros2_rviz_urbot/build/mycobot_system_tests' returned '0': CMAKE_PREFIX_PATH=${CMAKE_PREFIX_PATH}:/opt/ros/jazzy DEBUGINFOD_URLS=https://debuginfod.ubuntu.com /usr/bin/cmake --install /home/ubuntu/ros2_rviz_urbot/build/mycobot_system_tests
[1.199s] Level 1:colcon.colcon_core.environment:checking '/home/ubuntu/ros2_rviz_urbot/install/mycobot_system_tests' for CMake config files
[1.199s] Level 1:colcon.colcon_core.shell:create_environment_hook('mycobot_system_tests', 'cmake_prefix_path')
[1.200s] INFO:colcon.colcon_core.shell:Creating environment hook '/home/ubuntu/ros2_rviz_urbot/install/mycobot_system_tests/share/mycobot_system_tests/hook/cmake_prefix_path.ps1'
[1.200s] INFO:colcon.colcon_core.shell:Creating environment descriptor '/home/ubuntu/ros2_rviz_urbot/install/mycobot_system_tests/share/mycobot_system_tests/hook/cmake_prefix_path.dsv'
[1.201s] INFO:colcon.colcon_core.shell:Creating environment hook '/home/ubuntu/ros2_rviz_urbot/install/mycobot_system_tests/share/mycobot_system_tests/hook/cmake_prefix_path.sh'
[1.202s] Level 1:colcon.colcon_core.environment:checking '/home/ubuntu/ros2_rviz_urbot/install/mycobot_system_tests/bin'
[1.202s] Level 1:colcon.colcon_core.environment:checking '/home/ubuntu/ros2_rviz_urbot/install/mycobot_system_tests/lib/pkgconfig/mycobot_system_tests.pc'
[1.202s] Level 1:colcon.colcon_core.environment:checking '/home/ubuntu/ros2_rviz_urbot/install/mycobot_system_tests/lib/python3.12/site-packages'
[1.202s] Level 1:colcon.colcon_core.environment:checking '/home/ubuntu/ros2_rviz_urbot/install/mycobot_system_tests/bin'
[1.202s] INFO:colcon.colcon_core.shell:Creating package script '/home/ubuntu/ros2_rviz_urbot/install/mycobot_system_tests/share/mycobot_system_tests/package.ps1'
[1.203s] INFO:colcon.colcon_core.shell:Creating package descriptor '/home/ubuntu/ros2_rviz_urbot/install/mycobot_system_tests/share/mycobot_system_tests/package.dsv'
[1.204s] INFO:colcon.colcon_core.shell:Creating package script '/home/ubuntu/ros2_rviz_urbot/install/mycobot_system_tests/share/mycobot_system_tests/package.sh'
[1.204s] INFO:colcon.colcon_core.shell:Creating package script '/home/ubuntu/ros2_rviz_urbot/install/mycobot_system_tests/share/mycobot_system_tests/package.bash'
[1.205s] INFO:colcon.colcon_core.shell:Creating package script '/home/ubuntu/ros2_rviz_urbot/install/mycobot_system_tests/share/mycobot_system_tests/package.zsh'
[1.205s] Level 1:colcon.colcon_core.environment:create_file_with_runtime_dependencies(/home/ubuntu/ros2_rviz_urbot/install/mycobot_system_tests/share/colcon-core/packages/mycobot_system_tests)
[1.205s] Level 1:colcon.colcon_core.environment:create_environment_scripts_only(mycobot_system_tests)
[1.205s] Level 1:colcon.colcon_core.environment:checking '/home/ubuntu/ros2_rviz_urbot/install/mycobot_system_tests' for CMake module files
[1.206s] Level 1:colcon.colcon_core.environment:checking '/home/ubuntu/ros2_rviz_urbot/install/mycobot_system_tests' for CMake config files
[1.206s] Level 1:colcon.colcon_core.shell:create_environment_hook('mycobot_system_tests', 'cmake_prefix_path')
[1.206s] INFO:colcon.colcon_core.shell:Creating environment hook '/home/ubuntu/ros2_rviz_urbot/install/mycobot_system_tests/share/mycobot_system_tests/hook/cmake_prefix_path.ps1'
[1.207s] INFO:colcon.colcon_core.shell:Creating environment descriptor '/home/ubuntu/ros2_rviz_urbot/install/mycobot_system_tests/share/mycobot_system_tests/hook/cmake_prefix_path.dsv'
[1.207s] INFO:colcon.colcon_core.shell:Creating environment hook '/home/ubuntu/ros2_rviz_urbot/install/mycobot_system_tests/share/mycobot_system_tests/hook/cmake_prefix_path.sh'
[1.208s] Level 1:colcon.colcon_core.environment:checking '/home/ubuntu/ros2_rviz_urbot/install/mycobot_system_tests/bin'
[1.210s] Level 1:colcon.colcon_core.environment:checking '/home/ubuntu/ros2_rviz_urbot/install/mycobot_system_tests/lib/pkgconfig/mycobot_system_tests.pc'
[1.210s] Level 1:colcon.colcon_core.environment:checking '/home/ubuntu/ros2_rviz_urbot/install/mycobot_system_tests/lib/python3.12/site-packages'
[1.210s] Level 1:colcon.colcon_core.environment:checking '/home/ubuntu/ros2_rviz_urbot/install/mycobot_system_tests/bin'
[1.213s] INFO:colcon.colcon_core.shell:Creating package script '/home/ubuntu/ros2_rviz_urbot/install/mycobot_system_tests/share/mycobot_system_tests/package.ps1'
[1.213s] INFO:colcon.colcon_core.shell:Creating package descriptor '/home/ubuntu/ros2_rviz_urbot/install/mycobot_system_tests/share/mycobot_system_tests/package.dsv'
[1.214s] INFO:colcon.colcon_core.shell:Creating package script '/home/ubuntu/ros2_rviz_urbot/install/mycobot_system_tests/share/mycobot_system_tests/package.sh'
[1.214s] INFO:colcon.colcon_core.shell:Creating package script '/home/ubuntu/ros2_rviz_urbot/install/mycobot_system_tests/share/mycobot_system_tests/package.bash'
[1.215s] INFO:colcon.colcon_core.shell:Creating package script '/home/ubuntu/ros2_rviz_urbot/install/mycobot_system_tests/share/mycobot_system_tests/package.zsh'
[1.218s] Level 1:colcon.colcon_core.environment:create_file_with_runtime_dependencies(/home/ubuntu/ros2_rviz_urbot/install/mycobot_system_tests/share/colcon-core/packages/mycobot_system_tests)
[1.230s] Level 1:colcon.colcon_core.environment:create_environment_scripts_only(mycobot_description)
[1.231s] Level 1:colcon.colcon_core.environment:checking '/home/ubuntu/ros2_rviz_urbot/install/mycobot_description' for CMake module files
[1.231s] Level 1:colcon.colcon_core.environment:checking '/home/ubuntu/ros2_rviz_urbot/install/mycobot_description' for CMake config files
[1.234s] Level 1:colcon.colcon_core.shell:create_environment_hook('mycobot_description', 'cmake_prefix_path')
[1.234s] INFO:colcon.colcon_core.shell:Creating environment hook '/home/ubuntu/ros2_rviz_urbot/install/mycobot_description/share/mycobot_description/hook/cmake_prefix_path.ps1'
[1.234s] DEBUG:colcon.colcon_core.event_handler.log_command:Invoked command in '/home/ubuntu/ros2_rviz_urbot/build/mycobot_description' returned '0': CMAKE_PREFIX_PATH=${CMAKE_PREFIX_PATH}:/opt/ros/jazzy DEBUGINFOD_URLS=https://debuginfod.ubuntu.com /usr/bin/cmake --install /home/ubuntu/ros2_rviz_urbot/build/mycobot_description
[1.236s] INFO:colcon.colcon_core.shell:Creating environment descriptor '/home/ubuntu/ros2_rviz_urbot/install/mycobot_description/share/mycobot_description/hook/cmake_prefix_path.dsv'
[1.237s] INFO:colcon.colcon_core.shell:Creating environment hook '/home/ubuntu/ros2_rviz_urbot/install/mycobot_description/share/mycobot_description/hook/cmake_prefix_path.sh'
[1.241s] Level 1:colcon.colcon_core.environment:checking '/home/ubuntu/ros2_rviz_urbot/install/mycobot_description/bin'
[1.241s] Level 1:colcon.colcon_core.environment:checking '/home/ubuntu/ros2_rviz_urbot/install/mycobot_description/lib/pkgconfig/mycobot_description.pc'
[1.245s] Level 1:colcon.colcon_core.environment:checking '/home/ubuntu/ros2_rviz_urbot/install/mycobot_description/lib/python3.12/site-packages'
[1.245s] Level 1:colcon.colcon_core.environment:checking '/home/ubuntu/ros2_rviz_urbot/install/mycobot_description/bin'
[1.245s] INFO:colcon.colcon_core.shell:Creating package script '/home/ubuntu/ros2_rviz_urbot/install/mycobot_description/share/mycobot_description/package.ps1'
[1.248s] INFO:colcon.colcon_core.shell:Creating package descriptor '/home/ubuntu/ros2_rviz_urbot/install/mycobot_description/share/mycobot_description/package.dsv'
[1.248s] INFO:colcon.colcon_core.shell:Creating package script '/home/ubuntu/ros2_rviz_urbot/install/mycobot_description/share/mycobot_description/package.sh'
[1.254s] INFO:colcon.colcon_core.shell:Creating package script '/home/ubuntu/ros2_rviz_urbot/install/mycobot_description/share/mycobot_description/package.bash'
[1.255s] INFO:colcon.colcon_core.shell:Creating package script '/home/ubuntu/ros2_rviz_urbot/install/mycobot_description/share/mycobot_description/package.zsh'
[1.262s] Level 1:colcon.colcon_core.environment:create_file_with_runtime_dependencies(/home/ubuntu/ros2_rviz_urbot/install/mycobot_description/share/colcon-core/packages/mycobot_description)
[1.266s] Level 1:colcon.colcon_core.environment:create_environment_scripts_only(mycobot_description)
[1.269s] Level 1:colcon.colcon_core.environment:checking '/home/ubuntu/ros2_rviz_urbot/install/mycobot_description' for CMake module files
[1.274s] Level 1:colcon.colcon_core.environment:checking '/home/ubuntu/ros2_rviz_urbot/install/mycobot_description' for CMake config files
[1.274s] Level 1:colcon.colcon_core.shell:create_environment_hook('mycobot_description', 'cmake_prefix_path')
[1.274s] INFO:colcon.colcon_core.shell:Creating environment hook '/home/ubuntu/ros2_rviz_urbot/install/mycobot_description/share/mycobot_description/hook/cmake_prefix_path.ps1'
[1.276s] INFO:colcon.colcon_core.shell:Creating environment descriptor '/home/ubuntu/ros2_rviz_urbot/install/mycobot_description/share/mycobot_description/hook/cmake_prefix_path.dsv'
[1.281s] INFO:colcon.colcon_core.shell:Creating environment hook '/home/ubuntu/ros2_rviz_urbot/install/mycobot_description/share/mycobot_description/hook/cmake_prefix_path.sh'
[1.282s] Level 1:colcon.colcon_core.environment:checking '/home/ubuntu/ros2_rviz_urbot/install/mycobot_description/bin'
[1.282s] Level 1:colcon.colcon_core.environment:checking '/home/ubuntu/ros2_rviz_urbot/install/mycobot_description/lib/pkgconfig/mycobot_description.pc'
[1.282s] Level 1:colcon.colcon_core.environment:checking '/home/ubuntu/ros2_rviz_urbot/install/mycobot_description/lib/python3.12/site-packages'
[1.289s] Level 1:colcon.colcon_core.environment:checking '/home/ubuntu/ros2_rviz_urbot/install/mycobot_description/bin'
[1.293s] INFO:colcon.colcon_core.shell:Creating package script '/home/ubuntu/ros2_rviz_urbot/install/mycobot_description/share/mycobot_description/package.ps1'
[1.294s] INFO:colcon.colcon_core.shell:Creating package descriptor '/home/ubuntu/ros2_rviz_urbot/install/mycobot_description/share/mycobot_description/package.dsv'
[1.296s] INFO:colcon.colcon_core.shell:Creating package script '/home/ubuntu/ros2_rviz_urbot/install/mycobot_description/share/mycobot_description/package.sh'
[1.299s] INFO:colcon.colcon_core.shell:Creating package script '/home/ubuntu/ros2_rviz_urbot/install/mycobot_description/share/mycobot_description/package.bash'
[1.299s] INFO:colcon.colcon_core.shell:Creating package script '/home/ubuntu/ros2_rviz_urbot/install/mycobot_description/share/mycobot_description/package.zsh'
[1.300s] Level 1:colcon.colcon_core.environment:create_file_with_runtime_dependencies(/home/ubuntu/ros2_rviz_urbot/install/mycobot_description/share/colcon-core/packages/mycobot_description)
[1.697s] DEBUG:colcon.colcon_core.event_handler.log_command:Invoked command in '/home/ubuntu/ros2_rviz_urbot/build/mycobot_gazebo' returned '0': CMAKE_PREFIX_PATH=${CMAKE_PREFIX_PATH}:/opt/ros/jazzy DEBUGINFOD_URLS=https://debuginfod.ubuntu.com /usr/bin/cmake --build /home/ubuntu/ros2_rviz_urbot/build/mycobot_gazebo -- -j16 -l16
[1.698s] DEBUG:colcon.colcon_core.event_handler.log_command:Invoking command in '/home/ubuntu/ros2_rviz_urbot/build/mycobot_gazebo': CMAKE_PREFIX_PATH=${CMAKE_PREFIX_PATH}:/opt/ros/jazzy DEBUGINFOD_URLS=https://debuginfod.ubuntu.com /usr/bin/cmake --install /home/ubuntu/ros2_rviz_urbot/build/mycobot_gazebo
[6.128s] Level 1:colcon.colcon_core.environment:create_environment_scripts_only(mycobot_gazebo)
[6.129s] Level 1:colcon.colcon_core.environment:checking '/home/ubuntu/ros2_rviz_urbot/install/mycobot_gazebo' for CMake module files
[6.129s] DEBUG:colcon.colcon_core.event_handler.log_command:Invoked command in '/home/ubuntu/ros2_rviz_urbot/build/mycobot_gazebo' returned '0': CMAKE_PREFIX_PATH=${CMAKE_PREFIX_PATH}:/opt/ros/jazzy DEBUGINFOD_URLS=https://debuginfod.ubuntu.com /usr/bin/cmake --install /home/ubuntu/ros2_rviz_urbot/build/mycobot_gazebo
[6.129s] Level 1:colcon.colcon_core.environment:checking '/home/ubuntu/ros2_rviz_urbot/install/mycobot_gazebo' for CMake config files
[6.130s] Level 1:colcon.colcon_core.shell:create_environment_hook('mycobot_gazebo', 'cmake_prefix_path')
[6.130s] INFO:colcon.colcon_core.shell:Creating environment hook '/home/ubuntu/ros2_rviz_urbot/install/mycobot_gazebo/share/mycobot_gazebo/hook/cmake_prefix_path.ps1'
[6.130s] INFO:colcon.colcon_core.shell:Creating environment descriptor '/home/ubuntu/ros2_rviz_urbot/install/mycobot_gazebo/share/mycobot_gazebo/hook/cmake_prefix_path.dsv'
[6.131s] INFO:colcon.colcon_core.shell:Creating environment hook '/home/ubuntu/ros2_rviz_urbot/install/mycobot_gazebo/share/mycobot_gazebo/hook/cmake_prefix_path.sh'
[6.131s] Level 1:colcon.colcon_core.environment:checking '/home/ubuntu/ros2_rviz_urbot/install/mycobot_gazebo/bin'
[6.131s] Level 1:colcon.colcon_core.environment:checking '/home/ubuntu/ros2_rviz_urbot/install/mycobot_gazebo/lib/pkgconfig/mycobot_gazebo.pc'
[6.132s] Level 1:colcon.colcon_core.environment:checking '/home/ubuntu/ros2_rviz_urbot/install/mycobot_gazebo/lib/python3.12/site-packages'
[6.132s] Level 1:colcon.colcon_core.environment:checking '/home/ubuntu/ros2_rviz_urbot/install/mycobot_gazebo/bin'
[6.132s] INFO:colcon.colcon_core.shell:Creating package script '/home/ubuntu/ros2_rviz_urbot/install/mycobot_gazebo/share/mycobot_gazebo/package.ps1'
[6.132s] INFO:colcon.colcon_core.shell:Creating package descriptor '/home/ubuntu/ros2_rviz_urbot/install/mycobot_gazebo/share/mycobot_gazebo/package.dsv'
[6.133s] INFO:colcon.colcon_core.shell:Creating package script '/home/ubuntu/ros2_rviz_urbot/install/mycobot_gazebo/share/mycobot_gazebo/package.sh'
[6.133s] INFO:colcon.colcon_core.shell:Creating package script '/home/ubuntu/ros2_rviz_urbot/install/mycobot_gazebo/share/mycobot_gazebo/package.bash'
[6.134s] INFO:colcon.colcon_core.shell:Creating package script '/home/ubuntu/ros2_rviz_urbot/install/mycobot_gazebo/share/mycobot_gazebo/package.zsh'
[6.134s] Level 1:colcon.colcon_core.environment:create_file_with_runtime_dependencies(/home/ubuntu/ros2_rviz_urbot/install/mycobot_gazebo/share/colcon-core/packages/mycobot_gazebo)
[6.135s] Level 1:colcon.colcon_core.environment:create_environment_scripts_only(mycobot_gazebo)
[6.135s] Level 1:colcon.colcon_core.environment:checking '/home/ubuntu/ros2_rviz_urbot/install/mycobot_gazebo' for CMake module files
[6.135s] Level 1:colcon.colcon_core.environment:checking '/home/ubuntu/ros2_rviz_urbot/install/mycobot_gazebo' for CMake config files
[6.135s] Level 1:colcon.colcon_core.shell:create_environment_hook('mycobot_gazebo', 'cmake_prefix_path')
[6.136s] INFO:colcon.colcon_core.shell:Creating environment hook '/home/ubuntu/ros2_rviz_urbot/install/mycobot_gazebo/share/mycobot_gazebo/hook/cmake_prefix_path.ps1'
[6.136s] INFO:colcon.colcon_core.shell:Creating environment descriptor '/home/ubuntu/ros2_rviz_urbot/install/mycobot_gazebo/share/mycobot_gazebo/hook/cmake_prefix_path.dsv'
[6.136s] INFO:colcon.colcon_core.shell:Creating environment hook '/home/ubuntu/ros2_rviz_urbot/install/mycobot_gazebo/share/mycobot_gazebo/hook/cmake_prefix_path.sh'
[6.137s] Level 1:colcon.colcon_core.environment:checking '/home/ubuntu/ros2_rviz_urbot/install/mycobot_gazebo/bin'
[6.137s] Level 1:colcon.colcon_core.environment:checking '/home/ubuntu/ros2_rviz_urbot/install/mycobot_gazebo/lib/pkgconfig/mycobot_gazebo.pc'
[6.137s] Level 1:colcon.colcon_core.environment:checking '/home/ubuntu/ros2_rviz_urbot/install/mycobot_gazebo/lib/python3.12/site-packages'
[6.137s] Level 1:colcon.colcon_core.environment:checking '/home/ubuntu/ros2_rviz_urbot/install/mycobot_gazebo/bin'
[6.137s] INFO:colcon.colcon_core.shell:Creating package script '/home/ubuntu/ros2_rviz_urbot/install/mycobot_gazebo/share/mycobot_gazebo/package.ps1'
[6.138s] INFO:colcon.colcon_core.shell:Creating package descriptor '/home/ubuntu/ros2_rviz_urbot/install/mycobot_gazebo/share/mycobot_gazebo/package.dsv'
[6.139s] INFO:colcon.colcon_core.shell:Creating package script '/home/ubuntu/ros2_rviz_urbot/install/mycobot_gazebo/share/mycobot_gazebo/package.sh'
[6.139s] INFO:colcon.colcon_core.shell:Creating package script '/home/ubuntu/ros2_rviz_urbot/install/mycobot_gazebo/share/mycobot_gazebo/package.bash'
[6.139s] INFO:colcon.colcon_core.shell:Creating package script '/home/ubuntu/ros2_rviz_urbot/install/mycobot_gazebo/share/mycobot_gazebo/package.zsh'
[6.140s] Level 1:colcon.colcon_core.environment:create_file_with_runtime_dependencies(/home/ubuntu/ros2_rviz_urbot/install/mycobot_gazebo/share/colcon-core/packages/mycobot_gazebo)
[6.140s] INFO:colcon.colcon_ros.task.ament_cmake.build:Building ROS package in '/home/ubuntu/ros2_rviz_urbot/src/mycobot_ros2/mycobot_ros2' with build type 'ament_cmake'
[6.141s] INFO:colcon.colcon_cmake.task.cmake.build:Building CMake package in '/home/ubuntu/ros2_rviz_urbot/src/mycobot_ros2/mycobot_ros2'
[6.141s] INFO:colcon.colcon_core.shell:Skip shell extension 'powershell' for command environment: Not usable outside of PowerShell
[6.141s] DEBUG:colcon.colcon_core.shell:Skip shell extension 'dsv' for command environment
[6.153s] DEBUG:colcon.colcon_core.event_handler.log_command:Invoking command in '/home/ubuntu/ros2_rviz_urbot/build/mycobot_ros2': CMAKE_PREFIX_PATH=/home/ubuntu/ros2_rviz_urbot/install/mycobot_system_tests:/home/ubuntu/ros2_rviz_urbot/install/mycobot_moveit_config:/home/ubuntu/ros2_rviz_urbot/install/mycobot_gazebo:/home/ubuntu/ros2_rviz_urbot/install/mycobot_description:/home/ubuntu/ros2_rviz_urbot/install/mycobot_bringup:/home/ubuntu/ros2_rviz_urbot/install/mycobot_ros2:/opt/ros/jazzy/opt/gz_sim_vendor:/opt/ros/jazzy/opt/gz_sensors_vendor:/opt/ros/jazzy/opt/gz_physics_vendor:/opt/ros/jazzy/opt/sdformat_vendor:/opt/ros/jazzy/opt/gz_gui_vendor:/opt/ros/jazzy/opt/gz_transport_vendor:/opt/ros/jazzy/opt/gz_rendering_vendor:/opt/ros/jazzy/opt/gz_plugin_vendor:/opt/ros/jazzy/opt/gz_fuel_tools_vendor:/opt/ros/jazzy/opt/gz_msgs_vendor:/opt/ros/jazzy/opt/gz_common_vendor:/opt/ros/jazzy/opt/gz_math_vendor:/opt/ros/jazzy/opt/gz_utils_vendor:/opt/ros/jazzy/opt/gz_tools_vendor:/opt/ros/jazzy/opt/gz_ogre_next_vendor:/opt/ros/jazzy/opt/gz_dartsim_vendor:/opt/ros/jazzy/opt/gz_cmake_vendor:/opt/ros/jazzy DEBUGINFOD_URLS=https://debuginfod.ubuntu.com /usr/bin/cmake --build /home/ubuntu/ros2_rviz_urbot/build/mycobot_ros2 -- -j16 -l16
[6.450s] DEBUG:colcon.colcon_core.event_handler.log_command:Invoked command in '/home/ubuntu/ros2_rviz_urbot/build/mycobot_ros2' returned '0': CMAKE_PREFIX_PATH=/home/ubuntu/ros2_rviz_urbot/install/mycobot_system_tests:/home/ubuntu/ros2_rviz_urbot/install/mycobot_moveit_config:/home/ubuntu/ros2_rviz_urbot/install/mycobot_gazebo:/home/ubuntu/ros2_rviz_urbot/install/mycobot_description:/home/ubuntu/ros2_rviz_urbot/install/mycobot_bringup:/home/ubuntu/ros2_rviz_urbot/install/mycobot_ros2:/opt/ros/jazzy/opt/gz_sim_vendor:/opt/ros/jazzy/opt/gz_sensors_vendor:/opt/ros/jazzy/opt/gz_physics_vendor:/opt/ros/jazzy/opt/sdformat_vendor:/opt/ros/jazzy/opt/gz_gui_vendor:/opt/ros/jazzy/opt/gz_transport_vendor:/opt/ros/jazzy/opt/gz_rendering_vendor:/opt/ros/jazzy/opt/gz_plugin_vendor:/opt/ros/jazzy/opt/gz_fuel_tools_vendor:/opt/ros/jazzy/opt/gz_msgs_vendor:/opt/ros/jazzy/opt/gz_common_vendor:/opt/ros/jazzy/opt/gz_math_vendor:/opt/ros/jazzy/opt/gz_utils_vendor:/opt/ros/jazzy/opt/gz_tools_vendor:/opt/ros/jazzy/opt/gz_ogre_next_vendor:/opt/ros/jazzy/opt/gz_dartsim_vendor:/opt/ros/jazzy/opt/gz_cmake_vendor:/opt/ros/jazzy DEBUGINFOD_URLS=https://debuginfod.ubuntu.com /usr/bin/cmake --build /home/ubuntu/ros2_rviz_urbot/build/mycobot_ros2 -- -j16 -l16
[6.452s] DEBUG:colcon.colcon_core.event_handler.log_command:Invoking command in '/home/ubuntu/ros2_rviz_urbot/build/mycobot_ros2': CMAKE_PREFIX_PATH=/home/ubuntu/ros2_rviz_urbot/install/mycobot_system_tests:/home/ubuntu/ros2_rviz_urbot/install/mycobot_moveit_config:/home/ubuntu/ros2_rviz_urbot/install/mycobot_gazebo:/home/ubuntu/ros2_rviz_urbot/install/mycobot_description:/home/ubuntu/ros2_rviz_urbot/install/mycobot_bringup:/home/ubuntu/ros2_rviz_urbot/install/mycobot_ros2:/opt/ros/jazzy/opt/gz_sim_vendor:/opt/ros/jazzy/opt/gz_sensors_vendor:/opt/ros/jazzy/opt/gz_physics_vendor:/opt/ros/jazzy/opt/sdformat_vendor:/opt/ros/jazzy/opt/gz_gui_vendor:/opt/ros/jazzy/opt/gz_transport_vendor:/opt/ros/jazzy/opt/gz_rendering_vendor:/opt/ros/jazzy/opt/gz_plugin_vendor:/opt/ros/jazzy/opt/gz_fuel_tools_vendor:/opt/ros/jazzy/opt/gz_msgs_vendor:/opt/ros/jazzy/opt/gz_common_vendor:/opt/ros/jazzy/opt/gz_math_vendor:/opt/ros/jazzy/opt/gz_utils_vendor:/opt/ros/jazzy/opt/gz_tools_vendor:/opt/ros/jazzy/opt/gz_ogre_next_vendor:/opt/ros/jazzy/opt/gz_dartsim_vendor:/opt/ros/jazzy/opt/gz_cmake_vendor:/opt/ros/jazzy DEBUGINFOD_URLS=https://debuginfod.ubuntu.com /usr/bin/cmake --install /home/ubuntu/ros2_rviz_urbot/build/mycobot_ros2
[6.469s] Level 1:colcon.colcon_core.environment:create_environment_scripts_only(mycobot_ros2)
[6.469s] Level 1:colcon.colcon_core.environment:checking '/home/ubuntu/ros2_rviz_urbot/install/mycobot_ros2' for CMake module files
[6.469s] DEBUG:colcon.colcon_core.event_handler.log_command:Invoked command in '/home/ubuntu/ros2_rviz_urbot/build/mycobot_ros2' returned '0': CMAKE_PREFIX_PATH=/home/ubuntu/ros2_rviz_urbot/install/mycobot_system_tests:/home/ubuntu/ros2_rviz_urbot/install/mycobot_moveit_config:/home/ubuntu/ros2_rviz_urbot/install/mycobot_gazebo:/home/ubuntu/ros2_rviz_urbot/install/mycobot_description:/home/ubuntu/ros2_rviz_urbot/install/mycobot_bringup:/home/ubuntu/ros2_rviz_urbot/install/mycobot_ros2:/opt/ros/jazzy/opt/gz_sim_vendor:/opt/ros/jazzy/opt/gz_sensors_vendor:/opt/ros/jazzy/opt/gz_physics_vendor:/opt/ros/jazzy/opt/sdformat_vendor:/opt/ros/jazzy/opt/gz_gui_vendor:/opt/ros/jazzy/opt/gz_transport_vendor:/opt/ros/jazzy/opt/gz_rendering_vendor:/opt/ros/jazzy/opt/gz_plugin_vendor:/opt/ros/jazzy/opt/gz_fuel_tools_vendor:/opt/ros/jazzy/opt/gz_msgs_vendor:/opt/ros/jazzy/opt/gz_common_vendor:/opt/ros/jazzy/opt/gz_math_vendor:/opt/ros/jazzy/opt/gz_utils_vendor:/opt/ros/jazzy/opt/gz_tools_vendor:/opt/ros/jazzy/opt/gz_ogre_next_vendor:/opt/ros/jazzy/opt/gz_dartsim_vendor:/opt/ros/jazzy/opt/gz_cmake_vendor:/opt/ros/jazzy DEBUGINFOD_URLS=https://debuginfod.ubuntu.com /usr/bin/cmake --install /home/ubuntu/ros2_rviz_urbot/build/mycobot_ros2
[6.470s] Level 1:colcon.colcon_core.environment:checking '/home/ubuntu/ros2_rviz_urbot/install/mycobot_ros2' for CMake config files
[6.470s] Level 1:colcon.colcon_core.shell:create_environment_hook('mycobot_ros2', 'cmake_prefix_path')
[6.470s] INFO:colcon.colcon_core.shell:Creating environment hook '/home/ubuntu/ros2_rviz_urbot/install/mycobot_ros2/share/mycobot_ros2/hook/cmake_prefix_path.ps1'
[6.470s] INFO:colcon.colcon_core.shell:Creating environment descriptor '/home/ubuntu/ros2_rviz_urbot/install/mycobot_ros2/share/mycobot_ros2/hook/cmake_prefix_path.dsv'
[6.471s] INFO:colcon.colcon_core.shell:Creating environment hook '/home/ubuntu/ros2_rviz_urbot/install/mycobot_ros2/share/mycobot_ros2/hook/cmake_prefix_path.sh'
[6.472s] Level 1:colcon.colcon_core.environment:checking '/home/ubuntu/ros2_rviz_urbot/install/mycobot_ros2/bin'
[6.472s] Level 1:colcon.colcon_core.environment:checking '/home/ubuntu/ros2_rviz_urbot/install/mycobot_ros2/lib/pkgconfig/mycobot_ros2.pc'
[6.472s] Level 1:colcon.colcon_core.environment:checking '/home/ubuntu/ros2_rviz_urbot/install/mycobot_ros2/lib/python3.12/site-packages'
[6.472s] Level 1:colcon.colcon_core.environment:checking '/home/ubuntu/ros2_rviz_urbot/install/mycobot_ros2/bin'
[6.472s] INFO:colcon.colcon_core.shell:Creating package script '/home/ubuntu/ros2_rviz_urbot/install/mycobot_ros2/share/mycobot_ros2/package.ps1'
[6.473s] INFO:colcon.colcon_core.shell:Creating package descriptor '/home/ubuntu/ros2_rviz_urbot/install/mycobot_ros2/share/mycobot_ros2/package.dsv'
[6.473s] INFO:colcon.colcon_core.shell:Creating package script '/home/ubuntu/ros2_rviz_urbot/install/mycobot_ros2/share/mycobot_ros2/package.sh'
[6.473s] INFO:colcon.colcon_core.shell:Creating package script '/home/ubuntu/ros2_rviz_urbot/install/mycobot_ros2/share/mycobot_ros2/package.bash'
[6.474s] INFO:colcon.colcon_core.shell:Creating package script '/home/ubuntu/ros2_rviz_urbot/install/mycobot_ros2/share/mycobot_ros2/package.zsh'
[6.474s] Level 1:colcon.colcon_core.environment:create_file_with_runtime_dependencies(/home/ubuntu/ros2_rviz_urbot/install/mycobot_ros2/share/colcon-core/packages/mycobot_ros2)
[6.475s] Level 1:colcon.colcon_core.environment:create_environment_scripts_only(mycobot_ros2)
[6.475s] Level 1:colcon.colcon_core.environment:checking '/home/ubuntu/ros2_rviz_urbot/install/mycobot_ros2' for CMake module files
[6.475s] Level 1:colcon.colcon_core.environment:checking '/home/ubuntu/ros2_rviz_urbot/install/mycobot_ros2' for CMake config files
[6.475s] Level 1:colcon.colcon_core.shell:create_environment_hook('mycobot_ros2', 'cmake_prefix_path')
[6.475s] INFO:colcon.colcon_core.shell:Creating environment hook '/home/ubuntu/ros2_rviz_urbot/install/mycobot_ros2/share/mycobot_ros2/hook/cmake_prefix_path.ps1'
[6.476s] INFO:colcon.colcon_core.shell:Creating environment descriptor '/home/ubuntu/ros2_rviz_urbot/install/mycobot_ros2/share/mycobot_ros2/hook/cmake_prefix_path.dsv'
[6.476s] INFO:colcon.colcon_core.shell:Creating environment hook '/home/ubuntu/ros2_rviz_urbot/install/mycobot_ros2/share/mycobot_ros2/hook/cmake_prefix_path.sh'
[6.477s] Level 1:colcon.colcon_core.environment:checking '/home/ubuntu/ros2_rviz_urbot/install/mycobot_ros2/bin'
[6.477s] Level 1:colcon.colcon_core.environment:checking '/home/ubuntu/ros2_rviz_urbot/install/mycobot_ros2/lib/pkgconfig/mycobot_ros2.pc'
[6.477s] Level 1:colcon.colcon_core.environment:checking '/home/ubuntu/ros2_rviz_urbot/install/mycobot_ros2/lib/python3.12/site-packages'
[6.477s] Level 1:colcon.colcon_core.environment:checking '/home/ubuntu/ros2_rviz_urbot/install/mycobot_ros2/bin'
[6.477s] INFO:colcon.colcon_core.shell:Creating package script '/home/ubuntu/ros2_rviz_urbot/install/mycobot_ros2/share/mycobot_ros2/package.ps1'
[6.478s] INFO:colcon.colcon_core.shell:Creating package descriptor '/home/ubuntu/ros2_rviz_urbot/install/mycobot_ros2/share/mycobot_ros2/package.dsv'
[6.480s] INFO:colcon.colcon_core.shell:Creating package script '/home/ubuntu/ros2_rviz_urbot/install/mycobot_ros2/share/mycobot_ros2/package.sh'
[6.491s] INFO:colcon.colcon_core.shell:Creating package script '/home/ubuntu/ros2_rviz_urbot/install/mycobot_ros2/share/mycobot_ros2/package.bash'
[6.501s] INFO:colcon.colcon_core.shell:Creating package script '/home/ubuntu/ros2_rviz_urbot/install/mycobot_ros2/share/mycobot_ros2/package.zsh'
[6.506s] Level 1:colcon.colcon_core.environment:create_file_with_runtime_dependencies(/home/ubuntu/ros2_rviz_urbot/install/mycobot_ros2/share/colcon-core/packages/mycobot_ros2)
[6.522s] DEBUG:colcon.colcon_parallel_executor.executor.parallel:closing loop
[6.524s] DEBUG:colcon.colcon_parallel_executor.executor.parallel:loop closed
[6.524s] DEBUG:colcon.colcon_parallel_executor.executor.parallel:run_until_complete finished with '0'
[6.524s] DEBUG:colcon.colcon_core.event_reactor:joining thread
[6.542s] INFO:colcon.colcon_core.plugin_system:Skipping extension 'colcon_notification.desktop_notification.terminal_notifier': Not used on non-Darwin systems
[6.545s] INFO:colcon.colcon_core.plugin_system:Skipping extension 'colcon_notification.desktop_notification.win32': Not used on non-Windows systems
[6.545s] INFO:colcon.colcon_notification.desktop_notification:Sending desktop notification using 'notify2'
[6.600s] DEBUG:colcon.colcon_core.event_reactor:joined thread
[6.600s] INFO:colcon.colcon_core.shell:Creating prefix script '/home/ubuntu/ros2_rviz_urbot/install/local_setup.ps1'
[6.601s] INFO:colcon.colcon_core.shell:Creating prefix util module '/home/ubuntu/ros2_rviz_urbot/install/_local_setup_util_ps1.py'
[6.602s] INFO:colcon.colcon_core.shell:Creating prefix chain script '/home/ubuntu/ros2_rviz_urbot/install/setup.ps1'
[6.603s] INFO:colcon.colcon_core.shell:Creating prefix script '/home/ubuntu/ros2_rviz_urbot/install/local_setup.sh'
[6.604s] INFO:colcon.colcon_core.shell:Creating prefix util module '/home/ubuntu/ros2_rviz_urbot/install/_local_setup_util_sh.py'
[6.604s] INFO:colcon.colcon_core.shell:Creating prefix chain script '/home/ubuntu/ros2_rviz_urbot/install/setup.sh'
[6.606s] INFO:colcon.colcon_core.shell:Creating prefix script '/home/ubuntu/ros2_rviz_urbot/install/local_setup.bash'
[6.608s] INFO:colcon.colcon_core.shell:Creating prefix chain script '/home/ubuntu/ros2_rviz_urbot/install/setup.bash'
[6.613s] INFO:colcon.colcon_core.shell:Creating prefix script '/home/ubuntu/ros2_rviz_urbot/install/local_setup.zsh'
[6.616s] INFO:colcon.colcon_core.shell:Creating prefix chain script '/home/ubuntu/ros2_rviz_urbot/install/setup.zsh'
