[0.016s] Invoking command in '/home/ubuntu/ros2_rviz_urbot/build/mycobot_ros2': CMAKE_PREFIX_PATH=${CMAKE_PREFIX_PATH}:/opt/ros/jazzy DEBUGINFOD_URLS=https://debuginfod.ubuntu.com /usr/bin/cmake /home/ubuntu/ros2_rviz_urbot/src/mycobot_ros2/mycobot_ros2 -DAMENT_CMAKE_SYMLINK_INSTALL=1 -DCMAKE_INSTALL_PREFIX=/home/ubuntu/ros2_rviz_urbot/install/mycobot_ros2
[0.172s] -- The C compiler identification is GNU 13.3.0
[0.279s] -- The CXX compiler identification is GNU 13.3.0
[0.344s] -- Detecting C compiler ABI info
[0.680s] -- Detecting C compiler ABI info - done
[0.698s] -- Check for working C compiler: /usr/bin/cc - skipped
[0.698s] -- Detecting C compile features
[0.699s] -- Detecting C compile features - done
[0.802s] -- Detecting CXX compiler ABI info
[1.515s] -- Detecting CXX compiler ABI info - done
[1.541s] -- Check for working CXX compiler: /usr/bin/c++ - skipped
[1.541s] -- Detecting CXX compile features
[1.541s] -- Detecting CXX compile features - done
[1.588s] -- Found ament_cmake: 2.5.2 (/opt/ros/jazzy/share/ament_cmake/cmake)
[2.013s] -- Found Python3: /usr/bin/python3 (found version "3.12.3") found components: Interpreter 
[2.254s] -- Override CMake install command with custom implementation using symlinks instead of copying resources
[2.393s] -- Found ament_lint_auto: 0.17.1 (/opt/ros/jazzy/share/ament_lint_auto/cmake)
[2.586s] -- Added test 'lint_cmake' to check CMake code style
[2.600s] -- Added test 'xmllint' to check XML markup files
[2.604s] -- Configuring done (2.6s)
[2.609s] -- Generating done (0.0s)
[2.609s] -- Build files have been written to: /home/ubuntu/ros2_rviz_urbot/build/mycobot_ros2
[2.643s] Invoked command in '/home/ubuntu/ros2_rviz_urbot/build/mycobot_ros2' returned '0': CMAKE_PREFIX_PATH=${CMAKE_PREFIX_PATH}:/opt/ros/jazzy DEBUGINFOD_URLS=https://debuginfod.ubuntu.com /usr/bin/cmake /home/ubuntu/ros2_rviz_urbot/src/mycobot_ros2/mycobot_ros2 -DAMENT_CMAKE_SYMLINK_INSTALL=1 -DCMAKE_INSTALL_PREFIX=/home/ubuntu/ros2_rviz_urbot/install/mycobot_ros2
[2.657s] Invoking command in '/home/ubuntu/ros2_rviz_urbot/build/mycobot_ros2': CMAKE_PREFIX_PATH=${CMAKE_PREFIX_PATH}:/opt/ros/jazzy DEBUGINFOD_URLS=https://debuginfod.ubuntu.com /usr/bin/cmake --build /home/ubuntu/ros2_rviz_urbot/build/mycobot_ros2 -- -j16 -l16
[2.843s] Invoked command in '/home/ubuntu/ros2_rviz_urbot/build/mycobot_ros2' returned '0': CMAKE_PREFIX_PATH=${CMAKE_PREFIX_PATH}:/opt/ros/jazzy DEBUGINFOD_URLS=https://debuginfod.ubuntu.com /usr/bin/cmake --build /home/ubuntu/ros2_rviz_urbot/build/mycobot_ros2 -- -j16 -l16
[2.855s] Invoking command in '/home/ubuntu/ros2_rviz_urbot/build/mycobot_ros2': CMAKE_PREFIX_PATH=${CMAKE_PREFIX_PATH}:/opt/ros/jazzy DEBUGINFOD_URLS=https://debuginfod.ubuntu.com /usr/bin/cmake --install /home/ubuntu/ros2_rviz_urbot/build/mycobot_ros2
[2.860s] -- Install configuration: ""
[2.860s] -- Execute custom install script
[2.860s] -- Symlinking: /home/ubuntu/ros2_rviz_urbot/install/mycobot_ros2/share/ament_index/resource_index/package_run_dependencies/mycobot_ros2
[2.878s] -- Symlinking: /home/ubuntu/ros2_rviz_urbot/install/mycobot_ros2/share/ament_index/resource_index/parent_prefix_path/mycobot_ros2
[2.925s] -- Symlinking: /home/ubuntu/ros2_rviz_urbot/install/mycobot_ros2/share/mycobot_ros2/environment/ament_prefix_path.sh
[2.944s] -- Symlinking: /home/ubuntu/ros2_rviz_urbot/install/mycobot_ros2/share/mycobot_ros2/environment/ament_prefix_path.dsv
[2.955s] -- Symlinking: /home/ubuntu/ros2_rviz_urbot/install/mycobot_ros2/share/mycobot_ros2/environment/path.sh
[2.964s] -- Symlinking: /home/ubuntu/ros2_rviz_urbot/install/mycobot_ros2/share/mycobot_ros2/environment/path.dsv
[2.976s] -- Symlinking: /home/ubuntu/ros2_rviz_urbot/install/mycobot_ros2/share/mycobot_ros2/local_setup.bash
[2.995s] -- Symlinking: /home/ubuntu/ros2_rviz_urbot/install/mycobot_ros2/share/mycobot_ros2/local_setup.sh
[3.004s] -- Symlinking: /home/ubuntu/ros2_rviz_urbot/install/mycobot_ros2/share/mycobot_ros2/local_setup.zsh
[3.014s] -- Symlinking: /home/ubuntu/ros2_rviz_urbot/install/mycobot_ros2/share/mycobot_ros2/local_setup.dsv
[3.027s] -- Symlinking: /home/ubuntu/ros2_rviz_urbot/install/mycobot_ros2/share/mycobot_ros2/package.dsv
[3.035s] -- Symlinking: /home/ubuntu/ros2_rviz_urbot/install/mycobot_ros2/share/ament_index/resource_index/packages/mycobot_ros2
[3.045s] -- Symlinking: /home/ubuntu/ros2_rviz_urbot/install/mycobot_ros2/share/mycobot_ros2/cmake/mycobot_ros2Config.cmake
[3.053s] -- Symlinking: /home/ubuntu/ros2_rviz_urbot/install/mycobot_ros2/share/mycobot_ros2/cmake/mycobot_ros2Config-version.cmake
[3.062s] -- Symlinking: /home/ubuntu/ros2_rviz_urbot/install/mycobot_ros2/share/mycobot_ros2/package.xml
[3.071s] Invoked command in '/home/ubuntu/ros2_rviz_urbot/build/mycobot_ros2' returned '0': CMAKE_PREFIX_PATH=${CMAKE_PREFIX_PATH}:/opt/ros/jazzy DEBUGINFOD_URLS=https://debuginfod.ubuntu.com /usr/bin/cmake --install /home/ubuntu/ros2_rviz_urbot/build/mycobot_ros2
