-- Found ament_cmake: 2.5.2 (/opt/ros/jazzy/share/ament_cmake/cmake)
-- Override CMake install command with custom implementation using symlinks instead of copying resources
-- Found ament_lint_auto: 0.17.1 (/opt/ros/jazzy/share/ament_lint_auto/cmake)
-- Added test 'lint_cmake' to check CMake code style
-- Added test 'xmllint' to check XML markup files
-- Configuring done (0.8s)
-- Generating done (0.0s)
-- Build files have been written to: /home/ubuntu/ros2_rviz_urbot/build/mycobot_bringup
-- Install configuration: ""
-- Execute custom install script
-- Symlinking: /home/ubuntu/ros2_rviz_urbot/install/mycobot_bringup/share/ament_index/resource_index/package_run_dependencies/mycobot_bringup
-- Symlinking: /home/ubuntu/ros2_rviz_urbot/install/mycobot_bringup/share/ament_index/resource_index/parent_prefix_path/mycobot_bringup
-- Symlinking: /home/ubuntu/ros2_rviz_urbot/install/mycobot_bringup/share/mycobot_bringup/environment/ament_prefix_path.sh
-- Symlinking: /home/ubuntu/ros2_rviz_urbot/install/mycobot_bringup/share/mycobot_bringup/environment/ament_prefix_path.dsv
-- Symlinking: /home/ubuntu/ros2_rviz_urbot/install/mycobot_bringup/share/mycobot_bringup/environment/path.sh
-- Symlinking: /home/ubuntu/ros2_rviz_urbot/install/mycobot_bringup/share/mycobot_bringup/environment/path.dsv
-- Symlinking: /home/ubuntu/ros2_rviz_urbot/install/mycobot_bringup/share/mycobot_bringup/local_setup.bash
-- Symlinking: /home/ubuntu/ros2_rviz_urbot/install/mycobot_bringup/share/mycobot_bringup/local_setup.sh
-- Symlinking: /home/ubuntu/ros2_rviz_urbot/install/mycobot_bringup/share/mycobot_bringup/local_setup.zsh
-- Symlinking: /home/ubuntu/ros2_rviz_urbot/install/mycobot_bringup/share/mycobot_bringup/local_setup.dsv
-- Symlinking: /home/ubuntu/ros2_rviz_urbot/install/mycobot_bringup/share/mycobot_bringup/package.dsv
-- Symlinking: /home/ubuntu/ros2_rviz_urbot/install/mycobot_bringup/share/ament_index/resource_index/packages/mycobot_bringup
-- Symlinking: /home/ubuntu/ros2_rviz_urbot/install/mycobot_bringup/share/mycobot_bringup/cmake/mycobot_bringupConfig.cmake
-- Symlinking: /home/ubuntu/ros2_rviz_urbot/install/mycobot_bringup/share/mycobot_bringup/cmake/mycobot_bringupConfig-version.cmake
-- Symlinking: /home/ubuntu/ros2_rviz_urbot/install/mycobot_bringup/share/mycobot_bringup/package.xml
